First Layout: /home/piotro/caravel_user_project/openlane/core/runs/22_12_26_18_52/results/signoff/core.gds
Second Layout: /home/piotro/caravel_user_project/openlane/core/runs/22_12_26_18_52/results/signoff/core.klayout.gds
Design Name: core
Output GDS will be: /home/piotro/caravel_user_project/openlane/core/runs/22_12_26_18_52/reports/signoff/core.xor.xml
Reading /home/piotro/caravel_user_project/openlane/core/runs/22_12_26_18_52/results/signoff/core.gds ..
Reading /home/piotro/caravel_user_project/openlane/core/runs/22_12_26_18_52/results/signoff/core.klayout.gds ..
--- Running XOR for 10/0 ---
"input" in: xor.drc:38
    Polygons (raw): 0 (flat)  0 (hierarchical)
    Elapsed: 0.010s  Memory: 416.00M
"input" in: xor.drc:38
    Polygons (raw): 2568 (flat)  5 (hierarchical)
    Elapsed: 0.000s  Memory: 416.00M
"^" in: xor.drc:38
    Polygons (raw): 2568 (flat)  5 (hierarchical)
    Elapsed: 0.000s  Memory: 416.00M
XOR differences: 2568
"output" in: xor.drc:40
    Polygons (raw): 2568 (flat)  5 (hierarchical)
    Elapsed: 0.020s  Memory: 416.00M
--- Running XOR for 11/0 ---
"input" in: xor.drc:38
    Polygons (raw): 0 (flat)  0 (hierarchical)
    Elapsed: 0.000s  Memory: 416.00M
"input" in: xor.drc:38
    Polygons (raw): 783 (flat)  65 (hierarchical)
    Elapsed: 0.000s  Memory: 416.00M
"^" in: xor.drc:38
    Polygons (raw): 783 (flat)  65 (hierarchical)
    Elapsed: 0.010s  Memory: 416.00M
XOR differences: 783
"output" in: xor.drc:40
    Polygons (raw): 783 (flat)  65 (hierarchical)
    Elapsed: 0.020s  Memory: 416.00M
--- Running XOR for 11/1 ---
"input" in: xor.drc:38
    Polygons (raw): 0 (flat)  0 (hierarchical)
    Elapsed: 0.000s  Memory: 416.00M
"input" in: xor.drc:38
    Polygons (raw): 0 (flat)  0 (hierarchical)
    Elapsed: 0.010s  Memory: 416.00M
"^" in: xor.drc:38
    Polygons (raw): 0 (flat)  0 (hierarchical)
    Elapsed: 0.010s  Memory: 416.00M
XOR differences: 0
"output" in: xor.drc:40
    Polygons (raw): 0 (flat)  0 (hierarchical)
    Elapsed: 0.020s  Memory: 416.00M
--- Running XOR for 11/2 ---
"input" in: xor.drc:38
    Polygons (raw): 0 (flat)  0 (hierarchical)
    Elapsed: 0.010s  Memory: 416.00M
"input" in: xor.drc:38
    Polygons (raw): 7 (flat)  7 (hierarchical)
    Elapsed: 0.000s  Memory: 416.00M
"^" in: xor.drc:38
    Polygons (raw): 7 (flat)  7 (hierarchical)
    Elapsed: 0.010s  Memory: 416.00M
XOR differences: 7
"output" in: xor.drc:40
    Polygons (raw): 7 (flat)  7 (hierarchical)
    Elapsed: 0.020s  Memory: 416.00M
--- Running XOR for 122/16 ---
"input" in: xor.drc:38
    Polygons (raw): 33111 (flat)  175 (hierarchical)
    Elapsed: 0.010s  Memory: 416.00M
"input" in: xor.drc:38
    Polygons (raw): 33111 (flat)  175 (hierarchical)
    Elapsed: 0.000s  Memory: 416.00M
"^" in: xor.drc:38
    Polygons (raw): 0 (flat)  0 (hierarchical)
    Elapsed: 0.440s  Memory: 416.00M
XOR differences: 0
"output" in: xor.drc:40
    Polygons (raw): 0 (flat)  0 (hierarchical)
    Elapsed: 0.010s  Memory: 416.00M
--- Running XOR for 14/0 ---
"input" in: xor.drc:38
    Polygons (raw): 0 (flat)  0 (hierarchical)
    Elapsed: 0.000s  Memory: 416.00M
"input" in: xor.drc:38
    Polygons (raw): 1 (flat)  1 (hierarchical)
    Elapsed: 0.010s  Memory: 416.00M
"^" in: xor.drc:38
    Polygons (raw): 1 (flat)  1 (hierarchical)
    Elapsed: 0.010s  Memory: 416.00M
XOR differences: 1
"output" in: xor.drc:40
    Polygons (raw): 1 (flat)  1 (hierarchical)
    Elapsed: 0.020s  Memory: 416.00M
--- Running XOR for 235/4 ---
"input" in: xor.drc:38
    Polygons (raw): 1 (flat)  1 (hierarchical)
    Elapsed: 0.000s  Memory: 416.00M
"input" in: xor.drc:38
    Polygons (raw): 0 (flat)  0 (hierarchical)
    Elapsed: 0.000s  Memory: 416.00M
"^" in: xor.drc:38
    Polygons (raw): 1 (flat)  1 (hierarchical)
    Elapsed: 0.000s  Memory: 416.00M
XOR differences: 1
"output" in: xor.drc:40
    Polygons (raw): 1 (flat)  1 (hierarchical)
    Elapsed: 0.010s  Memory: 416.00M
--- Running XOR for 236/0 ---
"input" in: xor.drc:38
    Polygons (raw): 26735 (flat)  167 (hierarchical)
    Elapsed: 0.000s  Memory: 416.00M
"input" in: xor.drc:38
    Polygons (raw): 26735 (flat)  167 (hierarchical)
    Elapsed: 0.000s  Memory: 416.00M
"^" in: xor.drc:38
    Polygons (raw): 0 (flat)  0 (hierarchical)
    Elapsed: 0.370s  Memory: 416.00M
XOR differences: 0
"output" in: xor.drc:40
    Polygons (raw): 0 (flat)  0 (hierarchical)
    Elapsed: 0.000s  Memory: 416.00M
--- Running XOR for 3/0 ---
"input" in: xor.drc:38
    Polygons (raw): 0 (flat)  0 (hierarchical)
    Elapsed: 0.000s  Memory: 416.00M
"input" in: xor.drc:38
    Polygons (raw): 21760 (flat)  1 (hierarchical)
    Elapsed: 0.010s  Memory: 416.00M
"^" in: xor.drc:38
    Polygons (raw): 21760 (flat)  1 (hierarchical)
    Elapsed: 0.010s  Memory: 416.00M
XOR differences: 21760
"output" in: xor.drc:40
    Polygons (raw): 21760 (flat)  1 (hierarchical)
    Elapsed: 0.020s  Memory: 416.00M
--- Running XOR for 4/0 ---
"input" in: xor.drc:38
    Polygons (raw): 0 (flat)  0 (hierarchical)
    Elapsed: 0.000s  Memory: 416.00M
"input" in: xor.drc:38
    Polygons (raw): 21760 (flat)  1 (hierarchical)
    Elapsed: 0.010s  Memory: 416.00M
"^" in: xor.drc:38
    Polygons (raw): 21760 (flat)  1 (hierarchical)
    Elapsed: 0.010s  Memory: 416.00M
XOR differences: 21760
"output" in: xor.drc:40
    Polygons (raw): 21760 (flat)  1 (hierarchical)
    Elapsed: 0.020s  Memory: 416.00M
--- Running XOR for 5/0 ---
"input" in: xor.drc:38
    Polygons (raw): 0 (flat)  0 (hierarchical)
    Elapsed: 0.000s  Memory: 416.00M
"input" in: xor.drc:38
    Polygons (raw): 83482 (flat)  36720 (hierarchical)
    Elapsed: 0.010s  Memory: 416.00M
"^" in: xor.drc:38
    Polygons (raw): 83482 (flat)  36720 (hierarchical)
    Elapsed: 0.010s  Memory: 416.00M
XOR differences: 83482
"output" in: xor.drc:40
    Polygons (raw): 83482 (flat)  36720 (hierarchical)
    Elapsed: 0.050s  Memory: 430.00M
--- Running XOR for 6/0 ---
"input" in: xor.drc:38
    Polygons (raw): 0 (flat)  0 (hierarchical)
    Elapsed: 0.000s  Memory: 430.00M
"input" in: xor.drc:38
    Polygons (raw): 27470 (flat)  7 (hierarchical)
    Elapsed: 0.010s  Memory: 430.00M
"^" in: xor.drc:38
    Polygons (raw): 27470 (flat)  7 (hierarchical)
    Elapsed: 0.010s  Memory: 430.00M
XOR differences: 27470
"output" in: xor.drc:40
    Polygons (raw): 27470 (flat)  7 (hierarchical)
    Elapsed: 0.020s  Memory: 430.00M
--- Running XOR for 64/16 ---
"input" in: xor.drc:38
    Polygons (raw): 33096 (flat)  173 (hierarchical)
    Elapsed: 0.000s  Memory: 430.00M
"input" in: xor.drc:38
    Polygons (raw): 33096 (flat)  173 (hierarchical)
    Elapsed: 0.000s  Memory: 430.00M
"^" in: xor.drc:38
    Polygons (raw): 0 (flat)  0 (hierarchical)
    Elapsed: 0.440s  Memory: 439.00M
XOR differences: 0
"output" in: xor.drc:40
    Polygons (raw): 0 (flat)  0 (hierarchical)
    Elapsed: 0.010s  Memory: 439.00M
--- Running XOR for 64/20 ---
"input" in: xor.drc:38
    Polygons (raw): 35774 (flat)  170 (hierarchical)
    Elapsed: 0.000s  Memory: 439.00M
"input" in: xor.drc:38
    Polygons (raw): 35774 (flat)  170 (hierarchical)
    Elapsed: 0.010s  Memory: 439.00M
"^" in: xor.drc:38
    Polygons (raw): 0 (flat)  0 (hierarchical)
    Elapsed: 0.560s  Memory: 453.00M
XOR differences: 0
"output" in: xor.drc:40
    Polygons (raw): 0 (flat)  0 (hierarchical)
    Elapsed: 0.010s  Memory: 453.00M
--- Running XOR for 64/5 ---
"input" in: xor.drc:38
    Polygons (raw): 0 (flat)  0 (hierarchical)
    Elapsed: 0.010s  Memory: 453.00M
"input" in: xor.drc:38
    Polygons (raw): 0 (flat)  0 (hierarchical)
    Elapsed: 0.010s  Memory: 453.00M
"^" in: xor.drc:38
    Polygons (raw): 0 (flat)  0 (hierarchical)
    Elapsed: 0.150s  Memory: 453.00M
XOR differences: 0
"output" in: xor.drc:40
    Polygons (raw): 0 (flat)  0 (hierarchical)
    Elapsed: 0.010s  Memory: 453.00M
--- Running XOR for 64/59 ---
"input" in: xor.drc:38
    Polygons (raw): 0 (flat)  0 (hierarchical)
    Elapsed: 0.000s  Memory: 453.00M
"input" in: xor.drc:38
    Polygons (raw): 0 (flat)  0 (hierarchical)
    Elapsed: 0.010s  Memory: 453.00M
"^" in: xor.drc:38
    Polygons (raw): 0 (flat)  0 (hierarchical)
    Elapsed: 0.150s  Memory: 453.00M
XOR differences: 0
"output" in: xor.drc:40
    Polygons (raw): 0 (flat)  0 (hierarchical)
    Elapsed: 0.000s  Memory: 453.00M
--- Running XOR for 65/20 ---
"input" in: xor.drc:38
    Polygons (raw): 53519 (flat)  487 (hierarchical)
    Elapsed: 0.010s  Memory: 453.00M
"input" in: xor.drc:38
    Polygons (raw): 53519 (flat)  487 (hierarchical)
    Elapsed: 0.000s  Memory: 453.00M
"^" in: xor.drc:38
    Polygons (raw): 0 (flat)  0 (hierarchical)
    Elapsed: 0.600s  Memory: 467.00M
XOR differences: 0
"output" in: xor.drc:40
    Polygons (raw): 0 (flat)  0 (hierarchical)
    Elapsed: 0.010s  Memory: 467.00M
--- Running XOR for 65/44 ---
"input" in: xor.drc:38
    Polygons (raw): 6548 (flat)  2 (hierarchical)
    Elapsed: 0.000s  Memory: 467.00M
"input" in: xor.drc:38
    Polygons (raw): 6548 (flat)  2 (hierarchical)
    Elapsed: 0.010s  Memory: 467.00M
"^" in: xor.drc:38
    Polygons (raw): 0 (flat)  0 (hierarchical)
    Elapsed: 0.100s  Memory: 467.00M
XOR differences: 0
"output" in: xor.drc:40
    Polygons (raw): 0 (flat)  0 (hierarchical)
    Elapsed: 0.000s  Memory: 467.00M
--- Running XOR for 66/15 ---
"input" in: xor.drc:38
    Polygons (raw): 2 (flat)  2 (hierarchical)
    Elapsed: 0.010s  Memory: 467.00M
"input" in: xor.drc:38
    Polygons (raw): 2 (flat)  2 (hierarchical)
    Elapsed: 0.000s  Memory: 467.00M
"^" in: xor.drc:38
    Polygons (raw): 0 (flat)  0 (hierarchical)
    Elapsed: 0.030s  Memory: 467.00M
XOR differences: 0
"output" in: xor.drc:40
    Polygons (raw): 0 (flat)  0 (hierarchical)
    Elapsed: 0.010s  Memory: 467.00M
--- Running XOR for 66/20 ---
"input" in: xor.drc:38
    Polygons (raw): 59213 (flat)  844 (hierarchical)
    Elapsed: 0.000s  Memory: 467.00M
"input" in: xor.drc:38
    Polygons (raw): 59213 (flat)  844 (hierarchical)
    Elapsed: 0.000s  Memory: 467.00M
"^" in: xor.drc:38
    Polygons (raw): 0 (flat)  0 (hierarchical)
    Elapsed: 1.080s  Memory: 467.00M
XOR differences: 0
"output" in: xor.drc:40
    Polygons (raw): 0 (flat)  0 (hierarchical)
    Elapsed: 0.010s  Memory: 467.00M
--- Running XOR for 66/44 ---
"input" in: xor.drc:38
    Polygons (raw): 286359 (flat)  5410 (hierarchical)
    Elapsed: 0.000s  Memory: 467.00M
"input" in: xor.drc:38
    Polygons (raw): 286359 (flat)  5410 (hierarchical)
    Elapsed: 0.010s  Memory: 467.00M
"^" in: xor.drc:38
    Polygons (raw): 0 (flat)  0 (hierarchical)
    Elapsed: 2.290s  Memory: 467.00M
XOR differences: 0
"output" in: xor.drc:40
    Polygons (raw): 0 (flat)  0 (hierarchical)
    Elapsed: 0.010s  Memory: 467.00M
--- Running XOR for 67/16 ---
"input" in: xor.drc:38
    Polygons (raw): 89202 (flat)  1402 (hierarchical)
    Elapsed: 0.000s  Memory: 467.00M
"input" in: xor.drc:38
    Polygons (raw): 89202 (flat)  1402 (hierarchical)
    Elapsed: 0.010s  Memory: 467.00M
"^" in: xor.drc:38
    Polygons (raw): 0 (flat)  0 (hierarchical)
    Elapsed: 0.610s  Memory: 475.00M
XOR differences: 0
"output" in: xor.drc:40
    Polygons (raw): 0 (flat)  0 (hierarchical)
    Elapsed: 0.000s  Memory: 475.00M
--- Running XOR for 67/20 ---
"input" in: xor.drc:38
    Polygons (raw): 160168 (flat)  23213 (hierarchical)
    Elapsed: 0.010s  Memory: 475.00M
"input" in: xor.drc:38
    Polygons (raw): 138408 (flat)  1453 (hierarchical)
    Elapsed: 0.000s  Memory: 475.00M
"^" in: xor.drc:38
    Polygons (raw): 1252 (flat)  1252 (hierarchical)
    Elapsed: 2.700s  Memory: 495.00M
XOR differences: 1252
"output" in: xor.drc:40
    Polygons (raw): 1252 (flat)  1252 (hierarchical)
    Elapsed: 0.000s  Memory: 495.00M
--- Running XOR for 67/44 ---
"input" in: xor.drc:38
    Polygons (raw): 396763 (flat)  24950 (hierarchical)
    Elapsed: 0.010s  Memory: 495.00M
"input" in: xor.drc:38
    Polygons (raw): 375003 (flat)  3190 (hierarchical)
    Elapsed: 0.000s  Memory: 495.00M
"^" in: xor.drc:38
    Polygons (raw): 21760 (flat)  21760 (hierarchical)
    Elapsed: 2.560s  Memory: 495.00M
XOR differences: 21760
"output" in: xor.drc:40
    Polygons (raw): 21760 (flat)  21760 (hierarchical)
    Elapsed: 0.040s  Memory: 495.00M
--- Running XOR for 67/5 ---
"input" in: xor.drc:38
    Polygons (raw): 0 (flat)  0 (hierarchical)
    Elapsed: 0.010s  Memory: 495.00M
"input" in: xor.drc:38
    Polygons (raw): 0 (flat)  0 (hierarchical)
    Elapsed: 0.010s  Memory: 495.00M
"^" in: xor.drc:38
    Polygons (raw): 0 (flat)  0 (hierarchical)
    Elapsed: 0.100s  Memory: 495.00M
XOR differences: 0
"output" in: xor.drc:40
    Polygons (raw): 0 (flat)  0 (hierarchical)
    Elapsed: 0.010s  Memory: 495.00M
--- Running XOR for 68/16 ---
"input" in: xor.drc:38
    Polygons (raw): 71645 (flat)  347 (hierarchical)
    Elapsed: 0.000s  Memory: 495.00M
"input" in: xor.drc:38
    Polygons (raw): 71645 (flat)  347 (hierarchical)
    Elapsed: 0.000s  Memory: 495.00M
"^" in: xor.drc:38
    Polygons (raw): 0 (flat)  0 (hierarchical)
    Elapsed: 0.720s  Memory: 495.00M
XOR differences: 0
"output" in: xor.drc:40
    Polygons (raw): 0 (flat)  0 (hierarchical)
    Elapsed: 0.010s  Memory: 495.00M
--- Running XOR for 68/20 ---
"input" in: xor.drc:38
    Polygons (raw): 179708 (flat)  107387 (hierarchical)
    Elapsed: 0.000s  Memory: 495.00M
"input" in: xor.drc:38
    Polygons (raw): 72686 (flat)  365 (hierarchical)
    Elapsed: 0.000s  Memory: 495.00M
"^" in: xor.drc:38
    Polygons (raw): 19494 (flat)  19494 (hierarchical)
    Elapsed: 1.340s  Memory: 537.00M
XOR differences: 19494
"output" in: xor.drc:40
    Polygons (raw): 19494 (flat)  19494 (hierarchical)
    Elapsed: 0.050s  Memory: 537.00M
--- Running XOR for 68/44 ---
"input" in: xor.drc:38
    Polygons (raw): 27470 (flat)  27470 (hierarchical)
    Elapsed: 0.010s  Memory: 537.00M
"input" in: xor.drc:38
    Polygons (raw): 0 (flat)  0 (hierarchical)
    Elapsed: 0.000s  Memory: 537.00M
"^" in: xor.drc:38
    Polygons (raw): 27470 (flat)  27470 (hierarchical)
    Elapsed: 0.010s  Memory: 537.00M
XOR differences: 27470
"output" in: xor.drc:40
    Polygons (raw): 27470 (flat)  27470 (hierarchical)
    Elapsed: 0.050s  Memory: 537.00M
--- Running XOR for 68/5 ---
"input" in: xor.drc:38
    Polygons (raw): 0 (flat)  0 (hierarchical)
    Elapsed: 0.000s  Memory: 537.00M
"input" in: xor.drc:38
    Polygons (raw): 0 (flat)  0 (hierarchical)
    Elapsed: 0.000s  Memory: 537.00M
"^" in: xor.drc:38
    Polygons (raw): 0 (flat)  0 (hierarchical)
    Elapsed: 0.170s  Memory: 537.00M
XOR differences: 0
"output" in: xor.drc:40
    Polygons (raw): 0 (flat)  0 (hierarchical)
    Elapsed: 0.000s  Memory: 537.00M
--- Running XOR for 69/16 ---
"input" in: xor.drc:38
    Polygons (raw): 0 (flat)  0 (hierarchical)
    Elapsed: 0.000s  Memory: 537.00M
"input" in: xor.drc:38
    Polygons (raw): 0 (flat)  0 (hierarchical)
    Elapsed: 0.000s  Memory: 537.00M
"^" in: xor.drc:38
    Polygons (raw): 0 (flat)  0 (hierarchical)
    Elapsed: 0.000s  Memory: 537.00M
XOR differences: 0
"output" in: xor.drc:40
    Polygons (raw): 0 (flat)  0 (hierarchical)
    Elapsed: 0.010s  Memory: 537.00M
--- Running XOR for 69/20 ---
"input" in: xor.drc:38
    Polygons (raw): 43880 (flat)  43880 (hierarchical)
    Elapsed: 0.000s  Memory: 537.00M
"input" in: xor.drc:38
    Polygons (raw): 0 (flat)  0 (hierarchical)
    Elapsed: 0.010s  Memory: 537.00M
"^" in: xor.drc:38
    Polygons (raw): 43880 (flat)  43880 (hierarchical)
    Elapsed: 0.000s  Memory: 537.00M
XOR differences: 43880
"output" in: xor.drc:40
    Polygons (raw): 43880 (flat)  43880 (hierarchical)
    Elapsed: 0.060s  Memory: 537.00M
--- Running XOR for 69/44 ---
"input" in: xor.drc:38
    Polygons (raw): 3392 (flat)  3392 (hierarchical)
    Elapsed: 0.000s  Memory: 537.00M
"input" in: xor.drc:38
    Polygons (raw): 0 (flat)  0 (hierarchical)
    Elapsed: 0.000s  Memory: 537.00M
"^" in: xor.drc:38
    Polygons (raw): 3392 (flat)  3392 (hierarchical)
    Elapsed: 0.000s  Memory: 537.00M
XOR differences: 3392
"output" in: xor.drc:40
    Polygons (raw): 3392 (flat)  3392 (hierarchical)
    Elapsed: 0.020s  Memory: 537.00M
--- Running XOR for 69/5 ---
"input" in: xor.drc:38
    Polygons (raw): 72 (flat)  72 (hierarchical)
    Elapsed: 0.000s  Memory: 537.00M
"input" in: xor.drc:38
    Polygons (raw): 0 (flat)  0 (hierarchical)
    Elapsed: 0.000s  Memory: 537.00M
"^" in: xor.drc:38
    Polygons (raw): 72 (flat)  72 (hierarchical)
    Elapsed: 0.000s  Memory: 537.00M
XOR differences: 72
"output" in: xor.drc:40
    Polygons (raw): 72 (flat)  72 (hierarchical)
    Elapsed: 0.010s  Memory: 537.00M
--- Running XOR for 7/0 ---
"input" in: xor.drc:38
    Polygons (raw): 0 (flat)  0 (hierarchical)
    Elapsed: 0.010s  Memory: 537.00M
"input" in: xor.drc:38
    Polygons (raw): 45010 (flat)  18465 (hierarchical)
    Elapsed: 0.000s  Memory: 537.00M
"^" in: xor.drc:38
    Polygons (raw): 45010 (flat)  18465 (hierarchical)
    Elapsed: 0.000s  Memory: 537.00M
XOR differences: 45010
"output" in: xor.drc:40
    Polygons (raw): 45010 (flat)  18465 (hierarchical)
    Elapsed: 0.030s  Memory: 537.00M
--- Running XOR for 7/1 ---
"input" in: xor.drc:38
    Polygons (raw): 0 (flat)  0 (hierarchical)
    Elapsed: 0.000s  Memory: 537.00M
"input" in: xor.drc:38
    Polygons (raw): 0 (flat)  0 (hierarchical)
    Elapsed: 0.000s  Memory: 537.00M
"^" in: xor.drc:38
    Polygons (raw): 0 (flat)  0 (hierarchical)
    Elapsed: 0.000s  Memory: 537.00M
XOR differences: 0
"output" in: xor.drc:40
    Polygons (raw): 0 (flat)  0 (hierarchical)
    Elapsed: 0.020s  Memory: 537.00M
--- Running XOR for 7/2 ---
"input" in: xor.drc:38
    Polygons (raw): 0 (flat)  0 (hierarchical)
    Elapsed: 0.000s  Memory: 537.00M
"input" in: xor.drc:38
    Polygons (raw): 72 (flat)  72 (hierarchical)
    Elapsed: 0.010s  Memory: 537.00M
"^" in: xor.drc:38
    Polygons (raw): 72 (flat)  72 (hierarchical)
    Elapsed: 0.010s  Memory: 537.00M
XOR differences: 72
"output" in: xor.drc:40
    Polygons (raw): 72 (flat)  72 (hierarchical)
    Elapsed: 0.020s  Memory: 537.00M
--- Running XOR for 70/16 ---
"input" in: xor.drc:38
    Polygons (raw): 0 (flat)  0 (hierarchical)
    Elapsed: 0.000s  Memory: 537.00M
"input" in: xor.drc:38
    Polygons (raw): 0 (flat)  0 (hierarchical)
    Elapsed: 0.000s  Memory: 537.00M
"^" in: xor.drc:38
    Polygons (raw): 0 (flat)  0 (hierarchical)
    Elapsed: 0.000s  Memory: 537.00M
XOR differences: 0
"output" in: xor.drc:40
    Polygons (raw): 0 (flat)  0 (hierarchical)
    Elapsed: 0.010s  Memory: 537.00M
--- Running XOR for 70/20 ---
"input" in: xor.drc:38
    Polygons (raw): 3645 (flat)  3645 (hierarchical)
    Elapsed: 0.010s  Memory: 537.00M
"input" in: xor.drc:38
    Polygons (raw): 0 (flat)  0 (hierarchical)
    Elapsed: 0.000s  Memory: 537.00M
"^" in: xor.drc:38
    Polygons (raw): 3645 (flat)  3645 (hierarchical)
    Elapsed: 0.010s  Memory: 537.00M
XOR differences: 3645
"output" in: xor.drc:40
    Polygons (raw): 3645 (flat)  3645 (hierarchical)
    Elapsed: 0.020s  Memory: 537.00M
--- Running XOR for 70/44 ---
"input" in: xor.drc:38
    Polygons (raw): 2568 (flat)  2568 (hierarchical)
    Elapsed: 0.000s  Memory: 537.00M
"input" in: xor.drc:38
    Polygons (raw): 0 (flat)  0 (hierarchical)
    Elapsed: 0.010s  Memory: 537.00M
"^" in: xor.drc:38
    Polygons (raw): 2568 (flat)  2568 (hierarchical)
    Elapsed: 0.000s  Memory: 537.00M
XOR differences: 2568
"output" in: xor.drc:40
    Polygons (raw): 2568 (flat)  2568 (hierarchical)
    Elapsed: 0.010s  Memory: 537.00M
--- Running XOR for 70/5 ---
"input" in: xor.drc:38
    Polygons (raw): 180 (flat)  180 (hierarchical)
    Elapsed: 0.010s  Memory: 537.00M
"input" in: xor.drc:38
    Polygons (raw): 0 (flat)  0 (hierarchical)
    Elapsed: 0.000s  Memory: 537.00M
"^" in: xor.drc:38
    Polygons (raw): 180 (flat)  180 (hierarchical)
    Elapsed: 0.010s  Memory: 537.00M
XOR differences: 180
"output" in: xor.drc:40
    Polygons (raw): 180 (flat)  180 (hierarchical)
    Elapsed: 0.020s  Memory: 537.00M
--- Running XOR for 71/16 ---
"input" in: xor.drc:38
    Polygons (raw): 0 (flat)  0 (hierarchical)
    Elapsed: 0.000s  Memory: 537.00M
"input" in: xor.drc:38
    Polygons (raw): 0 (flat)  0 (hierarchical)
    Elapsed: 0.000s  Memory: 537.00M
"^" in: xor.drc:38
    Polygons (raw): 0 (flat)  0 (hierarchical)
    Elapsed: 0.010s  Memory: 537.00M
XOR differences: 0
"output" in: xor.drc:40
    Polygons (raw): 0 (flat)  0 (hierarchical)
    Elapsed: 0.010s  Memory: 537.00M
--- Running XOR for 71/20 ---
"input" in: xor.drc:38
    Polygons (raw): 167 (flat)  167 (hierarchical)
    Elapsed: 0.000s  Memory: 537.00M
"input" in: xor.drc:38
    Polygons (raw): 0 (flat)  0 (hierarchical)
    Elapsed: 0.010s  Memory: 537.00M
"^" in: xor.drc:38
    Polygons (raw): 167 (flat)  167 (hierarchical)
    Elapsed: 0.000s  Memory: 537.00M
XOR differences: 167
"output" in: xor.drc:40
    Polygons (raw): 167 (flat)  167 (hierarchical)
    Elapsed: 0.010s  Memory: 537.00M
--- Running XOR for 71/5 ---
"input" in: xor.drc:38
    Polygons (raw): 7 (flat)  7 (hierarchical)
    Elapsed: 0.010s  Memory: 537.00M
"input" in: xor.drc:38
    Polygons (raw): 0 (flat)  0 (hierarchical)
    Elapsed: 0.000s  Memory: 537.00M
"^" in: xor.drc:38
    Polygons (raw): 7 (flat)  7 (hierarchical)
    Elapsed: 0.010s  Memory: 537.00M
XOR differences: 7
"output" in: xor.drc:40
    Polygons (raw): 7 (flat)  7 (hierarchical)
    Elapsed: 0.020s  Memory: 537.00M
--- Running XOR for 78/44 ---
"input" in: xor.drc:38
    Polygons (raw): 35844 (flat)  172 (hierarchical)
    Elapsed: 0.000s  Memory: 537.00M
"input" in: xor.drc:38
    Polygons (raw): 35844 (flat)  172 (hierarchical)
    Elapsed: 0.000s  Memory: 537.00M
"^" in: xor.drc:38
    Polygons (raw): 0 (flat)  0 (hierarchical)
    Elapsed: 0.460s  Memory: 537.00M
XOR differences: 0
"output" in: xor.drc:40
    Polygons (raw): 0 (flat)  0 (hierarchical)
    Elapsed: 0.000s  Memory: 537.00M
--- Running XOR for 8/0 ---
"input" in: xor.drc:38
    Polygons (raw): 0 (flat)  0 (hierarchical)
    Elapsed: 0.000s  Memory: 537.00M
"input" in: xor.drc:38
    Polygons (raw): 3392 (flat)  5 (hierarchical)
    Elapsed: 0.010s  Memory: 537.00M
"^" in: xor.drc:38
    Polygons (raw): 3392 (flat)  5 (hierarchical)
    Elapsed: 0.000s  Memory: 537.00M
XOR differences: 3392
"output" in: xor.drc:40
    Polygons (raw): 3392 (flat)  5 (hierarchical)
    Elapsed: 0.020s  Memory: 537.00M
--- Running XOR for 81/23 ---
"input" in: xor.drc:38
    Polygons (raw): 4814 (flat)  1 (hierarchical)
    Elapsed: 0.000s  Memory: 537.00M
"input" in: xor.drc:38
    Polygons (raw): 4814 (flat)  1 (hierarchical)
    Elapsed: 0.000s  Memory: 537.00M
"^" in: xor.drc:38
    Polygons (raw): 0 (flat)  0 (hierarchical)
    Elapsed: 0.100s  Memory: 537.00M
XOR differences: 0
"output" in: xor.drc:40
    Polygons (raw): 0 (flat)  0 (hierarchical)
    Elapsed: 0.000s  Memory: 537.00M
--- Running XOR for 81/4 ---
"input" in: xor.drc:38
    Polygons (raw): 35774 (flat)  170 (hierarchical)
    Elapsed: 0.010s  Memory: 537.00M
"input" in: xor.drc:38
    Polygons (raw): 35774 (flat)  170 (hierarchical)
    Elapsed: 0.010s  Memory: 537.00M
"^" in: xor.drc:38
    Polygons (raw): 0 (flat)  0 (hierarchical)
    Elapsed: 0.470s  Memory: 537.00M
XOR differences: 0
"output" in: xor.drc:40
    Polygons (raw): 0 (flat)  0 (hierarchical)
    Elapsed: 0.010s  Memory: 537.00M
--- Running XOR for 83/44 ---
"input" in: xor.drc:38
    Polygons (raw): 0 (flat)  0 (hierarchical)
    Elapsed: 0.000s  Memory: 537.00M
"input" in: xor.drc:38
    Polygons (raw): 0 (flat)  0 (hierarchical)
    Elapsed: 0.010s  Memory: 537.00M
"^" in: xor.drc:38
    Polygons (raw): 0 (flat)  0 (hierarchical)
    Elapsed: 0.150s  Memory: 537.00M
XOR differences: 0
"output" in: xor.drc:40
    Polygons (raw): 0 (flat)  0 (hierarchical)
    Elapsed: 0.000s  Memory: 537.00M
--- Running XOR for 9/0 ---
"input" in: xor.drc:38
    Polygons (raw): 0 (flat)  0 (hierarchical)
    Elapsed: 0.000s  Memory: 537.00M
"input" in: xor.drc:38
    Polygons (raw): 3588 (flat)  1328 (hierarchical)
    Elapsed: 0.000s  Memory: 537.00M
"^" in: xor.drc:38
    Polygons (raw): 3588 (flat)  1328 (hierarchical)
    Elapsed: 0.000s  Memory: 537.00M
XOR differences: 3588
"output" in: xor.drc:40
    Polygons (raw): 3588 (flat)  1328 (hierarchical)
    Elapsed: 0.020s  Memory: 537.00M
--- Running XOR for 9/1 ---
"input" in: xor.drc:38
    Polygons (raw): 0 (flat)  0 (hierarchical)
    Elapsed: 0.000s  Memory: 537.00M
"input" in: xor.drc:38
    Polygons (raw): 0 (flat)  0 (hierarchical)
    Elapsed: 0.010s  Memory: 537.00M
"^" in: xor.drc:38
    Polygons (raw): 0 (flat)  0 (hierarchical)
    Elapsed: 0.010s  Memory: 537.00M
XOR differences: 0
"output" in: xor.drc:40
    Polygons (raw): 0 (flat)  0 (hierarchical)
    Elapsed: 0.020s  Memory: 537.00M
--- Running XOR for 9/2 ---
"input" in: xor.drc:38
    Polygons (raw): 0 (flat)  0 (hierarchical)
    Elapsed: 0.000s  Memory: 537.00M
"input" in: xor.drc:38
    Polygons (raw): 180 (flat)  180 (hierarchical)
    Elapsed: 0.000s  Memory: 537.00M
"^" in: xor.drc:38
    Polygons (raw): 180 (flat)  180 (hierarchical)
    Elapsed: 0.000s  Memory: 537.00M
XOR differences: 180
"output" in: xor.drc:40
    Polygons (raw): 180 (flat)  180 (hierarchical)
    Elapsed: 0.030s  Memory: 537.00M
--- Running XOR for 93/44 ---
"input" in: xor.drc:38
    Polygons (raw): 39048 (flat)  171 (hierarchical)
    Elapsed: 0.010s  Memory: 537.00M
"input" in: xor.drc:38
    Polygons (raw): 39048 (flat)  171 (hierarchical)
    Elapsed: 0.000s  Memory: 537.00M
"^" in: xor.drc:38
    Polygons (raw): 0 (flat)  0 (hierarchical)
    Elapsed: 0.560s  Memory: 543.00M
XOR differences: 0
"output" in: xor.drc:40
    Polygons (raw): 0 (flat)  0 (hierarchical)
    Elapsed: 0.000s  Memory: 543.00M
--- Running XOR for 94/20 ---
"input" in: xor.drc:38
    Polygons (raw): 39048 (flat)  171 (hierarchical)
    Elapsed: 0.000s  Memory: 543.00M
"input" in: xor.drc:38
    Polygons (raw): 39048 (flat)  171 (hierarchical)
    Elapsed: 0.000s  Memory: 543.00M
"^" in: xor.drc:38
    Polygons (raw): 0 (flat)  0 (hierarchical)
    Elapsed: 0.640s  Memory: 564.00M
XOR differences: 0
"output" in: xor.drc:40
    Polygons (raw): 0 (flat)  0 (hierarchical)
    Elapsed: 0.000s  Memory: 564.00M
--- Running XOR for 95/20 ---
"input" in: xor.drc:38
    Polygons (raw): 22384 (flat)  181 (hierarchical)
    Elapsed: 0.000s  Memory: 564.00M
"input" in: xor.drc:38
    Polygons (raw): 22384 (flat)  181 (hierarchical)
    Elapsed: 0.000s  Memory: 564.00M
"^" in: xor.drc:38
    Polygons (raw): 0 (flat)  0 (hierarchical)
    Elapsed: 0.400s  Memory: 564.00M
XOR differences: 0
"output" in: xor.drc:40
    Polygons (raw): 0 (flat)  0 (hierarchical)
    Elapsed: 0.010s  Memory: 564.00M
Writing report database: /home/piotro/caravel_user_project/openlane/core/runs/22_12_26_18_52/reports/signoff/core.xor.xml ..
Total elapsed: 23.440s  Memory: 564.00M
