
Magic 8.3 revision 331 - Compiled on Sat Oct 22 18:40:56 UTC 2022.
Starting magic under Tcl interpreter
Using the terminal as the console.
Using NULL graphics device.
Processing system .magicrc file
Sourcing design .magicrc for technology sky130A ...
2 Magic internal units = 1 Lambda
Input style sky130(): scaleFactor=2, multiplier=2
The following types are not handled by extraction and will be treated as non-electrical types:
    ubm 
Scaled tech values by 2 / 1 to match internal grid scaling
Loading sky130A Device Generator Menu ...
Using technology "sky130A", version 1.0.356-0-g3af1337
Reading LEF data from file /home/piotro/opt/silicon/pdks/sky130A/libs.ref/sky130_fd_sc_hd/techlef/sky130_fd_sc_hd__nom.tlef.
This action cannot be undone.
LEF read, Line 78 (Message): Unknown keyword "ANTENNAMODEL" in LEF file; ignoring.
LEF read, Line 79 (Message): Unknown keyword "ANTENNADIFFSIDEAREARATIO" in LEF file; ignoring.
LEF read, Line 112 (Message): Unknown keyword "MINENCLOSEDAREA" in LEF file; ignoring.
LEF read, Line 114 (Message): Unknown keyword "ANTENNAMODEL" in LEF file; ignoring.
LEF read, Line 115 (Message): Unknown keyword "ANTENNADIFFSIDEAREARATIO" in LEF file; ignoring.
LEF read, Line 121 (Message): Unknown keyword "MAXIMUMDENSITY" in LEF file; ignoring.
LEF read, Line 122 (Message): Unknown keyword "DENSITYCHECKWINDOW" in LEF file; ignoring.
LEF read, Line 123 (Message): Unknown keyword "DENSITYCHECKSTEP" in LEF file; ignoring.
LEF read, Line 156 (Message): Unknown keyword "MINENCLOSEDAREA" in LEF file; ignoring.
LEF read, Line 164 (Message): Unknown keyword "ANTENNAMODEL" in LEF file; ignoring.
LEF read, Line 165 (Message): Unknown keyword "ANTENNADIFFSIDEAREARATIO" in LEF file; ignoring.
LEF read, Line 167 (Message): Unknown keyword "MAXIMUMDENSITY" in LEF file; ignoring.
LEF read, Line 168 (Message): Unknown keyword "DENSITYCHECKWINDOW" in LEF file; ignoring.
LEF read, Line 169 (Message): Unknown keyword "DENSITYCHECKSTEP" in LEF file; ignoring.
LEF read, Line 206 (Message): Unknown keyword "ANTENNAMODEL" in LEF file; ignoring.
LEF read, Line 207 (Message): Unknown keyword "ANTENNADIFFSIDEAREARATIO" in LEF file; ignoring.
LEF read, Line 209 (Message): Unknown keyword "MAXIMUMDENSITY" in LEF file; ignoring.
LEF read, Line 210 (Message): Unknown keyword "DENSITYCHECKWINDOW" in LEF file; ignoring.
LEF read, Line 211 (Message): Unknown keyword "DENSITYCHECKSTEP" in LEF file; ignoring.
LEF read, Line 248 (Message): Unknown keyword "ANTENNAMODEL" in LEF file; ignoring.
LEF read, Line 249 (Message): Unknown keyword "ANTENNADIFFSIDEAREARATIO" in LEF file; ignoring.
LEF read, Line 251 (Message): Unknown keyword "MAXIMUMDENSITY" in LEF file; ignoring.
LEF read, Line 252 (Message): Unknown keyword "DENSITYCHECKWINDOW" in LEF file; ignoring.
LEF read, Line 253 (Message): Unknown keyword "DENSITYCHECKSTEP" in LEF file; ignoring.
LEF read, Line 290 (Message): Unknown keyword "ANTENNAMODEL" in LEF file; ignoring.
LEF read, Line 291 (Message): Unknown keyword "ANTENNADIFFSIDEAREARATIO" in LEF file; ignoring.
LEF read: Processed 797 lines.
Reading DEF data from file /home/piotro/caravel_user_project/openlane/core/runs/22_12_26_19_24/results/routing/core.def.
This action cannot be undone.
  Processed 3 vias total.
  Processed 35762 subcell instances total.
  Processed 254 pins total.
  Processed 2 special nets total.
  Processed 4896 nets total.
DEF read: Processed 148793 lines.
Moving label "_0024_" from metal1 to via1 in cell core.
Moving label "_0030_" from metal1 to via1 in cell core.
Moving label "_0032_" from metal1 to via1 in cell core.
Moving label "_0036_" from metal1 to via1 in cell core.
Moving label "_0038_" from metal1 to via1 in cell core.
Moving label "_0044_" from metal1 to via1 in cell core.
Moving label "_0048_" from metal1 to via1 in cell core.
Moving label "_0050_" from metal1 to via1 in cell core.
Moving label "_0056_" from metal1 to via1 in cell core.
Moving label "_0057_" from metal1 to via1 in cell core.
Moving label "_0058_" from metal1 to via1 in cell core.
Moving label "_0063_" from metal1 to via1 in cell core.
Moving label "_0067_" from metal1 to via1 in cell core.
Moving label "_0071_" from metal1 to via1 in cell core.
Moving label "_0084_" from metal1 to via1 in cell core.
Moving label "_0085_" from metal1 to via1 in cell core.
Moving label "_0093_" from metal1 to via1 in cell core.
Moving label "_0095_" from metal1 to viali in cell core.
Moving label "_0100_" from metal1 to via1 in cell core.
Moving label "_0106_" from metal1 to via1 in cell core.
Moving label "_0109_" from metal1 to via1 in cell core.
Moving label "_0129_" from metal1 to via1 in cell core.
Moving label "_0130_" from metal1 to via1 in cell core.
Moving label "_0132_" from metal1 to via1 in cell core.
Moving label "_0134_" from metal1 to via1 in cell core.
Moving label "_0141_" from metal1 to via1 in cell core.
Moving label "_0149_" from metal1 to via1 in cell core.
Moving label "_0158_" from metal1 to via1 in cell core.
Moving label "_0192_" from metal1 to via1 in cell core.
Moving label "_0205_" from metal1 to via1 in cell core.
Moving label "_0229_" from metal1 to via1 in cell core.
Moving label "_0236_" from metal1 to via1 in cell core.
Moving label "_0254_" from metal2 to via2 in cell core.
Moving label "_0260_" from metal1 to via1 in cell core.
Moving label "_0273_" from metal1 to via1 in cell core.
Moving label "_0278_" from metal1 to via1 in cell core.
Moving label "_0279_" from metal1 to via1 in cell core.
Moving label "_0280_" from metal1 to via1 in cell core.
Moving label "_0282_" from metal1 to via1 in cell core.
Moving label "_0285_" from metal1 to via1 in cell core.
Moving label "_0288_" from metal1 to via1 in cell core.
Moving label "_0295_" from metal1 to via1 in cell core.
Moving label "_0313_" from metal1 to via1 in cell core.
Moving label "_0322_" from metal1 to via1 in cell core.
Moving label "_0347_" from metal1 to via1 in cell core.
Moving label "_0353_" from metal1 to via1 in cell core.
Moving label "_0357_" from metal1 to via1 in cell core.
Moving label "_0358_" from metal1 to via1 in cell core.
Moving label "_0363_" from metal1 to via1 in cell core.
Moving label "_0370_" from metal1 to via1 in cell core.
Moving label "_0383_" from metal1 to via1 in cell core.
Moving label "_0388_" from metal1 to via1 in cell core.
Moving label "_0404_" from metal1 to via1 in cell core.
Moving label "_0426_" from metal1 to via1 in cell core.
Moving label "_0427_" from metal1 to via1 in cell core.
Moving label "_0428_" from metal1 to via1 in cell core.
Moving label "_0429_" from metal1 to via1 in cell core.
Moving label "_0431_" from metal1 to via1 in cell core.
Moving label "_0434_" from metal1 to via1 in cell core.
Moving label "_0435_" from metal1 to via1 in cell core.
Moving label "_0440_" from metal1 to via1 in cell core.
Moving label "_0447_" from metal1 to via1 in cell core.
Moving label "_0448_" from metal1 to via1 in cell core.
Moving label "_0450_" from metal1 to via1 in cell core.
Moving label "_0451_" from metal1 to via1 in cell core.
Moving label "_0452_" from metal1 to via1 in cell core.
Moving label "_0453_" from metal1 to via1 in cell core.
Moving label "_0454_" from metal1 to via1 in cell core.
Moving label "_0455_" from metal1 to via1 in cell core.
Moving label "_0460_" from metal1 to via1 in cell core.
Moving label "_0462_" from metal1 to via1 in cell core.
Moving label "_0464_" from metal1 to via1 in cell core.
Moving label "_0466_" from metal1 to via1 in cell core.
Moving label "_0467_" from metal1 to via1 in cell core.
Moving label "_0472_" from metal1 to via1 in cell core.
Moving label "_0489_" from metal1 to viali in cell core.
Moving label "_0492_" from metal1 to via1 in cell core.
Moving label "_0495_" from metal1 to via1 in cell core.
Moving label "_0507_" from metal2 to via1 in cell core.
Moving label "_0530_" from metal2 to via1 in cell core.
Moving label "_0600_" from metal1 to viali in cell core.
Moving label "_0636_" from metal1 to viali in cell core.
Moving label "_0789_" from metal1 to via1 in cell core.
Moving label "_0800_" from metal1 to via1 in cell core.
Moving label "_0808_" from metal1 to via1 in cell core.
Moving label "_0812_" from metal1 to via1 in cell core.
Moving label "_0820_" from metal2 to via2 in cell core.
Moving label "_0866_" from metal1 to via1 in cell core.
Moving label "_0953_" from metal1 to viali in cell core.
Moving label "_0959_" from metal1 to via1 in cell core.
Moving label "_0971_" from metal1 to viali in cell core.
Moving label "_0973_" from metal1 to via1 in cell core.
Moving label "_1037_" from metal1 to viali in cell core.
Moving label "_1061_" from metal1 to via1 in cell core.
Moving label "_1072_" from metal1 to via1 in cell core.
Moving label "_1078_" from metal1 to via1 in cell core.
Moving label "_1104_" from metal2 to via1 in cell core.
Moving label "_1108_" from metal1 to via1 in cell core.
Moving label "_1155_" from metal2 to via2 in cell core.
Moving label "_1162_" from metal2 to via1 in cell core.
Moving label "_1186_" from metal1 to via1 in cell core.
Moving label "_1322_" from metal1 to via1 in cell core.
Moving label "_1458_" from metal2 to via1 in cell core.
Moving label "_1460_" from metal1 to via1 in cell core.
Moving label "_1489_" from metal2 to via2 in cell core.
Moving label "_1518_" from metal1 to via1 in cell core.
Moving label "_1590_" from metal1 to via1 in cell core.
Moving label "_1595_" from metal1 to viali in cell core.
Moving label "_1642_" from metal2 to via2 in cell core.
Moving label "_1704_" from metal2 to via2 in cell core.
Moving label "_1714_" from metal2 to via2 in cell core.
Moving label "_1760_" from metal1 to via1 in cell core.
Moving label "_1778_" from metal1 to viali in cell core.
Moving label "_1887_" from metal1 to via1 in cell core.
Moving label "_1917_" from metal1 to via1 in cell core.
Moving label "_1994_" from metal2 to via1 in cell core.
Moving label "_2007_" from metal1 to via1 in cell core.
Moving label "_2017_" from metal1 to via1 in cell core.
Moving label "_2057_" from metal2 to via1 in cell core.
Moving label "_2061_" from metal1 to via1 in cell core.
Moving label "_2186_" from metal1 to via1 in cell core.
Moving label "_2256_" from metal1 to viali in cell core.
Moving label "_2482_" from metal1 to via1 in cell core.
Moving label "_2565_" from metal2 to via2 in cell core.
Moving label "_2571_" from metal2 to via2 in cell core.
Moving label "_2573_" from metal1 to via1 in cell core.
Moving label "_2783_" from metal2 to via1 in cell core.
Moving label "_2787_" from metal1 to viali in cell core.
Moving label "_2816_" from metal2 to via2 in cell core.
Moving label "_2842_" from metal2 to via2 in cell core.
Moving label "_2882_" from metal2 to via2 in cell core.
Moving label "_2885_" from metal1 to via1 in cell core.
Moving label "_2892_" from metal2 to via2 in cell core.
Moving label "_2913_" from metal1 to via1 in cell core.
Moving label "_3042_" from metal1 to via1 in cell core.
Moving label "_3044_" from metal1 to viali in cell core.
Moving label "_3101_" from metal2 to via2 in cell core.
Moving label "_3131_" from metal2 to via2 in cell core.
Moving label "_3334_" from metal1 to viali in cell core.
Moving label "_3384_" from metal1 to via1 in cell core.
Moving label "_3387_" from metal1 to viali in cell core.
Moving label "_3400_" from metal1 to viali in cell core.
Moving label "_3402_" from metal1 to via1 in cell core.
Moving label "_3418_" from metal1 to viali in cell core.
Moving label "_3423_" from metal1 to via1 in cell core.
Moving label "_3447_" from metal2 to via2 in cell core.
Moving label "_3459_" from metal1 to via1 in cell core.
Moving label "_3482_" from metal1 to via1 in cell core.
Moving label "_3512_" from metal1 to viali in cell core.
Moving label "_3517_" from metal1 to via1 in cell core.
Moving label "_3610_" from metal1 to via1 in cell core.
Moving label "_3635_" from metal1 to via1 in cell core.
Moving label "_3659_" from metal1 to viali in cell core.
Moving label "_3671_" from metal2 to via1 in cell core.
Moving label "_3674_" from metal2 to via2 in cell core.
Moving label "_3717_" from metal1 to via1 in cell core.
Moving label "_3751_" from metal2 to via1 in cell core.
Moving label "clknet_1_1_0_i_clk" from metal2 to via2 in cell core.
Moving label "decode.i_instr_l\[10\]" from metal1 to viali in cell core.
Moving label "decode.oc_rf_ie\[1\]" from metal2 to via2 in cell core.
Moving label "execute.alu_mul_div.comp" from metal1 to via1 in cell core.
Moving label "execute.rf.reg_outputs\[2\]\[13\]" from metal1 to viali in cell core.
Moving label "execute.rf.reg_outputs\[2\]\[2\]" from metal2 to via1 in cell core.
Moving label "execute.rf.reg_outputs\[3\]\[10\]" from metal1 to viali in cell core.
Moving label "execute.rf.reg_outputs\[4\]\[10\]" from metal1 to via1 in cell core.
Moving label "execute.rf.reg_outputs\[5\]\[7\]" from metal1 to via1 in cell core.
Moving label "execute.rf.reg_outputs\[6\]\[0\]" from metal1 to via1 in cell core.
Moving label "execute.sreg_data_page" from metal2 to via2 in cell core.
Moving label "execute.sreg_irq_flags.o_d\[1\]" from metal1 to viali in cell core.
Moving label "execute.sreg_irq_pc.o_d\[7\]" from metal1 to viali in cell core.
Moving label "execute.sreg_long_ptr_en" from metal2 to via2 in cell core.
Moving label "i_clk" from metal2 to via2 in cell core.
Moving label "i_core_int_sreg[0]" from metal2 to via2 in cell core.
Moving label "i_core_int_sreg[10]" from metal2 to via2 in cell core.
Moving label "i_core_int_sreg[2]" from metal2 to via2 in cell core.
Moving label "i_core_int_sreg[4]" from metal2 to via2 in cell core.
Moving label "i_core_int_sreg[8]" from metal2 to via2 in cell core.
Moving label "i_disable" from metal2 to via2 in cell core.
Moving label "i_irq" from metal2 to via2 in cell core.
Moving label "i_mem_ack" from metal2 to via2 in cell core.
Moving label "i_mem_data[12]" from metal2 to via2 in cell core.
Moving label "i_mem_data[13]" from metal2 to via2 in cell core.
Moving label "i_mem_data[14]" from metal2 to via2 in cell core.
Moving label "i_mem_data[15]" from metal2 to via2 in cell core.
Moving label "i_mem_data[2]" from metal2 to via2 in cell core.
Moving label "i_mem_data[7]" from metal2 to via2 in cell core.
Moving label "i_mem_data[8]" from metal2 to via2 in cell core.
Moving label "i_req_data[13]" from metal2 to via2 in cell core.
Moving label "i_req_data[14]" from metal2 to via2 in cell core.
Moving label "i_req_data[15]" from metal2 to via2 in cell core.
Moving label "i_req_data[25]" from metal2 to via2 in cell core.
Moving label "i_req_data[27]" from metal2 to via2 in cell core.
Moving label "i_req_data[31]" from metal2 to via2 in cell core.
Moving label "i_req_data[8]" from metal2 to via2 in cell core.
Moving label "i_req_data_valid" from metal2 to via2 in cell core.
Moving label "net119" from metal2 to via2 in cell core.
Moving label "net138" from metal2 to via2 in cell core.
Moving label "net161" from metal2 to via1 in cell core.
Moving label "net253" from metal2 to via2 in cell core.
Moving label "net277" from metal1 to viali in cell core.
Moving label "o_c_instr_long" from metal2 to via2 in cell core.
Moving label "o_instr_long_addr[0]" from metal2 to via2 in cell core.
Moving label "o_mem_addr[15]" from metal2 to via2 in cell core.
Moving label "o_mem_data[1]" from metal2 to via2 in cell core.
Moving label "o_mem_data[2]" from metal2 to via2 in cell core.
Moving label "o_mem_data[4]" from metal2 to via2 in cell core.
Moving label "o_mem_data[5]" from metal2 to via2 in cell core.
Moving label "sr_bus_addr[0]" from metal2 to via2 in cell core.
Moving label "sr_bus_addr[15]" from metal2 to via2 in cell core.
Root cell box:
           width x height  (   llx,  lly  ), (   urx,  ury  )  area (units^2)

microns:  500.000 x 500.000  ( 0.000,  0.000), ( 500.000,  500.000)  250000.000
lambda:   50000.00 x 50000.00  (  0.00,  0.00 ), ( 50000.00,  50000.00)  2500000000.00
internal: 100000 x 100000  (     0,  0    ), ( 100000,  100000)  10000000000
   Generating output for cell sky130_fd_sc_hd__decap_3
   Generating output for cell sky130_fd_sc_hd__fill_2
   Generating output for cell sky130_fd_sc_hd__diode_2
   Generating output for cell sky130_fd_sc_hd__buf_2
   Generating output for cell sky130_fd_sc_hd__decap_4
   Generating output for cell sky130_fd_sc_hd__clkbuf_8
   Generating output for cell sky130_ef_sc_hd__decap_12
   Generating output for cell sky130_fd_sc_hd__tapvpwrvgnd_1
   Generating output for cell sky130_fd_sc_hd__decap_8
   Generating output for cell sky130_fd_sc_hd__fill_1
   Generating output for cell sky130_fd_sc_hd__decap_6
   Generating output for cell sky130_fd_sc_hd__buf_4
   Generating output for cell sky130_fd_sc_hd__clkbuf_2
   Generating output for cell sky130_fd_sc_hd__dfxtp_4
   Generating output for cell sky130_fd_sc_hd__o211a_1
   Generating output for cell sky130_fd_sc_hd__or2_1
   Generating output for cell sky130_fd_sc_hd__dfxtp_1
   Generating output for cell sky130_fd_sc_hd__dfxtp_2
   Generating output for cell sky130_fd_sc_hd__clkbuf_1
   Generating output for cell sky130_fd_sc_hd__mux2_1
   Generating output for cell sky130_fd_sc_hd__buf_6
   Generating output for cell sky130_fd_sc_hd__nand2_1
   Generating output for cell sky130_fd_sc_hd__xnor2_1
   Generating output for cell sky130_fd_sc_hd__clkbuf_16
   Generating output for cell sky130_fd_sc_hd__clkbuf_4
   Generating output for cell sky130_fd_sc_hd__o21a_1
   Generating output for cell sky130_fd_sc_hd__a22o_1
   Generating output for cell sky130_fd_sc_hd__inv_2
   Generating output for cell sky130_fd_sc_hd__or3_1
   Generating output for cell sky130_fd_sc_hd__clkinv_2
   Generating output for cell sky130_fd_sc_hd__o21ai_1
   Generating output for cell sky130_fd_sc_hd__or4_1
   Generating output for cell sky130_fd_sc_hd__dlygate4sd3_1
   Generating output for cell sky130_fd_sc_hd__nand3b_1
   Generating output for cell sky130_fd_sc_hd__or2b_1
   Generating output for cell sky130_fd_sc_hd__xor2_1
   Generating output for cell sky130_fd_sc_hd__a21o_1
   Generating output for cell sky130_fd_sc_hd__nor2_1
   Generating output for cell sky130_fd_sc_hd__o22a_1
   Generating output for cell sky130_fd_sc_hd__nor3_4
   Generating output for cell sky130_fd_sc_hd__a211o_1
   Generating output for cell sky130_fd_sc_hd__and2_2
   Generating output for cell sky130_fd_sc_hd__and3b_2
   Generating output for cell sky130_fd_sc_hd__o21ba_1
   Generating output for cell sky130_fd_sc_hd__nand2_4
   Generating output for cell sky130_fd_sc_hd__buf_8
   Generating output for cell sky130_fd_sc_hd__and3_2
   Generating output for cell sky130_fd_sc_hd__nor3b_4
   Generating output for cell sky130_fd_sc_hd__a221o_1
   Generating output for cell sky130_fd_sc_hd__conb_1
   Generating output for cell sky130_fd_sc_hd__o22a_2
   Generating output for cell sky130_fd_sc_hd__and2_1
   Generating output for cell sky130_fd_sc_hd__nor3_1
   Generating output for cell sky130_fd_sc_hd__a21oi_1
   Generating output for cell sky130_fd_sc_hd__nand2_2
   Generating output for cell sky130_fd_sc_hd__and3_1
   Generating output for cell sky130_fd_sc_hd__and2b_1
   Generating output for cell sky130_fd_sc_hd__o31a_1
   Generating output for cell sky130_fd_sc_hd__mux2_2
   Generating output for cell sky130_fd_sc_hd__a221o_4
   Generating output for cell sky130_fd_sc_hd__o2bb2a_4
   Generating output for cell sky130_fd_sc_hd__a21oi_4
   Generating output for cell sky130_fd_sc_hd__a221o_2
   Generating output for cell sky130_fd_sc_hd__and3b_1
   Generating output for cell sky130_fd_sc_hd__a2111o_1
   Generating output for cell sky130_fd_sc_hd__and2b_2
   Generating output for cell sky130_fd_sc_hd__or3_4
   Generating output for cell sky130_fd_sc_hd__and4bb_1
   Generating output for cell sky130_fd_sc_hd__a32o_1
   Generating output for cell sky130_fd_sc_hd__and4b_1
   Generating output for cell sky130_fd_sc_hd__nor2b_4
   Generating output for cell sky130_fd_sc_hd__o31a_2
   Generating output for cell sky130_fd_sc_hd__and4_1
   Generating output for cell sky130_fd_sc_hd__nor2_4
   Generating output for cell sky130_fd_sc_hd__o21ai_2
   Generating output for cell sky130_fd_sc_hd__o41a_1
   Generating output for cell sky130_fd_sc_hd__a221oi_1
   Generating output for cell sky130_fd_sc_hd__o41a_2
   Generating output for cell sky130_fd_sc_hd__nor3b_1
   Generating output for cell sky130_fd_sc_hd__and3_4
   Generating output for cell sky130_fd_sc_hd__or4_4
   Generating output for cell sky130_fd_sc_hd__a221oi_4
   Generating output for cell sky130_fd_sc_hd__o32a_4
   Generating output for cell sky130_fd_sc_hd__mux2_4
   Generating output for cell sky130_fd_sc_hd__dlymetal6s4s_1
   Generating output for cell sky130_fd_sc_hd__o22ai_4
   Generating output for cell sky130_fd_sc_hd__o22a_4
   Generating output for cell sky130_fd_sc_hd__a31o_1
   Generating output for cell sky130_fd_sc_hd__o32ai_4
   Generating output for cell sky130_fd_sc_hd__a211oi_4
   Generating output for cell sky130_fd_sc_hd__a2111oi_1
   Generating output for cell sky130_fd_sc_hd__a2111oi_4
   Generating output for cell sky130_fd_sc_hd__o21bai_1
   Generating output for cell sky130_fd_sc_hd__a211o_4
   Generating output for cell sky130_fd_sc_hd__a211o_2
   Generating output for cell sky130_fd_sc_hd__a2bb2o_1
   Generating output for cell sky130_fd_sc_hd__nand2_8
   Generating output for cell sky130_fd_sc_hd__dlymetal6s2s_1
   Generating output for cell sky130_fd_sc_hd__nor2_2
   Generating output for cell sky130_fd_sc_hd__mux4_1
   Generating output for cell sky130_fd_sc_hd__a31oi_1
   Generating output for cell sky130_fd_sc_hd__a22o_2
   Generating output for cell sky130_fd_sc_hd__dlygate4sd1_1
   Generating output for cell sky130_fd_sc_hd__clkinv_4
   Generating output for cell sky130_fd_sc_hd__a2111oi_2
   Generating output for cell sky130_fd_sc_hd__buf_12
   Generating output for cell sky130_fd_sc_hd__a2bb2o_4
   Generating output for cell sky130_fd_sc_hd__a31o_4
   Generating output for cell sky130_fd_sc_hd__a31oi_4
   Generating output for cell sky130_fd_sc_hd__a22o_4
   Generating output for cell sky130_fd_sc_hd__o211ai_4
   Generating output for cell sky130_fd_sc_hd__or3b_1
   Generating output for cell sky130_fd_sc_hd__or4b_1
   Generating output for cell sky130_fd_sc_hd__and4bb_2
   Generating output for cell sky130_fd_sc_hd__or4b_4
   Generating output for cell sky130_fd_sc_hd__or3_2
   Generating output for cell sky130_fd_sc_hd__a41o_1
   Generating output for cell sky130_fd_sc_hd__o221ai_4
   Generating output for cell sky130_fd_sc_hd__a21bo_1
   Generating output for cell sky130_fd_sc_hd__a22oi_4
   Generating output for cell sky130_fd_sc_hd__o221a_1
   Generating output for cell sky130_fd_sc_hd__a211oi_1
   Generating output for cell sky130_fd_sc_hd__o2bb2a_1
   Generating output for cell sky130_fd_sc_hd__o211a_2
   Generating output for cell sky130_fd_sc_hd__or3b_2
   Generating output for cell sky130_fd_sc_hd__or2_2
   Generating output for cell sky130_fd_sc_hd__a311o_1
   Generating output for cell sky130_fd_sc_hd__o211ai_1
   Generating output for cell sky130_fd_sc_hd__a21o_2
   Generating output for cell sky130_fd_sc_hd__or4_2
   Generating output for cell sky130_fd_sc_hd__a21o_4
   Generating output for cell sky130_fd_sc_hd__nand2b_2
   Generating output for cell sky130_fd_sc_hd__o21a_4
   Generating output for cell sky130_fd_sc_hd__mux4_2
   Generating output for cell sky130_fd_sc_hd__or2_4
   Generating output for cell sky130_fd_sc_hd__o21ai_4
   Generating output for cell sky130_fd_sc_hd__a211oi_2
   Generating output for cell sky130_fd_sc_hd__or3b_4
   Generating output for cell sky130_fd_sc_hd__a21oi_2
   Generating output for cell sky130_fd_sc_hd__o2111a_1
   Generating output for cell sky130_fd_sc_hd__and2_4
   Generating output for cell sky130_fd_sc_hd__nand3_1
   Generating output for cell sky130_fd_sc_hd__inv_6
   Generating output for cell sky130_fd_sc_hd__a21boi_1
   Generating output for cell sky130_fd_sc_hd__a311o_2
   Generating output for cell sky130_fd_sc_hd__o211ai_2
   Generating output for cell sky130_fd_sc_hd__xnor2_4
   Generating output for cell sky130_fd_sc_hd__nand4_1
   Generating output for cell sky130_fd_sc_hd__nand2b_4
   Generating output for cell sky130_fd_sc_hd__nand4_2
   Generating output for cell sky130_fd_sc_hd__a22oi_1
   Generating output for cell sky130_fd_sc_hd__a221oi_2
   Generating output for cell sky130_fd_sc_hd__o22ai_1
   Generating output for cell sky130_fd_sc_hd__a311oi_4
   Generating output for cell sky130_fd_sc_hd__o221ai_1
   Generating output for cell sky130_fd_sc_hd__o311a_4
   Generating output for cell sky130_fd_sc_hd__a31o_2
   Generating output for cell sky130_fd_sc_hd__o32a_2
   Generating output for cell sky130_fd_sc_hd__nand3_2
   Generating output for cell sky130_fd_sc_hd__o21a_2
   Generating output for cell sky130_fd_sc_hd__nor3_2
   Generating output for cell sky130_fd_sc_hd__o311a_1
   Generating output for cell sky130_fd_sc_hd__o32a_1
   Generating output for cell sky130_fd_sc_hd__xnor2_2
   Generating output for cell sky130_fd_sc_hd__mux2_8
   Generating output for cell sky130_fd_sc_hd__o22ai_2
   Generating output for cell sky130_fd_sc_hd__a311o_4
   Generating output for cell sky130_fd_sc_hd__o211a_4
   Generating output for cell sky130_fd_sc_hd__nor2b_2
   Generating output for cell sky130_fd_sc_hd__and4_2
   Generating output for cell sky130_fd_sc_hd__and4b_2
   Generating output for cell sky130_fd_sc_hd__inv_4
   Generating output for cell sky130_fd_sc_hd__a31oi_2
   Generating output for cell sky130_fd_sc_hd__nor4_2
   Generating output for cell sky130_fd_sc_hd__nor4_1
   Generating output for cell sky130_fd_sc_hd__o21ba_2
   Generating output for cell sky130_fd_sc_hd__o31ai_4
   Generating output for cell sky130_fd_sc_hd__o21bai_4
   Generating output for cell core
[INFO]: GDS Write Complete
