First Layout: /home/piotro/caravel_user_project/openlane/core/runs/22_12_26_19_24/results/signoff/core.gds
Second Layout: /home/piotro/caravel_user_project/openlane/core/runs/22_12_26_19_24/results/signoff/core.klayout.gds
Design Name: core
Output GDS will be: /home/piotro/caravel_user_project/openlane/core/runs/22_12_26_19_24/reports/signoff/core.xor.xml
Reading /home/piotro/caravel_user_project/openlane/core/runs/22_12_26_19_24/results/signoff/core.gds ..
Reading /home/piotro/caravel_user_project/openlane/core/runs/22_12_26_19_24/results/signoff/core.klayout.gds ..
--- Running XOR for 10/0 ---
"input" in: xor.drc:38
    Polygons (raw): 0 (flat)  0 (hierarchical)
    Elapsed: 0.000s  Memory: 416.00M
"input" in: xor.drc:38
    Polygons (raw): 2574 (flat)  5 (hierarchical)
    Elapsed: 0.000s  Memory: 416.00M
"^" in: xor.drc:38
    Polygons (raw): 2574 (flat)  5 (hierarchical)
    Elapsed: 0.000s  Memory: 416.00M
XOR differences: 2574
"output" in: xor.drc:40
    Polygons (raw): 2574 (flat)  5 (hierarchical)
    Elapsed: 0.020s  Memory: 416.00M
--- Running XOR for 11/0 ---
"input" in: xor.drc:38
    Polygons (raw): 0 (flat)  0 (hierarchical)
    Elapsed: 0.000s  Memory: 416.00M
"input" in: xor.drc:38
    Polygons (raw): 793 (flat)  69 (hierarchical)
    Elapsed: 0.010s  Memory: 416.00M
"^" in: xor.drc:38
    Polygons (raw): 793 (flat)  69 (hierarchical)
    Elapsed: 0.000s  Memory: 416.00M
XOR differences: 793
"output" in: xor.drc:40
    Polygons (raw): 793 (flat)  69 (hierarchical)
    Elapsed: 0.020s  Memory: 416.00M
--- Running XOR for 11/1 ---
"input" in: xor.drc:38
    Polygons (raw): 0 (flat)  0 (hierarchical)
    Elapsed: 0.010s  Memory: 416.00M
"input" in: xor.drc:38
    Polygons (raw): 0 (flat)  0 (hierarchical)
    Elapsed: 0.000s  Memory: 416.00M
"^" in: xor.drc:38
    Polygons (raw): 0 (flat)  0 (hierarchical)
    Elapsed: 0.000s  Memory: 416.00M
XOR differences: 0
"output" in: xor.drc:40
    Polygons (raw): 0 (flat)  0 (hierarchical)
    Elapsed: 0.020s  Memory: 416.00M
--- Running XOR for 11/2 ---
"input" in: xor.drc:38
    Polygons (raw): 0 (flat)  0 (hierarchical)
    Elapsed: 0.000s  Memory: 416.00M
"input" in: xor.drc:38
    Polygons (raw): 7 (flat)  7 (hierarchical)
    Elapsed: 0.010s  Memory: 416.00M
"^" in: xor.drc:38
    Polygons (raw): 7 (flat)  7 (hierarchical)
    Elapsed: 0.010s  Memory: 416.00M
XOR differences: 7
"output" in: xor.drc:40
    Polygons (raw): 7 (flat)  7 (hierarchical)
    Elapsed: 0.010s  Memory: 416.00M
--- Running XOR for 122/16 ---
"input" in: xor.drc:38
    Polygons (raw): 33099 (flat)  183 (hierarchical)
    Elapsed: 0.000s  Memory: 416.00M
"input" in: xor.drc:38
    Polygons (raw): 33099 (flat)  183 (hierarchical)
    Elapsed: 0.010s  Memory: 416.00M
"^" in: xor.drc:38
    Polygons (raw): 0 (flat)  0 (hierarchical)
    Elapsed: 0.370s  Memory: 416.00M
XOR differences: 0
"output" in: xor.drc:40
    Polygons (raw): 0 (flat)  0 (hierarchical)
    Elapsed: 0.000s  Memory: 416.00M
--- Running XOR for 14/0 ---
"input" in: xor.drc:38
    Polygons (raw): 0 (flat)  0 (hierarchical)
    Elapsed: 0.010s  Memory: 416.00M
"input" in: xor.drc:38
    Polygons (raw): 1 (flat)  1 (hierarchical)
    Elapsed: 0.000s  Memory: 416.00M
"^" in: xor.drc:38
    Polygons (raw): 1 (flat)  1 (hierarchical)
    Elapsed: 0.000s  Memory: 416.00M
XOR differences: 1
"output" in: xor.drc:40
    Polygons (raw): 1 (flat)  1 (hierarchical)
    Elapsed: 0.020s  Memory: 416.00M
--- Running XOR for 235/4 ---
"input" in: xor.drc:38
    Polygons (raw): 1 (flat)  1 (hierarchical)
    Elapsed: 0.010s  Memory: 416.00M
"input" in: xor.drc:38
    Polygons (raw): 0 (flat)  0 (hierarchical)
    Elapsed: 0.000s  Memory: 416.00M
"^" in: xor.drc:38
    Polygons (raw): 1 (flat)  1 (hierarchical)
    Elapsed: 0.000s  Memory: 416.00M
XOR differences: 1
"output" in: xor.drc:40
    Polygons (raw): 1 (flat)  1 (hierarchical)
    Elapsed: 0.010s  Memory: 416.00M
--- Running XOR for 236/0 ---
"input" in: xor.drc:38
    Polygons (raw): 26729 (flat)  175 (hierarchical)
    Elapsed: 0.000s  Memory: 416.00M
"input" in: xor.drc:38
    Polygons (raw): 26729 (flat)  175 (hierarchical)
    Elapsed: 0.000s  Memory: 416.00M
"^" in: xor.drc:38
    Polygons (raw): 0 (flat)  0 (hierarchical)
    Elapsed: 0.320s  Memory: 416.00M
XOR differences: 0
"output" in: xor.drc:40
    Polygons (raw): 0 (flat)  0 (hierarchical)
    Elapsed: 0.000s  Memory: 416.00M
--- Running XOR for 3/0 ---
"input" in: xor.drc:38
    Polygons (raw): 0 (flat)  0 (hierarchical)
    Elapsed: 0.010s  Memory: 416.00M
"input" in: xor.drc:38
    Polygons (raw): 21811 (flat)  1 (hierarchical)
    Elapsed: 0.000s  Memory: 416.00M
"^" in: xor.drc:38
    Polygons (raw): 21811 (flat)  1 (hierarchical)
    Elapsed: 0.000s  Memory: 416.00M
XOR differences: 21811
"output" in: xor.drc:40
    Polygons (raw): 21811 (flat)  1 (hierarchical)
    Elapsed: 0.020s  Memory: 416.00M
--- Running XOR for 4/0 ---
"input" in: xor.drc:38
    Polygons (raw): 0 (flat)  0 (hierarchical)
    Elapsed: 0.000s  Memory: 416.00M
"input" in: xor.drc:38
    Polygons (raw): 21811 (flat)  1 (hierarchical)
    Elapsed: 0.000s  Memory: 416.00M
"^" in: xor.drc:38
    Polygons (raw): 21811 (flat)  1 (hierarchical)
    Elapsed: 0.000s  Memory: 416.00M
XOR differences: 21811
"output" in: xor.drc:40
    Polygons (raw): 21811 (flat)  1 (hierarchical)
    Elapsed: 0.010s  Memory: 416.00M
--- Running XOR for 5/0 ---
"input" in: xor.drc:38
    Polygons (raw): 0 (flat)  0 (hierarchical)
    Elapsed: 0.000s  Memory: 416.00M
"input" in: xor.drc:38
    Polygons (raw): 83704 (flat)  36676 (hierarchical)
    Elapsed: 0.010s  Memory: 416.00M
"^" in: xor.drc:38
    Polygons (raw): 83704 (flat)  36676 (hierarchical)
    Elapsed: 0.000s  Memory: 416.00M
XOR differences: 83704
"output" in: xor.drc:40
    Polygons (raw): 83704 (flat)  36676 (hierarchical)
    Elapsed: 0.050s  Memory: 430.00M
--- Running XOR for 6/0 ---
"input" in: xor.drc:38
    Polygons (raw): 0 (flat)  0 (hierarchical)
    Elapsed: 0.000s  Memory: 430.00M
"input" in: xor.drc:38
    Polygons (raw): 27685 (flat)  7 (hierarchical)
    Elapsed: 0.000s  Memory: 430.00M
"^" in: xor.drc:38
    Polygons (raw): 27685 (flat)  7 (hierarchical)
    Elapsed: 0.000s  Memory: 430.00M
XOR differences: 27685
"output" in: xor.drc:40
    Polygons (raw): 27685 (flat)  7 (hierarchical)
    Elapsed: 0.020s  Memory: 430.00M
--- Running XOR for 64/16 ---
"input" in: xor.drc:38
    Polygons (raw): 33084 (flat)  181 (hierarchical)
    Elapsed: 0.010s  Memory: 430.00M
"input" in: xor.drc:38
    Polygons (raw): 33084 (flat)  181 (hierarchical)
    Elapsed: 0.000s  Memory: 430.00M
"^" in: xor.drc:38
    Polygons (raw): 0 (flat)  0 (hierarchical)
    Elapsed: 0.350s  Memory: 439.00M
XOR differences: 0
"output" in: xor.drc:40
    Polygons (raw): 0 (flat)  0 (hierarchical)
    Elapsed: 0.010s  Memory: 439.00M
--- Running XOR for 64/20 ---
"input" in: xor.drc:38
    Polygons (raw): 35762 (flat)  178 (hierarchical)
    Elapsed: 0.000s  Memory: 439.00M
"input" in: xor.drc:38
    Polygons (raw): 35762 (flat)  178 (hierarchical)
    Elapsed: 0.010s  Memory: 439.00M
"^" in: xor.drc:38
    Polygons (raw): 0 (flat)  0 (hierarchical)
    Elapsed: 0.480s  Memory: 454.00M
XOR differences: 0
"output" in: xor.drc:40
    Polygons (raw): 0 (flat)  0 (hierarchical)
    Elapsed: 0.000s  Memory: 454.00M
--- Running XOR for 64/5 ---
"input" in: xor.drc:38
    Polygons (raw): 0 (flat)  0 (hierarchical)
    Elapsed: 0.010s  Memory: 454.00M
"input" in: xor.drc:38
    Polygons (raw): 0 (flat)  0 (hierarchical)
    Elapsed: 0.000s  Memory: 454.00M
"^" in: xor.drc:38
    Polygons (raw): 0 (flat)  0 (hierarchical)
    Elapsed: 0.100s  Memory: 454.00M
XOR differences: 0
"output" in: xor.drc:40
    Polygons (raw): 0 (flat)  0 (hierarchical)
    Elapsed: 0.010s  Memory: 454.00M
--- Running XOR for 64/59 ---
"input" in: xor.drc:38
    Polygons (raw): 0 (flat)  0 (hierarchical)
    Elapsed: 0.000s  Memory: 454.00M
"input" in: xor.drc:38
    Polygons (raw): 0 (flat)  0 (hierarchical)
    Elapsed: 0.000s  Memory: 454.00M
"^" in: xor.drc:38
    Polygons (raw): 0 (flat)  0 (hierarchical)
    Elapsed: 0.110s  Memory: 454.00M
XOR differences: 0
"output" in: xor.drc:40
    Polygons (raw): 0 (flat)  0 (hierarchical)
    Elapsed: 0.000s  Memory: 454.00M
--- Running XOR for 65/20 ---
"input" in: xor.drc:38
    Polygons (raw): 53573 (flat)  519 (hierarchical)
    Elapsed: 0.000s  Memory: 454.00M
"input" in: xor.drc:38
    Polygons (raw): 53573 (flat)  519 (hierarchical)
    Elapsed: 0.000s  Memory: 454.00M
"^" in: xor.drc:38
    Polygons (raw): 0 (flat)  0 (hierarchical)
    Elapsed: 0.460s  Memory: 468.00M
XOR differences: 0
"output" in: xor.drc:40
    Polygons (raw): 0 (flat)  0 (hierarchical)
    Elapsed: 0.000s  Memory: 468.00M
--- Running XOR for 65/44 ---
"input" in: xor.drc:38
    Polygons (raw): 6548 (flat)  2 (hierarchical)
    Elapsed: 0.010s  Memory: 468.00M
"input" in: xor.drc:38
    Polygons (raw): 6548 (flat)  2 (hierarchical)
    Elapsed: 0.000s  Memory: 468.00M
"^" in: xor.drc:38
    Polygons (raw): 0 (flat)  0 (hierarchical)
    Elapsed: 0.080s  Memory: 468.00M
XOR differences: 0
"output" in: xor.drc:40
    Polygons (raw): 0 (flat)  0 (hierarchical)
    Elapsed: 0.010s  Memory: 468.00M
--- Running XOR for 66/15 ---
"input" in: xor.drc:38
    Polygons (raw): 2 (flat)  2 (hierarchical)
    Elapsed: 0.000s  Memory: 468.00M
"input" in: xor.drc:38
    Polygons (raw): 2 (flat)  2 (hierarchical)
    Elapsed: 0.000s  Memory: 468.00M
"^" in: xor.drc:38
    Polygons (raw): 0 (flat)  0 (hierarchical)
    Elapsed: 0.020s  Memory: 468.00M
XOR differences: 0
"output" in: xor.drc:40
    Polygons (raw): 0 (flat)  0 (hierarchical)
    Elapsed: 0.010s  Memory: 468.00M
--- Running XOR for 66/20 ---
"input" in: xor.drc:38
    Polygons (raw): 59225 (flat)  877 (hierarchical)
    Elapsed: 0.000s  Memory: 468.00M
"input" in: xor.drc:38
    Polygons (raw): 59225 (flat)  877 (hierarchical)
    Elapsed: 0.000s  Memory: 468.00M
"^" in: xor.drc:38
    Polygons (raw): 0 (flat)  0 (hierarchical)
    Elapsed: 0.870s  Memory: 468.00M
XOR differences: 0
"output" in: xor.drc:40
    Polygons (raw): 0 (flat)  0 (hierarchical)
    Elapsed: 0.000s  Memory: 468.00M
--- Running XOR for 66/44 ---
"input" in: xor.drc:38
    Polygons (raw): 288204 (flat)  5726 (hierarchical)
    Elapsed: 0.010s  Memory: 468.00M
"input" in: xor.drc:38
    Polygons (raw): 288204 (flat)  5726 (hierarchical)
    Elapsed: 0.000s  Memory: 468.00M
"^" in: xor.drc:38
    Polygons (raw): 0 (flat)  0 (hierarchical)
    Elapsed: 1.850s  Memory: 468.00M
XOR differences: 0
"output" in: xor.drc:40
    Polygons (raw): 0 (flat)  0 (hierarchical)
    Elapsed: 0.000s  Memory: 468.00M
--- Running XOR for 67/16 ---
"input" in: xor.drc:38
    Polygons (raw): 89205 (flat)  1457 (hierarchical)
    Elapsed: 0.000s  Memory: 468.00M
"input" in: xor.drc:38
    Polygons (raw): 89205 (flat)  1457 (hierarchical)
    Elapsed: 0.000s  Memory: 468.00M
"^" in: xor.drc:38
    Polygons (raw): 0 (flat)  0 (hierarchical)
    Elapsed: 0.480s  Memory: 475.00M
XOR differences: 0
"output" in: xor.drc:40
    Polygons (raw): 0 (flat)  0 (hierarchical)
    Elapsed: 0.000s  Memory: 475.00M
--- Running XOR for 67/20 ---
"input" in: xor.drc:38
    Polygons (raw): 160133 (flat)  23326 (hierarchical)
    Elapsed: 0.010s  Memory: 475.00M
"input" in: xor.drc:38
    Polygons (raw): 138322 (flat)  1515 (hierarchical)
    Elapsed: 0.000s  Memory: 475.00M
"^" in: xor.drc:38
    Polygons (raw): 1272 (flat)  1272 (hierarchical)
    Elapsed: 2.170s  Memory: 496.00M
XOR differences: 1272
"output" in: xor.drc:40
    Polygons (raw): 1272 (flat)  1272 (hierarchical)
    Elapsed: 0.010s  Memory: 496.00M
--- Running XOR for 67/44 ---
"input" in: xor.drc:38
    Polygons (raw): 396834 (flat)  25183 (hierarchical)
    Elapsed: 0.010s  Memory: 496.00M
"input" in: xor.drc:38
    Polygons (raw): 375023 (flat)  3372 (hierarchical)
    Elapsed: 0.010s  Memory: 496.00M
"^" in: xor.drc:38
    Polygons (raw): 21811 (flat)  21811 (hierarchical)
    Elapsed: 1.940s  Memory: 496.00M
XOR differences: 21811
"output" in: xor.drc:40
    Polygons (raw): 21811 (flat)  21811 (hierarchical)
    Elapsed: 0.030s  Memory: 496.00M
--- Running XOR for 67/5 ---
"input" in: xor.drc:38
    Polygons (raw): 0 (flat)  0 (hierarchical)
    Elapsed: 0.000s  Memory: 496.00M
"input" in: xor.drc:38
    Polygons (raw): 0 (flat)  0 (hierarchical)
    Elapsed: 0.010s  Memory: 496.00M
"^" in: xor.drc:38
    Polygons (raw): 0 (flat)  0 (hierarchical)
    Elapsed: 0.080s  Memory: 496.00M
XOR differences: 0
"output" in: xor.drc:40
    Polygons (raw): 0 (flat)  0 (hierarchical)
    Elapsed: 0.010s  Memory: 496.00M
--- Running XOR for 68/16 ---
"input" in: xor.drc:38
    Polygons (raw): 71627 (flat)  363 (hierarchical)
    Elapsed: 0.000s  Memory: 496.00M
"input" in: xor.drc:38
    Polygons (raw): 71627 (flat)  363 (hierarchical)
    Elapsed: 0.000s  Memory: 496.00M
"^" in: xor.drc:38
    Polygons (raw): 0 (flat)  0 (hierarchical)
    Elapsed: 0.600s  Memory: 496.00M
XOR differences: 0
"output" in: xor.drc:40
    Polygons (raw): 0 (flat)  0 (hierarchical)
    Elapsed: 0.010s  Memory: 496.00M
--- Running XOR for 68/20 ---
"input" in: xor.drc:38
    Polygons (raw): 180082 (flat)  107791 (hierarchical)
    Elapsed: 0.000s  Memory: 496.00M
"input" in: xor.drc:38
    Polygons (raw): 72672 (flat)  381 (hierarchical)
    Elapsed: 0.010s  Memory: 496.00M
"^" in: xor.drc:38
    Polygons (raw): 19649 (flat)  19649 (hierarchical)
    Elapsed: 1.070s  Memory: 540.00M
XOR differences: 19649
"output" in: xor.drc:40
    Polygons (raw): 19649 (flat)  19649 (hierarchical)
    Elapsed: 0.050s  Memory: 540.00M
--- Running XOR for 68/44 ---
"input" in: xor.drc:38
    Polygons (raw): 27685 (flat)  27685 (hierarchical)
    Elapsed: 0.000s  Memory: 540.00M
"input" in: xor.drc:38
    Polygons (raw): 0 (flat)  0 (hierarchical)
    Elapsed: 0.000s  Memory: 540.00M
"^" in: xor.drc:38
    Polygons (raw): 27685 (flat)  27685 (hierarchical)
    Elapsed: 0.000s  Memory: 540.00M
XOR differences: 27685
"output" in: xor.drc:40
    Polygons (raw): 27685 (flat)  27685 (hierarchical)
    Elapsed: 0.030s  Memory: 540.00M
--- Running XOR for 68/5 ---
"input" in: xor.drc:38
    Polygons (raw): 0 (flat)  0 (hierarchical)
    Elapsed: 0.000s  Memory: 540.00M
"input" in: xor.drc:38
    Polygons (raw): 0 (flat)  0 (hierarchical)
    Elapsed: 0.000s  Memory: 540.00M
"^" in: xor.drc:38
    Polygons (raw): 0 (flat)  0 (hierarchical)
    Elapsed: 0.130s  Memory: 540.00M
XOR differences: 0
"output" in: xor.drc:40
    Polygons (raw): 0 (flat)  0 (hierarchical)
    Elapsed: 0.000s  Memory: 540.00M
--- Running XOR for 69/16 ---
"input" in: xor.drc:38
    Polygons (raw): 0 (flat)  0 (hierarchical)
    Elapsed: 0.010s  Memory: 540.00M
"input" in: xor.drc:38
    Polygons (raw): 0 (flat)  0 (hierarchical)
    Elapsed: 0.000s  Memory: 540.00M
"^" in: xor.drc:38
    Polygons (raw): 0 (flat)  0 (hierarchical)
    Elapsed: 0.000s  Memory: 540.00M
XOR differences: 0
"output" in: xor.drc:40
    Polygons (raw): 0 (flat)  0 (hierarchical)
    Elapsed: 0.010s  Memory: 540.00M
--- Running XOR for 69/20 ---
"input" in: xor.drc:38
    Polygons (raw): 44144 (flat)  44144 (hierarchical)
    Elapsed: 0.000s  Memory: 540.00M
"input" in: xor.drc:38
    Polygons (raw): 0 (flat)  0 (hierarchical)
    Elapsed: 0.010s  Memory: 540.00M
"^" in: xor.drc:38
    Polygons (raw): 44144 (flat)  44144 (hierarchical)
    Elapsed: 0.000s  Memory: 540.00M
XOR differences: 44144
"output" in: xor.drc:40
    Polygons (raw): 44144 (flat)  44144 (hierarchical)
    Elapsed: 0.050s  Memory: 540.00M
--- Running XOR for 69/44 ---
"input" in: xor.drc:38
    Polygons (raw): 3421 (flat)  3421 (hierarchical)
    Elapsed: 0.010s  Memory: 540.00M
"input" in: xor.drc:38
    Polygons (raw): 0 (flat)  0 (hierarchical)
    Elapsed: 0.000s  Memory: 540.00M
"^" in: xor.drc:38
    Polygons (raw): 3421 (flat)  3421 (hierarchical)
    Elapsed: 0.000s  Memory: 540.00M
XOR differences: 3421
"output" in: xor.drc:40
    Polygons (raw): 3421 (flat)  3421 (hierarchical)
    Elapsed: 0.010s  Memory: 540.00M
--- Running XOR for 69/5 ---
"input" in: xor.drc:38
    Polygons (raw): 72 (flat)  72 (hierarchical)
    Elapsed: 0.010s  Memory: 540.00M
"input" in: xor.drc:38
    Polygons (raw): 0 (flat)  0 (hierarchical)
    Elapsed: 0.000s  Memory: 540.00M
"^" in: xor.drc:38
    Polygons (raw): 72 (flat)  72 (hierarchical)
    Elapsed: 0.000s  Memory: 540.00M
XOR differences: 72
"output" in: xor.drc:40
    Polygons (raw): 72 (flat)  72 (hierarchical)
    Elapsed: 0.010s  Memory: 540.00M
--- Running XOR for 7/0 ---
"input" in: xor.drc:38
    Polygons (raw): 0 (flat)  0 (hierarchical)
    Elapsed: 0.000s  Memory: 540.00M
"input" in: xor.drc:38
    Polygons (raw): 45297 (flat)  18508 (hierarchical)
    Elapsed: 0.010s  Memory: 540.00M
"^" in: xor.drc:38
    Polygons (raw): 45297 (flat)  18508 (hierarchical)
    Elapsed: 0.000s  Memory: 540.00M
XOR differences: 45297
"output" in: xor.drc:40
    Polygons (raw): 45297 (flat)  18508 (hierarchical)
    Elapsed: 0.030s  Memory: 540.00M
--- Running XOR for 7/1 ---
"input" in: xor.drc:38
    Polygons (raw): 0 (flat)  0 (hierarchical)
    Elapsed: 0.000s  Memory: 540.00M
"input" in: xor.drc:38
    Polygons (raw): 0 (flat)  0 (hierarchical)
    Elapsed: 0.000s  Memory: 540.00M
"^" in: xor.drc:38
    Polygons (raw): 0 (flat)  0 (hierarchical)
    Elapsed: 0.000s  Memory: 540.00M
XOR differences: 0
"output" in: xor.drc:40
    Polygons (raw): 0 (flat)  0 (hierarchical)
    Elapsed: 0.020s  Memory: 540.00M
--- Running XOR for 7/2 ---
"input" in: xor.drc:38
    Polygons (raw): 0 (flat)  0 (hierarchical)
    Elapsed: 0.000s  Memory: 540.00M
"input" in: xor.drc:38
    Polygons (raw): 72 (flat)  72 (hierarchical)
    Elapsed: 0.010s  Memory: 540.00M
"^" in: xor.drc:38
    Polygons (raw): 72 (flat)  72 (hierarchical)
    Elapsed: 0.010s  Memory: 540.00M
XOR differences: 72
"output" in: xor.drc:40
    Polygons (raw): 72 (flat)  72 (hierarchical)
    Elapsed: 0.020s  Memory: 540.00M
--- Running XOR for 70/16 ---
"input" in: xor.drc:38
    Polygons (raw): 0 (flat)  0 (hierarchical)
    Elapsed: 0.000s  Memory: 540.00M
"input" in: xor.drc:38
    Polygons (raw): 0 (flat)  0 (hierarchical)
    Elapsed: 0.000s  Memory: 540.00M
"^" in: xor.drc:38
    Polygons (raw): 0 (flat)  0 (hierarchical)
    Elapsed: 0.010s  Memory: 540.00M
XOR differences: 0
"output" in: xor.drc:40
    Polygons (raw): 0 (flat)  0 (hierarchical)
    Elapsed: 0.010s  Memory: 540.00M
--- Running XOR for 70/20 ---
"input" in: xor.drc:38
    Polygons (raw): 3719 (flat)  3719 (hierarchical)
    Elapsed: 0.000s  Memory: 540.00M
"input" in: xor.drc:38
    Polygons (raw): 0 (flat)  0 (hierarchical)
    Elapsed: 0.000s  Memory: 540.00M
"^" in: xor.drc:38
    Polygons (raw): 3719 (flat)  3719 (hierarchical)
    Elapsed: 0.000s  Memory: 540.00M
XOR differences: 3719
"output" in: xor.drc:40
    Polygons (raw): 3719 (flat)  3719 (hierarchical)
    Elapsed: 0.010s  Memory: 540.00M
--- Running XOR for 70/44 ---
"input" in: xor.drc:38
    Polygons (raw): 2574 (flat)  2574 (hierarchical)
    Elapsed: 0.000s  Memory: 540.00M
"input" in: xor.drc:38
    Polygons (raw): 0 (flat)  0 (hierarchical)
    Elapsed: 0.000s  Memory: 540.00M
"^" in: xor.drc:38
    Polygons (raw): 2574 (flat)  2574 (hierarchical)
    Elapsed: 0.010s  Memory: 540.00M
XOR differences: 2574
"output" in: xor.drc:40
    Polygons (raw): 2574 (flat)  2574 (hierarchical)
    Elapsed: 0.010s  Memory: 540.00M
--- Running XOR for 70/5 ---
"input" in: xor.drc:38
    Polygons (raw): 180 (flat)  180 (hierarchical)
    Elapsed: 0.000s  Memory: 540.00M
"input" in: xor.drc:38
    Polygons (raw): 0 (flat)  0 (hierarchical)
    Elapsed: 0.000s  Memory: 540.00M
"^" in: xor.drc:38
    Polygons (raw): 180 (flat)  180 (hierarchical)
    Elapsed: 0.000s  Memory: 540.00M
XOR differences: 180
"output" in: xor.drc:40
    Polygons (raw): 180 (flat)  180 (hierarchical)
    Elapsed: 0.000s  Memory: 540.00M
--- Running XOR for 71/16 ---
"input" in: xor.drc:38
    Polygons (raw): 0 (flat)  0 (hierarchical)
    Elapsed: 0.000s  Memory: 540.00M
"input" in: xor.drc:38
    Polygons (raw): 0 (flat)  0 (hierarchical)
    Elapsed: 0.000s  Memory: 540.00M
"^" in: xor.drc:38
    Polygons (raw): 0 (flat)  0 (hierarchical)
    Elapsed: 0.010s  Memory: 540.00M
XOR differences: 0
"output" in: xor.drc:40
    Polygons (raw): 0 (flat)  0 (hierarchical)
    Elapsed: 0.010s  Memory: 540.00M
--- Running XOR for 71/20 ---
"input" in: xor.drc:38
    Polygons (raw): 177 (flat)  177 (hierarchical)
    Elapsed: 0.000s  Memory: 540.00M
"input" in: xor.drc:38
    Polygons (raw): 0 (flat)  0 (hierarchical)
    Elapsed: 0.000s  Memory: 540.00M
"^" in: xor.drc:38
    Polygons (raw): 177 (flat)  177 (hierarchical)
    Elapsed: 0.000s  Memory: 540.00M
XOR differences: 177
"output" in: xor.drc:40
    Polygons (raw): 177 (flat)  177 (hierarchical)
    Elapsed: 0.010s  Memory: 540.00M
--- Running XOR for 71/5 ---
"input" in: xor.drc:38
    Polygons (raw): 7 (flat)  7 (hierarchical)
    Elapsed: 0.000s  Memory: 540.00M
"input" in: xor.drc:38
    Polygons (raw): 0 (flat)  0 (hierarchical)
    Elapsed: 0.000s  Memory: 540.00M
"^" in: xor.drc:38
    Polygons (raw): 7 (flat)  7 (hierarchical)
    Elapsed: 0.010s  Memory: 540.00M
XOR differences: 7
"output" in: xor.drc:40
    Polygons (raw): 7 (flat)  7 (hierarchical)
    Elapsed: 0.010s  Memory: 540.00M
--- Running XOR for 78/44 ---
"input" in: xor.drc:38
    Polygons (raw): 35834 (flat)  180 (hierarchical)
    Elapsed: 0.000s  Memory: 540.00M
"input" in: xor.drc:38
    Polygons (raw): 35834 (flat)  180 (hierarchical)
    Elapsed: 0.000s  Memory: 540.00M
"^" in: xor.drc:38
    Polygons (raw): 0 (flat)  0 (hierarchical)
    Elapsed: 0.350s  Memory: 540.00M
XOR differences: 0
"output" in: xor.drc:40
    Polygons (raw): 0 (flat)  0 (hierarchical)
    Elapsed: 0.000s  Memory: 540.00M
--- Running XOR for 8/0 ---
"input" in: xor.drc:38
    Polygons (raw): 0 (flat)  0 (hierarchical)
    Elapsed: 0.010s  Memory: 540.00M
"input" in: xor.drc:38
    Polygons (raw): 3421 (flat)  5 (hierarchical)
    Elapsed: 0.000s  Memory: 540.00M
"^" in: xor.drc:38
    Polygons (raw): 3421 (flat)  5 (hierarchical)
    Elapsed: 0.010s  Memory: 540.00M
XOR differences: 3421
"output" in: xor.drc:40
    Polygons (raw): 3421 (flat)  5 (hierarchical)
    Elapsed: 0.010s  Memory: 540.00M
--- Running XOR for 81/23 ---
"input" in: xor.drc:38
    Polygons (raw): 4801 (flat)  1 (hierarchical)
    Elapsed: 0.000s  Memory: 540.00M
"input" in: xor.drc:38
    Polygons (raw): 4801 (flat)  1 (hierarchical)
    Elapsed: 0.000s  Memory: 540.00M
"^" in: xor.drc:38
    Polygons (raw): 0 (flat)  0 (hierarchical)
    Elapsed: 0.070s  Memory: 540.00M
XOR differences: 0
"output" in: xor.drc:40
    Polygons (raw): 0 (flat)  0 (hierarchical)
    Elapsed: 0.010s  Memory: 540.00M
--- Running XOR for 81/4 ---
"input" in: xor.drc:38
    Polygons (raw): 35762 (flat)  178 (hierarchical)
    Elapsed: 0.000s  Memory: 540.00M
"input" in: xor.drc:38
    Polygons (raw): 35762 (flat)  178 (hierarchical)
    Elapsed: 0.000s  Memory: 540.00M
"^" in: xor.drc:38
    Polygons (raw): 0 (flat)  0 (hierarchical)
    Elapsed: 0.360s  Memory: 540.00M
XOR differences: 0
"output" in: xor.drc:40
    Polygons (raw): 0 (flat)  0 (hierarchical)
    Elapsed: 0.000s  Memory: 540.00M
--- Running XOR for 83/44 ---
"input" in: xor.drc:38
    Polygons (raw): 0 (flat)  0 (hierarchical)
    Elapsed: 0.010s  Memory: 540.00M
"input" in: xor.drc:38
    Polygons (raw): 0 (flat)  0 (hierarchical)
    Elapsed: 0.000s  Memory: 540.00M
"^" in: xor.drc:38
    Polygons (raw): 0 (flat)  0 (hierarchical)
    Elapsed: 0.110s  Memory: 540.00M
XOR differences: 0
"output" in: xor.drc:40
    Polygons (raw): 0 (flat)  0 (hierarchical)
    Elapsed: 0.000s  Memory: 540.00M
--- Running XOR for 9/0 ---
"input" in: xor.drc:38
    Polygons (raw): 0 (flat)  0 (hierarchical)
    Elapsed: 0.010s  Memory: 540.00M
"input" in: xor.drc:38
    Polygons (raw): 3621 (flat)  1326 (hierarchical)
    Elapsed: 0.000s  Memory: 540.00M
"^" in: xor.drc:38
    Polygons (raw): 3621 (flat)  1326 (hierarchical)
    Elapsed: 0.010s  Memory: 540.00M
XOR differences: 3621
"output" in: xor.drc:40
    Polygons (raw): 3621 (flat)  1326 (hierarchical)
    Elapsed: 0.010s  Memory: 540.00M
--- Running XOR for 9/1 ---
"input" in: xor.drc:38
    Polygons (raw): 0 (flat)  0 (hierarchical)
    Elapsed: 0.000s  Memory: 540.00M
"input" in: xor.drc:38
    Polygons (raw): 0 (flat)  0 (hierarchical)
    Elapsed: 0.000s  Memory: 540.00M
"^" in: xor.drc:38
    Polygons (raw): 0 (flat)  0 (hierarchical)
    Elapsed: 0.000s  Memory: 540.00M
XOR differences: 0
"output" in: xor.drc:40
    Polygons (raw): 0 (flat)  0 (hierarchical)
    Elapsed: 0.010s  Memory: 540.00M
--- Running XOR for 9/2 ---
"input" in: xor.drc:38
    Polygons (raw): 0 (flat)  0 (hierarchical)
    Elapsed: 0.000s  Memory: 540.00M
"input" in: xor.drc:38
    Polygons (raw): 180 (flat)  180 (hierarchical)
    Elapsed: 0.000s  Memory: 540.00M
"^" in: xor.drc:38
    Polygons (raw): 180 (flat)  180 (hierarchical)
    Elapsed: 0.000s  Memory: 540.00M
XOR differences: 180
"output" in: xor.drc:40
    Polygons (raw): 180 (flat)  180 (hierarchical)
    Elapsed: 0.010s  Memory: 540.00M
--- Running XOR for 93/44 ---
"input" in: xor.drc:38
    Polygons (raw): 39036 (flat)  179 (hierarchical)
    Elapsed: 0.000s  Memory: 540.00M
"input" in: xor.drc:38
    Polygons (raw): 39036 (flat)  179 (hierarchical)
    Elapsed: 0.010s  Memory: 540.00M
"^" in: xor.drc:38
    Polygons (raw): 0 (flat)  0 (hierarchical)
    Elapsed: 0.420s  Memory: 543.00M
XOR differences: 0
"output" in: xor.drc:40
    Polygons (raw): 0 (flat)  0 (hierarchical)
    Elapsed: 0.000s  Memory: 543.00M
--- Running XOR for 94/20 ---
"input" in: xor.drc:38
    Polygons (raw): 39036 (flat)  179 (hierarchical)
    Elapsed: 0.010s  Memory: 543.00M
"input" in: xor.drc:38
    Polygons (raw): 39036 (flat)  179 (hierarchical)
    Elapsed: 0.000s  Memory: 543.00M
"^" in: xor.drc:38
    Polygons (raw): 0 (flat)  0 (hierarchical)
    Elapsed: 0.480s  Memory: 565.00M
XOR differences: 0
"output" in: xor.drc:40
    Polygons (raw): 0 (flat)  0 (hierarchical)
    Elapsed: 0.000s  Memory: 565.00M
--- Running XOR for 95/20 ---
"input" in: xor.drc:38
    Polygons (raw): 22373 (flat)  189 (hierarchical)
    Elapsed: 0.000s  Memory: 565.00M
"input" in: xor.drc:38
    Polygons (raw): 22373 (flat)  189 (hierarchical)
    Elapsed: 0.000s  Memory: 565.00M
"^" in: xor.drc:38
    Polygons (raw): 0 (flat)  0 (hierarchical)
    Elapsed: 0.310s  Memory: 565.00M
XOR differences: 0
"output" in: xor.drc:40
    Polygons (raw): 0 (flat)  0 (hierarchical)
    Elapsed: 0.000s  Memory: 565.00M
Writing report database: /home/piotro/caravel_user_project/openlane/core/runs/22_12_26_19_24/reports/signoff/core.xor.xml ..
Total elapsed: 18.400s  Memory: 565.00M
