OpenROAD 7f00621cb612fd94e15b35790afe744c89d433a7 
This program is licensed under the BSD-3 license. See the LICENSE file for details.
Components of this program may be licensed under more restrictive licenses which must be honored.
Net: _0728_
  Pin: _4093_/A1_N (sky130_fd_sc_hd__a2bb2o_1)
    Layer: met2
      Partial area ratio:    2.80
      Required ratio:    0.00 (Gate area) 
      Partial area ratio:   14.78
      Required ratio: 2837.60 (Side area) 
      Cumulative area ratio:   88.36
      Required ratio:    0.00 (Cumulative area) 
      Cumulative area ratio:  444.89
      Required ratio:    0.00 (Cumulative side area) 

    Layer: met1
      Partial area ratio:   85.56
      Required ratio:    0.00 (Gate area) 
      Partial area ratio:  430.11
      Required ratio:  400.00 (Side area) (VIOLATED)
      Cumulative area ratio:   85.56
      Required ratio:    0.00 (Cumulative area) 
      Cumulative area ratio:  430.11
      Required ratio:    0.00 (Cumulative side area) 

    Layer: li1
      Partial area ratio:    0.00
      Required ratio:    0.00 (Gate area) 
      Partial area ratio:    0.00
      Required ratio:   75.00 (Side area) 
      Cumulative area ratio:    0.00
      Required ratio:    0.00 (Cumulative area) 
      Cumulative area ratio:    0.00
      Required ratio:    0.00 (Cumulative side area) 

    Via: M1M2_PR
      Partial area ratio:    0.18
      Required ratio:    6.00 (Gate area) 
      Cumulative area ratio:    0.41
      Required ratio:    0.00 (Cumulative area) 

    Via: L1M1_PR
      Partial area ratio:    0.23
      Required ratio:    3.00 (Gate area) 
      Cumulative area ratio:    0.23
      Required ratio:    0.00 (Cumulative area) 


Net: _0809_
  Pin: _4181_/B2 (sky130_fd_sc_hd__a32o_1)
    Layer: met2
      Partial area ratio:   16.18
      Required ratio:    0.00 (Gate area) 
      Partial area ratio:   82.12
      Required ratio: 4351.76 (Side area) 
      Cumulative area ratio:   20.44
      Required ratio:    0.00 (Cumulative area) 
      Cumulative area ratio:  104.64
      Required ratio:    0.00 (Cumulative side area) 

    Layer: met1
      Partial area ratio:    4.27
      Required ratio:    0.00 (Gate area) 
      Partial area ratio:   22.51
      Required ratio: 2773.88 (Side area) 
      Cumulative area ratio:    4.27
      Required ratio:    0.00 (Cumulative area) 
      Cumulative area ratio:   22.51
      Required ratio:    0.00 (Cumulative side area) 

    Layer: li1
      Partial area ratio:    0.00
      Required ratio:    0.00 (Gate area) 
      Partial area ratio:    0.00
      Required ratio:   75.00 (Side area) 
      Cumulative area ratio:    0.00
      Required ratio:    0.00 (Cumulative area) 
      Cumulative area ratio:    0.00
      Required ratio:    0.00 (Cumulative side area) 

    Layer: met3
      Partial area ratio:    0.15
      Required ratio:    0.00 (Gate area) 
      Partial area ratio:    1.04
      Required ratio: 4351.76 (Side area) 
      Cumulative area ratio:   20.59
      Required ratio:    0.00 (Cumulative area) 
      Cumulative area ratio:  105.68
      Required ratio:    0.00 (Cumulative side area) 

    Layer: met4
      Partial area ratio:   20.75
      Required ratio:    0.00 (Gate area) 
      Partial area ratio:  110.87
      Required ratio: 4873.40 (Side area) 
      Cumulative area ratio:   41.35
      Required ratio:    0.00 (Cumulative area) 
      Cumulative area ratio:  216.54
      Required ratio:    0.00 (Cumulative side area) 

    Via: M2M3_PR
      Partial area ratio:    0.02
      Required ratio:    6.00 (Gate area) 
      Cumulative area ratio:    0.23
      Required ratio:    0.00 (Cumulative area) 

    Via: M1M2_PR
      Partial area ratio:    0.09
      Required ratio:    6.00 (Gate area) 
      Cumulative area ratio:    0.21
      Required ratio:    0.00 (Cumulative area) 

    Via: L1M1_PR
      Partial area ratio:    0.12
      Required ratio:    3.00 (Gate area) 
      Cumulative area ratio:    0.12
      Required ratio:    0.00 (Cumulative area) 

    Via: M3M4_PR
      Partial area ratio:    0.02
      Required ratio:    6.00 (Gate area) 
      Cumulative area ratio:    0.25
      Required ratio:    0.00 (Cumulative area) 

  Pin: _5084_/A (sky130_fd_sc_hd__nor2_2)
    Layer: met2
      Partial area ratio:   16.18
      Required ratio:    0.00 (Gate area) 
      Partial area ratio:   82.12
      Required ratio: 4351.76 (Side area) 
      Cumulative area ratio:   17.75
      Required ratio:    0.00 (Cumulative area) 
      Cumulative area ratio:   90.38
      Required ratio:    0.00 (Cumulative side area) 

    Layer: met1
      Partial area ratio:    1.57
      Required ratio:    0.00 (Gate area) 
      Partial area ratio:    8.26
      Required ratio: 2773.88 (Side area) 
      Cumulative area ratio:    1.57
      Required ratio:    0.00 (Cumulative area) 
      Cumulative area ratio:    8.26
      Required ratio:    0.00 (Cumulative side area) 

    Layer: li1
      Partial area ratio:    0.00
      Required ratio:    0.00 (Gate area) 
      Partial area ratio:    0.00
      Required ratio:   75.00 (Side area) 
      Cumulative area ratio:    0.00
      Required ratio:    0.00 (Cumulative area) 
      Cumulative area ratio:    0.00
      Required ratio:    0.00 (Cumulative side area) 

    Layer: met3
      Partial area ratio:    0.15
      Required ratio:    0.00 (Gate area) 
      Partial area ratio:    1.04
      Required ratio: 4351.76 (Side area) 
      Cumulative area ratio:   17.90
      Required ratio:    0.00 (Cumulative area) 
      Cumulative area ratio:   91.42
      Required ratio:    0.00 (Cumulative side area) 

    Layer: met4
      Partial area ratio:   20.75
      Required ratio:    0.00 (Gate area) 
      Partial area ratio:  110.87
      Required ratio: 4873.40 (Side area) 
      Cumulative area ratio:   38.65
      Required ratio:    0.00 (Cumulative area) 
      Cumulative area ratio:  202.29
      Required ratio:    0.00 (Cumulative side area) 

    Via: M2M3_PR
      Partial area ratio:    0.02
      Required ratio:    6.00 (Gate area) 
      Cumulative area ratio:    0.12
      Required ratio:    0.00 (Cumulative area) 

    Via: M1M2_PR
      Partial area ratio:    0.05
      Required ratio:    6.00 (Gate area) 
      Cumulative area ratio:    0.10
      Required ratio:    0.00 (Cumulative area) 

    Via: L1M1_PR
      Partial area ratio:    0.06
      Required ratio:    3.00 (Gate area) 
      Cumulative area ratio:    0.06
      Required ratio:    0.00 (Cumulative area) 

    Via: M3M4_PR
      Partial area ratio:    0.02
      Required ratio:    6.00 (Gate area) 
      Cumulative area ratio:    0.14
      Required ratio:    0.00 (Cumulative area) 

  Pin: _7037_/B2 (sky130_fd_sc_hd__a2bb2o_1)
    Layer: met2
      Partial area ratio:   16.18
      Required ratio:    0.00 (Gate area) 
      Partial area ratio:   82.12
      Required ratio: 4351.76 (Side area) 
      Cumulative area ratio:   16.18
      Required ratio:    0.00 (Cumulative area) 
      Cumulative area ratio:   82.12
      Required ratio:    0.00 (Cumulative side area) 

    Layer: met1
      Partial area ratio:    0.00
      Required ratio:    0.00 (Gate area) 
      Partial area ratio:    0.00
      Required ratio:  400.00 (Side area) 
      Cumulative area ratio:    0.00
      Required ratio:    0.00 (Cumulative area) 
      Cumulative area ratio:    0.00
      Required ratio:    0.00 (Cumulative side area) 

    Layer: li1
      Partial area ratio:    0.00
      Required ratio:    0.00 (Gate area) 
      Partial area ratio:    0.00
      Required ratio:   75.00 (Side area) 
      Cumulative area ratio:    0.00
      Required ratio:    0.00 (Cumulative area) 
      Cumulative area ratio:    0.00
      Required ratio:    0.00 (Cumulative side area) 

    Layer: met3
      Partial area ratio:    0.15
      Required ratio:    0.00 (Gate area) 
      Partial area ratio:    1.04
      Required ratio: 4351.76 (Side area) 
      Cumulative area ratio:   16.33
      Required ratio:    0.00 (Cumulative area) 
      Cumulative area ratio:   83.16
      Required ratio:    0.00 (Cumulative side area) 

    Layer: met4
      Partial area ratio:   20.75
      Required ratio:    0.00 (Gate area) 
      Partial area ratio:  110.87
      Required ratio: 4873.40 (Side area) 
      Cumulative area ratio:   37.08
      Required ratio:    0.00 (Cumulative area) 
      Cumulative area ratio:  194.03
      Required ratio:    0.00 (Cumulative side area) 

    Via: M2M3_PR
      Partial area ratio:    0.02
      Required ratio:    6.00 (Gate area) 
      Cumulative area ratio:    0.43
      Required ratio:    0.00 (Cumulative area) 

    Via: M1M2_PR
      Partial area ratio:    0.18
      Required ratio:    6.00 (Gate area) 
      Cumulative area ratio:    0.41
      Required ratio:    0.00 (Cumulative area) 

    Via: L1M1_PR
      Partial area ratio:    0.23
      Required ratio:    3.00 (Gate area) 
      Cumulative area ratio:    0.23
      Required ratio:    0.00 (Cumulative area) 

    Via: M3M4_PR
      Partial area ratio:    0.02
      Required ratio:    6.00 (Gate area) 
      Cumulative area ratio:    0.45
      Required ratio:    0.00 (Cumulative area) 

  Pin: _6339_/C1 (sky130_fd_sc_hd__o311a_4)
    Layer: met2
      Partial area ratio:   16.18
      Required ratio:    0.00 (Gate area) 
      Partial area ratio:   82.12
      Required ratio: 4351.76 (Side area) 
      Cumulative area ratio:  121.49
      Required ratio:    0.00 (Cumulative area) 
      Cumulative area ratio:  614.73
      Required ratio:    0.00 (Cumulative side area) 

    Layer: met1
      Partial area ratio:    1.65
      Required ratio:    0.00 (Gate area) 
      Partial area ratio:    8.82
      Required ratio:  400.00 (Side area) 
      Cumulative area ratio:    1.65
      Required ratio:    0.00 (Cumulative area) 
      Cumulative area ratio:    8.82
      Required ratio:    0.00 (Cumulative side area) 

    Layer: li1
      Partial area ratio:    0.00
      Required ratio:    0.00 (Gate area) 
      Partial area ratio:    0.00
      Required ratio:   75.00 (Side area) 
      Cumulative area ratio:    0.00
      Required ratio:    0.00 (Cumulative area) 
      Cumulative area ratio:    0.00
      Required ratio:    0.00 (Cumulative side area) 

    Layer: met3
      Partial area ratio:    0.15
      Required ratio:    0.00 (Gate area) 
      Partial area ratio:    1.04
      Required ratio: 4351.76 (Side area) 
      Cumulative area ratio:  121.64
      Required ratio:    0.00 (Cumulative area) 
      Cumulative area ratio:  615.77
      Required ratio:    0.00 (Cumulative side area) 

    Layer: met4
      Partial area ratio:   20.75
      Required ratio:    0.00 (Gate area) 
      Partial area ratio:  110.87
      Required ratio: 4873.40 (Side area) 
      Cumulative area ratio:  142.39
      Required ratio:    0.00 (Cumulative area) 
      Cumulative area ratio:  726.63
      Required ratio:    0.00 (Cumulative side area) 

    Via: M2M3_PR
      Partial area ratio:    0.02
      Required ratio:    6.00 (Gate area) 
      Cumulative area ratio:    0.53
      Required ratio:    0.00 (Cumulative area) 

    Via: M1M2_PR
      Partial area ratio:    0.09
      Required ratio:    6.00 (Gate area) 
      Cumulative area ratio:    0.15
      Required ratio:    0.00 (Cumulative area) 

    Via: L1M1_PR
      Partial area ratio:    0.06
      Required ratio:    3.00 (Gate area) 
      Cumulative area ratio:    0.06
      Required ratio:    0.00 (Cumulative area) 

    Via: M3M4_PR
      Partial area ratio:    0.02
      Required ratio:    6.00 (Gate area) 
      Cumulative area ratio:    0.55
      Required ratio:    0.00 (Cumulative area) 

  Pin: _6276_/A1 (sky130_fd_sc_hd__a31o_2)
    Layer: met2
      Partial area ratio:   16.18
      Required ratio:    0.00 (Gate area) 
      Partial area ratio:   82.12
      Required ratio: 4351.76 (Side area) 
      Cumulative area ratio:  121.49
      Required ratio:    0.00 (Cumulative area) 
      Cumulative area ratio:  614.73
      Required ratio:    0.00 (Cumulative side area) 

    Layer: met1
      Partial area ratio:    0.00
      Required ratio:    0.00 (Gate area) 
      Partial area ratio:    0.00
      Required ratio:  400.00 (Side area) 
      Cumulative area ratio:    0.00
      Required ratio:    0.00 (Cumulative area) 
      Cumulative area ratio:    0.00
      Required ratio:    0.00 (Cumulative side area) 

    Layer: li1
      Partial area ratio:    0.00
      Required ratio:    0.00 (Gate area) 
      Partial area ratio:    0.00
      Required ratio:   75.00 (Side area) 
      Cumulative area ratio:    0.00
      Required ratio:    0.00 (Cumulative area) 
      Cumulative area ratio:    0.00
      Required ratio:    0.00 (Cumulative side area) 

    Layer: met3
      Partial area ratio:    0.15
      Required ratio:    0.00 (Gate area) 
      Partial area ratio:    1.04
      Required ratio: 4351.76 (Side area) 
      Cumulative area ratio:  121.64
      Required ratio:    0.00 (Cumulative area) 
      Cumulative area ratio:  615.77
      Required ratio:    0.00 (Cumulative side area) 

    Layer: met4
      Partial area ratio:   20.75
      Required ratio:    0.00 (Gate area) 
      Partial area ratio:  110.87
      Required ratio: 4873.40 (Side area) 
      Cumulative area ratio:  142.39
      Required ratio:    0.00 (Cumulative area) 
      Cumulative area ratio:  726.63
      Required ratio:    0.00 (Cumulative side area) 

    Via: M2M3_PR
      Partial area ratio:    0.02
      Required ratio:    6.00 (Gate area) 
      Cumulative area ratio:    0.68
      Required ratio:    0.00 (Cumulative area) 

    Via: M1M2_PR
      Partial area ratio:    0.09
      Required ratio:    6.00 (Gate area) 
      Cumulative area ratio:    0.21
      Required ratio:    0.00 (Cumulative area) 

    Via: L1M1_PR
      Partial area ratio:    0.12
      Required ratio:    3.00 (Gate area) 
      Cumulative area ratio:    0.12
      Required ratio:    0.00 (Cumulative area) 

    Via: M3M4_PR
      Partial area ratio:    0.02
      Required ratio:    6.00 (Gate area) 
      Cumulative area ratio:    0.70
      Required ratio:    0.00 (Cumulative area) 

  Pin: _6412_/A1 (sky130_fd_sc_hd__a31o_2)
    Layer: met2
      Partial area ratio:   16.18
      Required ratio:    0.00 (Gate area) 
      Partial area ratio:   82.12
      Required ratio: 4351.76 (Side area) 
      Cumulative area ratio:  122.35
      Required ratio:    0.00 (Cumulative area) 
      Cumulative area ratio:  619.42
      Required ratio:    0.00 (Cumulative side area) 

    Layer: met1
      Partial area ratio:    0.86
      Required ratio:    0.00 (Gate area) 
      Partial area ratio:    4.69
      Required ratio:  400.00 (Side area) 
      Cumulative area ratio:    0.86
      Required ratio:    0.00 (Cumulative area) 
      Cumulative area ratio:    4.69
      Required ratio:    0.00 (Cumulative side area) 

    Layer: li1
      Partial area ratio:    0.00
      Required ratio:    0.00 (Gate area) 
      Partial area ratio:    0.00
      Required ratio:   75.00 (Side area) 
      Cumulative area ratio:    0.00
      Required ratio:    0.00 (Cumulative area) 
      Cumulative area ratio:    0.00
      Required ratio:    0.00 (Cumulative side area) 

    Layer: met3
      Partial area ratio:    0.15
      Required ratio:    0.00 (Gate area) 
      Partial area ratio:    1.04
      Required ratio: 4351.76 (Side area) 
      Cumulative area ratio:  122.50
      Required ratio:    0.00 (Cumulative area) 
      Cumulative area ratio:  620.46
      Required ratio:    0.00 (Cumulative side area) 

    Layer: met4
      Partial area ratio:   20.75
      Required ratio:    0.00 (Gate area) 
      Partial area ratio:  110.87
      Required ratio: 4873.40 (Side area) 
      Cumulative area ratio:  143.25
      Required ratio:    0.00 (Cumulative area) 
      Cumulative area ratio:  731.33
      Required ratio:    0.00 (Cumulative side area) 

    Via: M2M3_PR
      Partial area ratio:    0.02
      Required ratio:    6.00 (Gate area) 
      Cumulative area ratio:    0.68
      Required ratio:    0.00 (Cumulative area) 

    Via: M1M2_PR
      Partial area ratio:    0.09
      Required ratio:    6.00 (Gate area) 
      Cumulative area ratio:    0.21
      Required ratio:    0.00 (Cumulative area) 

    Via: L1M1_PR
      Partial area ratio:    0.12
      Required ratio:    3.00 (Gate area) 
      Cumulative area ratio:    0.12
      Required ratio:    0.00 (Cumulative area) 

    Via: M3M4_PR
      Partial area ratio:    0.02
      Required ratio:    6.00 (Gate area) 
      Cumulative area ratio:    0.70
      Required ratio:    0.00 (Cumulative area) 

  Pin: _6844_/A (sky130_fd_sc_hd__and3_1)
    Layer: met2
      Partial area ratio:   16.18
      Required ratio:    0.00 (Gate area) 
      Partial area ratio:   82.12
      Required ratio: 4351.76 (Side area) 
      Cumulative area ratio:  119.84
      Required ratio:    0.00 (Cumulative area) 
      Cumulative area ratio:  605.90
      Required ratio:    0.00 (Cumulative side area) 

    Layer: met1
      Partial area ratio:  103.67
      Required ratio:    0.00 (Gate area) 
      Partial area ratio:  523.78
      Required ratio:  400.00 (Side area) (VIOLATED)
      Cumulative area ratio:  103.67
      Required ratio:    0.00 (Cumulative area) 
      Cumulative area ratio:  523.78
      Required ratio:    0.00 (Cumulative side area) 

    Layer: li1
      Partial area ratio:    0.00
      Required ratio:    0.00 (Gate area) 
      Partial area ratio:    0.00
      Required ratio:   75.00 (Side area) 
      Cumulative area ratio:    0.00
      Required ratio:    0.00 (Cumulative area) 
      Cumulative area ratio:    0.00
      Required ratio:    0.00 (Cumulative side area) 

    Layer: met3
      Partial area ratio:    0.15
      Required ratio:    0.00 (Gate area) 
      Partial area ratio:    1.04
      Required ratio: 4351.76 (Side area) 
      Cumulative area ratio:  119.99
      Required ratio:    0.00 (Cumulative area) 
      Cumulative area ratio:  606.94
      Required ratio:    0.00 (Cumulative side area) 

    Layer: met4
      Partial area ratio:   20.75
      Required ratio:    0.00 (Gate area) 
      Partial area ratio:  110.87
      Required ratio: 4873.40 (Side area) 
      Cumulative area ratio:  140.75
      Required ratio:    0.00 (Cumulative area) 
      Cumulative area ratio:  717.81
      Required ratio:    0.00 (Cumulative side area) 

    Via: M2M3_PR
      Partial area ratio:    0.02
      Required ratio:    6.00 (Gate area) 
      Cumulative area ratio:    0.61
      Required ratio:    0.00 (Cumulative area) 

    Via: M1M2_PR
      Partial area ratio:    0.36
      Required ratio:    6.00 (Gate area) 
      Cumulative area ratio:    0.59
      Required ratio:    0.00 (Cumulative area) 

    Via: L1M1_PR
      Partial area ratio:    0.23
      Required ratio:    3.00 (Gate area) 
      Cumulative area ratio:    0.23
      Required ratio:    0.00 (Cumulative area) 

    Via: M3M4_PR
      Partial area ratio:    0.02
      Required ratio:    6.00 (Gate area) 
      Cumulative area ratio:    0.63
      Required ratio:    0.00 (Cumulative area) 

  Pin: _6436_/A1 (sky130_fd_sc_hd__a21o_1)
    Layer: met4
      Partial area ratio:   20.75
      Required ratio:    0.00 (Gate area) 
      Partial area ratio:  110.87
      Required ratio: 4873.40 (Side area) 
      Cumulative area ratio:   25.19
      Required ratio:    0.00 (Cumulative area) 
      Cumulative area ratio:  134.82
      Required ratio:    0.00 (Cumulative side area) 

    Layer: met3
      Partial area ratio:    0.21
      Required ratio:    0.00 (Gate area) 
      Partial area ratio:    1.79
      Required ratio: 3121.64 (Side area) 
      Cumulative area ratio:    4.44
      Required ratio:    0.00 (Cumulative area) 
      Cumulative area ratio:   23.95
      Required ratio:    0.00 (Cumulative side area) 

    Layer: met2
      Partial area ratio:    2.58
      Required ratio:    0.00 (Gate area) 
      Partial area ratio:   13.57
      Required ratio: 3121.64 (Side area) 
      Cumulative area ratio:    4.22
      Required ratio:    0.00 (Cumulative area) 
      Cumulative area ratio:   22.16
      Required ratio:    0.00 (Cumulative side area) 

    Layer: met1
      Partial area ratio:    1.64
      Required ratio:    0.00 (Gate area) 
      Partial area ratio:    8.60
      Required ratio: 2773.88 (Side area) 
      Cumulative area ratio:    1.64
      Required ratio:    0.00 (Cumulative area) 
      Cumulative area ratio:    8.60
      Required ratio:    0.00 (Cumulative side area) 

    Layer: li1
      Partial area ratio:    0.00
      Required ratio:    0.00 (Gate area) 
      Partial area ratio:    0.00
      Required ratio:   75.00 (Side area) 
      Cumulative area ratio:    0.00
      Required ratio:    0.00 (Cumulative area) 
      Cumulative area ratio:    0.00
      Required ratio:    0.00 (Cumulative side area) 

    Via: M3M4_PR
      Partial area ratio:    0.05
      Required ratio:    6.00 (Gate area) 
      Cumulative area ratio:    0.32
      Required ratio:    0.00 (Cumulative area) 

    Via: M2M3_PR
      Partial area ratio:    0.05
      Required ratio:    6.00 (Gate area) 
      Cumulative area ratio:    0.26
      Required ratio:    0.00 (Cumulative area) 

    Via: M1M2_PR
      Partial area ratio:    0.09
      Required ratio:    6.00 (Gate area) 
      Cumulative area ratio:    0.21
      Required ratio:    0.00 (Cumulative area) 

    Via: L1M1_PR
      Partial area ratio:    0.12
      Required ratio:    3.00 (Gate area) 
      Cumulative area ratio:    0.12
      Required ratio:    0.00 (Cumulative area) 

  Pin: _6637_/A1 (sky130_fd_sc_hd__a31o_1)
    Layer: met4
      Partial area ratio:   20.75
      Required ratio:    0.00 (Gate area) 
      Partial area ratio:  110.87
      Required ratio: 4873.40 (Side area) 
      Cumulative area ratio:   35.69
      Required ratio:    0.00 (Cumulative area) 
      Cumulative area ratio:  190.09
      Required ratio:    0.00 (Cumulative side area) 

    Layer: met3
      Partial area ratio:    0.21
      Required ratio:    0.00 (Gate area) 
      Partial area ratio:    1.79
      Required ratio: 3121.64 (Side area) 
      Cumulative area ratio:   14.93
      Required ratio:    0.00 (Cumulative area) 
      Cumulative area ratio:   79.22
      Required ratio:    0.00 (Cumulative side area) 

    Layer: met2
      Partial area ratio:    2.58
      Required ratio:    0.00 (Gate area) 
      Partial area ratio:   13.57
      Required ratio: 3121.64 (Side area) 
      Cumulative area ratio:   14.72
      Required ratio:    0.00 (Cumulative area) 
      Cumulative area ratio:   77.43
      Required ratio:    0.00 (Cumulative side area) 

    Layer: met1
      Partial area ratio:   12.14
      Required ratio:    0.00 (Gate area) 
      Partial area ratio:   63.86
      Required ratio: 2773.88 (Side area) 
      Cumulative area ratio:   12.14
      Required ratio:    0.00 (Cumulative area) 
      Cumulative area ratio:   63.86
      Required ratio:    0.00 (Cumulative side area) 

    Layer: li1
      Partial area ratio:    0.00
      Required ratio:    0.00 (Gate area) 
      Partial area ratio:    0.00
      Required ratio:   75.00 (Side area) 
      Cumulative area ratio:    0.00
      Required ratio:    0.00 (Cumulative area) 
      Cumulative area ratio:    0.00
      Required ratio:    0.00 (Cumulative side area) 

    Via: M3M4_PR
      Partial area ratio:    0.05
      Required ratio:    6.00 (Gate area) 
      Cumulative area ratio:    0.41
      Required ratio:    0.00 (Cumulative area) 

    Via: M2M3_PR
      Partial area ratio:    0.05
      Required ratio:    6.00 (Gate area) 
      Cumulative area ratio:    0.35
      Required ratio:    0.00 (Cumulative area) 

    Via: M1M2_PR
      Partial area ratio:    0.18
      Required ratio:    6.00 (Gate area) 
      Cumulative area ratio:    0.30
      Required ratio:    0.00 (Cumulative area) 

    Via: L1M1_PR
      Partial area ratio:    0.12
      Required ratio:    3.00 (Gate area) 
      Cumulative area ratio:    0.12
      Required ratio:    0.00 (Cumulative area) 

  Pin: _6476_/A1 (sky130_fd_sc_hd__a21oi_1)
    Layer: met4
      Partial area ratio:   20.75
      Required ratio:    0.00 (Gate area) 
      Partial area ratio:  110.87
      Required ratio: 4873.40 (Side area) 
      Cumulative area ratio:   37.59
      Required ratio:    0.00 (Cumulative area) 
      Cumulative area ratio:  199.98
      Required ratio:    0.00 (Cumulative side area) 

    Layer: met3
      Partial area ratio:    0.21
      Required ratio:    0.00 (Gate area) 
      Partial area ratio:    1.79
      Required ratio: 3121.64 (Side area) 
      Cumulative area ratio:   16.84
      Required ratio:    0.00 (Cumulative area) 
      Cumulative area ratio:   89.12
      Required ratio:    0.00 (Cumulative side area) 

    Layer: met2
      Partial area ratio:    2.58
      Required ratio:    0.00 (Gate area) 
      Partial area ratio:   13.57
      Required ratio: 3121.64 (Side area) 
      Cumulative area ratio:   16.62
      Required ratio:    0.00 (Cumulative area) 
      Cumulative area ratio:   87.33
      Required ratio:    0.00 (Cumulative side area) 

    Layer: met1
      Partial area ratio:    1.90
      Required ratio:    0.00 (Gate area) 
      Partial area ratio:    9.90
      Required ratio: 2773.88 (Side area) 
      Cumulative area ratio:    1.90
      Required ratio:    0.00 (Cumulative area) 
      Cumulative area ratio:    9.90
      Required ratio:    0.00 (Cumulative side area) 

    Layer: li1
      Partial area ratio:    0.00
      Required ratio:    0.00 (Gate area) 
      Partial area ratio:    0.00
      Required ratio:   75.00 (Side area) 
      Cumulative area ratio:    0.00
      Required ratio:    0.00 (Cumulative area) 
      Cumulative area ratio:    0.00
      Required ratio:    0.00 (Cumulative side area) 

    Via: M3M4_PR
      Partial area ratio:    0.05
      Required ratio:    6.00 (Gate area) 
      Cumulative area ratio:    0.50
      Required ratio:    0.00 (Cumulative area) 

    Via: M2M3_PR
      Partial area ratio:    0.05
      Required ratio:    6.00 (Gate area) 
      Cumulative area ratio:    0.44
      Required ratio:    0.00 (Cumulative area) 

    Via: M1M2_PR
      Partial area ratio:    0.09
      Required ratio:    6.00 (Gate area) 
      Cumulative area ratio:    0.21
      Required ratio:    0.00 (Cumulative area) 

    Via: L1M1_PR
      Partial area ratio:    0.12
      Required ratio:    3.00 (Gate area) 
      Cumulative area ratio:    0.12
      Required ratio:    0.00 (Cumulative area) 


Net: _3130_
  Pin: _7441_/A0 (sky130_fd_sc_hd__mux2_1)
    Layer: met3
      Partial area ratio:  123.12
      Required ratio:    0.00 (Gate area) 
      Partial area ratio:  657.62
      Required ratio: 3478.04 (Side area) 
      Cumulative area ratio:  247.96
      Required ratio:    0.00 (Cumulative area) 
      Cumulative area ratio: 1290.60
      Required ratio:    0.00 (Cumulative side area) 

    Layer: met2
      Partial area ratio:   45.69
      Required ratio:    0.00 (Gate area) 
      Partial area ratio:  230.98
      Required ratio: 3121.64 (Side area) 
      Cumulative area ratio:  124.84
      Required ratio:    0.00 (Cumulative area) 
      Cumulative area ratio:  632.98
      Required ratio:    0.00 (Cumulative side area) 

    Layer: met1
      Partial area ratio:   79.16
      Required ratio:    0.00 (Gate area) 
      Partial area ratio:  402.00
      Required ratio:  400.00 (Side area) (VIOLATED)
      Cumulative area ratio:   79.16
      Required ratio:    0.00 (Cumulative area) 
      Cumulative area ratio:  402.00
      Required ratio:    0.00 (Cumulative side area) 

    Layer: li1
      Partial area ratio:    0.00
      Required ratio:    0.00 (Gate area) 
      Partial area ratio:    0.00
      Required ratio:   75.00 (Side area) 
      Cumulative area ratio:    0.00
      Required ratio:    0.00 (Cumulative area) 
      Cumulative area ratio:    0.00
      Required ratio:    0.00 (Cumulative side area) 

    Via: M2M3_PR
      Partial area ratio:    0.08
      Required ratio:    6.00 (Gate area) 
      Cumulative area ratio:    0.67
      Required ratio:    0.00 (Cumulative area) 

    Via: M1M2_PR
      Partial area ratio:    0.36
      Required ratio:    6.00 (Gate area) 
      Cumulative area ratio:    0.59
      Required ratio:    0.00 (Cumulative area) 

    Via: L1M1_PR
      Partial area ratio:    0.23
      Required ratio:    3.00 (Gate area) 
      Cumulative area ratio:    0.23
      Required ratio:    0.00 (Cumulative area) 

  Pin: _6808_/A2 (sky130_fd_sc_hd__a21o_1)
    Layer: met3
      Partial area ratio:  123.12
      Required ratio:    0.00 (Gate area) 
      Partial area ratio:  657.62
      Required ratio: 3478.04 (Side area) 
      Cumulative area ratio:  177.82
      Required ratio:    0.00 (Cumulative area) 
      Cumulative area ratio:  936.44
      Required ratio:    0.00 (Cumulative side area) 

    Layer: met2
      Partial area ratio:   45.69
      Required ratio:    0.00 (Gate area) 
      Partial area ratio:  230.98
      Required ratio: 3121.64 (Side area) 
      Cumulative area ratio:   54.70
      Required ratio:    0.00 (Cumulative area) 
      Cumulative area ratio:  278.82
      Required ratio:    0.00 (Cumulative side area) 

    Layer: met1
      Partial area ratio:    9.01
      Required ratio:    0.00 (Gate area) 
      Partial area ratio:   47.84
      Required ratio: 2773.88 (Side area) 
      Cumulative area ratio:    9.01
      Required ratio:    0.00 (Cumulative area) 
      Cumulative area ratio:   47.84
      Required ratio:    0.00 (Cumulative side area) 

    Layer: li1
      Partial area ratio:    0.00
      Required ratio:    0.00 (Gate area) 
      Partial area ratio:    0.00
      Required ratio:   75.00 (Side area) 
      Cumulative area ratio:    0.00
      Required ratio:    0.00 (Cumulative area) 
      Cumulative area ratio:    0.00
      Required ratio:    0.00 (Cumulative side area) 

    Via: M2M3_PR
      Partial area ratio:    0.08
      Required ratio:    6.00 (Gate area) 
      Cumulative area ratio:    0.29
      Required ratio:    0.00 (Cumulative area) 

    Via: M1M2_PR
      Partial area ratio:    0.09
      Required ratio:    6.00 (Gate area) 
      Cumulative area ratio:    0.21
      Required ratio:    0.00 (Cumulative area) 

    Via: L1M1_PR
      Partial area ratio:    0.12
      Required ratio:    3.00 (Gate area) 
      Cumulative area ratio:    0.12
      Required ratio:    0.00 (Cumulative area) 

  Pin: _7610_/A0 (sky130_fd_sc_hd__mux2_1)
    Layer: met3
      Partial area ratio:  123.12
      Required ratio:    0.00 (Gate area) 
      Partial area ratio:  657.62
      Required ratio: 3478.04 (Side area) 
      Cumulative area ratio:  168.81
      Required ratio:    0.00 (Cumulative area) 
      Cumulative area ratio:  888.60
      Required ratio:    0.00 (Cumulative side area) 

    Layer: met2
      Partial area ratio:   45.69
      Required ratio:    0.00 (Gate area) 
      Partial area ratio:  230.98
      Required ratio: 3121.64 (Side area) 
      Cumulative area ratio:   45.69
      Required ratio:    0.00 (Cumulative area) 
      Cumulative area ratio:  230.98
      Required ratio:    0.00 (Cumulative side area) 

    Layer: met1
      Partial area ratio:    0.00
      Required ratio:    0.00 (Gate area) 
      Partial area ratio:    0.00
      Required ratio:  400.00 (Side area) 
      Cumulative area ratio:    0.00
      Required ratio:    0.00 (Cumulative area) 
      Cumulative area ratio:    0.00
      Required ratio:    0.00 (Cumulative side area) 

    Layer: li1
      Partial area ratio:    0.00
      Required ratio:    0.00 (Gate area) 
      Partial area ratio:    0.00
      Required ratio:   75.00 (Side area) 
      Cumulative area ratio:    0.00
      Required ratio:    0.00 (Cumulative area) 
      Cumulative area ratio:    0.00
      Required ratio:    0.00 (Cumulative side area) 

    Via: M2M3_PR
      Partial area ratio:    0.08
      Required ratio:    6.00 (Gate area) 
      Cumulative area ratio:    0.49
      Required ratio:    0.00 (Cumulative area) 

    Via: M1M2_PR
      Partial area ratio:    0.18
      Required ratio:    6.00 (Gate area) 
      Cumulative area ratio:    0.41
      Required ratio:    0.00 (Cumulative area) 

    Via: L1M1_PR
      Partial area ratio:    0.23
      Required ratio:    3.00 (Gate area) 
      Cumulative area ratio:    0.23
      Required ratio:    0.00 (Cumulative area) 


Net: _3356_
  Pin: _7079_/A (sky130_fd_sc_hd__buf_2)
    Layer: met3
      Partial area ratio:  623.74
      Required ratio:    0.00 (Gate area) 
      Partial area ratio: 3329.61
      Required ratio: 3130.28 (Side area) (VIOLATED)
      Cumulative area ratio:  627.46
      Required ratio:    0.00 (Cumulative area) 
      Cumulative area ratio: 3350.08
      Required ratio:    0.00 (Cumulative side area) 

    Layer: met2
      Partial area ratio:    2.79
      Required ratio:    0.00 (Gate area) 
      Partial area ratio:   15.19
      Required ratio: 2773.88 (Side area) 
      Cumulative area ratio:    3.72
      Required ratio:    0.00 (Cumulative area) 
      Cumulative area ratio:   20.47
      Required ratio:    0.00 (Cumulative side area) 

    Layer: met1
      Partial area ratio:    0.93
      Required ratio:    0.00 (Gate area) 
      Partial area ratio:    5.28
      Required ratio:  400.00 (Side area) 
      Cumulative area ratio:    0.93
      Required ratio:    0.00 (Cumulative area) 
      Cumulative area ratio:    5.28
      Required ratio:    0.00 (Cumulative side area) 

    Layer: li1
      Partial area ratio:    0.00
      Required ratio:    0.00 (Gate area) 
      Partial area ratio:    0.00
      Required ratio:   75.00 (Side area) 
      Cumulative area ratio:    0.00
      Required ratio:    0.00 (Cumulative area) 
      Cumulative area ratio:    0.00
      Required ratio:    0.00 (Cumulative side area) 

    Via: M2M3_PR
      Partial area ratio:    0.25
      Required ratio:    6.00 (Gate area) 
      Cumulative area ratio:    0.57
      Required ratio:    0.00 (Cumulative area) 

    Via: M1M2_PR
      Partial area ratio:    0.14
      Required ratio:    6.00 (Gate area) 
      Cumulative area ratio:    0.32
      Required ratio:    0.00 (Cumulative area) 

    Via: L1M1_PR
      Partial area ratio:    0.18
      Required ratio:    3.00 (Gate area) 
      Cumulative area ratio:    0.18
      Required ratio:    0.00 (Cumulative area) 


Net: net218
  Pin: _4885_/A (sky130_fd_sc_hd__and2_1)
    Layer: met2
      Partial area ratio:   10.16
      Required ratio:    0.00 (Gate area) 
      Partial area ratio:   52.34
      Required ratio: 3473.72 (Side area) 
      Cumulative area ratio:  215.47
      Required ratio:    0.00 (Cumulative area) 
      Cumulative area ratio: 1085.26
      Required ratio:    0.00 (Cumulative side area) 

    Layer: met1
      Partial area ratio:  170.71
      Required ratio:    0.00 (Gate area) 
      Partial area ratio:  857.44
      Required ratio:  400.00 (Side area) (VIOLATED)
      Cumulative area ratio:  170.71
      Required ratio:    0.00 (Cumulative area) 
      Cumulative area ratio:  857.44
      Required ratio:    0.00 (Cumulative side area) 

    Layer: li1
      Partial area ratio:    0.00
      Required ratio:    0.00 (Gate area) 
      Partial area ratio:    0.00
      Required ratio:   75.00 (Side area) 
      Cumulative area ratio:    0.00
      Required ratio:    0.00 (Cumulative area) 
      Cumulative area ratio:    0.00
      Required ratio:    0.00 (Cumulative side area) 

    Via: M1M2_PR
      Partial area ratio:    0.36
      Required ratio:    6.00 (Gate area) 
      Cumulative area ratio:    0.59
      Required ratio:    0.00 (Cumulative area) 

    Via: L1M1_PR
      Partial area ratio:    0.23
      Required ratio:    3.00 (Gate area) 
      Cumulative area ratio:    0.23
      Required ratio:    0.00 (Cumulative area) 

  Pin: _5120_/A (sky130_fd_sc_hd__nand2_1)
    Layer: met2
      Partial area ratio:   10.16
      Required ratio:    0.00 (Gate area) 
      Partial area ratio:   52.34
      Required ratio: 3473.72 (Side area) 
      Cumulative area ratio:  217.11
      Required ratio:    0.00 (Cumulative area) 
      Cumulative area ratio: 1093.86
      Required ratio:    0.00 (Cumulative side area) 

    Layer: met1
      Partial area ratio:    1.64
      Required ratio:    0.00 (Gate area) 
      Partial area ratio:    8.60
      Required ratio:  400.00 (Side area) 
      Cumulative area ratio:    1.64
      Required ratio:    0.00 (Cumulative area) 
      Cumulative area ratio:    8.60
      Required ratio:    0.00 (Cumulative side area) 

    Layer: li1
      Partial area ratio:    0.00
      Required ratio:    0.00 (Gate area) 
      Partial area ratio:    0.00
      Required ratio:   75.00 (Side area) 
      Cumulative area ratio:    0.00
      Required ratio:    0.00 (Cumulative area) 
      Cumulative area ratio:    0.00
      Required ratio:    0.00 (Cumulative side area) 

    Via: M1M2_PR
      Partial area ratio:    0.09
      Required ratio:    6.00 (Gate area) 
      Cumulative area ratio:    0.21
      Required ratio:    0.00 (Cumulative area) 

    Via: L1M1_PR
      Partial area ratio:    0.12
      Required ratio:    3.00 (Gate area) 
      Cumulative area ratio:    0.12
      Required ratio:    0.00 (Cumulative area) 

  Pin: _4556_/A (sky130_fd_sc_hd__buf_2)
    Layer: met2
      Partial area ratio:   10.16
      Required ratio:    0.00 (Gate area) 
      Partial area ratio:   52.34
      Required ratio: 3473.72 (Side area) 
      Cumulative area ratio:   44.76
      Required ratio:    0.00 (Cumulative area) 
      Cumulative area ratio:  227.82
      Required ratio:    0.00 (Cumulative side area) 

    Layer: met1
      Partial area ratio:   34.60
      Required ratio:    0.00 (Gate area) 
      Partial area ratio:  175.48
      Required ratio: 2773.88 (Side area) 
      Cumulative area ratio:   34.60
      Required ratio:    0.00 (Cumulative area) 
      Cumulative area ratio:  175.48
      Required ratio:    0.00 (Cumulative side area) 

    Layer: li1
      Partial area ratio:    0.00
      Required ratio:    0.00 (Gate area) 
      Partial area ratio:    0.00
      Required ratio:   75.00 (Side area) 
      Cumulative area ratio:    0.00
      Required ratio:    0.00 (Cumulative area) 
      Cumulative area ratio:    0.00
      Required ratio:    0.00 (Cumulative side area) 

    Via: M1M2_PR
      Partial area ratio:    0.28
      Required ratio:    6.00 (Gate area) 
      Cumulative area ratio:    0.46
      Required ratio:    0.00 (Cumulative area) 

    Via: L1M1_PR
      Partial area ratio:    0.18
      Required ratio:    3.00 (Gate area) 
      Cumulative area ratio:    0.18
      Required ratio:    0.00 (Cumulative area) 

  Pin: output218/A (sky130_fd_sc_hd__buf_2)
    Layer: met2
      Partial area ratio:   10.16
      Required ratio:    0.00 (Gate area) 
      Partial area ratio:   52.34
      Required ratio: 3473.72 (Side area) 
      Cumulative area ratio:   15.88
      Required ratio:    0.00 (Cumulative area) 
      Cumulative area ratio:   82.80
      Required ratio:    0.00 (Cumulative side area) 

    Layer: met1
      Partial area ratio:    5.72
      Required ratio:    0.00 (Gate area) 
      Partial area ratio:   30.47
      Required ratio: 2773.88 (Side area) 
      Cumulative area ratio:    5.72
      Required ratio:    0.00 (Cumulative area) 
      Cumulative area ratio:   30.47
      Required ratio:    0.00 (Cumulative side area) 

    Layer: li1
      Partial area ratio:    0.00
      Required ratio:    0.00 (Gate area) 
      Partial area ratio:    0.00
      Required ratio:   75.00 (Side area) 
      Cumulative area ratio:    0.00
      Required ratio:    0.00 (Cumulative area) 
      Cumulative area ratio:    0.00
      Required ratio:    0.00 (Cumulative side area) 

    Via: M1M2_PR
      Partial area ratio:    0.14
      Required ratio:    6.00 (Gate area) 
      Cumulative area ratio:    0.32
      Required ratio:    0.00 (Cumulative area) 

    Via: L1M1_PR
      Partial area ratio:    0.18
      Required ratio:    3.00 (Gate area) 
      Cumulative area ratio:    0.18
      Required ratio:    0.00 (Cumulative area) 


Net: net243
  Pin: _6679_/A (sky130_fd_sc_hd__nand2_1)
    Layer: met2
      Partial area ratio:    4.73
      Required ratio:    0.00 (Gate area) 
      Partial area ratio:   24.59
      Required ratio: 3651.92 (Side area) 
      Cumulative area ratio:    6.64
      Required ratio:    0.00 (Cumulative area) 
      Cumulative area ratio:   34.94
      Required ratio:    0.00 (Cumulative side area) 

    Layer: met1
      Partial area ratio:    1.91
      Required ratio:    0.00 (Gate area) 
      Partial area ratio:   10.35
      Required ratio:  400.00 (Side area) 
      Cumulative area ratio:    1.91
      Required ratio:    0.00 (Cumulative area) 
      Cumulative area ratio:   10.35
      Required ratio:    0.00 (Cumulative side area) 

    Layer: li1
      Partial area ratio:    0.00
      Required ratio:    0.00 (Gate area) 
      Partial area ratio:    0.00
      Required ratio:   75.00 (Side area) 
      Cumulative area ratio:    0.00
      Required ratio:    0.00 (Cumulative area) 
      Cumulative area ratio:    0.00
      Required ratio:    0.00 (Cumulative side area) 

    Via: M1M2_PR
      Partial area ratio:    0.09
      Required ratio:    6.00 (Gate area) 
      Cumulative area ratio:    0.21
      Required ratio:    0.00 (Cumulative area) 

    Via: L1M1_PR
      Partial area ratio:    0.12
      Required ratio:    3.00 (Gate area) 
      Cumulative area ratio:    0.12
      Required ratio:    0.00 (Cumulative area) 

  Pin: _5109_/A1 (sky130_fd_sc_hd__mux2_8)
    Layer: met2
      Partial area ratio:    4.73
      Required ratio:    0.00 (Gate area) 
      Partial area ratio:   24.59
      Required ratio: 3651.92 (Side area) 
      Cumulative area ratio:    5.03
      Required ratio:    0.00 (Cumulative area) 
      Cumulative area ratio:   26.30
      Required ratio:    0.00 (Cumulative side area) 

    Layer: met1
      Partial area ratio:    0.30
      Required ratio:    0.00 (Gate area) 
      Partial area ratio:    1.71
      Required ratio:  400.00 (Side area) 
      Cumulative area ratio:    0.30
      Required ratio:    0.00 (Cumulative area) 
      Cumulative area ratio:    1.71
      Required ratio:    0.00 (Cumulative side area) 

    Via: M1M2_PR
      Partial area ratio:    0.05
      Required ratio:    6.00 (Gate area) 
      Cumulative area ratio:    0.05
      Required ratio:    0.00 (Cumulative area) 

  Pin: _5403_/A (sky130_fd_sc_hd__nand2_1)
    Layer: met2
      Partial area ratio:    4.73
      Required ratio:    0.00 (Gate area) 
      Partial area ratio:   24.59
      Required ratio: 3651.92 (Side area) 
      Cumulative area ratio:    6.37
      Required ratio:    0.00 (Cumulative area) 
      Cumulative area ratio:   33.19
      Required ratio:    0.00 (Cumulative side area) 

    Layer: met1
      Partial area ratio:    1.64
      Required ratio:    0.00 (Gate area) 
      Partial area ratio:    8.60
      Required ratio:  400.00 (Side area) 
      Cumulative area ratio:    1.64
      Required ratio:    0.00 (Cumulative area) 
      Cumulative area ratio:    8.60
      Required ratio:    0.00 (Cumulative side area) 

    Layer: li1
      Partial area ratio:    0.00
      Required ratio:    0.00 (Gate area) 
      Partial area ratio:    0.00
      Required ratio:   75.00 (Side area) 
      Cumulative area ratio:    0.00
      Required ratio:    0.00 (Cumulative area) 
      Cumulative area ratio:    0.00
      Required ratio:    0.00 (Cumulative side area) 

    Via: M1M2_PR
      Partial area ratio:    0.09
      Required ratio:    6.00 (Gate area) 
      Cumulative area ratio:    0.21
      Required ratio:    0.00 (Cumulative area) 

    Via: L1M1_PR
      Partial area ratio:    0.12
      Required ratio:    3.00 (Gate area) 
      Cumulative area ratio:    0.12
      Required ratio:    0.00 (Cumulative area) 

  Pin: output243/A (sky130_fd_sc_hd__buf_2)
    Layer: met2
      Partial area ratio:    4.73
      Required ratio:    0.00 (Gate area) 
      Partial area ratio:   24.59
      Required ratio: 3651.92 (Side area) 
      Cumulative area ratio:  147.62
      Required ratio:    0.00 (Cumulative area) 
      Cumulative area ratio:  745.81
      Required ratio:    0.00 (Cumulative side area) 

    Layer: met1
      Partial area ratio:  142.89
      Required ratio:    0.00 (Gate area) 
      Partial area ratio:  721.22
      Required ratio:  400.00 (Side area) (VIOLATED)
      Cumulative area ratio:  142.89
      Required ratio:    0.00 (Cumulative area) 
      Cumulative area ratio:  721.22
      Required ratio:    0.00 (Cumulative side area) 

    Layer: li1
      Partial area ratio:    0.00
      Required ratio:    0.00 (Gate area) 
      Partial area ratio:    0.00
      Required ratio:   75.00 (Side area) 
      Cumulative area ratio:    0.00
      Required ratio:    0.00 (Cumulative area) 
      Cumulative area ratio:    0.00
      Required ratio:    0.00 (Cumulative side area) 

    Via: M1M2_PR
      Partial area ratio:    0.28
      Required ratio:    6.00 (Gate area) 
      Cumulative area ratio:    0.46
      Required ratio:    0.00 (Cumulative area) 

    Via: L1M1_PR
      Partial area ratio:    0.18
      Required ratio:    3.00 (Gate area) 
      Cumulative area ratio:    0.18
      Required ratio:    0.00 (Cumulative area) 


[INFO ANT-0002] Found 6 net violations.
[INFO ANT-0001] Found 6 pin violations.
