OpenROAD 7f00621cb612fd94e15b35790afe744c89d433a7 
This program is licensed under the BSD-3 license. See the LICENSE file for details.
Components of this program may be licensed under more restrictive licenses which must be honored.
Placement Analysis
---------------------------------
total displacement      20407.0 u
average displacement        1.5 u
max displacement           27.1 u
original HPWL          235142.8 u
legalized HPWL         242359.8 u
delta HPWL                    3 %

[INFO DPL-0020] Mirrored 3117 instances
[INFO DPL-0021] HPWL before          242359.8 u
[INFO DPL-0022] HPWL after           238471.7 u
[INFO DPL-0023] HPWL delta               -1.6 %
Setting global connections for newly added cells...
Writing OpenROAD database to /home/piotro/caravel_user_project/openlane/core/runs/22_12_26_19_24/tmp/routing/diodes.odb...
Writing netlist to /home/piotro/caravel_user_project/openlane/core/runs/22_12_26_19_24/tmp/routing/diodes.nl.v...
Writing powered netlist to /home/piotro/caravel_user_project/openlane/core/runs/22_12_26_19_24/tmp/routing/diodes.pnl.v...
Writing layout to /home/piotro/caravel_user_project/openlane/core/runs/22_12_26_19_24/tmp/routing/diodes.def...
