First Layout: /home/piotro/caravel_user_project/openlane/core/runs/22_12_26_19_07/results/signoff/core.gds
Second Layout: /home/piotro/caravel_user_project/openlane/core/runs/22_12_26_19_07/results/signoff/core.klayout.gds
Design Name: core
Output GDS will be: /home/piotro/caravel_user_project/openlane/core/runs/22_12_26_19_07/reports/signoff/core.xor.xml
Reading /home/piotro/caravel_user_project/openlane/core/runs/22_12_26_19_07/results/signoff/core.gds ..
Reading /home/piotro/caravel_user_project/openlane/core/runs/22_12_26_19_07/results/signoff/core.klayout.gds ..
--- Running XOR for 10/0 ---
"input" in: xor.drc:38
    Polygons (raw): 0 (flat)  0 (hierarchical)
    Elapsed: 0.010s  Memory: 416.00M
"input" in: xor.drc:38
    Polygons (raw): 2567 (flat)  5 (hierarchical)
    Elapsed: 0.000s  Memory: 416.00M
"^" in: xor.drc:38
    Polygons (raw): 2567 (flat)  5 (hierarchical)
    Elapsed: 0.000s  Memory: 416.00M
XOR differences: 2567
"output" in: xor.drc:40
    Polygons (raw): 2567 (flat)  5 (hierarchical)
    Elapsed: 0.020s  Memory: 416.00M
--- Running XOR for 11/0 ---
"input" in: xor.drc:38
    Polygons (raw): 0 (flat)  0 (hierarchical)
    Elapsed: 0.000s  Memory: 416.00M
"input" in: xor.drc:38
    Polygons (raw): 785 (flat)  68 (hierarchical)
    Elapsed: 0.000s  Memory: 416.00M
"^" in: xor.drc:38
    Polygons (raw): 785 (flat)  68 (hierarchical)
    Elapsed: 0.000s  Memory: 416.00M
XOR differences: 785
"output" in: xor.drc:40
    Polygons (raw): 785 (flat)  68 (hierarchical)
    Elapsed: 0.020s  Memory: 416.00M
--- Running XOR for 11/1 ---
"input" in: xor.drc:38
    Polygons (raw): 0 (flat)  0 (hierarchical)
    Elapsed: 0.000s  Memory: 416.00M
"input" in: xor.drc:38
    Polygons (raw): 0 (flat)  0 (hierarchical)
    Elapsed: 0.000s  Memory: 416.00M
"^" in: xor.drc:38
    Polygons (raw): 0 (flat)  0 (hierarchical)
    Elapsed: 0.010s  Memory: 416.00M
XOR differences: 0
"output" in: xor.drc:40
    Polygons (raw): 0 (flat)  0 (hierarchical)
    Elapsed: 0.020s  Memory: 416.00M
--- Running XOR for 11/2 ---
"input" in: xor.drc:38
    Polygons (raw): 0 (flat)  0 (hierarchical)
    Elapsed: 0.000s  Memory: 416.00M
"input" in: xor.drc:38
    Polygons (raw): 7 (flat)  7 (hierarchical)
    Elapsed: 0.010s  Memory: 416.00M
"^" in: xor.drc:38
    Polygons (raw): 7 (flat)  7 (hierarchical)
    Elapsed: 0.010s  Memory: 416.00M
XOR differences: 7
"output" in: xor.drc:40
    Polygons (raw): 7 (flat)  7 (hierarchical)
    Elapsed: 0.020s  Memory: 416.00M
--- Running XOR for 122/16 ---
"input" in: xor.drc:38
    Polygons (raw): 33110 (flat)  177 (hierarchical)
    Elapsed: 0.010s  Memory: 416.00M
"input" in: xor.drc:38
    Polygons (raw): 33110 (flat)  177 (hierarchical)
    Elapsed: 0.010s  Memory: 416.00M
"^" in: xor.drc:38
    Polygons (raw): 0 (flat)  0 (hierarchical)
    Elapsed: 0.460s  Memory: 416.00M
XOR differences: 0
"output" in: xor.drc:40
    Polygons (raw): 0 (flat)  0 (hierarchical)
    Elapsed: 0.000s  Memory: 416.00M
--- Running XOR for 14/0 ---
"input" in: xor.drc:38
    Polygons (raw): 0 (flat)  0 (hierarchical)
    Elapsed: 0.010s  Memory: 416.00M
"input" in: xor.drc:38
    Polygons (raw): 1 (flat)  1 (hierarchical)
    Elapsed: 0.000s  Memory: 416.00M
"^" in: xor.drc:38
    Polygons (raw): 1 (flat)  1 (hierarchical)
    Elapsed: 0.010s  Memory: 416.00M
XOR differences: 1
"output" in: xor.drc:40
    Polygons (raw): 1 (flat)  1 (hierarchical)
    Elapsed: 0.020s  Memory: 416.00M
--- Running XOR for 235/4 ---
"input" in: xor.drc:38
    Polygons (raw): 1 (flat)  1 (hierarchical)
    Elapsed: 0.000s  Memory: 416.00M
"input" in: xor.drc:38
    Polygons (raw): 0 (flat)  0 (hierarchical)
    Elapsed: 0.000s  Memory: 416.00M
"^" in: xor.drc:38
    Polygons (raw): 1 (flat)  1 (hierarchical)
    Elapsed: 0.000s  Memory: 416.00M
XOR differences: 1
"output" in: xor.drc:40
    Polygons (raw): 1 (flat)  1 (hierarchical)
    Elapsed: 0.010s  Memory: 416.00M
--- Running XOR for 236/0 ---
"input" in: xor.drc:38
    Polygons (raw): 26735 (flat)  169 (hierarchical)
    Elapsed: 0.010s  Memory: 416.00M
"input" in: xor.drc:38
    Polygons (raw): 26735 (flat)  169 (hierarchical)
    Elapsed: 0.000s  Memory: 416.00M
"^" in: xor.drc:38
    Polygons (raw): 0 (flat)  0 (hierarchical)
    Elapsed: 0.380s  Memory: 416.00M
XOR differences: 0
"output" in: xor.drc:40
    Polygons (raw): 0 (flat)  0 (hierarchical)
    Elapsed: 0.010s  Memory: 416.00M
--- Running XOR for 3/0 ---
"input" in: xor.drc:38
    Polygons (raw): 0 (flat)  0 (hierarchical)
    Elapsed: 0.000s  Memory: 416.00M
"input" in: xor.drc:38
    Polygons (raw): 21765 (flat)  1 (hierarchical)
    Elapsed: 0.010s  Memory: 416.00M
"^" in: xor.drc:38
    Polygons (raw): 21765 (flat)  1 (hierarchical)
    Elapsed: 0.010s  Memory: 416.00M
XOR differences: 21765
"output" in: xor.drc:40
    Polygons (raw): 21765 (flat)  1 (hierarchical)
    Elapsed: 0.020s  Memory: 416.00M
--- Running XOR for 4/0 ---
"input" in: xor.drc:38
    Polygons (raw): 0 (flat)  0 (hierarchical)
    Elapsed: 0.000s  Memory: 416.00M
"input" in: xor.drc:38
    Polygons (raw): 21765 (flat)  1 (hierarchical)
    Elapsed: 0.010s  Memory: 416.00M
"^" in: xor.drc:38
    Polygons (raw): 21765 (flat)  1 (hierarchical)
    Elapsed: 0.010s  Memory: 416.00M
XOR differences: 21765
"output" in: xor.drc:40
    Polygons (raw): 21765 (flat)  1 (hierarchical)
    Elapsed: 0.020s  Memory: 416.00M
--- Running XOR for 5/0 ---
"input" in: xor.drc:38
    Polygons (raw): 0 (flat)  0 (hierarchical)
    Elapsed: 0.010s  Memory: 416.00M
"input" in: xor.drc:38
    Polygons (raw): 83787 (flat)  36790 (hierarchical)
    Elapsed: 0.000s  Memory: 416.00M
"^" in: xor.drc:38
    Polygons (raw): 83787 (flat)  36790 (hierarchical)
    Elapsed: 0.000s  Memory: 416.00M
XOR differences: 83787
"output" in: xor.drc:40
    Polygons (raw): 83787 (flat)  36790 (hierarchical)
    Elapsed: 0.050s  Memory: 430.00M
--- Running XOR for 6/0 ---
"input" in: xor.drc:38
    Polygons (raw): 0 (flat)  0 (hierarchical)
    Elapsed: 0.000s  Memory: 430.00M
"input" in: xor.drc:38
    Polygons (raw): 27700 (flat)  7 (hierarchical)
    Elapsed: 0.010s  Memory: 430.00M
"^" in: xor.drc:38
    Polygons (raw): 27700 (flat)  7 (hierarchical)
    Elapsed: 0.010s  Memory: 430.00M
XOR differences: 27700
"output" in: xor.drc:40
    Polygons (raw): 27700 (flat)  7 (hierarchical)
    Elapsed: 0.020s  Memory: 430.00M
--- Running XOR for 64/16 ---
"input" in: xor.drc:38
    Polygons (raw): 33095 (flat)  175 (hierarchical)
    Elapsed: 0.010s  Memory: 430.00M
"input" in: xor.drc:38
    Polygons (raw): 33095 (flat)  175 (hierarchical)
    Elapsed: 0.000s  Memory: 430.00M
"^" in: xor.drc:38
    Polygons (raw): 0 (flat)  0 (hierarchical)
    Elapsed: 0.440s  Memory: 439.00M
XOR differences: 0
"output" in: xor.drc:40
    Polygons (raw): 0 (flat)  0 (hierarchical)
    Elapsed: 0.010s  Memory: 439.00M
--- Running XOR for 64/20 ---
"input" in: xor.drc:38
    Polygons (raw): 35773 (flat)  172 (hierarchical)
    Elapsed: 0.000s  Memory: 439.00M
"input" in: xor.drc:38
    Polygons (raw): 35773 (flat)  172 (hierarchical)
    Elapsed: 0.010s  Memory: 439.00M
"^" in: xor.drc:38
    Polygons (raw): 0 (flat)  0 (hierarchical)
    Elapsed: 0.580s  Memory: 454.00M
XOR differences: 0
"output" in: xor.drc:40
    Polygons (raw): 0 (flat)  0 (hierarchical)
    Elapsed: 0.000s  Memory: 454.00M
--- Running XOR for 64/5 ---
"input" in: xor.drc:38
    Polygons (raw): 0 (flat)  0 (hierarchical)
    Elapsed: 0.010s  Memory: 454.00M
"input" in: xor.drc:38
    Polygons (raw): 0 (flat)  0 (hierarchical)
    Elapsed: 0.010s  Memory: 454.00M
"^" in: xor.drc:38
    Polygons (raw): 0 (flat)  0 (hierarchical)
    Elapsed: 0.150s  Memory: 454.00M
XOR differences: 0
"output" in: xor.drc:40
    Polygons (raw): 0 (flat)  0 (hierarchical)
    Elapsed: 0.010s  Memory: 454.00M
--- Running XOR for 64/59 ---
"input" in: xor.drc:38
    Polygons (raw): 0 (flat)  0 (hierarchical)
    Elapsed: 0.000s  Memory: 454.00M
"input" in: xor.drc:38
    Polygons (raw): 0 (flat)  0 (hierarchical)
    Elapsed: 0.010s  Memory: 454.00M
"^" in: xor.drc:38
    Polygons (raw): 0 (flat)  0 (hierarchical)
    Elapsed: 0.160s  Memory: 454.00M
XOR differences: 0
"output" in: xor.drc:40
    Polygons (raw): 0 (flat)  0 (hierarchical)
    Elapsed: 0.000s  Memory: 454.00M
--- Running XOR for 65/20 ---
"input" in: xor.drc:38
    Polygons (raw): 53522 (flat)  496 (hierarchical)
    Elapsed: 0.000s  Memory: 454.00M
"input" in: xor.drc:38
    Polygons (raw): 53522 (flat)  496 (hierarchical)
    Elapsed: 0.000s  Memory: 454.00M
"^" in: xor.drc:38
    Polygons (raw): 0 (flat)  0 (hierarchical)
    Elapsed: 0.620s  Memory: 468.00M
XOR differences: 0
"output" in: xor.drc:40
    Polygons (raw): 0 (flat)  0 (hierarchical)
    Elapsed: 0.000s  Memory: 468.00M
--- Running XOR for 65/44 ---
"input" in: xor.drc:38
    Polygons (raw): 6548 (flat)  2 (hierarchical)
    Elapsed: 0.010s  Memory: 468.00M
"input" in: xor.drc:38
    Polygons (raw): 6548 (flat)  2 (hierarchical)
    Elapsed: 0.000s  Memory: 468.00M
"^" in: xor.drc:38
    Polygons (raw): 0 (flat)  0 (hierarchical)
    Elapsed: 0.110s  Memory: 468.00M
XOR differences: 0
"output" in: xor.drc:40
    Polygons (raw): 0 (flat)  0 (hierarchical)
    Elapsed: 0.000s  Memory: 468.00M
--- Running XOR for 66/15 ---
"input" in: xor.drc:38
    Polygons (raw): 2 (flat)  2 (hierarchical)
    Elapsed: 0.010s  Memory: 468.00M
"input" in: xor.drc:38
    Polygons (raw): 2 (flat)  2 (hierarchical)
    Elapsed: 0.000s  Memory: 468.00M
"^" in: xor.drc:38
    Polygons (raw): 0 (flat)  0 (hierarchical)
    Elapsed: 0.020s  Memory: 468.00M
XOR differences: 0
"output" in: xor.drc:40
    Polygons (raw): 0 (flat)  0 (hierarchical)
    Elapsed: 0.010s  Memory: 468.00M
--- Running XOR for 66/20 ---
"input" in: xor.drc:38
    Polygons (raw): 59201 (flat)  853 (hierarchical)
    Elapsed: 0.000s  Memory: 468.00M
"input" in: xor.drc:38
    Polygons (raw): 59201 (flat)  853 (hierarchical)
    Elapsed: 0.000s  Memory: 468.00M
"^" in: xor.drc:38
    Polygons (raw): 0 (flat)  0 (hierarchical)
    Elapsed: 1.180s  Memory: 468.00M
XOR differences: 0
"output" in: xor.drc:40
    Polygons (raw): 0 (flat)  0 (hierarchical)
    Elapsed: 0.000s  Memory: 468.00M
--- Running XOR for 66/44 ---
"input" in: xor.drc:38
    Polygons (raw): 286771 (flat)  5549 (hierarchical)
    Elapsed: 0.010s  Memory: 468.00M
"input" in: xor.drc:38
    Polygons (raw): 286771 (flat)  5549 (hierarchical)
    Elapsed: 0.010s  Memory: 468.00M
"^" in: xor.drc:38
    Polygons (raw): 0 (flat)  0 (hierarchical)
    Elapsed: 2.460s  Memory: 468.00M
XOR differences: 0
"output" in: xor.drc:40
    Polygons (raw): 0 (flat)  0 (hierarchical)
    Elapsed: 0.010s  Memory: 468.00M
--- Running XOR for 67/16 ---
"input" in: xor.drc:38
    Polygons (raw): 89213 (flat)  1413 (hierarchical)
    Elapsed: 0.000s  Memory: 468.00M
"input" in: xor.drc:38
    Polygons (raw): 89213 (flat)  1413 (hierarchical)
    Elapsed: 0.010s  Memory: 468.00M
"^" in: xor.drc:38
    Polygons (raw): 0 (flat)  0 (hierarchical)
    Elapsed: 0.650s  Memory: 475.00M
XOR differences: 0
"output" in: xor.drc:40
    Polygons (raw): 0 (flat)  0 (hierarchical)
    Elapsed: 0.000s  Memory: 475.00M
--- Running XOR for 67/20 ---
"input" in: xor.drc:38
    Polygons (raw): 160137 (flat)  23235 (hierarchical)
    Elapsed: 0.000s  Memory: 475.00M
"input" in: xor.drc:38
    Polygons (raw): 138372 (flat)  1470 (hierarchical)
    Elapsed: 0.000s  Memory: 475.00M
"^" in: xor.drc:38
    Polygons (raw): 1253 (flat)  1253 (hierarchical)
    Elapsed: 2.850s  Memory: 495.00M
XOR differences: 1253
"output" in: xor.drc:40
    Polygons (raw): 1253 (flat)  1253 (hierarchical)
    Elapsed: 0.000s  Memory: 495.00M
--- Running XOR for 67/44 ---
"input" in: xor.drc:38
    Polygons (raw): 396772 (flat)  25031 (hierarchical)
    Elapsed: 0.020s  Memory: 495.00M
"input" in: xor.drc:38
    Polygons (raw): 375007 (flat)  3266 (hierarchical)
    Elapsed: 0.000s  Memory: 495.00M
"^" in: xor.drc:38
    Polygons (raw): 21765 (flat)  21765 (hierarchical)
    Elapsed: 2.700s  Memory: 495.00M
XOR differences: 21765
"output" in: xor.drc:40
    Polygons (raw): 21765 (flat)  21765 (hierarchical)
    Elapsed: 0.040s  Memory: 495.00M
--- Running XOR for 67/5 ---
"input" in: xor.drc:38
    Polygons (raw): 0 (flat)  0 (hierarchical)
    Elapsed: 0.010s  Memory: 495.00M
"input" in: xor.drc:38
    Polygons (raw): 0 (flat)  0 (hierarchical)
    Elapsed: 0.000s  Memory: 495.00M
"^" in: xor.drc:38
    Polygons (raw): 0 (flat)  0 (hierarchical)
    Elapsed: 0.100s  Memory: 495.00M
XOR differences: 0
"output" in: xor.drc:40
    Polygons (raw): 0 (flat)  0 (hierarchical)
    Elapsed: 0.010s  Memory: 495.00M
--- Running XOR for 68/16 ---
"input" in: xor.drc:38
    Polygons (raw): 71644 (flat)  351 (hierarchical)
    Elapsed: 0.000s  Memory: 495.00M
"input" in: xor.drc:38
    Polygons (raw): 71644 (flat)  351 (hierarchical)
    Elapsed: 0.000s  Memory: 495.00M
"^" in: xor.drc:38
    Polygons (raw): 0 (flat)  0 (hierarchical)
    Elapsed: 0.760s  Memory: 495.00M
XOR differences: 0
"output" in: xor.drc:40
    Polygons (raw): 0 (flat)  0 (hierarchical)
    Elapsed: 0.000s  Memory: 495.00M
--- Running XOR for 68/20 ---
"input" in: xor.drc:38
    Polygons (raw): 180142 (flat)  107825 (hierarchical)
    Elapsed: 0.000s  Memory: 495.00M
"input" in: xor.drc:38
    Polygons (raw): 72686 (flat)  369 (hierarchical)
    Elapsed: 0.000s  Memory: 495.00M
"^" in: xor.drc:38
    Polygons (raw): 19585 (flat)  19585 (hierarchical)
    Elapsed: 1.400s  Memory: 540.00M
XOR differences: 19585
"output" in: xor.drc:40
    Polygons (raw): 19585 (flat)  19585 (hierarchical)
    Elapsed: 0.050s  Memory: 540.00M
--- Running XOR for 68/44 ---
"input" in: xor.drc:38
    Polygons (raw): 27700 (flat)  27700 (hierarchical)
    Elapsed: 0.000s  Memory: 540.00M
"input" in: xor.drc:38
    Polygons (raw): 0 (flat)  0 (hierarchical)
    Elapsed: 0.000s  Memory: 540.00M
"^" in: xor.drc:38
    Polygons (raw): 27700 (flat)  27700 (hierarchical)
    Elapsed: 0.010s  Memory: 540.00M
XOR differences: 27700
"output" in: xor.drc:40
    Polygons (raw): 27700 (flat)  27700 (hierarchical)
    Elapsed: 0.050s  Memory: 540.00M
--- Running XOR for 68/5 ---
"input" in: xor.drc:38
    Polygons (raw): 0 (flat)  0 (hierarchical)
    Elapsed: 0.000s  Memory: 540.00M
"input" in: xor.drc:38
    Polygons (raw): 0 (flat)  0 (hierarchical)
    Elapsed: 0.000s  Memory: 540.00M
"^" in: xor.drc:38
    Polygons (raw): 0 (flat)  0 (hierarchical)
    Elapsed: 0.170s  Memory: 540.00M
XOR differences: 0
"output" in: xor.drc:40
    Polygons (raw): 0 (flat)  0 (hierarchical)
    Elapsed: 0.000s  Memory: 540.00M
--- Running XOR for 69/16 ---
"input" in: xor.drc:38
    Polygons (raw): 0 (flat)  0 (hierarchical)
    Elapsed: 0.010s  Memory: 540.00M
"input" in: xor.drc:38
    Polygons (raw): 0 (flat)  0 (hierarchical)
    Elapsed: 0.000s  Memory: 540.00M
"^" in: xor.drc:38
    Polygons (raw): 0 (flat)  0 (hierarchical)
    Elapsed: 0.010s  Memory: 540.00M
XOR differences: 0
"output" in: xor.drc:40
    Polygons (raw): 0 (flat)  0 (hierarchical)
    Elapsed: 0.010s  Memory: 540.00M
--- Running XOR for 69/20 ---
"input" in: xor.drc:38
    Polygons (raw): 44139 (flat)  44139 (hierarchical)
    Elapsed: 0.000s  Memory: 540.00M
"input" in: xor.drc:38
    Polygons (raw): 0 (flat)  0 (hierarchical)
    Elapsed: 0.000s  Memory: 540.00M
"^" in: xor.drc:38
    Polygons (raw): 44139 (flat)  44139 (hierarchical)
    Elapsed: 0.000s  Memory: 540.00M
XOR differences: 44139
"output" in: xor.drc:40
    Polygons (raw): 44139 (flat)  44139 (hierarchical)
    Elapsed: 0.060s  Memory: 540.00M
--- Running XOR for 69/44 ---
"input" in: xor.drc:38
    Polygons (raw): 3367 (flat)  3367 (hierarchical)
    Elapsed: 0.010s  Memory: 540.00M
"input" in: xor.drc:38
    Polygons (raw): 0 (flat)  0 (hierarchical)
    Elapsed: 0.000s  Memory: 540.00M
"^" in: xor.drc:38
    Polygons (raw): 3367 (flat)  3367 (hierarchical)
    Elapsed: 0.000s  Memory: 540.00M
XOR differences: 3367
"output" in: xor.drc:40
    Polygons (raw): 3367 (flat)  3367 (hierarchical)
    Elapsed: 0.020s  Memory: 540.00M
--- Running XOR for 69/5 ---
"input" in: xor.drc:38
    Polygons (raw): 72 (flat)  72 (hierarchical)
    Elapsed: 0.000s  Memory: 540.00M
"input" in: xor.drc:38
    Polygons (raw): 0 (flat)  0 (hierarchical)
    Elapsed: 0.000s  Memory: 540.00M
"^" in: xor.drc:38
    Polygons (raw): 72 (flat)  72 (hierarchical)
    Elapsed: 0.000s  Memory: 540.00M
XOR differences: 72
"output" in: xor.drc:40
    Polygons (raw): 72 (flat)  72 (hierarchical)
    Elapsed: 0.010s  Memory: 540.00M
--- Running XOR for 7/0 ---
"input" in: xor.drc:38
    Polygons (raw): 0 (flat)  0 (hierarchical)
    Elapsed: 0.010s  Memory: 540.00M
"input" in: xor.drc:38
    Polygons (raw): 45246 (flat)  18496 (hierarchical)
    Elapsed: 0.010s  Memory: 540.00M
"^" in: xor.drc:38
    Polygons (raw): 45246 (flat)  18496 (hierarchical)
    Elapsed: 0.010s  Memory: 540.00M
XOR differences: 45246
"output" in: xor.drc:40
    Polygons (raw): 45246 (flat)  18496 (hierarchical)
    Elapsed: 0.030s  Memory: 540.00M
--- Running XOR for 7/1 ---
"input" in: xor.drc:38
    Polygons (raw): 0 (flat)  0 (hierarchical)
    Elapsed: 0.000s  Memory: 540.00M
"input" in: xor.drc:38
    Polygons (raw): 0 (flat)  0 (hierarchical)
    Elapsed: 0.010s  Memory: 540.00M
"^" in: xor.drc:38
    Polygons (raw): 0 (flat)  0 (hierarchical)
    Elapsed: 0.000s  Memory: 540.00M
XOR differences: 0
"output" in: xor.drc:40
    Polygons (raw): 0 (flat)  0 (hierarchical)
    Elapsed: 0.030s  Memory: 540.00M
--- Running XOR for 7/2 ---
"input" in: xor.drc:38
    Polygons (raw): 0 (flat)  0 (hierarchical)
    Elapsed: 0.000s  Memory: 540.00M
"input" in: xor.drc:38
    Polygons (raw): 72 (flat)  72 (hierarchical)
    Elapsed: 0.010s  Memory: 540.00M
"^" in: xor.drc:38
    Polygons (raw): 72 (flat)  72 (hierarchical)
    Elapsed: 0.010s  Memory: 540.00M
XOR differences: 72
"output" in: xor.drc:40
    Polygons (raw): 72 (flat)  72 (hierarchical)
    Elapsed: 0.030s  Memory: 540.00M
--- Running XOR for 70/16 ---
"input" in: xor.drc:38
    Polygons (raw): 0 (flat)  0 (hierarchical)
    Elapsed: 0.010s  Memory: 540.00M
"input" in: xor.drc:38
    Polygons (raw): 0 (flat)  0 (hierarchical)
    Elapsed: 0.000s  Memory: 540.00M
"^" in: xor.drc:38
    Polygons (raw): 0 (flat)  0 (hierarchical)
    Elapsed: 0.010s  Memory: 540.00M
XOR differences: 0
"output" in: xor.drc:40
    Polygons (raw): 0 (flat)  0 (hierarchical)
    Elapsed: 0.010s  Memory: 540.00M
--- Running XOR for 70/20 ---
"input" in: xor.drc:38
    Polygons (raw): 3580 (flat)  3580 (hierarchical)
    Elapsed: 0.000s  Memory: 540.00M
"input" in: xor.drc:38
    Polygons (raw): 0 (flat)  0 (hierarchical)
    Elapsed: 0.010s  Memory: 540.00M
"^" in: xor.drc:38
    Polygons (raw): 3580 (flat)  3580 (hierarchical)
    Elapsed: 0.000s  Memory: 540.00M
XOR differences: 3580
"output" in: xor.drc:40
    Polygons (raw): 3580 (flat)  3580 (hierarchical)
    Elapsed: 0.010s  Memory: 540.00M
--- Running XOR for 70/44 ---
"input" in: xor.drc:38
    Polygons (raw): 2567 (flat)  2567 (hierarchical)
    Elapsed: 0.000s  Memory: 540.00M
"input" in: xor.drc:38
    Polygons (raw): 0 (flat)  0 (hierarchical)
    Elapsed: 0.010s  Memory: 540.00M
"^" in: xor.drc:38
    Polygons (raw): 2567 (flat)  2567 (hierarchical)
    Elapsed: 0.000s  Memory: 540.00M
XOR differences: 2567
"output" in: xor.drc:40
    Polygons (raw): 2567 (flat)  2567 (hierarchical)
    Elapsed: 0.020s  Memory: 540.00M
--- Running XOR for 70/5 ---
"input" in: xor.drc:38
    Polygons (raw): 180 (flat)  180 (hierarchical)
    Elapsed: 0.000s  Memory: 540.00M
"input" in: xor.drc:38
    Polygons (raw): 0 (flat)  0 (hierarchical)
    Elapsed: 0.000s  Memory: 540.00M
"^" in: xor.drc:38
    Polygons (raw): 180 (flat)  180 (hierarchical)
    Elapsed: 0.010s  Memory: 540.00M
XOR differences: 180
"output" in: xor.drc:40
    Polygons (raw): 180 (flat)  180 (hierarchical)
    Elapsed: 0.020s  Memory: 540.00M
--- Running XOR for 71/20 ---
"input" in: xor.drc:38
    Polygons (raw): 169 (flat)  169 (hierarchical)
    Elapsed: 0.000s  Memory: 540.00M
"input" in: xor.drc:38
    Polygons (raw): 0 (flat)  0 (hierarchical)
    Elapsed: 0.000s  Memory: 540.00M
"^" in: xor.drc:38
    Polygons (raw): 169 (flat)  169 (hierarchical)
    Elapsed: 0.000s  Memory: 540.00M
XOR differences: 169
"output" in: xor.drc:40
    Polygons (raw): 169 (flat)  169 (hierarchical)
    Elapsed: 0.010s  Memory: 540.00M
--- Running XOR for 71/5 ---
"input" in: xor.drc:38
    Polygons (raw): 7 (flat)  7 (hierarchical)
    Elapsed: 0.010s  Memory: 540.00M
"input" in: xor.drc:38
    Polygons (raw): 0 (flat)  0 (hierarchical)
    Elapsed: 0.000s  Memory: 540.00M
"^" in: xor.drc:38
    Polygons (raw): 7 (flat)  7 (hierarchical)
    Elapsed: 0.010s  Memory: 540.00M
XOR differences: 7
"output" in: xor.drc:40
    Polygons (raw): 7 (flat)  7 (hierarchical)
    Elapsed: 0.010s  Memory: 540.00M
--- Running XOR for 78/44 ---
"input" in: xor.drc:38
    Polygons (raw): 35843 (flat)  174 (hierarchical)
    Elapsed: 0.000s  Memory: 540.00M
"input" in: xor.drc:38
    Polygons (raw): 35843 (flat)  174 (hierarchical)
    Elapsed: 0.010s  Memory: 540.00M
"^" in: xor.drc:38
    Polygons (raw): 0 (flat)  0 (hierarchical)
    Elapsed: 0.470s  Memory: 540.00M
XOR differences: 0
"output" in: xor.drc:40
    Polygons (raw): 0 (flat)  0 (hierarchical)
    Elapsed: 0.000s  Memory: 540.00M
--- Running XOR for 8/0 ---
"input" in: xor.drc:38
    Polygons (raw): 0 (flat)  0 (hierarchical)
    Elapsed: 0.000s  Memory: 540.00M
"input" in: xor.drc:38
    Polygons (raw): 3367 (flat)  5 (hierarchical)
    Elapsed: 0.000s  Memory: 540.00M
"^" in: xor.drc:38
    Polygons (raw): 3367 (flat)  5 (hierarchical)
    Elapsed: 0.010s  Memory: 540.00M
XOR differences: 3367
"output" in: xor.drc:40
    Polygons (raw): 3367 (flat)  5 (hierarchical)
    Elapsed: 0.020s  Memory: 540.00M
--- Running XOR for 81/23 ---
"input" in: xor.drc:38
    Polygons (raw): 4816 (flat)  1 (hierarchical)
    Elapsed: 0.010s  Memory: 540.00M
"input" in: xor.drc:38
    Polygons (raw): 4816 (flat)  1 (hierarchical)
    Elapsed: 0.000s  Memory: 540.00M
"^" in: xor.drc:38
    Polygons (raw): 0 (flat)  0 (hierarchical)
    Elapsed: 0.100s  Memory: 540.00M
XOR differences: 0
"output" in: xor.drc:40
    Polygons (raw): 0 (flat)  0 (hierarchical)
    Elapsed: 0.010s  Memory: 540.00M
--- Running XOR for 81/4 ---
"input" in: xor.drc:38
    Polygons (raw): 35773 (flat)  172 (hierarchical)
    Elapsed: 0.000s  Memory: 540.00M
"input" in: xor.drc:38
    Polygons (raw): 35773 (flat)  172 (hierarchical)
    Elapsed: 0.010s  Memory: 540.00M
"^" in: xor.drc:38
    Polygons (raw): 0 (flat)  0 (hierarchical)
    Elapsed: 0.490s  Memory: 540.00M
XOR differences: 0
"output" in: xor.drc:40
    Polygons (raw): 0 (flat)  0 (hierarchical)
    Elapsed: 0.000s  Memory: 540.00M
--- Running XOR for 83/44 ---
"input" in: xor.drc:38
    Polygons (raw): 0 (flat)  0 (hierarchical)
    Elapsed: 0.010s  Memory: 540.00M
"input" in: xor.drc:38
    Polygons (raw): 0 (flat)  0 (hierarchical)
    Elapsed: 0.000s  Memory: 540.00M
"^" in: xor.drc:38
    Polygons (raw): 0 (flat)  0 (hierarchical)
    Elapsed: 0.160s  Memory: 540.00M
XOR differences: 0
"output" in: xor.drc:40
    Polygons (raw): 0 (flat)  0 (hierarchical)
    Elapsed: 0.000s  Memory: 540.00M
--- Running XOR for 9/0 ---
"input" in: xor.drc:38
    Polygons (raw): 0 (flat)  0 (hierarchical)
    Elapsed: 0.010s  Memory: 540.00M
"input" in: xor.drc:38
    Polygons (raw): 3540 (flat)  1306 (hierarchical)
    Elapsed: 0.000s  Memory: 540.00M
"^" in: xor.drc:38
    Polygons (raw): 3540 (flat)  1306 (hierarchical)
    Elapsed: 0.000s  Memory: 540.00M
XOR differences: 3540
"output" in: xor.drc:40
    Polygons (raw): 3540 (flat)  1306 (hierarchical)
    Elapsed: 0.020s  Memory: 540.00M
--- Running XOR for 9/1 ---
"input" in: xor.drc:38
    Polygons (raw): 0 (flat)  0 (hierarchical)
    Elapsed: 0.000s  Memory: 540.00M
"input" in: xor.drc:38
    Polygons (raw): 0 (flat)  0 (hierarchical)
    Elapsed: 0.010s  Memory: 540.00M
"^" in: xor.drc:38
    Polygons (raw): 0 (flat)  0 (hierarchical)
    Elapsed: 0.010s  Memory: 540.00M
XOR differences: 0
"output" in: xor.drc:40
    Polygons (raw): 0 (flat)  0 (hierarchical)
    Elapsed: 0.020s  Memory: 540.00M
--- Running XOR for 9/2 ---
"input" in: xor.drc:38
    Polygons (raw): 0 (flat)  0 (hierarchical)
    Elapsed: 0.000s  Memory: 540.00M
"input" in: xor.drc:38
    Polygons (raw): 180 (flat)  180 (hierarchical)
    Elapsed: 0.010s  Memory: 540.00M
"^" in: xor.drc:38
    Polygons (raw): 180 (flat)  180 (hierarchical)
    Elapsed: 0.010s  Memory: 540.00M
XOR differences: 180
"output" in: xor.drc:40
    Polygons (raw): 180 (flat)  180 (hierarchical)
    Elapsed: 0.020s  Memory: 540.00M
--- Running XOR for 93/44 ---
"input" in: xor.drc:38
    Polygons (raw): 39047 (flat)  173 (hierarchical)
    Elapsed: 0.000s  Memory: 540.00M
"input" in: xor.drc:38
    Polygons (raw): 39047 (flat)  173 (hierarchical)
    Elapsed: 0.000s  Memory: 540.00M
"^" in: xor.drc:38
    Polygons (raw): 0 (flat)  0 (hierarchical)
    Elapsed: 0.580s  Memory: 543.00M
XOR differences: 0
"output" in: xor.drc:40
    Polygons (raw): 0 (flat)  0 (hierarchical)
    Elapsed: 0.000s  Memory: 543.00M
--- Running XOR for 94/20 ---
"input" in: xor.drc:38
    Polygons (raw): 39047 (flat)  173 (hierarchical)
    Elapsed: 0.010s  Memory: 543.00M
"input" in: xor.drc:38
    Polygons (raw): 39047 (flat)  173 (hierarchical)
    Elapsed: 0.000s  Memory: 543.00M
"^" in: xor.drc:38
    Polygons (raw): 0 (flat)  0 (hierarchical)
    Elapsed: 0.660s  Memory: 565.00M
XOR differences: 0
"output" in: xor.drc:40
    Polygons (raw): 0 (flat)  0 (hierarchical)
    Elapsed: 0.000s  Memory: 565.00M
--- Running XOR for 95/20 ---
"input" in: xor.drc:38
    Polygons (raw): 22377 (flat)  183 (hierarchical)
    Elapsed: 0.010s  Memory: 565.00M
"input" in: xor.drc:38
    Polygons (raw): 22377 (flat)  183 (hierarchical)
    Elapsed: 0.000s  Memory: 565.00M
"^" in: xor.drc:38
    Polygons (raw): 0 (flat)  0 (hierarchical)
    Elapsed: 0.420s  Memory: 565.00M
XOR differences: 0
"output" in: xor.drc:40
    Polygons (raw): 0 (flat)  0 (hierarchical)
    Elapsed: 0.010s  Memory: 565.00M
Writing report database: /home/piotro/caravel_user_project/openlane/core/runs/22_12_26_19_07/reports/signoff/core.xor.xml ..
Total elapsed: 24.420s  Memory: 565.00M
