
===========================================================================
report_checks -path_delay max (Setup)
============================================================================
Startpoint: _7910_ (rising edge-triggered flip-flop clocked by i_clk)
Endpoint: _8240_ (rising edge-triggered flip-flop clocked by i_clk)
Path Group: i_clk
Path Type: max

Fanout     Cap    Slew   Delay    Time   Description
-----------------------------------------------------------------------------
                          0.00    0.00   clock i_clk (rise edge)
                          0.00    0.00   clock source latency
                  0.21    0.16    0.16 ^ i_clk (in)
     2    0.04                           i_clk (net)
                  0.21    0.00    0.16 ^ clkbuf_0_i_clk/A (sky130_fd_sc_hd__clkbuf_16)
                  0.05    0.19    0.35 ^ clkbuf_0_i_clk/X (sky130_fd_sc_hd__clkbuf_16)
     4    0.03                           clknet_0_i_clk (net)
                  0.05    0.00    0.35 ^ clkbuf_1_0_0_i_clk/A (sky130_fd_sc_hd__clkbuf_8)
                  0.06    0.15    0.50 ^ clkbuf_1_0_0_i_clk/X (sky130_fd_sc_hd__clkbuf_8)
     4    0.03                           clknet_1_0_0_i_clk (net)
                  0.06    0.00    0.50 ^ clkbuf_2_1_0_i_clk/A (sky130_fd_sc_hd__clkbuf_8)
                  0.05    0.15    0.65 ^ clkbuf_2_1_0_i_clk/X (sky130_fd_sc_hd__clkbuf_8)
     4    0.02                           clknet_2_1_0_i_clk (net)
                  0.05    0.00    0.65 ^ clkbuf_3_3_0_i_clk/A (sky130_fd_sc_hd__clkbuf_8)
                  0.18    0.25    0.90 ^ clkbuf_3_3_0_i_clk/X (sky130_fd_sc_hd__clkbuf_8)
    18    0.10                           clknet_3_3_0_i_clk (net)
                  0.18    0.00    0.90 ^ clkbuf_leaf_7_i_clk/A (sky130_fd_sc_hd__clkbuf_16)
                  0.04    0.18    1.08 ^ clkbuf_leaf_7_i_clk/X (sky130_fd_sc_hd__clkbuf_16)
     7    0.02                           clknet_leaf_7_i_clk (net)
                  0.04    0.00    1.08 ^ _7910_/CLK (sky130_fd_sc_hd__dfxtp_1)
                  0.06    0.34    1.42 v _7910_/Q (sky130_fd_sc_hd__dfxtp_1)
     3    0.01                           decode.oc_r_reg_sel[1] (net)
                  0.06    0.00    1.42 v _3850_/A (sky130_fd_sc_hd__buf_6)
                  0.04    0.15    1.57 v _3850_/X (sky130_fd_sc_hd__buf_6)
    10    0.03                           _0507_ (net)
                  0.04    0.00    1.57 v _3873_/A (sky130_fd_sc_hd__buf_2)
                  0.07    0.17    1.74 v _3873_/X (sky130_fd_sc_hd__buf_2)
    10    0.03                           _0530_ (net)
                  0.07    0.00    1.74 v _3874_/A (sky130_fd_sc_hd__buf_2)
                  0.11    0.22    1.96 v _3874_/X (sky130_fd_sc_hd__buf_2)
    20    0.05                           _0531_ (net)
                  0.11    0.00    1.97 v _3875_/A (sky130_fd_sc_hd__buf_4)
                  0.08    0.23    2.20 v _3875_/X (sky130_fd_sc_hd__buf_4)
    20    0.05                           _0532_ (net)
                  0.08    0.00    2.20 v _3876_/B (sky130_fd_sc_hd__and4b_1)
                  0.04    0.20    2.39 v _3876_/X (sky130_fd_sc_hd__and4b_1)
     1    0.00                           _0533_ (net)
                  0.04    0.00    2.39 v _3877_/C1 (sky130_fd_sc_hd__a221o_1)
                  0.06    0.27    2.67 v _3877_/X (sky130_fd_sc_hd__a221o_1)
     1    0.00                           _0534_ (net)
                  0.06    0.00    2.67 v _3878_/C1 (sky130_fd_sc_hd__a221o_1)
                  0.09    0.32    2.99 v _3878_/X (sky130_fd_sc_hd__a221o_1)
     1    0.01                           _0535_ (net)
                  0.09    0.00    2.99 v _3879_/B2 (sky130_fd_sc_hd__o22ai_4)
                  0.42    0.34    3.33 ^ _3879_/Y (sky130_fd_sc_hd__o22ai_4)
    10    0.05                           _0536_ (net)
                  0.42    0.01    3.34 ^ _3880_/A (sky130_fd_sc_hd__clkinv_4)
                  0.17    0.21    3.55 v _3880_/Y (sky130_fd_sc_hd__clkinv_4)
     6    0.05                           net240 (net)
                  0.17    0.01    3.56 v _4855_/A1 (sky130_fd_sc_hd__mux2_8)
                  0.12    0.45    4.01 v _4855_/X (sky130_fd_sc_hd__mux2_8)
    18    0.10                           _1312_ (net)
                  0.12    0.01    4.02 v _4861_/C (sky130_fd_sc_hd__or4_1)
                  0.09    0.52    4.54 v _4861_/X (sky130_fd_sc_hd__or4_1)
     1    0.00                           _1318_ (net)
                  0.09    0.00    4.54 v _4880_/A_N (sky130_fd_sc_hd__and4bb_2)
                  0.14    0.39    4.93 ^ _4880_/X (sky130_fd_sc_hd__and4bb_2)
     6    0.02                           _1337_ (net)
                  0.14    0.00    4.93 ^ _5104_/C_N (sky130_fd_sc_hd__or3b_2)
                  0.12    0.54    5.48 v _5104_/X (sky130_fd_sc_hd__or3b_2)
     2    0.02                           _1557_ (net)
                  0.12    0.00    5.48 v _5105_/B1 (sky130_fd_sc_hd__a21oi_4)
                  0.27    0.28    5.76 ^ _5105_/Y (sky130_fd_sc_hd__a21oi_4)
    12    0.03                           _1558_ (net)
                  0.27    0.00    5.76 ^ _5106_/A (sky130_fd_sc_hd__buf_4)
                  0.15    0.27    6.03 ^ _5106_/X (sky130_fd_sc_hd__buf_4)
    20    0.05                           _1559_ (net)
                  0.15    0.00    6.03 ^ _6182_/B1 (sky130_fd_sc_hd__o21a_1)
                  0.07    0.17    6.20 ^ _6182_/X (sky130_fd_sc_hd__o21a_1)
     2    0.01                           _2523_ (net)
                  0.07    0.00    6.20 ^ _6185_/A2 (sky130_fd_sc_hd__a21oi_1)
                  0.09    0.10    6.29 v _6185_/Y (sky130_fd_sc_hd__a21oi_1)
     2    0.01                           _2526_ (net)
                  0.09    0.00    6.29 v _6419_/A0 (sky130_fd_sc_hd__mux2_1)
                  0.07    0.33    6.63 v _6419_/X (sky130_fd_sc_hd__mux2_1)
     1    0.01                           _2760_ (net)
                  0.07    0.00    6.63 v _6420_/A (sky130_fd_sc_hd__inv_2)
                  0.04    0.07    6.69 ^ _6420_/Y (sky130_fd_sc_hd__inv_2)
     2    0.01                           _2761_ (net)
                  0.04    0.00    6.69 ^ _6662_/A0 (sky130_fd_sc_hd__mux2_1)
                  0.05    0.12    6.82 ^ _6662_/X (sky130_fd_sc_hd__mux2_1)
     1    0.00                           _3002_ (net)
                  0.05    0.00    6.82 ^ _6663_/A1 (sky130_fd_sc_hd__mux2_1)
                  0.06    0.14    6.96 ^ _6663_/X (sky130_fd_sc_hd__mux2_1)
     1    0.01                           _3003_ (net)
                  0.06    0.00    6.96 ^ _6666_/A2 (sky130_fd_sc_hd__o2111a_1)
                  0.09    0.21    7.17 ^ _6666_/X (sky130_fd_sc_hd__o2111a_1)
     1    0.01                           _3006_ (net)
                  0.09    0.00    7.17 ^ _6667_/C1 (sky130_fd_sc_hd__a211o_4)
                  0.18    0.22    7.39 ^ _6667_/X (sky130_fd_sc_hd__a211o_4)
    12    0.06                           _3007_ (net)
                  0.18    0.01    7.40 ^ rebuffer22/A (sky130_fd_sc_hd__dlygate4sd3_1)
                  0.05    0.60    8.00 ^ rebuffer22/X (sky130_fd_sc_hd__dlygate4sd3_1)
     1    0.00                           net277 (net)
                  0.05    0.00    8.00 ^ _7668_/C (sky130_fd_sc_hd__nand3b_1)
                  0.08    0.10    8.10 v _7668_/Y (sky130_fd_sc_hd__nand3b_1)
     2    0.01                           _3776_ (net)
                  0.08    0.00    8.10 v _7677_/A (sky130_fd_sc_hd__or2b_1)
                  0.06    0.26    8.36 v _7677_/X (sky130_fd_sc_hd__or2b_1)
     2    0.01                           _3784_ (net)
                  0.06    0.00    8.37 v _7685_/A1 (sky130_fd_sc_hd__mux2_1)
                  0.09    0.36    8.73 v _7685_/X (sky130_fd_sc_hd__mux2_1)
     3    0.01                           _3791_ (net)
                  0.09    0.00    8.73 v _7692_/B1 (sky130_fd_sc_hd__a21o_1)
                  0.05    0.19    8.92 v _7692_/X (sky130_fd_sc_hd__a21o_1)
     1    0.01                           _3797_ (net)
                  0.05    0.00    8.92 v _7693_/B (sky130_fd_sc_hd__xnor2_1)
                  0.05    0.12    9.04 v _7693_/Y (sky130_fd_sc_hd__xnor2_1)
     1    0.00                           _3798_ (net)
                  0.05    0.00    9.04 v _7694_/A0 (sky130_fd_sc_hd__mux2_1)
                  0.05    0.29    9.33 v _7694_/X (sky130_fd_sc_hd__mux2_1)
     1    0.00                           _3799_ (net)
                  0.05    0.00    9.33 v _7695_/A (sky130_fd_sc_hd__clkbuf_1)
                  0.03    0.09    9.43 v _7695_/X (sky130_fd_sc_hd__clkbuf_1)
     1    0.00                           _0470_ (net)
                  0.03    0.00    9.43 v _8240_/D (sky130_fd_sc_hd__dfxtp_1)
                                  9.43   data arrival time

                         10.00   10.00   clock i_clk (rise edge)
                          0.00   10.00   clock source latency
                  0.21    0.14   10.14 ^ i_clk (in)
     2    0.04                           i_clk (net)
                  0.21    0.00   10.14 ^ clkbuf_0_i_clk/A (sky130_fd_sc_hd__clkbuf_16)
                  0.05    0.18   10.32 ^ clkbuf_0_i_clk/X (sky130_fd_sc_hd__clkbuf_16)
     4    0.03                           clknet_0_i_clk (net)
                  0.05    0.00   10.32 ^ clkbuf_1_1_0_i_clk/A (sky130_fd_sc_hd__clkbuf_8)
                  0.06    0.13   10.45 ^ clkbuf_1_1_0_i_clk/X (sky130_fd_sc_hd__clkbuf_8)
     4    0.03                           clknet_1_1_0_i_clk (net)
                  0.06    0.00   10.45 ^ clkbuf_2_2_0_i_clk/A (sky130_fd_sc_hd__clkbuf_8)
                  0.05    0.13   10.58 ^ clkbuf_2_2_0_i_clk/X (sky130_fd_sc_hd__clkbuf_8)
     4    0.02                           clknet_2_2_0_i_clk (net)
                  0.05    0.00   10.59 ^ clkbuf_3_5_0_i_clk/A (sky130_fd_sc_hd__clkbuf_8)
                  0.30    0.30   10.89 ^ clkbuf_3_5_0_i_clk/X (sky130_fd_sc_hd__clkbuf_8)
    30    0.18                           clknet_3_5_0_i_clk (net)
                  0.30    0.01   10.89 ^ clkbuf_leaf_62_i_clk/A (sky130_fd_sc_hd__clkbuf_16)
                  0.05    0.20   11.09 ^ clkbuf_leaf_62_i_clk/X (sky130_fd_sc_hd__clkbuf_16)
     8    0.02                           clknet_leaf_62_i_clk (net)
                  0.05    0.00   11.09 ^ _8240_/CLK (sky130_fd_sc_hd__dfxtp_1)
                         -0.25   10.84   clock uncertainty
                          0.03   10.88   clock reconvergence pessimism
                         -0.10   10.78   library setup time
                                 10.78   data required time
-----------------------------------------------------------------------------
                                 10.78   data required time
                                 -9.43   data arrival time
-----------------------------------------------------------------------------
                                  1.35   slack (MET)


Startpoint: _7910_ (rising edge-triggered flip-flop clocked by i_clk)
Endpoint: _8232_ (rising edge-triggered flip-flop clocked by i_clk)
Path Group: i_clk
Path Type: max

Fanout     Cap    Slew   Delay    Time   Description
-----------------------------------------------------------------------------
                          0.00    0.00   clock i_clk (rise edge)
                          0.00    0.00   clock source latency
                  0.21    0.16    0.16 ^ i_clk (in)
     2    0.04                           i_clk (net)
                  0.21    0.00    0.16 ^ clkbuf_0_i_clk/A (sky130_fd_sc_hd__clkbuf_16)
                  0.05    0.19    0.35 ^ clkbuf_0_i_clk/X (sky130_fd_sc_hd__clkbuf_16)
     4    0.03                           clknet_0_i_clk (net)
                  0.05    0.00    0.35 ^ clkbuf_1_0_0_i_clk/A (sky130_fd_sc_hd__clkbuf_8)
                  0.06    0.15    0.50 ^ clkbuf_1_0_0_i_clk/X (sky130_fd_sc_hd__clkbuf_8)
     4    0.03                           clknet_1_0_0_i_clk (net)
                  0.06    0.00    0.50 ^ clkbuf_2_1_0_i_clk/A (sky130_fd_sc_hd__clkbuf_8)
                  0.05    0.15    0.65 ^ clkbuf_2_1_0_i_clk/X (sky130_fd_sc_hd__clkbuf_8)
     4    0.02                           clknet_2_1_0_i_clk (net)
                  0.05    0.00    0.65 ^ clkbuf_3_3_0_i_clk/A (sky130_fd_sc_hd__clkbuf_8)
                  0.18    0.25    0.90 ^ clkbuf_3_3_0_i_clk/X (sky130_fd_sc_hd__clkbuf_8)
    18    0.10                           clknet_3_3_0_i_clk (net)
                  0.18    0.00    0.90 ^ clkbuf_leaf_7_i_clk/A (sky130_fd_sc_hd__clkbuf_16)
                  0.04    0.18    1.08 ^ clkbuf_leaf_7_i_clk/X (sky130_fd_sc_hd__clkbuf_16)
     7    0.02                           clknet_leaf_7_i_clk (net)
                  0.04    0.00    1.08 ^ _7910_/CLK (sky130_fd_sc_hd__dfxtp_1)
                  0.11    0.37    1.45 ^ _7910_/Q (sky130_fd_sc_hd__dfxtp_1)
     3    0.01                           decode.oc_r_reg_sel[1] (net)
                  0.11    0.00    1.45 ^ _3915_/A (sky130_fd_sc_hd__clkbuf_4)
                  0.16    0.26    1.71 ^ _3915_/X (sky130_fd_sc_hd__clkbuf_4)
    20    0.05                           _0568_ (net)
                  0.16    0.00    1.71 ^ _3916_/A (sky130_fd_sc_hd__clkbuf_4)
                  0.14    0.26    1.97 ^ _3916_/X (sky130_fd_sc_hd__clkbuf_4)
    20    0.05                           _0569_ (net)
                  0.14    0.00    1.97 ^ _3918_/A_N (sky130_fd_sc_hd__and4b_1)
                  0.04    0.22    2.19 v _3918_/X (sky130_fd_sc_hd__and4b_1)
     1    0.00                           _0571_ (net)
                  0.04    0.00    2.19 v _3920_/C1 (sky130_fd_sc_hd__a2111o_1)
                  0.09    0.40    2.59 v _3920_/X (sky130_fd_sc_hd__a2111o_1)
     1    0.01                           _0573_ (net)
                  0.09    0.00    2.59 v _3921_/A3 (sky130_fd_sc_hd__o32ai_4)
                  0.66    0.60    3.20 ^ _3921_/Y (sky130_fd_sc_hd__o32ai_4)
    10    0.06                           _0574_ (net)
                  0.66    0.01    3.21 ^ _4870_/A2 (sky130_fd_sc_hd__o21ai_4)
                  0.19    0.23    3.44 v _4870_/Y (sky130_fd_sc_hd__o21ai_4)
    18    0.05                           _1327_ (net)
                  0.19    0.01    3.45 v _5650_/C (sky130_fd_sc_hd__and3b_2)
                  0.05    0.31    3.76 v _5650_/X (sky130_fd_sc_hd__and3b_2)
     3    0.01                           _1991_ (net)
                  0.05    0.00    3.76 v _5659_/B1 (sky130_fd_sc_hd__a21o_1)
                  0.06    0.19    3.95 v _5659_/X (sky130_fd_sc_hd__a21o_1)
     3    0.01                           _2000_ (net)
                  0.06    0.00    3.95 v _5660_/C (sky130_fd_sc_hd__and3_1)
                  0.05    0.20    4.15 v _5660_/X (sky130_fd_sc_hd__and3_1)
     2    0.00                           _2001_ (net)
                  0.05    0.00    4.15 v _5667_/A (sky130_fd_sc_hd__or3_1)
                  0.09    0.42    4.57 v _5667_/X (sky130_fd_sc_hd__or3_1)
     1    0.01                           _2008_ (net)
                  0.09    0.00    4.57 v _5668_/A (sky130_fd_sc_hd__buf_6)
                  0.03    0.15    4.72 v _5668_/X (sky130_fd_sc_hd__buf_6)
     5    0.02                           _2009_ (net)
                  0.03    0.00    4.72 v _5675_/A (sky130_fd_sc_hd__and3_1)
                  0.05    0.16    4.88 v _5675_/X (sky130_fd_sc_hd__and3_1)
     2    0.01                           _2016_ (net)
                  0.05    0.00    4.88 v _5678_/B (sky130_fd_sc_hd__or4_4)
                  0.12    0.59    5.47 v _5678_/X (sky130_fd_sc_hd__or4_4)
     4    0.02                           _2019_ (net)
                  0.12    0.00    5.47 v _5835_/B1 (sky130_fd_sc_hd__o211a_4)
                  0.06    0.20    5.67 v _5835_/X (sky130_fd_sc_hd__o211a_4)
     4    0.02                           _2176_ (net)
                  0.06    0.00    5.67 v _5887_/A1 (sky130_fd_sc_hd__o21a_1)
                  0.07    0.23    5.91 v _5887_/X (sky130_fd_sc_hd__o21a_1)
     2    0.01                           _2228_ (net)
                  0.07    0.00    5.91 v _5889_/A2 (sky130_fd_sc_hd__o211a_1)
                  0.05    0.24    6.14 v _5889_/X (sky130_fd_sc_hd__o211a_1)
     2    0.01                           _2230_ (net)
                  0.05    0.00    6.14 v _5890_/C1 (sky130_fd_sc_hd__a211o_1)
                  0.07    0.26    6.41 v _5890_/X (sky130_fd_sc_hd__a211o_1)
     3    0.01                           _2231_ (net)
                  0.07    0.00    6.41 v _6117_/B (sky130_fd_sc_hd__and2b_2)
                  0.06    0.24    6.65 v _6117_/X (sky130_fd_sc_hd__and2b_2)
     3    0.01                           _2458_ (net)
                  0.06    0.00    6.65 v _6119_/A2 (sky130_fd_sc_hd__o21ba_1)
                  0.05    0.19    6.85 v _6119_/X (sky130_fd_sc_hd__o21ba_1)
     1    0.01                           _2460_ (net)
                  0.05    0.00    6.85 v _6120_/B1 (sky130_fd_sc_hd__a21oi_2)
                  0.10    0.12    6.96 ^ _6120_/Y (sky130_fd_sc_hd__a21oi_2)
     1    0.01                           _2461_ (net)
                  0.10    0.00    6.97 ^ _6121_/B1 (sky130_fd_sc_hd__a41o_1)
                  0.26    0.27    7.23 ^ _6121_/X (sky130_fd_sc_hd__a41o_1)
     8    0.03                           _2462_ (net)
                  0.26    0.00    7.24 ^ _6279_/A2 (sky130_fd_sc_hd__a21oi_2)
                  0.08    0.10    7.34 v _6279_/Y (sky130_fd_sc_hd__a21oi_2)
     1    0.01                           _2620_ (net)
                  0.08    0.00    7.34 v _6339_/A1 (sky130_fd_sc_hd__o311a_4)
                  0.09    0.45    7.79 v _6339_/X (sky130_fd_sc_hd__o311a_4)
     4    0.03                           _2680_ (net)
                  0.09    0.00    7.80 v _6383_/B1 (sky130_fd_sc_hd__a211o_4)
                  0.10    0.40    8.20 v _6383_/X (sky130_fd_sc_hd__a211o_4)
    10    0.04                           _2724_ (net)
                  0.10    0.00    8.20 v _6829_/B1 (sky130_fd_sc_hd__a22o_4)
                  0.09    0.30    8.50 v _6829_/X (sky130_fd_sc_hd__a22o_4)
     6    0.04                           _3151_ (net)
                  0.09    0.01    8.50 v _7644_/B2 (sky130_fd_sc_hd__a2bb2o_4)
                  0.03    0.22    8.73 v _7644_/X (sky130_fd_sc_hd__a2bb2o_4)
     1    0.00                           _3756_ (net)
                  0.03    0.00    8.73 v _7645_/A1 (sky130_fd_sc_hd__mux2_4)
                  0.06    0.28    9.01 v _7645_/X (sky130_fd_sc_hd__mux2_4)
     2    0.01                           _3757_ (net)
                  0.06    0.00    9.01 v _7646_/A0 (sky130_fd_sc_hd__mux2_1)
                  0.05    0.29    9.30 v _7646_/X (sky130_fd_sc_hd__mux2_1)
     1    0.00                           _3758_ (net)
                  0.05    0.00    9.30 v _7647_/A (sky130_fd_sc_hd__clkbuf_1)
                  0.03    0.10    9.40 v _7647_/X (sky130_fd_sc_hd__clkbuf_1)
     1    0.00                           _0462_ (net)
                  0.03    0.00    9.40 v _8232_/D (sky130_fd_sc_hd__dfxtp_1)
                                  9.40   data arrival time

                         10.00   10.00   clock i_clk (rise edge)
                          0.00   10.00   clock source latency
                  0.21    0.14   10.14 ^ i_clk (in)
     2    0.04                           i_clk (net)
                  0.21    0.00   10.14 ^ clkbuf_0_i_clk/A (sky130_fd_sc_hd__clkbuf_16)
                  0.05    0.18   10.32 ^ clkbuf_0_i_clk/X (sky130_fd_sc_hd__clkbuf_16)
     4    0.03                           clknet_0_i_clk (net)
                  0.05    0.00   10.32 ^ clkbuf_1_1_0_i_clk/A (sky130_fd_sc_hd__clkbuf_8)
                  0.06    0.13   10.45 ^ clkbuf_1_1_0_i_clk/X (sky130_fd_sc_hd__clkbuf_8)
     4    0.03                           clknet_1_1_0_i_clk (net)
                  0.06    0.00   10.45 ^ clkbuf_2_2_0_i_clk/A (sky130_fd_sc_hd__clkbuf_8)
                  0.05    0.13   10.58 ^ clkbuf_2_2_0_i_clk/X (sky130_fd_sc_hd__clkbuf_8)
     4    0.02                           clknet_2_2_0_i_clk (net)
                  0.05    0.00   10.59 ^ clkbuf_3_5_0_i_clk/A (sky130_fd_sc_hd__clkbuf_8)
                  0.30    0.30   10.89 ^ clkbuf_3_5_0_i_clk/X (sky130_fd_sc_hd__clkbuf_8)
    30    0.18                           clknet_3_5_0_i_clk (net)
                  0.30    0.00   10.89 ^ clkbuf_leaf_58_i_clk/A (sky130_fd_sc_hd__clkbuf_16)
                  0.04    0.19   11.08 ^ clkbuf_leaf_58_i_clk/X (sky130_fd_sc_hd__clkbuf_16)
     6    0.02                           clknet_leaf_58_i_clk (net)
                  0.04    0.00   11.08 ^ _8232_/CLK (sky130_fd_sc_hd__dfxtp_1)
                         -0.25   10.83   clock uncertainty
                          0.03   10.87   clock reconvergence pessimism
                         -0.10   10.76   library setup time
                                 10.76   data required time
-----------------------------------------------------------------------------
                                 10.76   data required time
                                 -9.40   data arrival time
-----------------------------------------------------------------------------
                                  1.36   slack (MET)


Startpoint: _7910_ (rising edge-triggered flip-flop clocked by i_clk)
Endpoint: _8241_ (rising edge-triggered flip-flop clocked by i_clk)
Path Group: i_clk
Path Type: max

Fanout     Cap    Slew   Delay    Time   Description
-----------------------------------------------------------------------------
                          0.00    0.00   clock i_clk (rise edge)
                          0.00    0.00   clock source latency
                  0.21    0.16    0.16 ^ i_clk (in)
     2    0.04                           i_clk (net)
                  0.21    0.00    0.16 ^ clkbuf_0_i_clk/A (sky130_fd_sc_hd__clkbuf_16)
                  0.05    0.19    0.35 ^ clkbuf_0_i_clk/X (sky130_fd_sc_hd__clkbuf_16)
     4    0.03                           clknet_0_i_clk (net)
                  0.05    0.00    0.35 ^ clkbuf_1_0_0_i_clk/A (sky130_fd_sc_hd__clkbuf_8)
                  0.06    0.15    0.50 ^ clkbuf_1_0_0_i_clk/X (sky130_fd_sc_hd__clkbuf_8)
     4    0.03                           clknet_1_0_0_i_clk (net)
                  0.06    0.00    0.50 ^ clkbuf_2_1_0_i_clk/A (sky130_fd_sc_hd__clkbuf_8)
                  0.05    0.15    0.65 ^ clkbuf_2_1_0_i_clk/X (sky130_fd_sc_hd__clkbuf_8)
     4    0.02                           clknet_2_1_0_i_clk (net)
                  0.05    0.00    0.65 ^ clkbuf_3_3_0_i_clk/A (sky130_fd_sc_hd__clkbuf_8)
                  0.18    0.25    0.90 ^ clkbuf_3_3_0_i_clk/X (sky130_fd_sc_hd__clkbuf_8)
    18    0.10                           clknet_3_3_0_i_clk (net)
                  0.18    0.00    0.90 ^ clkbuf_leaf_7_i_clk/A (sky130_fd_sc_hd__clkbuf_16)
                  0.04    0.18    1.08 ^ clkbuf_leaf_7_i_clk/X (sky130_fd_sc_hd__clkbuf_16)
     7    0.02                           clknet_leaf_7_i_clk (net)
                  0.04    0.00    1.08 ^ _7910_/CLK (sky130_fd_sc_hd__dfxtp_1)
                  0.06    0.34    1.42 v _7910_/Q (sky130_fd_sc_hd__dfxtp_1)
     3    0.01                           decode.oc_r_reg_sel[1] (net)
                  0.06    0.00    1.42 v _3850_/A (sky130_fd_sc_hd__buf_6)
                  0.04    0.15    1.57 v _3850_/X (sky130_fd_sc_hd__buf_6)
    10    0.03                           _0507_ (net)
                  0.04    0.00    1.57 v _3873_/A (sky130_fd_sc_hd__buf_2)
                  0.07    0.17    1.74 v _3873_/X (sky130_fd_sc_hd__buf_2)
    10    0.03                           _0530_ (net)
                  0.07    0.00    1.74 v _3874_/A (sky130_fd_sc_hd__buf_2)
                  0.11    0.22    1.96 v _3874_/X (sky130_fd_sc_hd__buf_2)
    20    0.05                           _0531_ (net)
                  0.11    0.00    1.97 v _3875_/A (sky130_fd_sc_hd__buf_4)
                  0.08    0.23    2.20 v _3875_/X (sky130_fd_sc_hd__buf_4)
    20    0.05                           _0532_ (net)
                  0.08    0.00    2.20 v _3876_/B (sky130_fd_sc_hd__and4b_1)
                  0.04    0.20    2.39 v _3876_/X (sky130_fd_sc_hd__and4b_1)
     1    0.00                           _0533_ (net)
                  0.04    0.00    2.39 v _3877_/C1 (sky130_fd_sc_hd__a221o_1)
                  0.06    0.27    2.67 v _3877_/X (sky130_fd_sc_hd__a221o_1)
     1    0.00                           _0534_ (net)
                  0.06    0.00    2.67 v _3878_/C1 (sky130_fd_sc_hd__a221o_1)
                  0.09    0.32    2.99 v _3878_/X (sky130_fd_sc_hd__a221o_1)
     1    0.01                           _0535_ (net)
                  0.09    0.00    2.99 v _3879_/B2 (sky130_fd_sc_hd__o22ai_4)
                  0.42    0.34    3.33 ^ _3879_/Y (sky130_fd_sc_hd__o22ai_4)
    10    0.05                           _0536_ (net)
                  0.42    0.01    3.34 ^ _3880_/A (sky130_fd_sc_hd__clkinv_4)
                  0.17    0.21    3.55 v _3880_/Y (sky130_fd_sc_hd__clkinv_4)
     6    0.05                           net240 (net)
                  0.17    0.01    3.56 v _4855_/A1 (sky130_fd_sc_hd__mux2_8)
                  0.12    0.45    4.01 v _4855_/X (sky130_fd_sc_hd__mux2_8)
    18    0.10                           _1312_ (net)
                  0.12    0.01    4.02 v _4861_/C (sky130_fd_sc_hd__or4_1)
                  0.09    0.52    4.54 v _4861_/X (sky130_fd_sc_hd__or4_1)
     1    0.00                           _1318_ (net)
                  0.09    0.00    4.54 v _4880_/A_N (sky130_fd_sc_hd__and4bb_2)
                  0.14    0.39    4.93 ^ _4880_/X (sky130_fd_sc_hd__and4bb_2)
     6    0.02                           _1337_ (net)
                  0.14    0.00    4.93 ^ _5104_/C_N (sky130_fd_sc_hd__or3b_2)
                  0.12    0.54    5.48 v _5104_/X (sky130_fd_sc_hd__or3b_2)
     2    0.02                           _1557_ (net)
                  0.12    0.00    5.48 v _5105_/B1 (sky130_fd_sc_hd__a21oi_4)
                  0.27    0.28    5.76 ^ _5105_/Y (sky130_fd_sc_hd__a21oi_4)
    12    0.03                           _1558_ (net)
                  0.27    0.00    5.76 ^ _5106_/A (sky130_fd_sc_hd__buf_4)
                  0.15    0.27    6.03 ^ _5106_/X (sky130_fd_sc_hd__buf_4)
    20    0.05                           _1559_ (net)
                  0.15    0.00    6.03 ^ _6182_/B1 (sky130_fd_sc_hd__o21a_1)
                  0.07    0.17    6.20 ^ _6182_/X (sky130_fd_sc_hd__o21a_1)
     2    0.01                           _2523_ (net)
                  0.07    0.00    6.20 ^ _6185_/A2 (sky130_fd_sc_hd__a21oi_1)
                  0.09    0.10    6.29 v _6185_/Y (sky130_fd_sc_hd__a21oi_1)
     2    0.01                           _2526_ (net)
                  0.09    0.00    6.29 v _6419_/A0 (sky130_fd_sc_hd__mux2_1)
                  0.07    0.33    6.63 v _6419_/X (sky130_fd_sc_hd__mux2_1)
     1    0.01                           _2760_ (net)
                  0.07    0.00    6.63 v _6420_/A (sky130_fd_sc_hd__inv_2)
                  0.04    0.07    6.69 ^ _6420_/Y (sky130_fd_sc_hd__inv_2)
     2    0.01                           _2761_ (net)
                  0.04    0.00    6.69 ^ _6662_/A0 (sky130_fd_sc_hd__mux2_1)
                  0.05    0.12    6.82 ^ _6662_/X (sky130_fd_sc_hd__mux2_1)
     1    0.00                           _3002_ (net)
                  0.05    0.00    6.82 ^ _6663_/A1 (sky130_fd_sc_hd__mux2_1)
                  0.06    0.14    6.96 ^ _6663_/X (sky130_fd_sc_hd__mux2_1)
     1    0.01                           _3003_ (net)
                  0.06    0.00    6.96 ^ _6666_/A2 (sky130_fd_sc_hd__o2111a_1)
                  0.09    0.21    7.17 ^ _6666_/X (sky130_fd_sc_hd__o2111a_1)
     1    0.01                           _3006_ (net)
                  0.09    0.00    7.17 ^ _6667_/C1 (sky130_fd_sc_hd__a211o_4)
                  0.18    0.22    7.39 ^ _6667_/X (sky130_fd_sc_hd__a211o_4)
    12    0.06                           _3007_ (net)
                  0.18    0.01    7.40 ^ rebuffer22/A (sky130_fd_sc_hd__dlygate4sd3_1)
                  0.05    0.60    8.00 ^ rebuffer22/X (sky130_fd_sc_hd__dlygate4sd3_1)
     1    0.00                           net277 (net)
                  0.05    0.00    8.00 ^ _7668_/C (sky130_fd_sc_hd__nand3b_1)
                  0.08    0.10    8.10 v _7668_/Y (sky130_fd_sc_hd__nand3b_1)
     2    0.01                           _3776_ (net)
                  0.08    0.00    8.10 v _7677_/A (sky130_fd_sc_hd__or2b_1)
                  0.06    0.26    8.36 v _7677_/X (sky130_fd_sc_hd__or2b_1)
     2    0.01                           _3784_ (net)
                  0.06    0.00    8.37 v _7685_/A1 (sky130_fd_sc_hd__mux2_1)
                  0.09    0.36    8.73 v _7685_/X (sky130_fd_sc_hd__mux2_1)
     3    0.01                           _3791_ (net)
                  0.09    0.00    8.73 v _7698_/A (sky130_fd_sc_hd__nor2_1)
                  0.14    0.17    8.90 ^ _7698_/Y (sky130_fd_sc_hd__nor2_1)
     1    0.01                           _3802_ (net)
                  0.14    0.00    8.90 ^ _7699_/B (sky130_fd_sc_hd__xnor2_1)
                  0.06    0.09    8.98 v _7699_/Y (sky130_fd_sc_hd__xnor2_1)
     1    0.00                           _3803_ (net)
                  0.06    0.00    8.98 v _7700_/A0 (sky130_fd_sc_hd__mux2_1)
                  0.05    0.30    9.28 v _7700_/X (sky130_fd_sc_hd__mux2_1)
     1    0.00                           _3804_ (net)
                  0.05    0.00    9.28 v _7701_/A (sky130_fd_sc_hd__clkbuf_1)
                  0.03    0.10    9.38 v _7701_/X (sky130_fd_sc_hd__clkbuf_1)
     1    0.00                           _0471_ (net)
                  0.03    0.00    9.38 v _8241_/D (sky130_fd_sc_hd__dfxtp_1)
                                  9.38   data arrival time

                         10.00   10.00   clock i_clk (rise edge)
                          0.00   10.00   clock source latency
                  0.21    0.14   10.14 ^ i_clk (in)
     2    0.04                           i_clk (net)
                  0.21    0.00   10.14 ^ clkbuf_0_i_clk/A (sky130_fd_sc_hd__clkbuf_16)
                  0.05    0.18   10.32 ^ clkbuf_0_i_clk/X (sky130_fd_sc_hd__clkbuf_16)
     4    0.03                           clknet_0_i_clk (net)
                  0.05    0.00   10.32 ^ clkbuf_1_1_0_i_clk/A (sky130_fd_sc_hd__clkbuf_8)
                  0.06    0.13   10.45 ^ clkbuf_1_1_0_i_clk/X (sky130_fd_sc_hd__clkbuf_8)
     4    0.03                           clknet_1_1_0_i_clk (net)
                  0.06    0.00   10.45 ^ clkbuf_2_2_0_i_clk/A (sky130_fd_sc_hd__clkbuf_8)
                  0.05    0.13   10.58 ^ clkbuf_2_2_0_i_clk/X (sky130_fd_sc_hd__clkbuf_8)
     4    0.02                           clknet_2_2_0_i_clk (net)
                  0.05    0.00   10.59 ^ clkbuf_3_5_0_i_clk/A (sky130_fd_sc_hd__clkbuf_8)
                  0.30    0.30   10.89 ^ clkbuf_3_5_0_i_clk/X (sky130_fd_sc_hd__clkbuf_8)
    30    0.18                           clknet_3_5_0_i_clk (net)
                  0.30    0.01   10.89 ^ clkbuf_leaf_63_i_clk/A (sky130_fd_sc_hd__clkbuf_16)
                  0.04    0.19   11.09 ^ clkbuf_leaf_63_i_clk/X (sky130_fd_sc_hd__clkbuf_16)
     5    0.02                           clknet_leaf_63_i_clk (net)
                  0.04    0.00   11.09 ^ _8241_/CLK (sky130_fd_sc_hd__dfxtp_1)
                         -0.25   10.84   clock uncertainty
                          0.03   10.87   clock reconvergence pessimism
                         -0.10   10.77   library setup time
                                 10.77   data required time
-----------------------------------------------------------------------------
                                 10.77   data required time
                                 -9.38   data arrival time
-----------------------------------------------------------------------------
                                  1.39   slack (MET)


Startpoint: _7910_ (rising edge-triggered flip-flop clocked by i_clk)
Endpoint: _8239_ (rising edge-triggered flip-flop clocked by i_clk)
Path Group: i_clk
Path Type: max

Fanout     Cap    Slew   Delay    Time   Description
-----------------------------------------------------------------------------
                          0.00    0.00   clock i_clk (rise edge)
                          0.00    0.00   clock source latency
                  0.21    0.16    0.16 ^ i_clk (in)
     2    0.04                           i_clk (net)
                  0.21    0.00    0.16 ^ clkbuf_0_i_clk/A (sky130_fd_sc_hd__clkbuf_16)
                  0.05    0.19    0.35 ^ clkbuf_0_i_clk/X (sky130_fd_sc_hd__clkbuf_16)
     4    0.03                           clknet_0_i_clk (net)
                  0.05    0.00    0.35 ^ clkbuf_1_0_0_i_clk/A (sky130_fd_sc_hd__clkbuf_8)
                  0.06    0.15    0.50 ^ clkbuf_1_0_0_i_clk/X (sky130_fd_sc_hd__clkbuf_8)
     4    0.03                           clknet_1_0_0_i_clk (net)
                  0.06    0.00    0.50 ^ clkbuf_2_1_0_i_clk/A (sky130_fd_sc_hd__clkbuf_8)
                  0.05    0.15    0.65 ^ clkbuf_2_1_0_i_clk/X (sky130_fd_sc_hd__clkbuf_8)
     4    0.02                           clknet_2_1_0_i_clk (net)
                  0.05    0.00    0.65 ^ clkbuf_3_3_0_i_clk/A (sky130_fd_sc_hd__clkbuf_8)
                  0.18    0.25    0.90 ^ clkbuf_3_3_0_i_clk/X (sky130_fd_sc_hd__clkbuf_8)
    18    0.10                           clknet_3_3_0_i_clk (net)
                  0.18    0.00    0.90 ^ clkbuf_leaf_7_i_clk/A (sky130_fd_sc_hd__clkbuf_16)
                  0.04    0.18    1.08 ^ clkbuf_leaf_7_i_clk/X (sky130_fd_sc_hd__clkbuf_16)
     7    0.02                           clknet_leaf_7_i_clk (net)
                  0.04    0.00    1.08 ^ _7910_/CLK (sky130_fd_sc_hd__dfxtp_1)
                  0.06    0.34    1.42 v _7910_/Q (sky130_fd_sc_hd__dfxtp_1)
     3    0.01                           decode.oc_r_reg_sel[1] (net)
                  0.06    0.00    1.42 v _3850_/A (sky130_fd_sc_hd__buf_6)
                  0.04    0.15    1.57 v _3850_/X (sky130_fd_sc_hd__buf_6)
    10    0.03                           _0507_ (net)
                  0.04    0.00    1.57 v _3873_/A (sky130_fd_sc_hd__buf_2)
                  0.07    0.17    1.74 v _3873_/X (sky130_fd_sc_hd__buf_2)
    10    0.03                           _0530_ (net)
                  0.07    0.00    1.74 v _3874_/A (sky130_fd_sc_hd__buf_2)
                  0.11    0.22    1.96 v _3874_/X (sky130_fd_sc_hd__buf_2)
    20    0.05                           _0531_ (net)
                  0.11    0.00    1.97 v _3875_/A (sky130_fd_sc_hd__buf_4)
                  0.08    0.23    2.20 v _3875_/X (sky130_fd_sc_hd__buf_4)
    20    0.05                           _0532_ (net)
                  0.08    0.00    2.20 v _3876_/B (sky130_fd_sc_hd__and4b_1)
                  0.04    0.20    2.39 v _3876_/X (sky130_fd_sc_hd__and4b_1)
     1    0.00                           _0533_ (net)
                  0.04    0.00    2.39 v _3877_/C1 (sky130_fd_sc_hd__a221o_1)
                  0.06    0.27    2.67 v _3877_/X (sky130_fd_sc_hd__a221o_1)
     1    0.00                           _0534_ (net)
                  0.06    0.00    2.67 v _3878_/C1 (sky130_fd_sc_hd__a221o_1)
                  0.09    0.32    2.99 v _3878_/X (sky130_fd_sc_hd__a221o_1)
     1    0.01                           _0535_ (net)
                  0.09    0.00    2.99 v _3879_/B2 (sky130_fd_sc_hd__o22ai_4)
                  0.42    0.34    3.33 ^ _3879_/Y (sky130_fd_sc_hd__o22ai_4)
    10    0.05                           _0536_ (net)
                  0.42    0.01    3.34 ^ _3880_/A (sky130_fd_sc_hd__clkinv_4)
                  0.17    0.21    3.55 v _3880_/Y (sky130_fd_sc_hd__clkinv_4)
     6    0.05                           net240 (net)
                  0.17    0.01    3.56 v _4855_/A1 (sky130_fd_sc_hd__mux2_8)
                  0.12    0.45    4.01 v _4855_/X (sky130_fd_sc_hd__mux2_8)
    18    0.10                           _1312_ (net)
                  0.12    0.01    4.02 v _4861_/C (sky130_fd_sc_hd__or4_1)
                  0.09    0.52    4.54 v _4861_/X (sky130_fd_sc_hd__or4_1)
     1    0.00                           _1318_ (net)
                  0.09    0.00    4.54 v _4880_/A_N (sky130_fd_sc_hd__and4bb_2)
                  0.14    0.39    4.93 ^ _4880_/X (sky130_fd_sc_hd__and4bb_2)
     6    0.02                           _1337_ (net)
                  0.14    0.00    4.93 ^ _5104_/C_N (sky130_fd_sc_hd__or3b_2)
                  0.12    0.54    5.48 v _5104_/X (sky130_fd_sc_hd__or3b_2)
     2    0.02                           _1557_ (net)
                  0.12    0.00    5.48 v _5105_/B1 (sky130_fd_sc_hd__a21oi_4)
                  0.27    0.28    5.76 ^ _5105_/Y (sky130_fd_sc_hd__a21oi_4)
    12    0.03                           _1558_ (net)
                  0.27    0.00    5.76 ^ _5106_/A (sky130_fd_sc_hd__buf_4)
                  0.15    0.27    6.03 ^ _5106_/X (sky130_fd_sc_hd__buf_4)
    20    0.05                           _1559_ (net)
                  0.15    0.00    6.03 ^ _6182_/B1 (sky130_fd_sc_hd__o21a_1)
                  0.07    0.17    6.20 ^ _6182_/X (sky130_fd_sc_hd__o21a_1)
     2    0.01                           _2523_ (net)
                  0.07    0.00    6.20 ^ _6185_/A2 (sky130_fd_sc_hd__a21oi_1)
                  0.09    0.10    6.29 v _6185_/Y (sky130_fd_sc_hd__a21oi_1)
     2    0.01                           _2526_ (net)
                  0.09    0.00    6.29 v _6419_/A0 (sky130_fd_sc_hd__mux2_1)
                  0.07    0.33    6.63 v _6419_/X (sky130_fd_sc_hd__mux2_1)
     1    0.01                           _2760_ (net)
                  0.07    0.00    6.63 v _6420_/A (sky130_fd_sc_hd__inv_2)
                  0.04    0.07    6.69 ^ _6420_/Y (sky130_fd_sc_hd__inv_2)
     2    0.01                           _2761_ (net)
                  0.04    0.00    6.69 ^ _6662_/A0 (sky130_fd_sc_hd__mux2_1)
                  0.05    0.12    6.82 ^ _6662_/X (sky130_fd_sc_hd__mux2_1)
     1    0.00                           _3002_ (net)
                  0.05    0.00    6.82 ^ _6663_/A1 (sky130_fd_sc_hd__mux2_1)
                  0.06    0.14    6.96 ^ _6663_/X (sky130_fd_sc_hd__mux2_1)
     1    0.01                           _3003_ (net)
                  0.06    0.00    6.96 ^ _6666_/A2 (sky130_fd_sc_hd__o2111a_1)
                  0.09    0.21    7.17 ^ _6666_/X (sky130_fd_sc_hd__o2111a_1)
     1    0.01                           _3006_ (net)
                  0.09    0.00    7.17 ^ _6667_/C1 (sky130_fd_sc_hd__a211o_4)
                  0.18    0.22    7.39 ^ _6667_/X (sky130_fd_sc_hd__a211o_4)
    12    0.06                           _3007_ (net)
                  0.18    0.01    7.40 ^ rebuffer22/A (sky130_fd_sc_hd__dlygate4sd3_1)
                  0.05    0.60    8.00 ^ rebuffer22/X (sky130_fd_sc_hd__dlygate4sd3_1)
     1    0.00                           net277 (net)
                  0.05    0.00    8.00 ^ _7668_/C (sky130_fd_sc_hd__nand3b_1)
                  0.08    0.10    8.10 v _7668_/Y (sky130_fd_sc_hd__nand3b_1)
     2    0.01                           _3776_ (net)
                  0.08    0.00    8.10 v _7677_/A (sky130_fd_sc_hd__or2b_1)
                  0.06    0.26    8.36 v _7677_/X (sky130_fd_sc_hd__or2b_1)
     2    0.01                           _3784_ (net)
                  0.06    0.00    8.37 v _7685_/A1 (sky130_fd_sc_hd__mux2_1)
                  0.09    0.36    8.73 v _7685_/X (sky130_fd_sc_hd__mux2_1)
     3    0.01                           _3791_ (net)
                  0.09    0.00    8.73 v _7686_/B (sky130_fd_sc_hd__xnor2_1)
                  0.06    0.16    8.89 v _7686_/Y (sky130_fd_sc_hd__xnor2_1)
     1    0.01                           _3792_ (net)
                  0.06    0.00    8.89 v _7687_/A0 (sky130_fd_sc_hd__mux2_1)
                  0.06    0.30    9.19 v _7687_/X (sky130_fd_sc_hd__mux2_1)
     1    0.00                           _3793_ (net)
                  0.06    0.00    9.19 v _7688_/A (sky130_fd_sc_hd__clkbuf_1)
                  0.03    0.10    9.29 v _7688_/X (sky130_fd_sc_hd__clkbuf_1)
     1    0.00                           _0469_ (net)
                  0.03    0.00    9.29 v _8239_/D (sky130_fd_sc_hd__dfxtp_1)
                                  9.29   data arrival time

                         10.00   10.00   clock i_clk (rise edge)
                          0.00   10.00   clock source latency
                  0.21    0.14   10.14 ^ i_clk (in)
     2    0.04                           i_clk (net)
                  0.21    0.00   10.14 ^ clkbuf_0_i_clk/A (sky130_fd_sc_hd__clkbuf_16)
                  0.05    0.18   10.32 ^ clkbuf_0_i_clk/X (sky130_fd_sc_hd__clkbuf_16)
     4    0.03                           clknet_0_i_clk (net)
                  0.05    0.00   10.32 ^ clkbuf_1_1_0_i_clk/A (sky130_fd_sc_hd__clkbuf_8)
                  0.06    0.13   10.45 ^ clkbuf_1_1_0_i_clk/X (sky130_fd_sc_hd__clkbuf_8)
     4    0.03                           clknet_1_1_0_i_clk (net)
                  0.06    0.00   10.45 ^ clkbuf_2_2_0_i_clk/A (sky130_fd_sc_hd__clkbuf_8)
                  0.05    0.13   10.58 ^ clkbuf_2_2_0_i_clk/X (sky130_fd_sc_hd__clkbuf_8)
     4    0.02                           clknet_2_2_0_i_clk (net)
                  0.05    0.00   10.59 ^ clkbuf_3_5_0_i_clk/A (sky130_fd_sc_hd__clkbuf_8)
                  0.30    0.30   10.89 ^ clkbuf_3_5_0_i_clk/X (sky130_fd_sc_hd__clkbuf_8)
    30    0.18                           clknet_3_5_0_i_clk (net)
                  0.30    0.01   10.89 ^ clkbuf_leaf_62_i_clk/A (sky130_fd_sc_hd__clkbuf_16)
                  0.05    0.20   11.09 ^ clkbuf_leaf_62_i_clk/X (sky130_fd_sc_hd__clkbuf_16)
     8    0.02                           clknet_leaf_62_i_clk (net)
                  0.05    0.00   11.09 ^ _8239_/CLK (sky130_fd_sc_hd__dfxtp_1)
                         -0.25   10.84   clock uncertainty
                          0.03   10.88   clock reconvergence pessimism
                         -0.10   10.77   library setup time
                                 10.77   data required time
-----------------------------------------------------------------------------
                                 10.77   data required time
                                 -9.29   data arrival time
-----------------------------------------------------------------------------
                                  1.48   slack (MET)


Startpoint: _7983_ (rising edge-triggered flip-flop clocked by i_clk)
Endpoint: o_req_ppl_submit (output port clocked by i_clk)
Path Group: i_clk
Path Type: max

Fanout     Cap    Slew   Delay    Time   Description
-----------------------------------------------------------------------------
                          0.00    0.00   clock i_clk (rise edge)
                          0.00    0.00   clock source latency
                  0.21    0.16    0.16 ^ i_clk (in)
     2    0.04                           i_clk (net)
                  0.21    0.00    0.16 ^ clkbuf_0_i_clk/A (sky130_fd_sc_hd__clkbuf_16)
                  0.05    0.19    0.35 ^ clkbuf_0_i_clk/X (sky130_fd_sc_hd__clkbuf_16)
     4    0.03                           clknet_0_i_clk (net)
                  0.05    0.00    0.35 ^ clkbuf_1_1_0_i_clk/A (sky130_fd_sc_hd__clkbuf_8)
                  0.06    0.15    0.50 ^ clkbuf_1_1_0_i_clk/X (sky130_fd_sc_hd__clkbuf_8)
     4    0.03                           clknet_1_1_0_i_clk (net)
                  0.06    0.00    0.50 ^ clkbuf_2_3_0_i_clk/A (sky130_fd_sc_hd__clkbuf_8)
                  0.06    0.15    0.65 ^ clkbuf_2_3_0_i_clk/X (sky130_fd_sc_hd__clkbuf_8)
     4    0.02                           clknet_2_3_0_i_clk (net)
                  0.06    0.00    0.65 ^ clkbuf_3_7_0_i_clk/A (sky130_fd_sc_hd__clkbuf_8)
                  0.36    0.38    1.03 ^ clkbuf_3_7_0_i_clk/X (sky130_fd_sc_hd__clkbuf_8)
    36    0.21                           clknet_3_7_0_i_clk (net)
                  0.36    0.01    1.04 ^ clkbuf_leaf_25_i_clk/A (sky130_fd_sc_hd__clkbuf_16)
                  0.05    0.23    1.26 ^ clkbuf_leaf_25_i_clk/X (sky130_fd_sc_hd__clkbuf_16)
     7    0.02                           clknet_leaf_25_i_clk (net)
                  0.05    0.00    1.26 ^ _7983_/CLK (sky130_fd_sc_hd__dfxtp_4)
                  0.10    0.43    1.69 v _7983_/Q (sky130_fd_sc_hd__dfxtp_4)
    14    0.07                           net145 (net)
                  0.10    0.00    1.69 v _4036_/A (sky130_fd_sc_hd__clkbuf_4)
                  0.12    0.25    1.94 v _4036_/X (sky130_fd_sc_hd__clkbuf_4)
    20    0.06                           _0677_ (net)
                  0.12    0.00    1.95 v _4039_/A (sky130_fd_sc_hd__nand2_2)
                  0.19    0.20    2.15 ^ _4039_/Y (sky130_fd_sc_hd__nand2_2)
    10    0.03                           _0680_ (net)
                  0.19    0.00    2.15 ^ _4052_/A2_N (sky130_fd_sc_hd__a2bb2o_1)
                  0.05    0.31    2.46 v _4052_/X (sky130_fd_sc_hd__a2bb2o_1)
     1    0.00                           _0693_ (net)
                  0.05    0.00    2.46 v _4053_/D (sky130_fd_sc_hd__or4_1)
                  0.09    0.42    2.88 v _4053_/X (sky130_fd_sc_hd__or4_1)
     1    0.00                           _0694_ (net)
                  0.09    0.00    2.88 v _4054_/C (sky130_fd_sc_hd__or3_1)
                  0.11    0.39    3.28 v _4054_/X (sky130_fd_sc_hd__or3_1)
     2    0.01                           _0695_ (net)
                  0.11    0.00    3.28 v _4055_/B (sky130_fd_sc_hd__or2_4)
                  0.10    0.34    3.62 v _4055_/X (sky130_fd_sc_hd__or2_4)
     8    0.05                           _0696_ (net)
                  0.11    0.01    3.63 v _4057_/B (sky130_fd_sc_hd__or3_1)
                  0.09    0.42    4.05 v _4057_/X (sky130_fd_sc_hd__or3_1)
     2    0.01                           _0698_ (net)
                  0.09    0.00    4.05 v _4098_/A_N (sky130_fd_sc_hd__and3b_1)
                  0.06    0.24    4.29 ^ _4098_/X (sky130_fd_sc_hd__and3b_1)
     1    0.00                           _0739_ (net)
                  0.06    0.00    4.29 ^ _4099_/A (sky130_fd_sc_hd__buf_4)
                  0.19    0.23    4.52 ^ _4099_/X (sky130_fd_sc_hd__buf_4)
    16    0.07                           _0740_ (net)
                  0.19    0.00    4.52 ^ _4100_/B (sky130_fd_sc_hd__nor2_2)
                  0.08    0.11    4.64 v _4100_/Y (sky130_fd_sc_hd__nor2_2)
     4    0.02                           _0741_ (net)
                  0.08    0.00    4.64 v _4101_/B (sky130_fd_sc_hd__nor2_4)
                  0.26    0.24    4.88 ^ _4101_/Y (sky130_fd_sc_hd__nor2_4)
     8    0.04                           net103 (net)
                  0.26    0.00    4.88 ^ _4102_/B1 (sky130_fd_sc_hd__o21ai_1)
                  0.09    0.13    5.02 v _4102_/Y (sky130_fd_sc_hd__o21ai_1)
     1    0.01                           _0742_ (net)
                  0.09    0.00    5.02 v _4145_/B1 (sky130_fd_sc_hd__o221a_1)
                  0.10    0.31    5.33 v _4145_/X (sky130_fd_sc_hd__o221a_1)
     2    0.01                           _0785_ (net)
                  0.10    0.00    5.33 v _4146_/B (sky130_fd_sc_hd__nor2_4)
                  0.36    0.33    5.66 ^ _4146_/Y (sky130_fd_sc_hd__nor2_4)
    18    0.06                           _0786_ (net)
                  0.36    0.00    5.66 ^ _4147_/A (sky130_fd_sc_hd__buf_4)
                  0.18    0.31    5.97 ^ _4147_/X (sky130_fd_sc_hd__buf_4)
    20    0.06                           net217 (net)
                  0.18    0.01    5.97 ^ output217/A (sky130_fd_sc_hd__buf_2)
                  0.17    0.25    6.23 ^ output217/X (sky130_fd_sc_hd__buf_2)
     1    0.03                           o_req_ppl_submit (net)
                  0.17    0.00    6.23 ^ o_req_ppl_submit (out)
                                  6.23   data arrival time

                         10.00   10.00   clock i_clk (rise edge)
                          0.00   10.00   clock network delay (propagated)
                         -0.25    9.75   clock uncertainty
                          0.00    9.75   clock reconvergence pessimism
                         -2.00    7.75   output external delay
                                  7.75   data required time
-----------------------------------------------------------------------------
                                  7.75   data required time
                                 -6.23   data arrival time
-----------------------------------------------------------------------------
                                  1.52   slack (MET)


