OpenROAD 7f00621cb612fd94e15b35790afe744c89d433a7 
This program is licensed under the BSD-3 license. See the LICENSE file for details.
Components of this program may be licensed under more restrictive licenses which must be honored.
[INFO]: Setting signal min routing layer to: met1 and clock min routing layer to met1. 
[INFO]: Setting signal max routing layer to: met4 and clock max routing layer to met4. 
-congestion_iterations 50 -verbose
[INFO GRT-0020] Min routing layer: met1
[INFO GRT-0021] Max routing layer: met4
[INFO GRT-0022] Global adjustment: 30%
[INFO GRT-0023] Grid origin: (0, 0)
[INFO GRT-0043] No OR_DEFAULT vias defined.
[INFO GRT-0088] Layer li1     Track-Pitch = 0.4600  line-2-Via Pitch: 0.3400
[INFO GRT-0088] Layer met1    Track-Pitch = 0.3400  line-2-Via Pitch: 0.3400
[INFO GRT-0088] Layer met2    Track-Pitch = 0.4600  line-2-Via Pitch: 0.3500
[INFO GRT-0088] Layer met3    Track-Pitch = 0.6800  line-2-Via Pitch: 0.6150
[INFO GRT-0088] Layer met4    Track-Pitch = 0.9200  line-2-Via Pitch: 0.6150
[INFO GRT-0019] Found 107 clock nets.
[INFO GRT-0001] Minimum degree: 2
[INFO GRT-0002] Maximum degree: 19
[INFO GRT-0003] Macros: 0
[INFO GRT-0004] Blockages: 7682

[INFO GRT-0053] Routing resources analysis:
          Routing      Original      Derated      Resource
Layer     Direction    Resources     Resources    Reduction (%)
---------------------------------------------------------------
li1        Vertical            0             0          0.00%
met1       Horizontal     103680         60279          41.86%
met2       Vertical        77760         51765          33.43%
met3       Horizontal      51840         36210          30.15%
met4       Vertical        36288         20874          42.48%
---------------------------------------------------------------

[INFO GRT-0197] Via related to pin nodes: 22607
[INFO GRT-0198] Via related Steiner nodes: 875
[INFO GRT-0199] Via filling finished.
[INFO GRT-0111] Final number of vias: 26888
[INFO GRT-0112] Final usage 3D: 119670

[INFO GRT-0096] Final congestion report:
Layer         Resource        Demand        Usage (%)    Max H / Max V / Total Overflow
---------------------------------------------------------------------------------------
li1                  0             0            0.00%             0 /  0 /  0
met1             60279         19302           32.02%             0 /  0 /  0
met2             51765         18408           35.56%             0 /  0 /  0
met3             36210           512            1.41%             0 /  0 /  0
met4             20874           784            3.76%             0 /  0 /  0
---------------------------------------------------------------------------------------
Total           169128         39006           23.06%             0 /  0 /  0

[INFO GRT-0018] Total wirelength: 372689 um
[INFO GRT-0014] Routed nets: 4863
[INFO]: Setting RC values...
[INFO GRT-0009] rerouting 5 nets.
[INFO GRT-0001] Minimum degree: 3
[INFO GRT-0002] Maximum degree: 5
[INFO GRT-0009] rerouting 5 nets.
[INFO GRT-0001] Minimum degree: 3
[INFO GRT-0002] Maximum degree: 6
[INFO GRT-0009] rerouting 4 nets.
[INFO GRT-0001] Minimum degree: 3
[INFO GRT-0002] Maximum degree: 5
[INFO GRT-0009] rerouting 3 nets.
[INFO GRT-0001] Minimum degree: 2
[INFO GRT-0002] Maximum degree: 5
[INFO GRT-0009] rerouting 4 nets.
[INFO GRT-0001] Minimum degree: 3
[INFO GRT-0002] Maximum degree: 5
[INFO GRT-0009] rerouting 4 nets.
[INFO GRT-0001] Minimum degree: 4
[INFO GRT-0002] Maximum degree: 11
[INFO GRT-0009] rerouting 2 nets.
[INFO GRT-0001] Minimum degree: 4
[INFO GRT-0002] Maximum degree: 11
[INFO GRT-0009] rerouting 2 nets.
[INFO GRT-0001] Minimum degree: 6
[INFO GRT-0002] Maximum degree: 7
[INFO GRT-0009] rerouting 2 nets.
[INFO GRT-0001] Minimum degree: 6
[INFO GRT-0002] Maximum degree: 7
[INFO GRT-0009] rerouting 2 nets.
[INFO GRT-0001] Minimum degree: 4
[INFO GRT-0002] Maximum degree: 11
[INFO GRT-0009] rerouting 4 nets.
[INFO GRT-0001] Minimum degree: 4
[INFO GRT-0002] Maximum degree: 11
[INFO GRT-0009] rerouting 4 nets.
[INFO GRT-0001] Minimum degree: 3
[INFO GRT-0002] Maximum degree: 5
[INFO GRT-0009] rerouting 5 nets.
[INFO GRT-0001] Minimum degree: 3
[INFO GRT-0002] Maximum degree: 6
[INFO GRT-0009] rerouting 2 nets.
[INFO GRT-0001] Minimum degree: 4
[INFO GRT-0002] Maximum degree: 11
[INFO GRT-0009] rerouting 3 nets.
[INFO GRT-0001] Minimum degree: 3
[INFO GRT-0002] Maximum degree: 3
[INFO GRT-0009] rerouting 5 nets.
[INFO GRT-0001] Minimum degree: 3
[INFO GRT-0002] Maximum degree: 5
[INFO GRT-0009] rerouting 5 nets.
[INFO GRT-0001] Minimum degree: 3
[INFO GRT-0002] Maximum degree: 6
[INFO GRT-0009] rerouting 3 nets.
[INFO GRT-0001] Minimum degree: 4
[INFO GRT-0002] Maximum degree: 8
[INFO GRT-0009] rerouting 5 nets.
[INFO GRT-0001] Minimum degree: 3
[INFO GRT-0002] Maximum degree: 5
[INFO GRT-0009] rerouting 2 nets.
[INFO GRT-0001] Minimum degree: 11
[INFO GRT-0002] Maximum degree: 11
[INFO GRT-0009] rerouting 2 nets.
[INFO GRT-0001] Minimum degree: 4
[INFO GRT-0002] Maximum degree: 11
[INFO GRT-0009] rerouting 2 nets.
[INFO GRT-0001] Minimum degree: 4
[INFO GRT-0002] Maximum degree: 11
[INFO GRT-0009] rerouting 6 nets.
[INFO GRT-0001] Minimum degree: 2
[INFO GRT-0002] Maximum degree: 11
[INFO GRT-0009] rerouting 4 nets.
[INFO GRT-0001] Minimum degree: 3
[INFO GRT-0002] Maximum degree: 5
[INFO GRT-0009] rerouting 4 nets.
[INFO GRT-0001] Minimum degree: 2
[INFO GRT-0002] Maximum degree: 11
[INFO GRT-0009] rerouting 2 nets.
[INFO GRT-0001] Minimum degree: 4
[INFO GRT-0002] Maximum degree: 11
[INFO GRT-0009] rerouting 2 nets.
[INFO GRT-0001] Minimum degree: 4
[INFO GRT-0002] Maximum degree: 11
[INFO GRT-0009] rerouting 3 nets.
[INFO GRT-0001] Minimum degree: 2
[INFO GRT-0002] Maximum degree: 4
[INFO GRT-0009] rerouting 2 nets.
[INFO GRT-0001] Minimum degree: 4
[INFO GRT-0002] Maximum degree: 11
[INFO GRT-0009] rerouting 2 nets.
[INFO GRT-0001] Minimum degree: 4
[INFO GRT-0002] Maximum degree: 11
[INFO GRT-0009] rerouting 2 nets.
[INFO GRT-0001] Minimum degree: 4
[INFO GRT-0002] Maximum degree: 11
[INFO GRT-0009] rerouting 2 nets.
[INFO GRT-0001] Minimum degree: 4
[INFO GRT-0002] Maximum degree: 11
[INFO GRT-0009] rerouting 3 nets.
[INFO GRT-0001] Minimum degree: 2
[INFO GRT-0002] Maximum degree: 8
[INFO GRT-0009] rerouting 2 nets.
[INFO GRT-0001] Minimum degree: 4
[INFO GRT-0002] Maximum degree: 11
[INFO GRT-0009] rerouting 2 nets.
[INFO GRT-0001] Minimum degree: 6
[INFO GRT-0002] Maximum degree: 7
[INFO GRT-0009] rerouting 2 nets.
[INFO GRT-0001] Minimum degree: 6
[INFO GRT-0002] Maximum degree: 7
[INFO RSZ-0040] Inserted 2 buffers.
[INFO RSZ-0041] Resized 32 instances.
[INFO RSZ-0033] No hold violations found.
Placement Analysis
---------------------------------
total displacement         26.8 u
average displacement        0.0 u
max displacement            4.6 u
original HPWL          232826.9 u
legalized HPWL         236855.0 u
delta HPWL                    2 %

[INFO DPL-0020] Mirrored 1896 instances
[INFO DPL-0021] HPWL before          236855.0 u
[INFO DPL-0022] HPWL after           232845.4 u
[INFO DPL-0023] HPWL delta               -1.7 %
Setting global connections for newly added cells...
Writing OpenROAD database to /home/piotro/caravel_user_project/openlane/core/runs/22_12_26_19_07/tmp/12-core.odb...
Writing netlist to /home/piotro/caravel_user_project/openlane/core/runs/22_12_26_19_07/tmp/12-core.nl.v...
Writing powered netlist to /home/piotro/caravel_user_project/openlane/core/runs/22_12_26_19_07/tmp/12-core.pnl.v...
Writing layout to /home/piotro/caravel_user_project/openlane/core/runs/22_12_26_19_07/tmp/12-core.def...
Writing timing constraints to /home/piotro/caravel_user_project/openlane/core/runs/22_12_26_19_07/tmp/12-core.sdc...
min_report

===========================================================================
report_checks -path_delay min (Hold)
============================================================================
Startpoint: _8190_ (rising edge-triggered flip-flop clocked by i_clk)
Endpoint: _7840_ (rising edge-triggered flip-flop clocked by i_clk)
Path Group: i_clk
Path Type: min

Fanout     Cap    Slew   Delay    Time   Description
-----------------------------------------------------------------------------
                          0.00    0.00   clock i_clk (rise edge)
                          0.00    0.00   clock source latency
                  0.20    0.14    0.14 ^ i_clk (in)
     1    0.04                           i_clk (net)
                  0.20    0.00    0.14 ^ clkbuf_0_i_clk/A (sky130_fd_sc_hd__clkbuf_16)
                  0.05    0.17    0.31 ^ clkbuf_0_i_clk/X (sky130_fd_sc_hd__clkbuf_16)
     2    0.02                           clknet_0_i_clk (net)
                  0.05    0.00    0.31 ^ clkbuf_1_1_0_i_clk/A (sky130_fd_sc_hd__clkbuf_8)
                  0.06    0.13    0.44 ^ clkbuf_1_1_0_i_clk/X (sky130_fd_sc_hd__clkbuf_8)
     2    0.02                           clknet_1_1_0_i_clk (net)
                  0.06    0.00    0.44 ^ clkbuf_2_2_0_i_clk/A (sky130_fd_sc_hd__clkbuf_8)
                  0.05    0.13    0.56 ^ clkbuf_2_2_0_i_clk/X (sky130_fd_sc_hd__clkbuf_8)
     2    0.02                           clknet_2_2_0_i_clk (net)
                  0.05    0.00    0.57 ^ clkbuf_3_4_0_i_clk/A (sky130_fd_sc_hd__clkbuf_8)
                  0.19    0.22    0.79 ^ clkbuf_3_4_0_i_clk/X (sky130_fd_sc_hd__clkbuf_8)
    10    0.11                           clknet_3_4_0_i_clk (net)
                  0.19    0.00    0.79 ^ _8190_/CLK (sky130_fd_sc_hd__dfxtp_4)
                  0.14    0.44    1.23 ^ _8190_/Q (sky130_fd_sc_hd__dfxtp_4)
     6    0.05                           decode.i_flush (net)
                  0.14    0.00    1.24 ^ _4157_/A (sky130_fd_sc_hd__nor2_4)
                  0.06    0.08    1.32 v _4157_/Y (sky130_fd_sc_hd__nor2_4)
     4    0.03                           _0788_ (net)
                  0.06    0.00    1.32 v _4778_/B1 (sky130_fd_sc_hd__o211a_1)
                  0.03    0.12    1.44 v _4778_/X (sky130_fd_sc_hd__o211a_1)
     1    0.00                           _0084_ (net)
                  0.03    0.00    1.45 v _7840_/D (sky130_fd_sc_hd__dfxtp_2)
                                  1.45   data arrival time

                          0.00    0.00   clock i_clk (rise edge)
                          0.00    0.00   clock source latency
                  0.20    0.15    0.15 ^ i_clk (in)
     1    0.04                           i_clk (net)
                  0.20    0.00    0.15 ^ clkbuf_0_i_clk/A (sky130_fd_sc_hd__clkbuf_16)
                  0.05    0.19    0.34 ^ clkbuf_0_i_clk/X (sky130_fd_sc_hd__clkbuf_16)
     2    0.02                           clknet_0_i_clk (net)
                  0.05    0.00    0.34 ^ clkbuf_1_1_0_i_clk/A (sky130_fd_sc_hd__clkbuf_8)
                  0.06    0.14    0.48 ^ clkbuf_1_1_0_i_clk/X (sky130_fd_sc_hd__clkbuf_8)
     2    0.02                           clknet_1_1_0_i_clk (net)
                  0.06    0.00    0.48 ^ clkbuf_2_2_0_i_clk/A (sky130_fd_sc_hd__clkbuf_8)
                  0.05    0.14    0.62 ^ clkbuf_2_2_0_i_clk/X (sky130_fd_sc_hd__clkbuf_8)
     2    0.02                           clknet_2_2_0_i_clk (net)
                  0.05    0.00    0.62 ^ clkbuf_3_5_0_i_clk/A (sky130_fd_sc_hd__clkbuf_8)
                  0.27    0.31    0.93 ^ clkbuf_3_5_0_i_clk/X (sky130_fd_sc_hd__clkbuf_8)
    15    0.16                           clknet_3_5_0_i_clk (net)
                  0.27    0.01    0.94 ^ clkbuf_leaf_51_i_clk/A (sky130_fd_sc_hd__clkbuf_16)
                  0.04    0.20    1.14 ^ clkbuf_leaf_51_i_clk/X (sky130_fd_sc_hd__clkbuf_16)
     5    0.02                           clknet_leaf_51_i_clk (net)
                  0.04    0.00    1.14 ^ _7840_/CLK (sky130_fd_sc_hd__dfxtp_2)
                          0.25    1.39   clock uncertainty
                         -0.06    1.33   clock reconvergence pessimism
                         -0.04    1.29   library hold time
                                  1.29   data required time
-----------------------------------------------------------------------------
                                  1.29   data required time
                                 -1.45   data arrival time
-----------------------------------------------------------------------------
                                  0.15   slack (MET)


Startpoint: _8055_ (rising edge-triggered flip-flop clocked by i_clk)
Endpoint: _8039_ (rising edge-triggered flip-flop clocked by i_clk)
Path Group: i_clk
Path Type: min

Fanout     Cap    Slew   Delay    Time   Description
-----------------------------------------------------------------------------
                          0.00    0.00   clock i_clk (rise edge)
                          0.00    0.00   clock source latency
                  0.20    0.14    0.14 ^ i_clk (in)
     1    0.04                           i_clk (net)
                  0.20    0.00    0.14 ^ clkbuf_0_i_clk/A (sky130_fd_sc_hd__clkbuf_16)
                  0.05    0.17    0.31 ^ clkbuf_0_i_clk/X (sky130_fd_sc_hd__clkbuf_16)
     2    0.02                           clknet_0_i_clk (net)
                  0.05    0.00    0.31 ^ clkbuf_1_0_0_i_clk/A (sky130_fd_sc_hd__clkbuf_8)
                  0.06    0.13    0.44 ^ clkbuf_1_0_0_i_clk/X (sky130_fd_sc_hd__clkbuf_8)
     2    0.03                           clknet_1_0_0_i_clk (net)
                  0.06    0.00    0.44 ^ clkbuf_2_1_0_i_clk/A (sky130_fd_sc_hd__clkbuf_8)
                  0.05    0.13    0.57 ^ clkbuf_2_1_0_i_clk/X (sky130_fd_sc_hd__clkbuf_8)
     2    0.02                           clknet_2_1_0_i_clk (net)
                  0.05    0.00    0.57 ^ clkbuf_3_3_0_i_clk/A (sky130_fd_sc_hd__clkbuf_8)
                  0.16    0.21    0.78 ^ clkbuf_3_3_0_i_clk/X (sky130_fd_sc_hd__clkbuf_8)
     9    0.09                           clknet_3_3_0_i_clk (net)
                  0.16    0.00    0.78 ^ clkbuf_leaf_8_i_clk/A (sky130_fd_sc_hd__clkbuf_16)
                  0.04    0.16    0.94 ^ clkbuf_leaf_8_i_clk/X (sky130_fd_sc_hd__clkbuf_16)
     6    0.02                           clknet_leaf_8_i_clk (net)
                  0.04    0.00    0.94 ^ _8055_/CLK (sky130_fd_sc_hd__dfxtp_1)
                  0.10    0.33    1.27 ^ _8055_/Q (sky130_fd_sc_hd__dfxtp_1)
     3    0.02                           execute.alu_mul_div.mul_res[15] (net)
                  0.10    0.00    1.27 ^ _6997_/A (sky130_fd_sc_hd__xnor2_1)
                  0.04    0.08    1.35 v _6997_/Y (sky130_fd_sc_hd__xnor2_1)
     1    0.00                           _0270_ (net)
                  0.04    0.00    1.35 v _8039_/D (sky130_fd_sc_hd__dfxtp_1)
                                  1.35   data arrival time

                          0.00    0.00   clock i_clk (rise edge)
                          0.00    0.00   clock source latency
                  0.20    0.15    0.15 ^ i_clk (in)
     1    0.04                           i_clk (net)
                  0.20    0.00    0.15 ^ clkbuf_0_i_clk/A (sky130_fd_sc_hd__clkbuf_16)
                  0.05    0.19    0.34 ^ clkbuf_0_i_clk/X (sky130_fd_sc_hd__clkbuf_16)
     2    0.02                           clknet_0_i_clk (net)
                  0.05    0.00    0.34 ^ clkbuf_1_0_0_i_clk/A (sky130_fd_sc_hd__clkbuf_8)
                  0.06    0.15    0.48 ^ clkbuf_1_0_0_i_clk/X (sky130_fd_sc_hd__clkbuf_8)
     2    0.03                           clknet_1_0_0_i_clk (net)
                  0.06    0.00    0.49 ^ clkbuf_2_1_0_i_clk/A (sky130_fd_sc_hd__clkbuf_8)
                  0.05    0.14    0.63 ^ clkbuf_2_1_0_i_clk/X (sky130_fd_sc_hd__clkbuf_8)
     2    0.02                           clknet_2_1_0_i_clk (net)
                  0.05    0.00    0.63 ^ clkbuf_3_3_0_i_clk/A (sky130_fd_sc_hd__clkbuf_8)
                  0.16    0.23    0.86 ^ clkbuf_3_3_0_i_clk/X (sky130_fd_sc_hd__clkbuf_8)
     9    0.09                           clknet_3_3_0_i_clk (net)
                  0.16    0.00    0.86 ^ clkbuf_leaf_5_i_clk/A (sky130_fd_sc_hd__clkbuf_16)
                  0.05    0.18    1.04 ^ clkbuf_leaf_5_i_clk/X (sky130_fd_sc_hd__clkbuf_16)
     8    0.03                           clknet_leaf_5_i_clk (net)
                  0.05    0.00    1.04 ^ _8039_/CLK (sky130_fd_sc_hd__dfxtp_1)
                          0.25    1.29   clock uncertainty
                         -0.08    1.21   clock reconvergence pessimism
                         -0.05    1.16   library hold time
                                  1.16   data required time
-----------------------------------------------------------------------------
                                  1.16   data required time
                                 -1.35   data arrival time
-----------------------------------------------------------------------------
                                  0.19   slack (MET)


Startpoint: _7797_ (rising edge-triggered flip-flop clocked by i_clk)
Endpoint: _7914_ (rising edge-triggered flip-flop clocked by i_clk)
Path Group: i_clk
Path Type: min

Fanout     Cap    Slew   Delay    Time   Description
-----------------------------------------------------------------------------
                          0.00    0.00   clock i_clk (rise edge)
                          0.00    0.00   clock source latency
                  0.20    0.14    0.14 ^ i_clk (in)
     1    0.04                           i_clk (net)
                  0.20    0.00    0.14 ^ clkbuf_0_i_clk/A (sky130_fd_sc_hd__clkbuf_16)
                  0.05    0.17    0.31 ^ clkbuf_0_i_clk/X (sky130_fd_sc_hd__clkbuf_16)
     2    0.02                           clknet_0_i_clk (net)
                  0.05    0.00    0.31 ^ clkbuf_1_1_0_i_clk/A (sky130_fd_sc_hd__clkbuf_8)
                  0.06    0.13    0.44 ^ clkbuf_1_1_0_i_clk/X (sky130_fd_sc_hd__clkbuf_8)
     2    0.02                           clknet_1_1_0_i_clk (net)
                  0.06    0.00    0.44 ^ clkbuf_2_2_0_i_clk/A (sky130_fd_sc_hd__clkbuf_8)
                  0.05    0.13    0.56 ^ clkbuf_2_2_0_i_clk/X (sky130_fd_sc_hd__clkbuf_8)
     2    0.02                           clknet_2_2_0_i_clk (net)
                  0.05    0.00    0.57 ^ clkbuf_3_4_0_i_clk/A (sky130_fd_sc_hd__clkbuf_8)
                  0.19    0.22    0.79 ^ clkbuf_3_4_0_i_clk/X (sky130_fd_sc_hd__clkbuf_8)
    10    0.11                           clknet_3_4_0_i_clk (net)
                  0.19    0.00    0.79 ^ clkbuf_leaf_49_i_clk/A (sky130_fd_sc_hd__clkbuf_16)
                  0.04    0.16    0.96 ^ clkbuf_leaf_49_i_clk/X (sky130_fd_sc_hd__clkbuf_16)
     5    0.02                           clknet_leaf_49_i_clk (net)
                  0.04    0.00    0.96 ^ _7797_/CLK (sky130_fd_sc_hd__dfxtp_2)
                  0.15    0.38    1.33 ^ _7797_/Q (sky130_fd_sc_hd__dfxtp_2)
     7    0.03                           decode.i_instr_l[8] (net)
                  0.15    0.00    1.33 ^ _5282_/B2 (sky130_fd_sc_hd__a22o_1)
                  0.04    0.13    1.46 ^ _5282_/X (sky130_fd_sc_hd__a22o_1)
     1    0.00                           _0145_ (net)
                  0.04    0.00    1.46 ^ _7914_/D (sky130_fd_sc_hd__dfxtp_1)
                                  1.46   data arrival time

                          0.00    0.00   clock i_clk (rise edge)
                          0.00    0.00   clock source latency
                  0.20    0.15    0.15 ^ i_clk (in)
     1    0.04                           i_clk (net)
                  0.20    0.00    0.15 ^ clkbuf_0_i_clk/A (sky130_fd_sc_hd__clkbuf_16)
                  0.05    0.19    0.34 ^ clkbuf_0_i_clk/X (sky130_fd_sc_hd__clkbuf_16)
     2    0.02                           clknet_0_i_clk (net)
                  0.05    0.00    0.34 ^ clkbuf_1_0_0_i_clk/A (sky130_fd_sc_hd__clkbuf_8)
                  0.06    0.15    0.48 ^ clkbuf_1_0_0_i_clk/X (sky130_fd_sc_hd__clkbuf_8)
     2    0.03                           clknet_1_0_0_i_clk (net)
                  0.06    0.00    0.49 ^ clkbuf_2_0_0_i_clk/A (sky130_fd_sc_hd__clkbuf_8)
                  0.05    0.14    0.63 ^ clkbuf_2_0_0_i_clk/X (sky130_fd_sc_hd__clkbuf_8)
     2    0.02                           clknet_2_0_0_i_clk (net)
                  0.05    0.00    0.63 ^ clkbuf_3_1_0_i_clk/A (sky130_fd_sc_hd__clkbuf_8)
                  0.21    0.27    0.89 ^ clkbuf_3_1_0_i_clk/X (sky130_fd_sc_hd__clkbuf_8)
    12    0.12                           clknet_3_1_0_i_clk (net)
                  0.21    0.01    0.90 ^ clkbuf_leaf_76_i_clk/A (sky130_fd_sc_hd__clkbuf_16)
                  0.04    0.19    1.09 ^ clkbuf_leaf_76_i_clk/X (sky130_fd_sc_hd__clkbuf_16)
     6    0.02                           clknet_leaf_76_i_clk (net)
                  0.04    0.00    1.09 ^ _7914_/CLK (sky130_fd_sc_hd__dfxtp_1)
                          0.25    1.34   clock uncertainty
                         -0.03    1.31   clock reconvergence pessimism
                         -0.03    1.28   library hold time
                                  1.28   data required time
-----------------------------------------------------------------------------
                                  1.28   data required time
                                 -1.46   data arrival time
-----------------------------------------------------------------------------
                                  0.19   slack (MET)


Startpoint: _8040_ (rising edge-triggered flip-flop clocked by i_clk)
Endpoint: _8024_ (rising edge-triggered flip-flop clocked by i_clk)
Path Group: i_clk
Path Type: min

Fanout     Cap    Slew   Delay    Time   Description
-----------------------------------------------------------------------------
                          0.00    0.00   clock i_clk (rise edge)
                          0.00    0.00   clock source latency
                  0.20    0.14    0.14 ^ i_clk (in)
     1    0.04                           i_clk (net)
                  0.20    0.00    0.14 ^ clkbuf_0_i_clk/A (sky130_fd_sc_hd__clkbuf_16)
                  0.05    0.17    0.31 ^ clkbuf_0_i_clk/X (sky130_fd_sc_hd__clkbuf_16)
     2    0.02                           clknet_0_i_clk (net)
                  0.05    0.00    0.31 ^ clkbuf_1_0_0_i_clk/A (sky130_fd_sc_hd__clkbuf_8)
                  0.06    0.13    0.44 ^ clkbuf_1_0_0_i_clk/X (sky130_fd_sc_hd__clkbuf_8)
     2    0.03                           clknet_1_0_0_i_clk (net)
                  0.06    0.00    0.44 ^ clkbuf_2_1_0_i_clk/A (sky130_fd_sc_hd__clkbuf_8)
                  0.05    0.13    0.57 ^ clkbuf_2_1_0_i_clk/X (sky130_fd_sc_hd__clkbuf_8)
     2    0.02                           clknet_2_1_0_i_clk (net)
                  0.05    0.00    0.57 ^ clkbuf_3_3_0_i_clk/A (sky130_fd_sc_hd__clkbuf_8)
                  0.16    0.21    0.78 ^ clkbuf_3_3_0_i_clk/X (sky130_fd_sc_hd__clkbuf_8)
     9    0.09                           clknet_3_3_0_i_clk (net)
                  0.16    0.00    0.78 ^ clkbuf_leaf_7_i_clk/A (sky130_fd_sc_hd__clkbuf_16)
                  0.04    0.16    0.94 ^ clkbuf_leaf_7_i_clk/X (sky130_fd_sc_hd__clkbuf_16)
     7    0.02                           clknet_leaf_7_i_clk (net)
                  0.04    0.00    0.94 ^ _8040_/CLK (sky130_fd_sc_hd__dfxtp_1)
                  0.10    0.33    1.27 ^ _8040_/Q (sky130_fd_sc_hd__dfxtp_1)
     4    0.02                           execute.alu_mul_div.mul_res[0] (net)
                  0.10    0.00    1.27 ^ _6855_/A (sky130_fd_sc_hd__xnor2_1)
                  0.03    0.08    1.35 v _6855_/Y (sky130_fd_sc_hd__xnor2_1)
     1    0.00                           _0255_ (net)
                  0.03    0.00    1.35 v _8024_/D (sky130_fd_sc_hd__dfxtp_1)
                                  1.35   data arrival time

                          0.00    0.00   clock i_clk (rise edge)
                          0.00    0.00   clock source latency
                  0.20    0.15    0.15 ^ i_clk (in)
     1    0.04                           i_clk (net)
                  0.20    0.00    0.15 ^ clkbuf_0_i_clk/A (sky130_fd_sc_hd__clkbuf_16)
                  0.05    0.19    0.34 ^ clkbuf_0_i_clk/X (sky130_fd_sc_hd__clkbuf_16)
     2    0.02                           clknet_0_i_clk (net)
                  0.05    0.00    0.34 ^ clkbuf_1_0_0_i_clk/A (sky130_fd_sc_hd__clkbuf_8)
                  0.06    0.15    0.48 ^ clkbuf_1_0_0_i_clk/X (sky130_fd_sc_hd__clkbuf_8)
     2    0.03                           clknet_1_0_0_i_clk (net)
                  0.06    0.00    0.49 ^ clkbuf_2_1_0_i_clk/A (sky130_fd_sc_hd__clkbuf_8)
                  0.05    0.14    0.63 ^ clkbuf_2_1_0_i_clk/X (sky130_fd_sc_hd__clkbuf_8)
     2    0.02                           clknet_2_1_0_i_clk (net)
                  0.05    0.00    0.63 ^ clkbuf_3_2_0_i_clk/A (sky130_fd_sc_hd__clkbuf_8)
                  0.16    0.23    0.85 ^ clkbuf_3_2_0_i_clk/X (sky130_fd_sc_hd__clkbuf_8)
     8    0.09                           clknet_3_2_0_i_clk (net)
                  0.16    0.00    0.86 ^ clkbuf_leaf_4_i_clk/A (sky130_fd_sc_hd__clkbuf_16)
                  0.03    0.16    1.02 ^ clkbuf_leaf_4_i_clk/X (sky130_fd_sc_hd__clkbuf_16)
     3    0.01                           clknet_leaf_4_i_clk (net)
                  0.03    0.00    1.02 ^ _8024_/CLK (sky130_fd_sc_hd__dfxtp_1)
                          0.25    1.27   clock uncertainty
                         -0.06    1.21   clock reconvergence pessimism
                         -0.05    1.16   library hold time
                                  1.16   data required time
-----------------------------------------------------------------------------
                                  1.16   data required time
                                 -1.35   data arrival time
-----------------------------------------------------------------------------
                                  0.19   slack (MET)


Startpoint: _7986_ (rising edge-triggered flip-flop clocked by i_clk)
Endpoint: _7983_ (rising edge-triggered flip-flop clocked by i_clk)
Path Group: i_clk
Path Type: min

Fanout     Cap    Slew   Delay    Time   Description
-----------------------------------------------------------------------------
                          0.00    0.00   clock i_clk (rise edge)
                          0.00    0.00   clock source latency
                  0.20    0.14    0.14 ^ i_clk (in)
     1    0.04                           i_clk (net)
                  0.20    0.00    0.14 ^ clkbuf_0_i_clk/A (sky130_fd_sc_hd__clkbuf_16)
                  0.05    0.17    0.31 ^ clkbuf_0_i_clk/X (sky130_fd_sc_hd__clkbuf_16)
     2    0.02                           clknet_0_i_clk (net)
                  0.05    0.00    0.31 ^ clkbuf_1_1_0_i_clk/A (sky130_fd_sc_hd__clkbuf_8)
                  0.06    0.13    0.44 ^ clkbuf_1_1_0_i_clk/X (sky130_fd_sc_hd__clkbuf_8)
     2    0.02                           clknet_1_1_0_i_clk (net)
                  0.06    0.00    0.44 ^ clkbuf_2_3_0_i_clk/A (sky130_fd_sc_hd__clkbuf_8)
                  0.05    0.13    0.57 ^ clkbuf_2_3_0_i_clk/X (sky130_fd_sc_hd__clkbuf_8)
     2    0.02                           clknet_2_3_0_i_clk (net)
                  0.05    0.00    0.57 ^ clkbuf_3_7_0_i_clk/A (sky130_fd_sc_hd__clkbuf_8)
                  0.32    0.31    0.88 ^ clkbuf_3_7_0_i_clk/X (sky130_fd_sc_hd__clkbuf_8)
    18    0.19                           clknet_3_7_0_i_clk (net)
                  0.32    0.01    0.89 ^ clkbuf_leaf_25_i_clk/A (sky130_fd_sc_hd__clkbuf_16)
                  0.05    0.20    1.09 ^ clkbuf_leaf_25_i_clk/X (sky130_fd_sc_hd__clkbuf_16)
     7    0.02                           clknet_leaf_25_i_clk (net)
                  0.05    0.00    1.09 ^ _7986_/CLK (sky130_fd_sc_hd__dfxtp_1)
                  0.04    0.29    1.38 v _7986_/Q (sky130_fd_sc_hd__dfxtp_1)
     2    0.01                           execute.sreg_jtr_buff.o_d[2] (net)
                  0.04    0.00    1.38 v _5491_/A (sky130_fd_sc_hd__nand2_1)
                  0.05    0.06    1.44 ^ _5491_/Y (sky130_fd_sc_hd__nand2_1)
     1    0.00                           _1852_ (net)
                  0.05    0.00    1.44 ^ _5492_/A2 (sky130_fd_sc_hd__a21oi_1)
                  0.04    0.05    1.49 v _5492_/Y (sky130_fd_sc_hd__a21oi_1)
     1    0.00                           _0214_ (net)
                  0.04    0.00    1.49 v _7983_/D (sky130_fd_sc_hd__dfxtp_4)
                                  1.49   data arrival time

                          0.00    0.00   clock i_clk (rise edge)
                          0.00    0.00   clock source latency
                  0.20    0.15    0.15 ^ i_clk (in)
     1    0.04                           i_clk (net)
                  0.20    0.00    0.15 ^ clkbuf_0_i_clk/A (sky130_fd_sc_hd__clkbuf_16)
                  0.05    0.19    0.34 ^ clkbuf_0_i_clk/X (sky130_fd_sc_hd__clkbuf_16)
     2    0.02                           clknet_0_i_clk (net)
                  0.05    0.00    0.34 ^ clkbuf_1_1_0_i_clk/A (sky130_fd_sc_hd__clkbuf_8)
                  0.06    0.14    0.48 ^ clkbuf_1_1_0_i_clk/X (sky130_fd_sc_hd__clkbuf_8)
     2    0.02                           clknet_1_1_0_i_clk (net)
                  0.06    0.00    0.48 ^ clkbuf_2_3_0_i_clk/A (sky130_fd_sc_hd__clkbuf_8)
                  0.05    0.15    0.63 ^ clkbuf_2_3_0_i_clk/X (sky130_fd_sc_hd__clkbuf_8)
     2    0.02                           clknet_2_3_0_i_clk (net)
                  0.05    0.00    0.63 ^ clkbuf_3_7_0_i_clk/A (sky130_fd_sc_hd__clkbuf_8)
                  0.32    0.34    0.98 ^ clkbuf_3_7_0_i_clk/X (sky130_fd_sc_hd__clkbuf_8)
    18    0.19                           clknet_3_7_0_i_clk (net)
                  0.32    0.01    0.98 ^ clkbuf_leaf_25_i_clk/A (sky130_fd_sc_hd__clkbuf_16)
                  0.05    0.22    1.20 ^ clkbuf_leaf_25_i_clk/X (sky130_fd_sc_hd__clkbuf_16)
     7    0.02                           clknet_leaf_25_i_clk (net)
                  0.05    0.00    1.20 ^ _7983_/CLK (sky130_fd_sc_hd__dfxtp_4)
                          0.25    1.45   clock uncertainty
                         -0.11    1.34   clock reconvergence pessimism
                         -0.04    1.30   library hold time
                                  1.30   data required time
-----------------------------------------------------------------------------
                                  1.30   data required time
                                 -1.49   data arrival time
-----------------------------------------------------------------------------
                                  0.19   slack (MET)


min_report_end
max_report

===========================================================================
report_checks -path_delay max (Setup)
============================================================================
Startpoint: _7910_ (rising edge-triggered flip-flop clocked by i_clk)
Endpoint: _8232_ (rising edge-triggered flip-flop clocked by i_clk)
Path Group: i_clk
Path Type: max

Fanout     Cap    Slew   Delay    Time   Description
-----------------------------------------------------------------------------
                          0.00    0.00   clock i_clk (rise edge)
                          0.00    0.00   clock source latency
                  0.20    0.15    0.15 ^ i_clk (in)
     1    0.04                           i_clk (net)
                  0.20    0.00    0.15 ^ clkbuf_0_i_clk/A (sky130_fd_sc_hd__clkbuf_16)
                  0.05    0.19    0.34 ^ clkbuf_0_i_clk/X (sky130_fd_sc_hd__clkbuf_16)
     2    0.02                           clknet_0_i_clk (net)
                  0.05    0.00    0.34 ^ clkbuf_1_0_0_i_clk/A (sky130_fd_sc_hd__clkbuf_8)
                  0.06    0.15    0.48 ^ clkbuf_1_0_0_i_clk/X (sky130_fd_sc_hd__clkbuf_8)
     2    0.03                           clknet_1_0_0_i_clk (net)
                  0.06    0.00    0.49 ^ clkbuf_2_1_0_i_clk/A (sky130_fd_sc_hd__clkbuf_8)
                  0.05    0.14    0.63 ^ clkbuf_2_1_0_i_clk/X (sky130_fd_sc_hd__clkbuf_8)
     2    0.02                           clknet_2_1_0_i_clk (net)
                  0.05    0.00    0.63 ^ clkbuf_3_3_0_i_clk/A (sky130_fd_sc_hd__clkbuf_8)
                  0.16    0.23    0.86 ^ clkbuf_3_3_0_i_clk/X (sky130_fd_sc_hd__clkbuf_8)
     9    0.09                           clknet_3_3_0_i_clk (net)
                  0.16    0.00    0.86 ^ clkbuf_leaf_7_i_clk/A (sky130_fd_sc_hd__clkbuf_16)
                  0.04    0.17    1.04 ^ clkbuf_leaf_7_i_clk/X (sky130_fd_sc_hd__clkbuf_16)
     7    0.02                           clknet_leaf_7_i_clk (net)
                  0.04    0.00    1.04 ^ _7910_/CLK (sky130_fd_sc_hd__dfxtp_1)
                  0.05    0.33    1.36 v _7910_/Q (sky130_fd_sc_hd__dfxtp_1)
     3    0.01                           decode.oc_r_reg_sel[1] (net)
                  0.05    0.00    1.36 v _3850_/A (sky130_fd_sc_hd__buf_4)
                  0.05    0.17    1.53 v _3850_/X (sky130_fd_sc_hd__buf_4)
    10    0.03                           _0507_ (net)
                  0.05    0.00    1.54 v _3985_/D (sky130_fd_sc_hd__and4_1)
                  0.04    0.21    1.75 v _3985_/X (sky130_fd_sc_hd__and4_1)
     1    0.00                           _0631_ (net)
                  0.04    0.00    1.75 v _3988_/B1 (sky130_fd_sc_hd__a2111o_1)
                  0.09    0.44    2.19 v _3988_/X (sky130_fd_sc_hd__a2111o_1)
     1    0.01                           _0634_ (net)
                  0.09    0.00    2.19 v _3989_/A3 (sky130_fd_sc_hd__o32ai_4)
                  1.00    0.86    3.05 ^ _3989_/Y (sky130_fd_sc_hd__o32ai_4)
     8    0.10                           _0635_ (net)
                  1.00    0.02    3.08 ^ _3990_/A (sky130_fd_sc_hd__clkinv_4)
                  0.25    0.28    3.36 v _3990_/Y (sky130_fd_sc_hd__clkinv_4)
     4    0.05                           net244 (net)
                  0.25    0.00    3.36 v _5097_/A1 (sky130_fd_sc_hd__mux2_4)
                  0.08    0.40    3.76 v _5097_/X (sky130_fd_sc_hd__mux2_4)
     3    0.02                           _1550_ (net)
                  0.08    0.00    3.76 v _5098_/A (sky130_fd_sc_hd__buf_12)
                  0.03    0.15    3.91 v _5098_/X (sky130_fd_sc_hd__buf_12)
     6    0.03                           _1551_ (net)
                  0.03    0.00    3.91 v _5939_/A2 (sky130_fd_sc_hd__a22o_1)
                  0.06    0.25    4.16 v _5939_/X (sky130_fd_sc_hd__a22o_1)
     2    0.01                           _2280_ (net)
                  0.06    0.00    4.16 v _5945_/B (sky130_fd_sc_hd__and3_1)
                  0.04    0.18    4.35 v _5945_/X (sky130_fd_sc_hd__and3_1)
     2    0.00                           _2286_ (net)
                  0.04    0.00    4.35 v _5946_/B1_N (sky130_fd_sc_hd__o21bai_1)
                  0.09    0.18    4.53 v _5946_/Y (sky130_fd_sc_hd__o21bai_1)
     2    0.01                           _2287_ (net)
                  0.09    0.00    4.53 v _5948_/B (sky130_fd_sc_hd__and3_4)
                  0.05    0.21    4.74 v _5948_/X (sky130_fd_sc_hd__and3_4)
     4    0.01                           _2289_ (net)
                  0.05    0.00    4.74 v _5952_/A (sky130_fd_sc_hd__or3b_4)
                  0.08    0.44    5.17 v _5952_/X (sky130_fd_sc_hd__or3b_4)
     3    0.01                           _2293_ (net)
                  0.08    0.00    5.17 v _5986_/A (sky130_fd_sc_hd__nand2_2)
                  0.06    0.09    5.26 ^ _5986_/Y (sky130_fd_sc_hd__nand2_2)
     2    0.01                           _2327_ (net)
                  0.06    0.00    5.26 ^ _5993_/B (sky130_fd_sc_hd__xnor2_1)
                  0.08    0.09    5.35 v _5993_/Y (sky130_fd_sc_hd__xnor2_1)
     2    0.01                           _2334_ (net)
                  0.08    0.00    5.35 v _5994_/B (sky130_fd_sc_hd__or2_1)
                  0.09    0.28    5.63 v _5994_/X (sky130_fd_sc_hd__or2_1)
     2    0.01                           _2335_ (net)
                  0.09    0.00    5.63 v _5996_/A2 (sky130_fd_sc_hd__a211oi_4)
                  0.31    0.38    6.02 ^ _5996_/Y (sky130_fd_sc_hd__a211oi_4)
     4    0.02                           _2337_ (net)
                  0.31    0.00    6.02 ^ _6005_/A1 (sky130_fd_sc_hd__o211a_1)
                  0.13    0.29    6.31 ^ _6005_/X (sky130_fd_sc_hd__o211a_1)
     2    0.01                           _2346_ (net)
                  0.13    0.00    6.31 ^ _6111_/B1 (sky130_fd_sc_hd__a211oi_1)
                  0.09    0.09    6.39 v _6111_/Y (sky130_fd_sc_hd__a211oi_1)
     2    0.01                           _2452_ (net)
                  0.09    0.00    6.39 v _6113_/B1 (sky130_fd_sc_hd__a211o_1)
                  0.09    0.34    6.74 v _6113_/X (sky130_fd_sc_hd__a211o_1)
     3    0.01                           _2454_ (net)
                  0.09    0.00    6.74 v _6115_/A3 (sky130_fd_sc_hd__a311o_1)
                  0.11    0.45    7.19 v _6115_/X (sky130_fd_sc_hd__a311o_1)
     3    0.02                           _2456_ (net)
                  0.11    0.00    7.19 v _6121_/A3 (sky130_fd_sc_hd__a41o_1)
                  0.10    0.33    7.52 v _6121_/X (sky130_fd_sc_hd__a41o_1)
     4    0.02                           _2462_ (net)
                  0.10    0.00    7.53 v _6338_/A2 (sky130_fd_sc_hd__a211o_1)
                  0.06    0.34    7.87 v _6338_/X (sky130_fd_sc_hd__a211o_1)
     1    0.01                           _2679_ (net)
                  0.06    0.00    7.87 v _6339_/B1 (sky130_fd_sc_hd__o311a_4)
                  0.08    0.17    8.04 v _6339_/X (sky130_fd_sc_hd__o311a_4)
     2    0.03                           _2680_ (net)
                  0.08    0.00    8.05 v _6383_/B1 (sky130_fd_sc_hd__a211o_4)
                  0.09    0.39    8.43 v _6383_/X (sky130_fd_sc_hd__a211o_4)
     5    0.03                           _2724_ (net)
                  0.09    0.00    8.43 v _6829_/B1 (sky130_fd_sc_hd__a22o_4)
                  0.08    0.29    8.72 v _6829_/X (sky130_fd_sc_hd__a22o_4)
     3    0.04                           _3151_ (net)
                  0.08    0.01    8.73 v _7644_/B2 (sky130_fd_sc_hd__a2bb2o_1)
                  0.05    0.27    9.00 v _7644_/X (sky130_fd_sc_hd__a2bb2o_1)
     1    0.00                           _3756_ (net)
                  0.05    0.00    9.00 v _7645_/A1 (sky130_fd_sc_hd__mux2_2)
                  0.07    0.30    9.30 v _7645_/X (sky130_fd_sc_hd__mux2_2)
     1    0.01                           _3757_ (net)
                  0.07    0.00    9.30 v _7646_/A0 (sky130_fd_sc_hd__mux2_1)
                  0.05    0.30    9.60 v _7646_/X (sky130_fd_sc_hd__mux2_1)
     1    0.00                           _3758_ (net)
                  0.05    0.00    9.60 v _7647_/A (sky130_fd_sc_hd__clkbuf_1)
                  0.03    0.10    9.70 v _7647_/X (sky130_fd_sc_hd__clkbuf_1)
     1    0.00                           _0462_ (net)
                  0.03    0.00    9.70 v _8232_/D (sky130_fd_sc_hd__dfxtp_1)
                                  9.70   data arrival time

                         10.00   10.00   clock i_clk (rise edge)
                          0.00   10.00   clock source latency
                  0.20    0.14   10.14 ^ i_clk (in)
     1    0.04                           i_clk (net)
                  0.20    0.00   10.14 ^ clkbuf_0_i_clk/A (sky130_fd_sc_hd__clkbuf_16)
                  0.05    0.17   10.31 ^ clkbuf_0_i_clk/X (sky130_fd_sc_hd__clkbuf_16)
     2    0.02                           clknet_0_i_clk (net)
                  0.05    0.00   10.31 ^ clkbuf_1_1_0_i_clk/A (sky130_fd_sc_hd__clkbuf_8)
                  0.06    0.13   10.44 ^ clkbuf_1_1_0_i_clk/X (sky130_fd_sc_hd__clkbuf_8)
     2    0.02                           clknet_1_1_0_i_clk (net)
                  0.06    0.00   10.44 ^ clkbuf_2_2_0_i_clk/A (sky130_fd_sc_hd__clkbuf_8)
                  0.05    0.13   10.56 ^ clkbuf_2_2_0_i_clk/X (sky130_fd_sc_hd__clkbuf_8)
     2    0.02                           clknet_2_2_0_i_clk (net)
                  0.05    0.00   10.57 ^ clkbuf_3_5_0_i_clk/A (sky130_fd_sc_hd__clkbuf_8)
                  0.27    0.28   10.84 ^ clkbuf_3_5_0_i_clk/X (sky130_fd_sc_hd__clkbuf_8)
    15    0.16                           clknet_3_5_0_i_clk (net)
                  0.27    0.00   10.85 ^ clkbuf_leaf_58_i_clk/A (sky130_fd_sc_hd__clkbuf_16)
                  0.04    0.19   11.03 ^ clkbuf_leaf_58_i_clk/X (sky130_fd_sc_hd__clkbuf_16)
     6    0.02                           clknet_leaf_58_i_clk (net)
                  0.04    0.00   11.03 ^ _8232_/CLK (sky130_fd_sc_hd__dfxtp_1)
                         -0.25   10.78   clock uncertainty
                          0.03   10.82   clock reconvergence pessimism
                         -0.10   10.71   library setup time
                                 10.71   data required time
-----------------------------------------------------------------------------
                                 10.71   data required time
                                 -9.70   data arrival time
-----------------------------------------------------------------------------
                                  1.01   slack (MET)


Startpoint: _7909_ (rising edge-triggered flip-flop clocked by i_clk)
Endpoint: _8240_ (rising edge-triggered flip-flop clocked by i_clk)
Path Group: i_clk
Path Type: max

Fanout     Cap    Slew   Delay    Time   Description
-----------------------------------------------------------------------------
                          0.00    0.00   clock i_clk (rise edge)
                          0.00    0.00   clock source latency
                  0.20    0.15    0.15 ^ i_clk (in)
     1    0.04                           i_clk (net)
                  0.20    0.00    0.15 ^ clkbuf_0_i_clk/A (sky130_fd_sc_hd__clkbuf_16)
                  0.05    0.19    0.34 ^ clkbuf_0_i_clk/X (sky130_fd_sc_hd__clkbuf_16)
     2    0.02                           clknet_0_i_clk (net)
                  0.05    0.00    0.34 ^ clkbuf_1_0_0_i_clk/A (sky130_fd_sc_hd__clkbuf_8)
                  0.06    0.15    0.48 ^ clkbuf_1_0_0_i_clk/X (sky130_fd_sc_hd__clkbuf_8)
     2    0.03                           clknet_1_0_0_i_clk (net)
                  0.06    0.00    0.49 ^ clkbuf_2_1_0_i_clk/A (sky130_fd_sc_hd__clkbuf_8)
                  0.05    0.14    0.63 ^ clkbuf_2_1_0_i_clk/X (sky130_fd_sc_hd__clkbuf_8)
     2    0.02                           clknet_2_1_0_i_clk (net)
                  0.05    0.00    0.63 ^ clkbuf_3_3_0_i_clk/A (sky130_fd_sc_hd__clkbuf_8)
                  0.16    0.23    0.86 ^ clkbuf_3_3_0_i_clk/X (sky130_fd_sc_hd__clkbuf_8)
     9    0.09                           clknet_3_3_0_i_clk (net)
                  0.16    0.00    0.86 ^ clkbuf_leaf_7_i_clk/A (sky130_fd_sc_hd__clkbuf_16)
                  0.04    0.17    1.04 ^ clkbuf_leaf_7_i_clk/X (sky130_fd_sc_hd__clkbuf_16)
     7    0.02                           clknet_leaf_7_i_clk (net)
                  0.04    0.00    1.04 ^ _7909_/CLK (sky130_fd_sc_hd__dfxtp_2)
                  0.09    0.37    1.40 ^ _7909_/Q (sky130_fd_sc_hd__dfxtp_2)
     3    0.02                           decode.oc_r_reg_sel[0] (net)
                  0.09    0.00    1.40 ^ _3848_/A (sky130_fd_sc_hd__buf_6)
                  0.08    0.15    1.55 ^ _3848_/X (sky130_fd_sc_hd__buf_6)
    10    0.03                           _0505_ (net)
                  0.08    0.00    1.55 ^ _3870_/A (sky130_fd_sc_hd__buf_2)
                  0.15    0.21    1.76 ^ _3870_/X (sky130_fd_sc_hd__buf_2)
    10    0.03                           _0527_ (net)
                  0.15    0.00    1.76 ^ _3871_/A (sky130_fd_sc_hd__buf_2)
                  0.16    0.24    2.00 ^ _3871_/X (sky130_fd_sc_hd__buf_2)
    10    0.03                           _0528_ (net)
                  0.16    0.00    2.00 ^ _3872_/A (sky130_fd_sc_hd__clkbuf_4)
                  0.13    0.25    2.25 ^ _3872_/X (sky130_fd_sc_hd__clkbuf_4)
    10    0.04                           _0529_ (net)
                  0.13    0.00    2.25 ^ _3993_/A_N (sky130_fd_sc_hd__and4b_1)
                  0.06    0.24    2.49 v _3993_/X (sky130_fd_sc_hd__and4b_1)
     1    0.01                           _0638_ (net)
                  0.06    0.00    2.49 v _3996_/A (sky130_fd_sc_hd__or3_1)
                  0.10    0.43    2.92 v _3996_/X (sky130_fd_sc_hd__or3_1)
     1    0.01                           _0641_ (net)
                  0.10    0.00    2.92 v _3997_/B2 (sky130_fd_sc_hd__o22ai_4)
                  0.59    0.46    3.38 ^ _3997_/Y (sky130_fd_sc_hd__o22ai_4)
     8    0.08                           _0642_ (net)
                  0.59    0.02    3.40 ^ _3998_/A (sky130_fd_sc_hd__inv_2)
                  0.17    0.20    3.60 v _3998_/Y (sky130_fd_sc_hd__inv_2)
     4    0.03                           net243 (net)
                  0.17    0.00    3.60 v _5109_/A1 (sky130_fd_sc_hd__mux2_8)
                  0.09    0.41    4.02 v _5109_/X (sky130_fd_sc_hd__mux2_8)
     7    0.05                           _1562_ (net)
                  0.09    0.01    4.03 v _6044_/B (sky130_fd_sc_hd__nand2_1)
                  0.10    0.13    4.16 ^ _6044_/Y (sky130_fd_sc_hd__nand2_1)
     2    0.01                           _2385_ (net)
                  0.10    0.00    4.16 ^ _6247_/A (sky130_fd_sc_hd__and2_1)
                  0.17    0.23    4.39 ^ _6247_/X (sky130_fd_sc_hd__and2_1)
     5    0.02                           _2588_ (net)
                  0.17    0.00    4.39 ^ _6248_/B1 (sky130_fd_sc_hd__a21oi_1)
                  0.07    0.09    4.48 v _6248_/Y (sky130_fd_sc_hd__a21oi_1)
     2    0.01                           _2589_ (net)
                  0.07    0.00    4.48 v _6249_/B1 (sky130_fd_sc_hd__a21o_1)
                  0.07    0.21    4.69 v _6249_/X (sky130_fd_sc_hd__a21o_1)
     2    0.01                           _2590_ (net)
                  0.07    0.00    4.69 v _6251_/A2 (sky130_fd_sc_hd__a21oi_2)
                  0.20    0.24    4.92 ^ _6251_/Y (sky130_fd_sc_hd__a21oi_2)
     3    0.01                           _2592_ (net)
                  0.20    0.00    4.92 ^ _6253_/A2 (sky130_fd_sc_hd__o211ai_2)
                  0.11    0.14    5.06 v _6253_/Y (sky130_fd_sc_hd__o211ai_2)
     4    0.01                           _2594_ (net)
                  0.11    0.00    5.06 v _6257_/A3 (sky130_fd_sc_hd__a311o_2)
                  0.11    0.51    5.57 v _6257_/X (sky130_fd_sc_hd__a311o_2)
     5    0.03                           _2598_ (net)
                  0.11    0.00    5.57 v _6264_/A3 (sky130_fd_sc_hd__a311oi_4)
                  0.27    0.37    5.94 ^ _6264_/Y (sky130_fd_sc_hd__a311oi_4)
     2    0.01                           _2605_ (net)
                  0.27    0.00    5.94 ^ _6266_/A2 (sky130_fd_sc_hd__o211ai_2)
                  0.09    0.14    6.08 v _6266_/Y (sky130_fd_sc_hd__o211ai_2)
     3    0.01                           _2607_ (net)
                  0.09    0.00    6.08 v _6269_/A2 (sky130_fd_sc_hd__a21oi_1)
                  0.28    0.31    6.38 ^ _6269_/Y (sky130_fd_sc_hd__a21oi_1)
     3    0.01                           _2610_ (net)
                  0.28    0.00    6.38 ^ _6271_/A2 (sky130_fd_sc_hd__o21ai_2)
                  0.09    0.12    6.51 v _6271_/Y (sky130_fd_sc_hd__o21ai_2)
     3    0.01                           _2612_ (net)
                  0.09    0.00    6.51 v _6272_/A2 (sky130_fd_sc_hd__a21o_1)
                  0.06    0.23    6.73 v _6272_/X (sky130_fd_sc_hd__a21o_1)
     3    0.01                           _2613_ (net)
                  0.06    0.00    6.73 v _6353_/A2 (sky130_fd_sc_hd__a21oi_1)
                  0.17    0.20    6.93 ^ _6353_/Y (sky130_fd_sc_hd__a21oi_1)
     2    0.01                           _2694_ (net)
                  0.17    0.00    6.93 ^ _6658_/A2_N (sky130_fd_sc_hd__a2bb2o_1)
                  0.06    0.32    7.26 v _6658_/X (sky130_fd_sc_hd__a2bb2o_1)
     1    0.01                           _2998_ (net)
                  0.06    0.00    7.26 v _6667_/A2 (sky130_fd_sc_hd__a211o_4)
                  0.12    0.44    7.70 v _6667_/X (sky130_fd_sc_hd__a211o_4)
     6    0.05                           _3007_ (net)
                  0.12    0.01    7.71 v _7669_/B (sky130_fd_sc_hd__or4_1)
                  0.11    0.58    8.29 v _7669_/X (sky130_fd_sc_hd__or4_1)
     2    0.01                           _3777_ (net)
                  0.11    0.00    8.29 v _7678_/A (sky130_fd_sc_hd__or2_1)
                  0.06    0.28    8.57 v _7678_/X (sky130_fd_sc_hd__or2_1)
     2    0.01                           _3785_ (net)
                  0.06    0.00    8.57 v _7685_/A0 (sky130_fd_sc_hd__mux2_1)
                  0.09    0.35    8.92 v _7685_/X (sky130_fd_sc_hd__mux2_1)
     3    0.01                           _3791_ (net)
                  0.09    0.00    8.92 v _7692_/B1 (sky130_fd_sc_hd__a21o_1)
                  0.05    0.19    9.11 v _7692_/X (sky130_fd_sc_hd__a21o_1)
     1    0.01                           _3797_ (net)
                  0.05    0.00    9.11 v _7693_/B (sky130_fd_sc_hd__xnor2_1)
                  0.05    0.12    9.23 v _7693_/Y (sky130_fd_sc_hd__xnor2_1)
     1    0.00                           _3798_ (net)
                  0.05    0.00    9.23 v _7694_/A0 (sky130_fd_sc_hd__mux2_1)
                  0.05    0.29    9.52 v _7694_/X (sky130_fd_sc_hd__mux2_1)
     1    0.00                           _3799_ (net)
                  0.05    0.00    9.52 v _7695_/A (sky130_fd_sc_hd__clkbuf_1)
                  0.03    0.09    9.62 v _7695_/X (sky130_fd_sc_hd__clkbuf_1)
     1    0.00                           _0470_ (net)
                  0.03    0.00    9.62 v _8240_/D (sky130_fd_sc_hd__dfxtp_1)
                                  9.62   data arrival time

                         10.00   10.00   clock i_clk (rise edge)
                          0.00   10.00   clock source latency
                  0.20    0.14   10.14 ^ i_clk (in)
     1    0.04                           i_clk (net)
                  0.20    0.00   10.14 ^ clkbuf_0_i_clk/A (sky130_fd_sc_hd__clkbuf_16)
                  0.05    0.17   10.31 ^ clkbuf_0_i_clk/X (sky130_fd_sc_hd__clkbuf_16)
     2    0.02                           clknet_0_i_clk (net)
                  0.05    0.00   10.31 ^ clkbuf_1_1_0_i_clk/A (sky130_fd_sc_hd__clkbuf_8)
                  0.06    0.13   10.44 ^ clkbuf_1_1_0_i_clk/X (sky130_fd_sc_hd__clkbuf_8)
     2    0.02                           clknet_1_1_0_i_clk (net)
                  0.06    0.00   10.44 ^ clkbuf_2_2_0_i_clk/A (sky130_fd_sc_hd__clkbuf_8)
                  0.05    0.13   10.56 ^ clkbuf_2_2_0_i_clk/X (sky130_fd_sc_hd__clkbuf_8)
     2    0.02                           clknet_2_2_0_i_clk (net)
                  0.05    0.00   10.57 ^ clkbuf_3_5_0_i_clk/A (sky130_fd_sc_hd__clkbuf_8)
                  0.27    0.28   10.84 ^ clkbuf_3_5_0_i_clk/X (sky130_fd_sc_hd__clkbuf_8)
    15    0.16                           clknet_3_5_0_i_clk (net)
                  0.27    0.01   10.85 ^ clkbuf_leaf_62_i_clk/A (sky130_fd_sc_hd__clkbuf_16)
                  0.05    0.19   11.04 ^ clkbuf_leaf_62_i_clk/X (sky130_fd_sc_hd__clkbuf_16)
     8    0.02                           clknet_leaf_62_i_clk (net)
                  0.05    0.00   11.05 ^ _8240_/CLK (sky130_fd_sc_hd__dfxtp_1)
                         -0.25   10.80   clock uncertainty
                          0.03   10.83   clock reconvergence pessimism
                         -0.10   10.73   library setup time
                                 10.73   data required time
-----------------------------------------------------------------------------
                                 10.73   data required time
                                 -9.62   data arrival time
-----------------------------------------------------------------------------
                                  1.11   slack (MET)


Startpoint: _7909_ (rising edge-triggered flip-flop clocked by i_clk)
Endpoint: _8241_ (rising edge-triggered flip-flop clocked by i_clk)
Path Group: i_clk
Path Type: max

Fanout     Cap    Slew   Delay    Time   Description
-----------------------------------------------------------------------------
                          0.00    0.00   clock i_clk (rise edge)
                          0.00    0.00   clock source latency
                  0.20    0.15    0.15 ^ i_clk (in)
     1    0.04                           i_clk (net)
                  0.20    0.00    0.15 ^ clkbuf_0_i_clk/A (sky130_fd_sc_hd__clkbuf_16)
                  0.05    0.19    0.34 ^ clkbuf_0_i_clk/X (sky130_fd_sc_hd__clkbuf_16)
     2    0.02                           clknet_0_i_clk (net)
                  0.05    0.00    0.34 ^ clkbuf_1_0_0_i_clk/A (sky130_fd_sc_hd__clkbuf_8)
                  0.06    0.15    0.48 ^ clkbuf_1_0_0_i_clk/X (sky130_fd_sc_hd__clkbuf_8)
     2    0.03                           clknet_1_0_0_i_clk (net)
                  0.06    0.00    0.49 ^ clkbuf_2_1_0_i_clk/A (sky130_fd_sc_hd__clkbuf_8)
                  0.05    0.14    0.63 ^ clkbuf_2_1_0_i_clk/X (sky130_fd_sc_hd__clkbuf_8)
     2    0.02                           clknet_2_1_0_i_clk (net)
                  0.05    0.00    0.63 ^ clkbuf_3_3_0_i_clk/A (sky130_fd_sc_hd__clkbuf_8)
                  0.16    0.23    0.86 ^ clkbuf_3_3_0_i_clk/X (sky130_fd_sc_hd__clkbuf_8)
     9    0.09                           clknet_3_3_0_i_clk (net)
                  0.16    0.00    0.86 ^ clkbuf_leaf_7_i_clk/A (sky130_fd_sc_hd__clkbuf_16)
                  0.04    0.17    1.04 ^ clkbuf_leaf_7_i_clk/X (sky130_fd_sc_hd__clkbuf_16)
     7    0.02                           clknet_leaf_7_i_clk (net)
                  0.04    0.00    1.04 ^ _7909_/CLK (sky130_fd_sc_hd__dfxtp_2)
                  0.09    0.37    1.40 ^ _7909_/Q (sky130_fd_sc_hd__dfxtp_2)
     3    0.02                           decode.oc_r_reg_sel[0] (net)
                  0.09    0.00    1.40 ^ _3848_/A (sky130_fd_sc_hd__buf_6)
                  0.08    0.15    1.55 ^ _3848_/X (sky130_fd_sc_hd__buf_6)
    10    0.03                           _0505_ (net)
                  0.08    0.00    1.55 ^ _3870_/A (sky130_fd_sc_hd__buf_2)
                  0.15    0.21    1.76 ^ _3870_/X (sky130_fd_sc_hd__buf_2)
    10    0.03                           _0527_ (net)
                  0.15    0.00    1.76 ^ _3871_/A (sky130_fd_sc_hd__buf_2)
                  0.16    0.24    2.00 ^ _3871_/X (sky130_fd_sc_hd__buf_2)
    10    0.03                           _0528_ (net)
                  0.16    0.00    2.00 ^ _3872_/A (sky130_fd_sc_hd__clkbuf_4)
                  0.13    0.25    2.25 ^ _3872_/X (sky130_fd_sc_hd__clkbuf_4)
    10    0.04                           _0529_ (net)
                  0.13    0.00    2.25 ^ _3993_/A_N (sky130_fd_sc_hd__and4b_1)
                  0.06    0.24    2.49 v _3993_/X (sky130_fd_sc_hd__and4b_1)
     1    0.01                           _0638_ (net)
                  0.06    0.00    2.49 v _3996_/A (sky130_fd_sc_hd__or3_1)
                  0.10    0.43    2.92 v _3996_/X (sky130_fd_sc_hd__or3_1)
     1    0.01                           _0641_ (net)
                  0.10    0.00    2.92 v _3997_/B2 (sky130_fd_sc_hd__o22ai_4)
                  0.59    0.46    3.38 ^ _3997_/Y (sky130_fd_sc_hd__o22ai_4)
     8    0.08                           _0642_ (net)
                  0.59    0.02    3.40 ^ _3998_/A (sky130_fd_sc_hd__inv_2)
                  0.17    0.20    3.60 v _3998_/Y (sky130_fd_sc_hd__inv_2)
     4    0.03                           net243 (net)
                  0.17    0.00    3.60 v _5109_/A1 (sky130_fd_sc_hd__mux2_8)
                  0.09    0.41    4.02 v _5109_/X (sky130_fd_sc_hd__mux2_8)
     7    0.05                           _1562_ (net)
                  0.09    0.01    4.03 v _6044_/B (sky130_fd_sc_hd__nand2_1)
                  0.10    0.13    4.16 ^ _6044_/Y (sky130_fd_sc_hd__nand2_1)
     2    0.01                           _2385_ (net)
                  0.10    0.00    4.16 ^ _6247_/A (sky130_fd_sc_hd__and2_1)
                  0.17    0.23    4.39 ^ _6247_/X (sky130_fd_sc_hd__and2_1)
     5    0.02                           _2588_ (net)
                  0.17    0.00    4.39 ^ _6248_/B1 (sky130_fd_sc_hd__a21oi_1)
                  0.07    0.09    4.48 v _6248_/Y (sky130_fd_sc_hd__a21oi_1)
     2    0.01                           _2589_ (net)
                  0.07    0.00    4.48 v _6249_/B1 (sky130_fd_sc_hd__a21o_1)
                  0.07    0.21    4.69 v _6249_/X (sky130_fd_sc_hd__a21o_1)
     2    0.01                           _2590_ (net)
                  0.07    0.00    4.69 v _6251_/A2 (sky130_fd_sc_hd__a21oi_2)
                  0.20    0.24    4.92 ^ _6251_/Y (sky130_fd_sc_hd__a21oi_2)
     3    0.01                           _2592_ (net)
                  0.20    0.00    4.92 ^ _6253_/A2 (sky130_fd_sc_hd__o211ai_2)
                  0.11    0.14    5.06 v _6253_/Y (sky130_fd_sc_hd__o211ai_2)
     4    0.01                           _2594_ (net)
                  0.11    0.00    5.06 v _6257_/A3 (sky130_fd_sc_hd__a311o_2)
                  0.11    0.51    5.57 v _6257_/X (sky130_fd_sc_hd__a311o_2)
     5    0.03                           _2598_ (net)
                  0.11    0.00    5.57 v _6264_/A3 (sky130_fd_sc_hd__a311oi_4)
                  0.27    0.37    5.94 ^ _6264_/Y (sky130_fd_sc_hd__a311oi_4)
     2    0.01                           _2605_ (net)
                  0.27    0.00    5.94 ^ _6266_/A2 (sky130_fd_sc_hd__o211ai_2)
                  0.09    0.14    6.08 v _6266_/Y (sky130_fd_sc_hd__o211ai_2)
     3    0.01                           _2607_ (net)
                  0.09    0.00    6.08 v _6269_/A2 (sky130_fd_sc_hd__a21oi_1)
                  0.28    0.31    6.38 ^ _6269_/Y (sky130_fd_sc_hd__a21oi_1)
     3    0.01                           _2610_ (net)
                  0.28    0.00    6.38 ^ _6271_/A2 (sky130_fd_sc_hd__o21ai_2)
                  0.09    0.12    6.51 v _6271_/Y (sky130_fd_sc_hd__o21ai_2)
     3    0.01                           _2612_ (net)
                  0.09    0.00    6.51 v _6272_/A2 (sky130_fd_sc_hd__a21o_1)
                  0.06    0.23    6.73 v _6272_/X (sky130_fd_sc_hd__a21o_1)
     3    0.01                           _2613_ (net)
                  0.06    0.00    6.73 v _6353_/A2 (sky130_fd_sc_hd__a21oi_1)
                  0.17    0.20    6.93 ^ _6353_/Y (sky130_fd_sc_hd__a21oi_1)
     2    0.01                           _2694_ (net)
                  0.17    0.00    6.93 ^ _6658_/A2_N (sky130_fd_sc_hd__a2bb2o_1)
                  0.06    0.32    7.26 v _6658_/X (sky130_fd_sc_hd__a2bb2o_1)
     1    0.01                           _2998_ (net)
                  0.06    0.00    7.26 v _6667_/A2 (sky130_fd_sc_hd__a211o_4)
                  0.12    0.44    7.70 v _6667_/X (sky130_fd_sc_hd__a211o_4)
     6    0.05                           _3007_ (net)
                  0.12    0.01    7.71 v _7669_/B (sky130_fd_sc_hd__or4_1)
                  0.11    0.58    8.29 v _7669_/X (sky130_fd_sc_hd__or4_1)
     2    0.01                           _3777_ (net)
                  0.11    0.00    8.29 v _7678_/A (sky130_fd_sc_hd__or2_1)
                  0.06    0.28    8.57 v _7678_/X (sky130_fd_sc_hd__or2_1)
     2    0.01                           _3785_ (net)
                  0.06    0.00    8.57 v _7685_/A0 (sky130_fd_sc_hd__mux2_1)
                  0.09    0.35    8.92 v _7685_/X (sky130_fd_sc_hd__mux2_1)
     3    0.01                           _3791_ (net)
                  0.09    0.00    8.92 v _7698_/A (sky130_fd_sc_hd__nor2_1)
                  0.14    0.17    9.09 ^ _7698_/Y (sky130_fd_sc_hd__nor2_1)
     1    0.01                           _3802_ (net)
                  0.14    0.00    9.09 ^ _7699_/B (sky130_fd_sc_hd__xnor2_1)
                  0.06    0.09    9.17 v _7699_/Y (sky130_fd_sc_hd__xnor2_1)
     1    0.00                           _3803_ (net)
                  0.06    0.00    9.17 v _7700_/A0 (sky130_fd_sc_hd__mux2_1)
                  0.05    0.30    9.47 v _7700_/X (sky130_fd_sc_hd__mux2_1)
     1    0.00                           _3804_ (net)
                  0.05    0.00    9.47 v _7701_/A (sky130_fd_sc_hd__clkbuf_1)
                  0.03    0.10    9.57 v _7701_/X (sky130_fd_sc_hd__clkbuf_1)
     1    0.00                           _0471_ (net)
                  0.03    0.00    9.57 v _8241_/D (sky130_fd_sc_hd__dfxtp_1)
                                  9.57   data arrival time

                         10.00   10.00   clock i_clk (rise edge)
                          0.00   10.00   clock source latency
                  0.20    0.14   10.14 ^ i_clk (in)
     1    0.04                           i_clk (net)
                  0.20    0.00   10.14 ^ clkbuf_0_i_clk/A (sky130_fd_sc_hd__clkbuf_16)
                  0.05    0.17   10.31 ^ clkbuf_0_i_clk/X (sky130_fd_sc_hd__clkbuf_16)
     2    0.02                           clknet_0_i_clk (net)
                  0.05    0.00   10.31 ^ clkbuf_1_1_0_i_clk/A (sky130_fd_sc_hd__clkbuf_8)
                  0.06    0.13   10.44 ^ clkbuf_1_1_0_i_clk/X (sky130_fd_sc_hd__clkbuf_8)
     2    0.02                           clknet_1_1_0_i_clk (net)
                  0.06    0.00   10.44 ^ clkbuf_2_2_0_i_clk/A (sky130_fd_sc_hd__clkbuf_8)
                  0.05    0.13   10.56 ^ clkbuf_2_2_0_i_clk/X (sky130_fd_sc_hd__clkbuf_8)
     2    0.02                           clknet_2_2_0_i_clk (net)
                  0.05    0.00   10.57 ^ clkbuf_3_5_0_i_clk/A (sky130_fd_sc_hd__clkbuf_8)
                  0.27    0.28   10.84 ^ clkbuf_3_5_0_i_clk/X (sky130_fd_sc_hd__clkbuf_8)
    15    0.16                           clknet_3_5_0_i_clk (net)
                  0.27    0.01   10.85 ^ clkbuf_leaf_63_i_clk/A (sky130_fd_sc_hd__clkbuf_16)
                  0.04    0.18   11.04 ^ clkbuf_leaf_63_i_clk/X (sky130_fd_sc_hd__clkbuf_16)
     5    0.02                           clknet_leaf_63_i_clk (net)
                  0.04    0.00   11.04 ^ _8241_/CLK (sky130_fd_sc_hd__dfxtp_1)
                         -0.25   10.79   clock uncertainty
                          0.03   10.82   clock reconvergence pessimism
                         -0.10   10.72   library setup time
                                 10.72   data required time
-----------------------------------------------------------------------------
                                 10.72   data required time
                                 -9.57   data arrival time
-----------------------------------------------------------------------------
                                  1.15   slack (MET)


Startpoint: _7909_ (rising edge-triggered flip-flop clocked by i_clk)
Endpoint: _8239_ (rising edge-triggered flip-flop clocked by i_clk)
Path Group: i_clk
Path Type: max

Fanout     Cap    Slew   Delay    Time   Description
-----------------------------------------------------------------------------
                          0.00    0.00   clock i_clk (rise edge)
                          0.00    0.00   clock source latency
                  0.20    0.15    0.15 ^ i_clk (in)
     1    0.04                           i_clk (net)
                  0.20    0.00    0.15 ^ clkbuf_0_i_clk/A (sky130_fd_sc_hd__clkbuf_16)
                  0.05    0.19    0.34 ^ clkbuf_0_i_clk/X (sky130_fd_sc_hd__clkbuf_16)
     2    0.02                           clknet_0_i_clk (net)
                  0.05    0.00    0.34 ^ clkbuf_1_0_0_i_clk/A (sky130_fd_sc_hd__clkbuf_8)
                  0.06    0.15    0.48 ^ clkbuf_1_0_0_i_clk/X (sky130_fd_sc_hd__clkbuf_8)
     2    0.03                           clknet_1_0_0_i_clk (net)
                  0.06    0.00    0.49 ^ clkbuf_2_1_0_i_clk/A (sky130_fd_sc_hd__clkbuf_8)
                  0.05    0.14    0.63 ^ clkbuf_2_1_0_i_clk/X (sky130_fd_sc_hd__clkbuf_8)
     2    0.02                           clknet_2_1_0_i_clk (net)
                  0.05    0.00    0.63 ^ clkbuf_3_3_0_i_clk/A (sky130_fd_sc_hd__clkbuf_8)
                  0.16    0.23    0.86 ^ clkbuf_3_3_0_i_clk/X (sky130_fd_sc_hd__clkbuf_8)
     9    0.09                           clknet_3_3_0_i_clk (net)
                  0.16    0.00    0.86 ^ clkbuf_leaf_7_i_clk/A (sky130_fd_sc_hd__clkbuf_16)
                  0.04    0.17    1.04 ^ clkbuf_leaf_7_i_clk/X (sky130_fd_sc_hd__clkbuf_16)
     7    0.02                           clknet_leaf_7_i_clk (net)
                  0.04    0.00    1.04 ^ _7909_/CLK (sky130_fd_sc_hd__dfxtp_2)
                  0.09    0.37    1.40 ^ _7909_/Q (sky130_fd_sc_hd__dfxtp_2)
     3    0.02                           decode.oc_r_reg_sel[0] (net)
                  0.09    0.00    1.40 ^ _3848_/A (sky130_fd_sc_hd__buf_6)
                  0.08    0.15    1.55 ^ _3848_/X (sky130_fd_sc_hd__buf_6)
    10    0.03                           _0505_ (net)
                  0.08    0.00    1.55 ^ _3870_/A (sky130_fd_sc_hd__buf_2)
                  0.15    0.21    1.76 ^ _3870_/X (sky130_fd_sc_hd__buf_2)
    10    0.03                           _0527_ (net)
                  0.15    0.00    1.76 ^ _3871_/A (sky130_fd_sc_hd__buf_2)
                  0.16    0.24    2.00 ^ _3871_/X (sky130_fd_sc_hd__buf_2)
    10    0.03                           _0528_ (net)
                  0.16    0.00    2.00 ^ _3872_/A (sky130_fd_sc_hd__clkbuf_4)
                  0.13    0.25    2.25 ^ _3872_/X (sky130_fd_sc_hd__clkbuf_4)
    10    0.04                           _0529_ (net)
                  0.13    0.00    2.25 ^ _3993_/A_N (sky130_fd_sc_hd__and4b_1)
                  0.06    0.24    2.49 v _3993_/X (sky130_fd_sc_hd__and4b_1)
     1    0.01                           _0638_ (net)
                  0.06    0.00    2.49 v _3996_/A (sky130_fd_sc_hd__or3_1)
                  0.10    0.43    2.92 v _3996_/X (sky130_fd_sc_hd__or3_1)
     1    0.01                           _0641_ (net)
                  0.10    0.00    2.92 v _3997_/B2 (sky130_fd_sc_hd__o22ai_4)
                  0.59    0.46    3.38 ^ _3997_/Y (sky130_fd_sc_hd__o22ai_4)
     8    0.08                           _0642_ (net)
                  0.59    0.02    3.40 ^ _3998_/A (sky130_fd_sc_hd__inv_2)
                  0.17    0.20    3.60 v _3998_/Y (sky130_fd_sc_hd__inv_2)
     4    0.03                           net243 (net)
                  0.17    0.00    3.60 v _5109_/A1 (sky130_fd_sc_hd__mux2_8)
                  0.09    0.41    4.02 v _5109_/X (sky130_fd_sc_hd__mux2_8)
     7    0.05                           _1562_ (net)
                  0.09    0.01    4.03 v _6044_/B (sky130_fd_sc_hd__nand2_1)
                  0.10    0.13    4.16 ^ _6044_/Y (sky130_fd_sc_hd__nand2_1)
     2    0.01                           _2385_ (net)
                  0.10    0.00    4.16 ^ _6247_/A (sky130_fd_sc_hd__and2_1)
                  0.17    0.23    4.39 ^ _6247_/X (sky130_fd_sc_hd__and2_1)
     5    0.02                           _2588_ (net)
                  0.17    0.00    4.39 ^ _6248_/B1 (sky130_fd_sc_hd__a21oi_1)
                  0.07    0.09    4.48 v _6248_/Y (sky130_fd_sc_hd__a21oi_1)
     2    0.01                           _2589_ (net)
                  0.07    0.00    4.48 v _6249_/B1 (sky130_fd_sc_hd__a21o_1)
                  0.07    0.21    4.69 v _6249_/X (sky130_fd_sc_hd__a21o_1)
     2    0.01                           _2590_ (net)
                  0.07    0.00    4.69 v _6251_/A2 (sky130_fd_sc_hd__a21oi_2)
                  0.20    0.24    4.92 ^ _6251_/Y (sky130_fd_sc_hd__a21oi_2)
     3    0.01                           _2592_ (net)
                  0.20    0.00    4.92 ^ _6253_/A2 (sky130_fd_sc_hd__o211ai_2)
                  0.11    0.14    5.06 v _6253_/Y (sky130_fd_sc_hd__o211ai_2)
     4    0.01                           _2594_ (net)
                  0.11    0.00    5.06 v _6257_/A3 (sky130_fd_sc_hd__a311o_2)
                  0.11    0.51    5.57 v _6257_/X (sky130_fd_sc_hd__a311o_2)
     5    0.03                           _2598_ (net)
                  0.11    0.00    5.57 v _6264_/A3 (sky130_fd_sc_hd__a311oi_4)
                  0.27    0.37    5.94 ^ _6264_/Y (sky130_fd_sc_hd__a311oi_4)
     2    0.01                           _2605_ (net)
                  0.27    0.00    5.94 ^ _6266_/A2 (sky130_fd_sc_hd__o211ai_2)
                  0.09    0.14    6.08 v _6266_/Y (sky130_fd_sc_hd__o211ai_2)
     3    0.01                           _2607_ (net)
                  0.09    0.00    6.08 v _6269_/A2 (sky130_fd_sc_hd__a21oi_1)
                  0.28    0.31    6.38 ^ _6269_/Y (sky130_fd_sc_hd__a21oi_1)
     3    0.01                           _2610_ (net)
                  0.28    0.00    6.38 ^ _6271_/A2 (sky130_fd_sc_hd__o21ai_2)
                  0.09    0.12    6.51 v _6271_/Y (sky130_fd_sc_hd__o21ai_2)
     3    0.01                           _2612_ (net)
                  0.09    0.00    6.51 v _6272_/A2 (sky130_fd_sc_hd__a21o_1)
                  0.06    0.23    6.73 v _6272_/X (sky130_fd_sc_hd__a21o_1)
     3    0.01                           _2613_ (net)
                  0.06    0.00    6.73 v _6353_/A2 (sky130_fd_sc_hd__a21oi_1)
                  0.17    0.20    6.93 ^ _6353_/Y (sky130_fd_sc_hd__a21oi_1)
     2    0.01                           _2694_ (net)
                  0.17    0.00    6.93 ^ _6658_/A2_N (sky130_fd_sc_hd__a2bb2o_1)
                  0.06    0.32    7.26 v _6658_/X (sky130_fd_sc_hd__a2bb2o_1)
     1    0.01                           _2998_ (net)
                  0.06    0.00    7.26 v _6667_/A2 (sky130_fd_sc_hd__a211o_4)
                  0.12    0.44    7.70 v _6667_/X (sky130_fd_sc_hd__a211o_4)
     6    0.05                           _3007_ (net)
                  0.12    0.01    7.71 v _7669_/B (sky130_fd_sc_hd__or4_1)
                  0.11    0.58    8.29 v _7669_/X (sky130_fd_sc_hd__or4_1)
     2    0.01                           _3777_ (net)
                  0.11    0.00    8.29 v _7678_/A (sky130_fd_sc_hd__or2_1)
                  0.06    0.28    8.57 v _7678_/X (sky130_fd_sc_hd__or2_1)
     2    0.01                           _3785_ (net)
                  0.06    0.00    8.57 v _7685_/A0 (sky130_fd_sc_hd__mux2_1)
                  0.09    0.35    8.92 v _7685_/X (sky130_fd_sc_hd__mux2_1)
     3    0.01                           _3791_ (net)
                  0.09    0.00    8.92 v _7686_/B (sky130_fd_sc_hd__xnor2_1)
                  0.06    0.16    9.08 v _7686_/Y (sky130_fd_sc_hd__xnor2_1)
     1    0.01                           _3792_ (net)
                  0.06    0.00    9.08 v _7687_/A0 (sky130_fd_sc_hd__mux2_1)
                  0.06    0.30    9.38 v _7687_/X (sky130_fd_sc_hd__mux2_1)
     1    0.00                           _3793_ (net)
                  0.06    0.00    9.38 v _7688_/A (sky130_fd_sc_hd__clkbuf_1)
                  0.03    0.10    9.48 v _7688_/X (sky130_fd_sc_hd__clkbuf_1)
     1    0.00                           _0469_ (net)
                  0.03    0.00    9.48 v _8239_/D (sky130_fd_sc_hd__dfxtp_1)
                                  9.48   data arrival time

                         10.00   10.00   clock i_clk (rise edge)
                          0.00   10.00   clock source latency
                  0.20    0.14   10.14 ^ i_clk (in)
     1    0.04                           i_clk (net)
                  0.20    0.00   10.14 ^ clkbuf_0_i_clk/A (sky130_fd_sc_hd__clkbuf_16)
                  0.05    0.17   10.31 ^ clkbuf_0_i_clk/X (sky130_fd_sc_hd__clkbuf_16)
     2    0.02                           clknet_0_i_clk (net)
                  0.05    0.00   10.31 ^ clkbuf_1_1_0_i_clk/A (sky130_fd_sc_hd__clkbuf_8)
                  0.06    0.13   10.44 ^ clkbuf_1_1_0_i_clk/X (sky130_fd_sc_hd__clkbuf_8)
     2    0.02                           clknet_1_1_0_i_clk (net)
                  0.06    0.00   10.44 ^ clkbuf_2_2_0_i_clk/A (sky130_fd_sc_hd__clkbuf_8)
                  0.05    0.13   10.56 ^ clkbuf_2_2_0_i_clk/X (sky130_fd_sc_hd__clkbuf_8)
     2    0.02                           clknet_2_2_0_i_clk (net)
                  0.05    0.00   10.57 ^ clkbuf_3_5_0_i_clk/A (sky130_fd_sc_hd__clkbuf_8)
                  0.27    0.28   10.84 ^ clkbuf_3_5_0_i_clk/X (sky130_fd_sc_hd__clkbuf_8)
    15    0.16                           clknet_3_5_0_i_clk (net)
                  0.27    0.01   10.85 ^ clkbuf_leaf_62_i_clk/A (sky130_fd_sc_hd__clkbuf_16)
                  0.05    0.19   11.04 ^ clkbuf_leaf_62_i_clk/X (sky130_fd_sc_hd__clkbuf_16)
     8    0.02                           clknet_leaf_62_i_clk (net)
                  0.05    0.00   11.05 ^ _8239_/CLK (sky130_fd_sc_hd__dfxtp_1)
                         -0.25   10.80   clock uncertainty
                          0.03   10.83   clock reconvergence pessimism
                         -0.10   10.72   library setup time
                                 10.72   data required time
-----------------------------------------------------------------------------
                                 10.72   data required time
                                 -9.48   data arrival time
-----------------------------------------------------------------------------
                                  1.24   slack (MET)


Startpoint: _7910_ (rising edge-triggered flip-flop clocked by i_clk)
Endpoint: _8022_ (rising edge-triggered flip-flop clocked by i_clk)
Path Group: i_clk
Path Type: max

Fanout     Cap    Slew   Delay    Time   Description
-----------------------------------------------------------------------------
                          0.00    0.00   clock i_clk (rise edge)
                          0.00    0.00   clock source latency
                  0.20    0.15    0.15 ^ i_clk (in)
     1    0.04                           i_clk (net)
                  0.20    0.00    0.15 ^ clkbuf_0_i_clk/A (sky130_fd_sc_hd__clkbuf_16)
                  0.05    0.19    0.34 ^ clkbuf_0_i_clk/X (sky130_fd_sc_hd__clkbuf_16)
     2    0.02                           clknet_0_i_clk (net)
                  0.05    0.00    0.34 ^ clkbuf_1_0_0_i_clk/A (sky130_fd_sc_hd__clkbuf_8)
                  0.06    0.15    0.48 ^ clkbuf_1_0_0_i_clk/X (sky130_fd_sc_hd__clkbuf_8)
     2    0.03                           clknet_1_0_0_i_clk (net)
                  0.06    0.00    0.49 ^ clkbuf_2_1_0_i_clk/A (sky130_fd_sc_hd__clkbuf_8)
                  0.05    0.14    0.63 ^ clkbuf_2_1_0_i_clk/X (sky130_fd_sc_hd__clkbuf_8)
     2    0.02                           clknet_2_1_0_i_clk (net)
                  0.05    0.00    0.63 ^ clkbuf_3_3_0_i_clk/A (sky130_fd_sc_hd__clkbuf_8)
                  0.16    0.23    0.86 ^ clkbuf_3_3_0_i_clk/X (sky130_fd_sc_hd__clkbuf_8)
     9    0.09                           clknet_3_3_0_i_clk (net)
                  0.16    0.00    0.86 ^ clkbuf_leaf_7_i_clk/A (sky130_fd_sc_hd__clkbuf_16)
                  0.04    0.17    1.04 ^ clkbuf_leaf_7_i_clk/X (sky130_fd_sc_hd__clkbuf_16)
     7    0.02                           clknet_leaf_7_i_clk (net)
                  0.04    0.00    1.04 ^ _7910_/CLK (sky130_fd_sc_hd__dfxtp_1)
                  0.05    0.33    1.36 v _7910_/Q (sky130_fd_sc_hd__dfxtp_1)
     3    0.01                           decode.oc_r_reg_sel[1] (net)
                  0.05    0.00    1.36 v _3850_/A (sky130_fd_sc_hd__buf_4)
                  0.05    0.17    1.53 v _3850_/X (sky130_fd_sc_hd__buf_4)
    10    0.03                           _0507_ (net)
                  0.05    0.00    1.54 v _3985_/D (sky130_fd_sc_hd__and4_1)
                  0.04    0.21    1.75 v _3985_/X (sky130_fd_sc_hd__and4_1)
     1    0.00                           _0631_ (net)
                  0.04    0.00    1.75 v _3988_/B1 (sky130_fd_sc_hd__a2111o_1)
                  0.09    0.44    2.19 v _3988_/X (sky130_fd_sc_hd__a2111o_1)
     1    0.01                           _0634_ (net)
                  0.09    0.00    2.19 v _3989_/A3 (sky130_fd_sc_hd__o32ai_4)
                  1.00    0.86    3.05 ^ _3989_/Y (sky130_fd_sc_hd__o32ai_4)
     8    0.10                           _0635_ (net)
                  1.00    0.02    3.08 ^ _3990_/A (sky130_fd_sc_hd__clkinv_4)
                  0.25    0.28    3.36 v _3990_/Y (sky130_fd_sc_hd__clkinv_4)
     4    0.05                           net244 (net)
                  0.25    0.00    3.36 v _5097_/A1 (sky130_fd_sc_hd__mux2_4)
                  0.08    0.40    3.76 v _5097_/X (sky130_fd_sc_hd__mux2_4)
     3    0.02                           _1550_ (net)
                  0.08    0.00    3.76 v _5098_/A (sky130_fd_sc_hd__buf_12)
                  0.03    0.15    3.91 v _5098_/X (sky130_fd_sc_hd__buf_12)
     6    0.03                           _1551_ (net)
                  0.03    0.00    3.91 v _5939_/A2 (sky130_fd_sc_hd__a22o_1)
                  0.06    0.25    4.16 v _5939_/X (sky130_fd_sc_hd__a22o_1)
     2    0.01                           _2280_ (net)
                  0.06    0.00    4.16 v _5945_/B (sky130_fd_sc_hd__and3_1)
                  0.04    0.18    4.35 v _5945_/X (sky130_fd_sc_hd__and3_1)
     2    0.00                           _2286_ (net)
                  0.04    0.00    4.35 v _5946_/B1_N (sky130_fd_sc_hd__o21bai_1)
                  0.09    0.18    4.53 v _5946_/Y (sky130_fd_sc_hd__o21bai_1)
     2    0.01                           _2287_ (net)
                  0.09    0.00    4.53 v _5948_/B (sky130_fd_sc_hd__and3_4)
                  0.05    0.21    4.74 v _5948_/X (sky130_fd_sc_hd__and3_4)
     4    0.01                           _2289_ (net)
                  0.05    0.00    4.74 v _5952_/A (sky130_fd_sc_hd__or3b_4)
                  0.08    0.44    5.17 v _5952_/X (sky130_fd_sc_hd__or3b_4)
     3    0.01                           _2293_ (net)
                  0.08    0.00    5.17 v _5986_/A (sky130_fd_sc_hd__nand2_2)
                  0.06    0.09    5.26 ^ _5986_/Y (sky130_fd_sc_hd__nand2_2)
     2    0.01                           _2327_ (net)
                  0.06    0.00    5.26 ^ _5993_/B (sky130_fd_sc_hd__xnor2_1)
                  0.08    0.09    5.35 v _5993_/Y (sky130_fd_sc_hd__xnor2_1)
     2    0.01                           _2334_ (net)
                  0.08    0.00    5.35 v _5994_/B (sky130_fd_sc_hd__or2_1)
                  0.09    0.28    5.63 v _5994_/X (sky130_fd_sc_hd__or2_1)
     2    0.01                           _2335_ (net)
                  0.09    0.00    5.63 v _5996_/A2 (sky130_fd_sc_hd__a211oi_4)
                  0.31    0.38    6.02 ^ _5996_/Y (sky130_fd_sc_hd__a211oi_4)
     4    0.02                           _2337_ (net)
                  0.31    0.00    6.02 ^ _6005_/A1 (sky130_fd_sc_hd__o211a_1)
                  0.13    0.29    6.31 ^ _6005_/X (sky130_fd_sc_hd__o211a_1)
     2    0.01                           _2346_ (net)
                  0.13    0.00    6.31 ^ _6111_/B1 (sky130_fd_sc_hd__a211oi_1)
                  0.09    0.09    6.39 v _6111_/Y (sky130_fd_sc_hd__a211oi_1)
     2    0.01                           _2452_ (net)
                  0.09    0.00    6.39 v _6113_/B1 (sky130_fd_sc_hd__a211o_1)
                  0.09    0.34    6.74 v _6113_/X (sky130_fd_sc_hd__a211o_1)
     3    0.01                           _2454_ (net)
                  0.09    0.00    6.74 v _6115_/A3 (sky130_fd_sc_hd__a311o_1)
                  0.11    0.45    7.19 v _6115_/X (sky130_fd_sc_hd__a311o_1)
     3    0.02                           _2456_ (net)
                  0.11    0.00    7.19 v _6121_/A3 (sky130_fd_sc_hd__a41o_1)
                  0.10    0.33    7.52 v _6121_/X (sky130_fd_sc_hd__a41o_1)
     4    0.02                           _2462_ (net)
                  0.10    0.00    7.53 v _6338_/A2 (sky130_fd_sc_hd__a211o_1)
                  0.06    0.34    7.87 v _6338_/X (sky130_fd_sc_hd__a211o_1)
     1    0.01                           _2679_ (net)
                  0.06    0.00    7.87 v _6339_/B1 (sky130_fd_sc_hd__o311a_4)
                  0.08    0.17    8.04 v _6339_/X (sky130_fd_sc_hd__o311a_4)
     2    0.03                           _2680_ (net)
                  0.08    0.00    8.05 v _6383_/B1 (sky130_fd_sc_hd__a211o_4)
                  0.09    0.39    8.43 v _6383_/X (sky130_fd_sc_hd__a211o_4)
     5    0.03                           _2724_ (net)
                  0.09    0.00    8.43 v _6829_/B1 (sky130_fd_sc_hd__a22o_4)
                  0.08    0.29    8.72 v _6829_/X (sky130_fd_sc_hd__a22o_4)
     3    0.04                           _3151_ (net)
                  0.08    0.01    8.73 v _6830_/B (sky130_fd_sc_hd__nand2_1)
                  0.05    0.09    8.82 ^ _6830_/Y (sky130_fd_sc_hd__nand2_1)
     1    0.00                           _3152_ (net)
                  0.05    0.00    8.82 ^ _6834_/A2 (sky130_fd_sc_hd__a31oi_1)
                  0.07    0.09    8.91 v _6834_/Y (sky130_fd_sc_hd__a31oi_1)
     1    0.00                           _3156_ (net)
                  0.07    0.00    8.91 v _6836_/A2 (sky130_fd_sc_hd__o211a_1)
                  0.04    0.22    9.13 v _6836_/X (sky130_fd_sc_hd__o211a_1)
     1    0.00                           _0253_ (net)
                  0.04    0.00    9.13 v _8022_/D (sky130_fd_sc_hd__dfxtp_4)
                                  9.13   data arrival time

                         10.00   10.00   clock i_clk (rise edge)
                          0.00   10.00   clock source latency
                  0.20    0.14   10.14 ^ i_clk (in)
     1    0.04                           i_clk (net)
                  0.20    0.00   10.14 ^ clkbuf_0_i_clk/A (sky130_fd_sc_hd__clkbuf_16)
                  0.05    0.17   10.31 ^ clkbuf_0_i_clk/X (sky130_fd_sc_hd__clkbuf_16)
     2    0.02                           clknet_0_i_clk (net)
                  0.05    0.00   10.31 ^ clkbuf_1_1_0_i_clk/A (sky130_fd_sc_hd__clkbuf_8)
                  0.06    0.13   10.44 ^ clkbuf_1_1_0_i_clk/X (sky130_fd_sc_hd__clkbuf_8)
     2    0.02                           clknet_1_1_0_i_clk (net)
                  0.06    0.00   10.44 ^ clkbuf_2_2_0_i_clk/A (sky130_fd_sc_hd__clkbuf_8)
                  0.05    0.13   10.56 ^ clkbuf_2_2_0_i_clk/X (sky130_fd_sc_hd__clkbuf_8)
     2    0.02                           clknet_2_2_0_i_clk (net)
                  0.05    0.00   10.57 ^ clkbuf_3_4_0_i_clk/A (sky130_fd_sc_hd__clkbuf_8)
                  0.19    0.22   10.79 ^ clkbuf_3_4_0_i_clk/X (sky130_fd_sc_hd__clkbuf_8)
    10    0.11                           clknet_3_4_0_i_clk (net)
                  0.19    0.00   10.79 ^ clkbuf_leaf_57_i_clk/A (sky130_fd_sc_hd__clkbuf_16)
                  0.05    0.17   10.96 ^ clkbuf_leaf_57_i_clk/X (sky130_fd_sc_hd__clkbuf_16)
     7    0.02                           clknet_leaf_57_i_clk (net)
                  0.05    0.00   10.96 ^ _8022_/CLK (sky130_fd_sc_hd__dfxtp_4)
                         -0.25   10.71   clock uncertainty
                          0.03   10.74   clock reconvergence pessimism
                         -0.11   10.63   library setup time
                                 10.63   data required time
-----------------------------------------------------------------------------
                                 10.63   data required time
                                 -9.13   data arrival time
-----------------------------------------------------------------------------
                                  1.50   slack (MET)


max_report_end
check_report

===========================================================================
report_checks -unconstrained
============================================================================
Startpoint: _7910_ (rising edge-triggered flip-flop clocked by i_clk)
Endpoint: _8232_ (rising edge-triggered flip-flop clocked by i_clk)
Path Group: i_clk
Path Type: max

Fanout     Cap    Slew   Delay    Time   Description
-----------------------------------------------------------------------------
                          0.00    0.00   clock i_clk (rise edge)
                          0.00    0.00   clock source latency
                  0.20    0.15    0.15 ^ i_clk (in)
     1    0.04                           i_clk (net)
                  0.20    0.00    0.15 ^ clkbuf_0_i_clk/A (sky130_fd_sc_hd__clkbuf_16)
                  0.05    0.19    0.34 ^ clkbuf_0_i_clk/X (sky130_fd_sc_hd__clkbuf_16)
     2    0.02                           clknet_0_i_clk (net)
                  0.05    0.00    0.34 ^ clkbuf_1_0_0_i_clk/A (sky130_fd_sc_hd__clkbuf_8)
                  0.06    0.15    0.48 ^ clkbuf_1_0_0_i_clk/X (sky130_fd_sc_hd__clkbuf_8)
     2    0.03                           clknet_1_0_0_i_clk (net)
                  0.06    0.00    0.49 ^ clkbuf_2_1_0_i_clk/A (sky130_fd_sc_hd__clkbuf_8)
                  0.05    0.14    0.63 ^ clkbuf_2_1_0_i_clk/X (sky130_fd_sc_hd__clkbuf_8)
     2    0.02                           clknet_2_1_0_i_clk (net)
                  0.05    0.00    0.63 ^ clkbuf_3_3_0_i_clk/A (sky130_fd_sc_hd__clkbuf_8)
                  0.16    0.23    0.86 ^ clkbuf_3_3_0_i_clk/X (sky130_fd_sc_hd__clkbuf_8)
     9    0.09                           clknet_3_3_0_i_clk (net)
                  0.16    0.00    0.86 ^ clkbuf_leaf_7_i_clk/A (sky130_fd_sc_hd__clkbuf_16)
                  0.04    0.17    1.04 ^ clkbuf_leaf_7_i_clk/X (sky130_fd_sc_hd__clkbuf_16)
     7    0.02                           clknet_leaf_7_i_clk (net)
                  0.04    0.00    1.04 ^ _7910_/CLK (sky130_fd_sc_hd__dfxtp_1)
                  0.05    0.33    1.36 v _7910_/Q (sky130_fd_sc_hd__dfxtp_1)
     3    0.01                           decode.oc_r_reg_sel[1] (net)
                  0.05    0.00    1.36 v _3850_/A (sky130_fd_sc_hd__buf_4)
                  0.05    0.17    1.53 v _3850_/X (sky130_fd_sc_hd__buf_4)
    10    0.03                           _0507_ (net)
                  0.05    0.00    1.54 v _3985_/D (sky130_fd_sc_hd__and4_1)
                  0.04    0.21    1.75 v _3985_/X (sky130_fd_sc_hd__and4_1)
     1    0.00                           _0631_ (net)
                  0.04    0.00    1.75 v _3988_/B1 (sky130_fd_sc_hd__a2111o_1)
                  0.09    0.44    2.19 v _3988_/X (sky130_fd_sc_hd__a2111o_1)
     1    0.01                           _0634_ (net)
                  0.09    0.00    2.19 v _3989_/A3 (sky130_fd_sc_hd__o32ai_4)
                  1.00    0.86    3.05 ^ _3989_/Y (sky130_fd_sc_hd__o32ai_4)
     8    0.10                           _0635_ (net)
                  1.00    0.02    3.08 ^ _3990_/A (sky130_fd_sc_hd__clkinv_4)
                  0.25    0.28    3.36 v _3990_/Y (sky130_fd_sc_hd__clkinv_4)
     4    0.05                           net244 (net)
                  0.25    0.00    3.36 v _5097_/A1 (sky130_fd_sc_hd__mux2_4)
                  0.08    0.40    3.76 v _5097_/X (sky130_fd_sc_hd__mux2_4)
     3    0.02                           _1550_ (net)
                  0.08    0.00    3.76 v _5098_/A (sky130_fd_sc_hd__buf_12)
                  0.03    0.15    3.91 v _5098_/X (sky130_fd_sc_hd__buf_12)
     6    0.03                           _1551_ (net)
                  0.03    0.00    3.91 v _5939_/A2 (sky130_fd_sc_hd__a22o_1)
                  0.06    0.25    4.16 v _5939_/X (sky130_fd_sc_hd__a22o_1)
     2    0.01                           _2280_ (net)
                  0.06    0.00    4.16 v _5945_/B (sky130_fd_sc_hd__and3_1)
                  0.04    0.18    4.35 v _5945_/X (sky130_fd_sc_hd__and3_1)
     2    0.00                           _2286_ (net)
                  0.04    0.00    4.35 v _5946_/B1_N (sky130_fd_sc_hd__o21bai_1)
                  0.09    0.18    4.53 v _5946_/Y (sky130_fd_sc_hd__o21bai_1)
     2    0.01                           _2287_ (net)
                  0.09    0.00    4.53 v _5948_/B (sky130_fd_sc_hd__and3_4)
                  0.05    0.21    4.74 v _5948_/X (sky130_fd_sc_hd__and3_4)
     4    0.01                           _2289_ (net)
                  0.05    0.00    4.74 v _5952_/A (sky130_fd_sc_hd__or3b_4)
                  0.08    0.44    5.17 v _5952_/X (sky130_fd_sc_hd__or3b_4)
     3    0.01                           _2293_ (net)
                  0.08    0.00    5.17 v _5986_/A (sky130_fd_sc_hd__nand2_2)
                  0.06    0.09    5.26 ^ _5986_/Y (sky130_fd_sc_hd__nand2_2)
     2    0.01                           _2327_ (net)
                  0.06    0.00    5.26 ^ _5993_/B (sky130_fd_sc_hd__xnor2_1)
                  0.08    0.09    5.35 v _5993_/Y (sky130_fd_sc_hd__xnor2_1)
     2    0.01                           _2334_ (net)
                  0.08    0.00    5.35 v _5994_/B (sky130_fd_sc_hd__or2_1)
                  0.09    0.28    5.63 v _5994_/X (sky130_fd_sc_hd__or2_1)
     2    0.01                           _2335_ (net)
                  0.09    0.00    5.63 v _5996_/A2 (sky130_fd_sc_hd__a211oi_4)
                  0.31    0.38    6.02 ^ _5996_/Y (sky130_fd_sc_hd__a211oi_4)
     4    0.02                           _2337_ (net)
                  0.31    0.00    6.02 ^ _6005_/A1 (sky130_fd_sc_hd__o211a_1)
                  0.13    0.29    6.31 ^ _6005_/X (sky130_fd_sc_hd__o211a_1)
     2    0.01                           _2346_ (net)
                  0.13    0.00    6.31 ^ _6111_/B1 (sky130_fd_sc_hd__a211oi_1)
                  0.09    0.09    6.39 v _6111_/Y (sky130_fd_sc_hd__a211oi_1)
     2    0.01                           _2452_ (net)
                  0.09    0.00    6.39 v _6113_/B1 (sky130_fd_sc_hd__a211o_1)
                  0.09    0.34    6.74 v _6113_/X (sky130_fd_sc_hd__a211o_1)
     3    0.01                           _2454_ (net)
                  0.09    0.00    6.74 v _6115_/A3 (sky130_fd_sc_hd__a311o_1)
                  0.11    0.45    7.19 v _6115_/X (sky130_fd_sc_hd__a311o_1)
     3    0.02                           _2456_ (net)
                  0.11    0.00    7.19 v _6121_/A3 (sky130_fd_sc_hd__a41o_1)
                  0.10    0.33    7.52 v _6121_/X (sky130_fd_sc_hd__a41o_1)
     4    0.02                           _2462_ (net)
                  0.10    0.00    7.53 v _6338_/A2 (sky130_fd_sc_hd__a211o_1)
                  0.06    0.34    7.87 v _6338_/X (sky130_fd_sc_hd__a211o_1)
     1    0.01                           _2679_ (net)
                  0.06    0.00    7.87 v _6339_/B1 (sky130_fd_sc_hd__o311a_4)
                  0.08    0.17    8.04 v _6339_/X (sky130_fd_sc_hd__o311a_4)
     2    0.03                           _2680_ (net)
                  0.08    0.00    8.05 v _6383_/B1 (sky130_fd_sc_hd__a211o_4)
                  0.09    0.39    8.43 v _6383_/X (sky130_fd_sc_hd__a211o_4)
     5    0.03                           _2724_ (net)
                  0.09    0.00    8.43 v _6829_/B1 (sky130_fd_sc_hd__a22o_4)
                  0.08    0.29    8.72 v _6829_/X (sky130_fd_sc_hd__a22o_4)
     3    0.04                           _3151_ (net)
                  0.08    0.01    8.73 v _7644_/B2 (sky130_fd_sc_hd__a2bb2o_1)
                  0.05    0.27    9.00 v _7644_/X (sky130_fd_sc_hd__a2bb2o_1)
     1    0.00                           _3756_ (net)
                  0.05    0.00    9.00 v _7645_/A1 (sky130_fd_sc_hd__mux2_2)
                  0.07    0.30    9.30 v _7645_/X (sky130_fd_sc_hd__mux2_2)
     1    0.01                           _3757_ (net)
                  0.07    0.00    9.30 v _7646_/A0 (sky130_fd_sc_hd__mux2_1)
                  0.05    0.30    9.60 v _7646_/X (sky130_fd_sc_hd__mux2_1)
     1    0.00                           _3758_ (net)
                  0.05    0.00    9.60 v _7647_/A (sky130_fd_sc_hd__clkbuf_1)
                  0.03    0.10    9.70 v _7647_/X (sky130_fd_sc_hd__clkbuf_1)
     1    0.00                           _0462_ (net)
                  0.03    0.00    9.70 v _8232_/D (sky130_fd_sc_hd__dfxtp_1)
                                  9.70   data arrival time

                         10.00   10.00   clock i_clk (rise edge)
                          0.00   10.00   clock source latency
                  0.20    0.14   10.14 ^ i_clk (in)
     1    0.04                           i_clk (net)
                  0.20    0.00   10.14 ^ clkbuf_0_i_clk/A (sky130_fd_sc_hd__clkbuf_16)
                  0.05    0.17   10.31 ^ clkbuf_0_i_clk/X (sky130_fd_sc_hd__clkbuf_16)
     2    0.02                           clknet_0_i_clk (net)
                  0.05    0.00   10.31 ^ clkbuf_1_1_0_i_clk/A (sky130_fd_sc_hd__clkbuf_8)
                  0.06    0.13   10.44 ^ clkbuf_1_1_0_i_clk/X (sky130_fd_sc_hd__clkbuf_8)
     2    0.02                           clknet_1_1_0_i_clk (net)
                  0.06    0.00   10.44 ^ clkbuf_2_2_0_i_clk/A (sky130_fd_sc_hd__clkbuf_8)
                  0.05    0.13   10.56 ^ clkbuf_2_2_0_i_clk/X (sky130_fd_sc_hd__clkbuf_8)
     2    0.02                           clknet_2_2_0_i_clk (net)
                  0.05    0.00   10.57 ^ clkbuf_3_5_0_i_clk/A (sky130_fd_sc_hd__clkbuf_8)
                  0.27    0.28   10.84 ^ clkbuf_3_5_0_i_clk/X (sky130_fd_sc_hd__clkbuf_8)
    15    0.16                           clknet_3_5_0_i_clk (net)
                  0.27    0.00   10.85 ^ clkbuf_leaf_58_i_clk/A (sky130_fd_sc_hd__clkbuf_16)
                  0.04    0.19   11.03 ^ clkbuf_leaf_58_i_clk/X (sky130_fd_sc_hd__clkbuf_16)
     6    0.02                           clknet_leaf_58_i_clk (net)
                  0.04    0.00   11.03 ^ _8232_/CLK (sky130_fd_sc_hd__dfxtp_1)
                         -0.25   10.78   clock uncertainty
                          0.03   10.82   clock reconvergence pessimism
                         -0.10   10.71   library setup time
                                 10.71   data required time
-----------------------------------------------------------------------------
                                 10.71   data required time
                                 -9.70   data arrival time
-----------------------------------------------------------------------------
                                  1.01   slack (MET)



===========================================================================
report_checks --slack_max -0.01
============================================================================
No paths found.
check_report_end
check_slew

===========================================================================
 report_check_types -max_slew -max_cap -max_fanout -violators
============================================================================
max fanout

Pin                                   Limit Fanout  Slack
---------------------------------------------------------
clkbuf_3_7_0_i_clk/X                     10     18     -8 (VIOLATED)
clkbuf_3_5_0_i_clk/X                     10     15     -5 (VIOLATED)
clkbuf_3_6_0_i_clk/X                     10     14     -4 (VIOLATED)
clkbuf_3_1_0_i_clk/X                     10     12     -2 (VIOLATED)


===========================================================================
max slew violation count 0
max fanout violation count 4
max cap violation count 0
============================================================================
check_slew_end
tns_report

===========================================================================
 report_tns
============================================================================
tns 0.00
tns_report_end
wns_report

===========================================================================
 report_wns
============================================================================
wns 0.00
wns_report_end
worst_slack

===========================================================================
 report_worst_slack -max (Setup)
============================================================================
worst slack 1.01

===========================================================================
 report_worst_slack -min (Hold)
============================================================================
worst slack 0.15
worst_slack_end
clock_skew

===========================================================================
 report_clock_skew
============================================================================
Clock i_clk
Latency      CRPR       Skew
_8248_/CLK ^
   1.21
_7911_/CLK ^
   0.78     -0.03       0.39

clock_skew_end
power_report

===========================================================================
 report_power
============================================================================
Group                  Internal  Switching    Leakage      Total
                          Power      Power      Power      Power (Watts)
----------------------------------------------------------------
Sequential             2.16e-03   2.00e-04   4.26e-09   2.36e-03  27.8%
Combinational          3.18e-03   2.95e-03   1.80e-08   6.13e-03  72.2%
Macro                  0.00e+00   0.00e+00   0.00e+00   0.00e+00   0.0%
Pad                    0.00e+00   0.00e+00   0.00e+00   0.00e+00   0.0%
----------------------------------------------------------------
Total                  5.34e-03   3.15e-03   2.23e-08   8.49e-03 100.0%
                          62.9%      37.1%       0.0%
power_report_end
area_report

===========================================================================
 report_design_area
============================================================================
Design area 49899 u^2 21% utilization.
area_report_end
Setting global connections for newly added cells...
Writing OpenROAD database to /home/piotro/caravel_user_project/openlane/core/runs/22_12_26_19_07/tmp/12-core.odb...
Writing netlist to /home/piotro/caravel_user_project/openlane/core/runs/22_12_26_19_07/tmp/12-core.nl.v...
Writing powered netlist to /home/piotro/caravel_user_project/openlane/core/runs/22_12_26_19_07/tmp/12-core.pnl.v...
Writing layout to /home/piotro/caravel_user_project/openlane/core/runs/22_12_26_19_07/tmp/12-core.def...
Writing timing constraints to /home/piotro/caravel_user_project/openlane/core/runs/22_12_26_19_07/tmp/12-core.sdc...
