
===========================================================================
report_checks -path_delay max (Setup)
============================================================================
Startpoint: _7909_ (rising edge-triggered flip-flop clocked by i_clk)
Endpoint: _8232_ (rising edge-triggered flip-flop clocked by i_clk)
Path Group: i_clk
Path Type: max

Fanout     Cap    Slew   Delay    Time   Description
-----------------------------------------------------------------------------
                          0.00    0.00   clock i_clk (rise edge)
                          0.00    0.00   clock source latency
                  0.20    0.15    0.15 ^ i_clk (in)
     1    0.04                           i_clk (net)
                  0.20    0.00    0.15 ^ clkbuf_0_i_clk/A (sky130_fd_sc_hd__clkbuf_16)
                  0.05    0.19    0.34 ^ clkbuf_0_i_clk/X (sky130_fd_sc_hd__clkbuf_16)
     2    0.02                           clknet_0_i_clk (net)
                  0.05    0.00    0.34 ^ clkbuf_1_0_0_i_clk/A (sky130_fd_sc_hd__clkbuf_8)
                  0.06    0.15    0.49 ^ clkbuf_1_0_0_i_clk/X (sky130_fd_sc_hd__clkbuf_8)
     2    0.03                           clknet_1_0_0_i_clk (net)
                  0.06    0.00    0.49 ^ clkbuf_2_1_0_i_clk/A (sky130_fd_sc_hd__clkbuf_8)
                  0.05    0.14    0.63 ^ clkbuf_2_1_0_i_clk/X (sky130_fd_sc_hd__clkbuf_8)
     2    0.02                           clknet_2_1_0_i_clk (net)
                  0.05    0.00    0.63 ^ clkbuf_3_3_0_i_clk/A (sky130_fd_sc_hd__clkbuf_8)
                  0.16    0.23    0.86 ^ clkbuf_3_3_0_i_clk/X (sky130_fd_sc_hd__clkbuf_8)
     9    0.09                           clknet_3_3_0_i_clk (net)
                  0.16    0.00    0.86 ^ clkbuf_leaf_7_i_clk/A (sky130_fd_sc_hd__clkbuf_16)
                  0.04    0.18    1.04 ^ clkbuf_leaf_7_i_clk/X (sky130_fd_sc_hd__clkbuf_16)
     7    0.02                           clknet_leaf_7_i_clk (net)
                  0.04    0.00    1.04 ^ _7909_/CLK (sky130_fd_sc_hd__dfxtp_1)
                  0.08    0.35    1.39 ^ _7909_/Q (sky130_fd_sc_hd__dfxtp_1)
     3    0.01                           decode.oc_r_reg_sel[0] (net)
                  0.08    0.00    1.39 ^ _3848_/A (sky130_fd_sc_hd__buf_2)
                  0.17    0.22    1.61 ^ _3848_/X (sky130_fd_sc_hd__buf_2)
    10    0.03                           _0505_ (net)
                  0.17    0.00    1.61 ^ _3986_/A_N (sky130_fd_sc_hd__and4b_1)
                  0.04    0.22    1.83 v _3986_/X (sky130_fd_sc_hd__and4b_1)
     1    0.00                           _0632_ (net)
                  0.04    0.00    1.83 v _3988_/C1 (sky130_fd_sc_hd__a2111o_1)
                  0.09    0.39    2.23 v _3988_/X (sky130_fd_sc_hd__a2111o_1)
     1    0.01                           _0634_ (net)
                  0.09    0.00    2.23 v _3989_/A3 (sky130_fd_sc_hd__o32ai_4)
                  1.00    0.86    3.09 ^ _3989_/Y (sky130_fd_sc_hd__o32ai_4)
     8    0.10                           _0635_ (net)
                  1.00    0.02    3.11 ^ _3990_/A (sky130_fd_sc_hd__clkinv_4)
                  0.25    0.29    3.40 v _3990_/Y (sky130_fd_sc_hd__clkinv_4)
     4    0.05                           net244 (net)
                  0.25    0.00    3.40 v _5097_/A1 (sky130_fd_sc_hd__mux2_2)
                  0.08    0.41    3.81 v _5097_/X (sky130_fd_sc_hd__mux2_2)
     3    0.02                           _1550_ (net)
                  0.08    0.00    3.81 v _5098_/A (sky130_fd_sc_hd__buf_4)
                  0.08    0.22    4.03 v _5098_/X (sky130_fd_sc_hd__buf_4)
    10    0.05                           _1551_ (net)
                  0.08    0.00    4.03 v _5618_/A2 (sky130_fd_sc_hd__a31o_1)
                  0.05    0.24    4.27 v _5618_/X (sky130_fd_sc_hd__a31o_1)
     2    0.01                           _1959_ (net)
                  0.05    0.00    4.27 v _5620_/B1 (sky130_fd_sc_hd__a21o_1)
                  0.04    0.17    4.44 v _5620_/X (sky130_fd_sc_hd__a21o_1)
     2    0.01                           _1961_ (net)
                  0.04    0.00    4.44 v _5622_/A2 (sky130_fd_sc_hd__a21o_1)
                  0.05    0.20    4.64 v _5622_/X (sky130_fd_sc_hd__a21o_1)
     3    0.01                           _1963_ (net)
                  0.05    0.00    4.64 v _5636_/A2 (sky130_fd_sc_hd__a21o_1)
                  0.05    0.20    4.85 v _5636_/X (sky130_fd_sc_hd__a21o_1)
     3    0.01                           _1977_ (net)
                  0.05    0.00    4.85 v _5644_/C (sky130_fd_sc_hd__and3_1)
                  0.06    0.21    5.06 v _5644_/X (sky130_fd_sc_hd__and3_1)
     3    0.01                           _1985_ (net)
                  0.06    0.00    5.06 v _5678_/A (sky130_fd_sc_hd__or4_2)
                  0.14    0.77    5.83 v _5678_/X (sky130_fd_sc_hd__or4_2)
     4    0.01                           _2019_ (net)
                  0.14    0.00    5.83 v _5837_/A1 (sky130_fd_sc_hd__a211oi_1)
                  0.33    0.35    6.18 ^ _5837_/Y (sky130_fd_sc_hd__a211oi_1)
     2    0.01                           _2178_ (net)
                  0.33    0.00    6.18 ^ _5838_/C (sky130_fd_sc_hd__nor3_2)
                  0.09    0.12    6.30 v _5838_/Y (sky130_fd_sc_hd__nor3_2)
     4    0.01                           _2179_ (net)
                  0.09    0.00    6.30 v _5888_/B1 (sky130_fd_sc_hd__a211oi_1)
                  0.35    0.36    6.65 ^ _5888_/Y (sky130_fd_sc_hd__a211oi_1)
     3    0.01                           _2229_ (net)
                  0.35    0.00    6.65 ^ _5891_/A1 (sky130_fd_sc_hd__o211ai_1)
                  0.11    0.18    6.83 v _5891_/Y (sky130_fd_sc_hd__o211ai_1)
     2    0.01                           _2232_ (net)
                  0.11    0.00    6.83 v _5926_/B (sky130_fd_sc_hd__and3_1)
                  0.07    0.23    7.06 v _5926_/X (sky130_fd_sc_hd__and3_1)
     4    0.01                           _2267_ (net)
                  0.07    0.00    7.06 v _5928_/A (sky130_fd_sc_hd__nor2_1)
                  0.27    0.26    7.32 ^ _5928_/Y (sky130_fd_sc_hd__nor2_1)
     3    0.01                           _2269_ (net)
                  0.27    0.00    7.32 ^ _6121_/A1 (sky130_fd_sc_hd__a41o_1)
                  0.19    0.32    7.64 ^ _6121_/X (sky130_fd_sc_hd__a41o_1)
     4    0.02                           _2462_ (net)
                  0.19    0.00    7.65 ^ _6279_/A2 (sky130_fd_sc_hd__a21oi_1)
                  0.08    0.10    7.75 v _6279_/Y (sky130_fd_sc_hd__a21oi_1)
     1    0.00                           _2620_ (net)
                  0.08    0.00    7.75 v _6339_/A1 (sky130_fd_sc_hd__o311a_2)
                  0.11    0.50    8.25 v _6339_/X (sky130_fd_sc_hd__o311a_2)
     2    0.03                           _2680_ (net)
                  0.11    0.00    8.25 v _6383_/B1 (sky130_fd_sc_hd__a211o_4)
                  0.09    0.40    8.65 v _6383_/X (sky130_fd_sc_hd__a211o_4)
     5    0.03                           _2724_ (net)
                  0.09    0.00    8.65 v _6829_/B1 (sky130_fd_sc_hd__a22o_4)
                  0.08    0.29    8.94 v _6829_/X (sky130_fd_sc_hd__a22o_4)
     3    0.04                           _3151_ (net)
                  0.08    0.00    8.94 v _7644_/B2 (sky130_fd_sc_hd__a2bb2o_1)
                  0.05    0.26    9.20 v _7644_/X (sky130_fd_sc_hd__a2bb2o_1)
     1    0.00                           _3756_ (net)
                  0.05    0.00    9.20 v _7645_/A1 (sky130_fd_sc_hd__mux2_1)
                  0.09    0.35    9.55 v _7645_/X (sky130_fd_sc_hd__mux2_1)
     1    0.01                           _3757_ (net)
                  0.09    0.00    9.55 v _7646_/A0 (sky130_fd_sc_hd__mux2_1)
                  0.05    0.30    9.86 v _7646_/X (sky130_fd_sc_hd__mux2_1)
     1    0.00                           _3758_ (net)
                  0.05    0.00    9.86 v _7647_/A (sky130_fd_sc_hd__clkbuf_1)
                  0.03    0.09    9.95 v _7647_/X (sky130_fd_sc_hd__clkbuf_1)
     1    0.00                           _0462_ (net)
                  0.03    0.00    9.95 v _8232_/D (sky130_fd_sc_hd__dfxtp_1)
                                  9.95   data arrival time

                         10.00   10.00   clock i_clk (rise edge)
                          0.00   10.00   clock source latency
                  0.20    0.14   10.14 ^ i_clk (in)
     1    0.04                           i_clk (net)
                  0.20    0.00   10.14 ^ clkbuf_0_i_clk/A (sky130_fd_sc_hd__clkbuf_16)
                  0.05    0.17   10.31 ^ clkbuf_0_i_clk/X (sky130_fd_sc_hd__clkbuf_16)
     2    0.02                           clknet_0_i_clk (net)
                  0.05    0.00   10.31 ^ clkbuf_1_1_0_i_clk/A (sky130_fd_sc_hd__clkbuf_8)
                  0.06    0.13   10.44 ^ clkbuf_1_1_0_i_clk/X (sky130_fd_sc_hd__clkbuf_8)
     2    0.02                           clknet_1_1_0_i_clk (net)
                  0.06    0.00   10.44 ^ clkbuf_2_2_0_i_clk/A (sky130_fd_sc_hd__clkbuf_8)
                  0.05    0.13   10.57 ^ clkbuf_2_2_0_i_clk/X (sky130_fd_sc_hd__clkbuf_8)
     2    0.02                           clknet_2_2_0_i_clk (net)
                  0.05    0.00   10.57 ^ clkbuf_3_5_0_i_clk/A (sky130_fd_sc_hd__clkbuf_8)
                  0.28    0.29   10.86 ^ clkbuf_3_5_0_i_clk/X (sky130_fd_sc_hd__clkbuf_8)
    15    0.16                           clknet_3_5_0_i_clk (net)
                  0.28    0.00   10.86 ^ clkbuf_leaf_58_i_clk/A (sky130_fd_sc_hd__clkbuf_16)
                  0.04    0.19   11.05 ^ clkbuf_leaf_58_i_clk/X (sky130_fd_sc_hd__clkbuf_16)
     6    0.02                           clknet_leaf_58_i_clk (net)
                  0.04    0.00   11.05 ^ _8232_/CLK (sky130_fd_sc_hd__dfxtp_1)
                         -0.25   10.80   clock uncertainty
                          0.03   10.83   clock reconvergence pessimism
                         -0.10   10.73   library setup time
                                 10.73   data required time
-----------------------------------------------------------------------------
                                 10.73   data required time
                                 -9.95   data arrival time
-----------------------------------------------------------------------------
                                  0.78   slack (MET)


Startpoint: _7909_ (rising edge-triggered flip-flop clocked by i_clk)
Endpoint: _8240_ (rising edge-triggered flip-flop clocked by i_clk)
Path Group: i_clk
Path Type: max

Fanout     Cap    Slew   Delay    Time   Description
-----------------------------------------------------------------------------
                          0.00    0.00   clock i_clk (rise edge)
                          0.00    0.00   clock source latency
                  0.20    0.15    0.15 ^ i_clk (in)
     1    0.04                           i_clk (net)
                  0.20    0.00    0.15 ^ clkbuf_0_i_clk/A (sky130_fd_sc_hd__clkbuf_16)
                  0.05    0.19    0.34 ^ clkbuf_0_i_clk/X (sky130_fd_sc_hd__clkbuf_16)
     2    0.02                           clknet_0_i_clk (net)
                  0.05    0.00    0.34 ^ clkbuf_1_0_0_i_clk/A (sky130_fd_sc_hd__clkbuf_8)
                  0.06    0.15    0.49 ^ clkbuf_1_0_0_i_clk/X (sky130_fd_sc_hd__clkbuf_8)
     2    0.03                           clknet_1_0_0_i_clk (net)
                  0.06    0.00    0.49 ^ clkbuf_2_1_0_i_clk/A (sky130_fd_sc_hd__clkbuf_8)
                  0.05    0.14    0.63 ^ clkbuf_2_1_0_i_clk/X (sky130_fd_sc_hd__clkbuf_8)
     2    0.02                           clknet_2_1_0_i_clk (net)
                  0.05    0.00    0.63 ^ clkbuf_3_3_0_i_clk/A (sky130_fd_sc_hd__clkbuf_8)
                  0.16    0.23    0.86 ^ clkbuf_3_3_0_i_clk/X (sky130_fd_sc_hd__clkbuf_8)
     9    0.09                           clknet_3_3_0_i_clk (net)
                  0.16    0.00    0.86 ^ clkbuf_leaf_7_i_clk/A (sky130_fd_sc_hd__clkbuf_16)
                  0.04    0.18    1.04 ^ clkbuf_leaf_7_i_clk/X (sky130_fd_sc_hd__clkbuf_16)
     7    0.02                           clknet_leaf_7_i_clk (net)
                  0.04    0.00    1.04 ^ _7909_/CLK (sky130_fd_sc_hd__dfxtp_1)
                  0.08    0.35    1.39 ^ _7909_/Q (sky130_fd_sc_hd__dfxtp_1)
     3    0.01                           decode.oc_r_reg_sel[0] (net)
                  0.08    0.00    1.39 ^ _3848_/A (sky130_fd_sc_hd__buf_2)
                  0.17    0.22    1.61 ^ _3848_/X (sky130_fd_sc_hd__buf_2)
    10    0.03                           _0505_ (net)
                  0.17    0.00    1.61 ^ _3870_/A (sky130_fd_sc_hd__buf_2)
                  0.14    0.23    1.84 ^ _3870_/X (sky130_fd_sc_hd__buf_2)
    10    0.03                           _0527_ (net)
                  0.14    0.00    1.84 ^ _3871_/A (sky130_fd_sc_hd__buf_2)
                  0.16    0.23    2.07 ^ _3871_/X (sky130_fd_sc_hd__buf_2)
    10    0.03                           _0528_ (net)
                  0.16    0.00    2.08 ^ _3872_/A (sky130_fd_sc_hd__clkbuf_4)
                  0.13    0.25    2.32 ^ _3872_/X (sky130_fd_sc_hd__clkbuf_4)
    10    0.04                           _0529_ (net)
                  0.13    0.00    2.33 ^ _3993_/A_N (sky130_fd_sc_hd__and4b_1)
                  0.05    0.23    2.56 v _3993_/X (sky130_fd_sc_hd__and4b_1)
     1    0.01                           _0638_ (net)
                  0.05    0.00    2.56 v _3996_/A (sky130_fd_sc_hd__or3_1)
                  0.10    0.43    2.99 v _3996_/X (sky130_fd_sc_hd__or3_1)
     1    0.01                           _0641_ (net)
                  0.10    0.00    2.99 v _3997_/B2 (sky130_fd_sc_hd__o22ai_4)
                  0.58    0.46    3.44 ^ _3997_/Y (sky130_fd_sc_hd__o22ai_4)
     8    0.08                           _0642_ (net)
                  0.58    0.02    3.47 ^ _3998_/A (sky130_fd_sc_hd__inv_2)
                  0.17    0.21    3.67 v _3998_/Y (sky130_fd_sc_hd__inv_2)
     4    0.03                           net243 (net)
                  0.17    0.00    3.67 v _5109_/A1 (sky130_fd_sc_hd__mux2_8)
                  0.09    0.42    4.09 v _5109_/X (sky130_fd_sc_hd__mux2_8)
     7    0.05                           _1562_ (net)
                  0.09    0.01    4.09 v _6044_/B (sky130_fd_sc_hd__nand2_1)
                  0.09    0.13    4.22 ^ _6044_/Y (sky130_fd_sc_hd__nand2_1)
     2    0.01                           _2385_ (net)
                  0.09    0.00    4.22 ^ _6247_/A (sky130_fd_sc_hd__and2_1)
                  0.17    0.23    4.45 ^ _6247_/X (sky130_fd_sc_hd__and2_1)
     5    0.02                           _2588_ (net)
                  0.17    0.00    4.45 ^ _6248_/B1 (sky130_fd_sc_hd__a21oi_1)
                  0.06    0.09    4.54 v _6248_/Y (sky130_fd_sc_hd__a21oi_1)
     2    0.01                           _2589_ (net)
                  0.06    0.00    4.54 v _6249_/B1 (sky130_fd_sc_hd__a21o_1)
                  0.07    0.20    4.74 v _6249_/X (sky130_fd_sc_hd__a21o_1)
     2    0.01                           _2590_ (net)
                  0.07    0.00    4.74 v _6251_/A2 (sky130_fd_sc_hd__a21oi_2)
                  0.19    0.23    4.97 ^ _6251_/Y (sky130_fd_sc_hd__a21oi_2)
     3    0.01                           _2592_ (net)
                  0.19    0.00    4.97 ^ _6253_/A2 (sky130_fd_sc_hd__o211ai_2)
                  0.11    0.13    5.11 v _6253_/Y (sky130_fd_sc_hd__o211ai_2)
     4    0.01                           _2594_ (net)
                  0.11    0.00    5.11 v _6257_/A3 (sky130_fd_sc_hd__a311o_2)
                  0.11    0.50    5.61 v _6257_/X (sky130_fd_sc_hd__a311o_2)
     5    0.02                           _2598_ (net)
                  0.11    0.00    5.61 v _6264_/A3 (sky130_fd_sc_hd__a311oi_4)
                  0.27    0.37    5.98 ^ _6264_/Y (sky130_fd_sc_hd__a311oi_4)
     2    0.01                           _2605_ (net)
                  0.27    0.00    5.98 ^ _6266_/A2 (sky130_fd_sc_hd__o211ai_2)
                  0.09    0.13    6.11 v _6266_/Y (sky130_fd_sc_hd__o211ai_2)
     3    0.01                           _2607_ (net)
                  0.09    0.00    6.11 v _6269_/A2 (sky130_fd_sc_hd__a21oi_1)
                  0.26    0.29    6.40 ^ _6269_/Y (sky130_fd_sc_hd__a21oi_1)
     3    0.01                           _2610_ (net)
                  0.26    0.00    6.40 ^ _6271_/A2 (sky130_fd_sc_hd__o21ai_2)
                  0.08    0.12    6.51 v _6271_/Y (sky130_fd_sc_hd__o21ai_2)
     3    0.01                           _2612_ (net)
                  0.08    0.00    6.51 v _6272_/A2 (sky130_fd_sc_hd__a21o_1)
                  0.06    0.22    6.73 v _6272_/X (sky130_fd_sc_hd__a21o_1)
     3    0.01                           _2613_ (net)
                  0.06    0.00    6.73 v _6353_/A2 (sky130_fd_sc_hd__a21oi_1)
                  0.16    0.19    6.92 ^ _6353_/Y (sky130_fd_sc_hd__a21oi_1)
     2    0.01                           _2694_ (net)
                  0.16    0.00    6.92 ^ _6658_/A2_N (sky130_fd_sc_hd__a2bb2o_1)
                  0.06    0.32    7.24 v _6658_/X (sky130_fd_sc_hd__a2bb2o_1)
     1    0.00                           _2998_ (net)
                  0.06    0.00    7.24 v _6667_/A2 (sky130_fd_sc_hd__a211o_4)
                  0.12    0.44    7.69 v _6667_/X (sky130_fd_sc_hd__a211o_4)
     6    0.05                           _3007_ (net)
                  0.12    0.01    7.69 v _7669_/B (sky130_fd_sc_hd__or4_1)
                  0.10    0.56    8.26 v _7669_/X (sky130_fd_sc_hd__or4_1)
     2    0.00                           _3777_ (net)
                  0.10    0.00    8.26 v _7678_/A (sky130_fd_sc_hd__or2_1)
                  0.06    0.27    8.52 v _7678_/X (sky130_fd_sc_hd__or2_1)
     2    0.01                           _3785_ (net)
                  0.06    0.00    8.52 v _7685_/A0 (sky130_fd_sc_hd__mux2_1)
                  0.09    0.35    8.87 v _7685_/X (sky130_fd_sc_hd__mux2_1)
     3    0.01                           _3791_ (net)
                  0.09    0.00    8.87 v _7692_/B1 (sky130_fd_sc_hd__a21o_1)
                  0.04    0.18    9.06 v _7692_/X (sky130_fd_sc_hd__a21o_1)
     1    0.00                           _3797_ (net)
                  0.04    0.00    9.06 v _7693_/B (sky130_fd_sc_hd__xnor2_1)
                  0.04    0.12    9.18 v _7693_/Y (sky130_fd_sc_hd__xnor2_1)
     1    0.00                           _3798_ (net)
                  0.04    0.00    9.18 v _7694_/A0 (sky130_fd_sc_hd__mux2_1)
                  0.05    0.28    9.46 v _7694_/X (sky130_fd_sc_hd__mux2_1)
     1    0.00                           _3799_ (net)
                  0.05    0.00    9.46 v _7695_/A (sky130_fd_sc_hd__clkbuf_1)
                  0.02    0.09    9.55 v _7695_/X (sky130_fd_sc_hd__clkbuf_1)
     1    0.00                           _0470_ (net)
                  0.02    0.00    9.55 v _8240_/D (sky130_fd_sc_hd__dfxtp_1)
                                  9.55   data arrival time

                         10.00   10.00   clock i_clk (rise edge)
                          0.00   10.00   clock source latency
                  0.20    0.14   10.14 ^ i_clk (in)
     1    0.04                           i_clk (net)
                  0.20    0.00   10.14 ^ clkbuf_0_i_clk/A (sky130_fd_sc_hd__clkbuf_16)
                  0.05    0.17   10.31 ^ clkbuf_0_i_clk/X (sky130_fd_sc_hd__clkbuf_16)
     2    0.02                           clknet_0_i_clk (net)
                  0.05    0.00   10.31 ^ clkbuf_1_1_0_i_clk/A (sky130_fd_sc_hd__clkbuf_8)
                  0.06    0.13   10.44 ^ clkbuf_1_1_0_i_clk/X (sky130_fd_sc_hd__clkbuf_8)
     2    0.02                           clknet_1_1_0_i_clk (net)
                  0.06    0.00   10.44 ^ clkbuf_2_2_0_i_clk/A (sky130_fd_sc_hd__clkbuf_8)
                  0.05    0.13   10.57 ^ clkbuf_2_2_0_i_clk/X (sky130_fd_sc_hd__clkbuf_8)
     2    0.02                           clknet_2_2_0_i_clk (net)
                  0.05    0.00   10.57 ^ clkbuf_3_5_0_i_clk/A (sky130_fd_sc_hd__clkbuf_8)
                  0.28    0.29   10.86 ^ clkbuf_3_5_0_i_clk/X (sky130_fd_sc_hd__clkbuf_8)
    15    0.16                           clknet_3_5_0_i_clk (net)
                  0.28    0.01   10.86 ^ clkbuf_leaf_62_i_clk/A (sky130_fd_sc_hd__clkbuf_16)
                  0.05    0.20   11.06 ^ clkbuf_leaf_62_i_clk/X (sky130_fd_sc_hd__clkbuf_16)
     8    0.02                           clknet_leaf_62_i_clk (net)
                  0.05    0.00   11.06 ^ _8240_/CLK (sky130_fd_sc_hd__dfxtp_1)
                         -0.25   10.81   clock uncertainty
                          0.03   10.84   clock reconvergence pessimism
                         -0.10   10.74   library setup time
                                 10.74   data required time
-----------------------------------------------------------------------------
                                 10.74   data required time
                                 -9.55   data arrival time
-----------------------------------------------------------------------------
                                  1.19   slack (MET)


Startpoint: _7909_ (rising edge-triggered flip-flop clocked by i_clk)
Endpoint: _8241_ (rising edge-triggered flip-flop clocked by i_clk)
Path Group: i_clk
Path Type: max

Fanout     Cap    Slew   Delay    Time   Description
-----------------------------------------------------------------------------
                          0.00    0.00   clock i_clk (rise edge)
                          0.00    0.00   clock source latency
                  0.20    0.15    0.15 ^ i_clk (in)
     1    0.04                           i_clk (net)
                  0.20    0.00    0.15 ^ clkbuf_0_i_clk/A (sky130_fd_sc_hd__clkbuf_16)
                  0.05    0.19    0.34 ^ clkbuf_0_i_clk/X (sky130_fd_sc_hd__clkbuf_16)
     2    0.02                           clknet_0_i_clk (net)
                  0.05    0.00    0.34 ^ clkbuf_1_0_0_i_clk/A (sky130_fd_sc_hd__clkbuf_8)
                  0.06    0.15    0.49 ^ clkbuf_1_0_0_i_clk/X (sky130_fd_sc_hd__clkbuf_8)
     2    0.03                           clknet_1_0_0_i_clk (net)
                  0.06    0.00    0.49 ^ clkbuf_2_1_0_i_clk/A (sky130_fd_sc_hd__clkbuf_8)
                  0.05    0.14    0.63 ^ clkbuf_2_1_0_i_clk/X (sky130_fd_sc_hd__clkbuf_8)
     2    0.02                           clknet_2_1_0_i_clk (net)
                  0.05    0.00    0.63 ^ clkbuf_3_3_0_i_clk/A (sky130_fd_sc_hd__clkbuf_8)
                  0.16    0.23    0.86 ^ clkbuf_3_3_0_i_clk/X (sky130_fd_sc_hd__clkbuf_8)
     9    0.09                           clknet_3_3_0_i_clk (net)
                  0.16    0.00    0.86 ^ clkbuf_leaf_7_i_clk/A (sky130_fd_sc_hd__clkbuf_16)
                  0.04    0.18    1.04 ^ clkbuf_leaf_7_i_clk/X (sky130_fd_sc_hd__clkbuf_16)
     7    0.02                           clknet_leaf_7_i_clk (net)
                  0.04    0.00    1.04 ^ _7909_/CLK (sky130_fd_sc_hd__dfxtp_1)
                  0.08    0.35    1.39 ^ _7909_/Q (sky130_fd_sc_hd__dfxtp_1)
     3    0.01                           decode.oc_r_reg_sel[0] (net)
                  0.08    0.00    1.39 ^ _3848_/A (sky130_fd_sc_hd__buf_2)
                  0.17    0.22    1.61 ^ _3848_/X (sky130_fd_sc_hd__buf_2)
    10    0.03                           _0505_ (net)
                  0.17    0.00    1.61 ^ _3870_/A (sky130_fd_sc_hd__buf_2)
                  0.14    0.23    1.84 ^ _3870_/X (sky130_fd_sc_hd__buf_2)
    10    0.03                           _0527_ (net)
                  0.14    0.00    1.84 ^ _3871_/A (sky130_fd_sc_hd__buf_2)
                  0.16    0.23    2.07 ^ _3871_/X (sky130_fd_sc_hd__buf_2)
    10    0.03                           _0528_ (net)
                  0.16    0.00    2.08 ^ _3872_/A (sky130_fd_sc_hd__clkbuf_4)
                  0.13    0.25    2.32 ^ _3872_/X (sky130_fd_sc_hd__clkbuf_4)
    10    0.04                           _0529_ (net)
                  0.13    0.00    2.33 ^ _3993_/A_N (sky130_fd_sc_hd__and4b_1)
                  0.05    0.23    2.56 v _3993_/X (sky130_fd_sc_hd__and4b_1)
     1    0.01                           _0638_ (net)
                  0.05    0.00    2.56 v _3996_/A (sky130_fd_sc_hd__or3_1)
                  0.10    0.43    2.99 v _3996_/X (sky130_fd_sc_hd__or3_1)
     1    0.01                           _0641_ (net)
                  0.10    0.00    2.99 v _3997_/B2 (sky130_fd_sc_hd__o22ai_4)
                  0.58    0.46    3.44 ^ _3997_/Y (sky130_fd_sc_hd__o22ai_4)
     8    0.08                           _0642_ (net)
                  0.58    0.02    3.47 ^ _3998_/A (sky130_fd_sc_hd__inv_2)
                  0.17    0.21    3.67 v _3998_/Y (sky130_fd_sc_hd__inv_2)
     4    0.03                           net243 (net)
                  0.17    0.00    3.67 v _5109_/A1 (sky130_fd_sc_hd__mux2_8)
                  0.09    0.42    4.09 v _5109_/X (sky130_fd_sc_hd__mux2_8)
     7    0.05                           _1562_ (net)
                  0.09    0.01    4.09 v _6044_/B (sky130_fd_sc_hd__nand2_1)
                  0.09    0.13    4.22 ^ _6044_/Y (sky130_fd_sc_hd__nand2_1)
     2    0.01                           _2385_ (net)
                  0.09    0.00    4.22 ^ _6247_/A (sky130_fd_sc_hd__and2_1)
                  0.17    0.23    4.45 ^ _6247_/X (sky130_fd_sc_hd__and2_1)
     5    0.02                           _2588_ (net)
                  0.17    0.00    4.45 ^ _6248_/B1 (sky130_fd_sc_hd__a21oi_1)
                  0.06    0.09    4.54 v _6248_/Y (sky130_fd_sc_hd__a21oi_1)
     2    0.01                           _2589_ (net)
                  0.06    0.00    4.54 v _6249_/B1 (sky130_fd_sc_hd__a21o_1)
                  0.07    0.20    4.74 v _6249_/X (sky130_fd_sc_hd__a21o_1)
     2    0.01                           _2590_ (net)
                  0.07    0.00    4.74 v _6251_/A2 (sky130_fd_sc_hd__a21oi_2)
                  0.19    0.23    4.97 ^ _6251_/Y (sky130_fd_sc_hd__a21oi_2)
     3    0.01                           _2592_ (net)
                  0.19    0.00    4.97 ^ _6253_/A2 (sky130_fd_sc_hd__o211ai_2)
                  0.11    0.13    5.11 v _6253_/Y (sky130_fd_sc_hd__o211ai_2)
     4    0.01                           _2594_ (net)
                  0.11    0.00    5.11 v _6257_/A3 (sky130_fd_sc_hd__a311o_2)
                  0.11    0.50    5.61 v _6257_/X (sky130_fd_sc_hd__a311o_2)
     5    0.02                           _2598_ (net)
                  0.11    0.00    5.61 v _6264_/A3 (sky130_fd_sc_hd__a311oi_4)
                  0.27    0.37    5.98 ^ _6264_/Y (sky130_fd_sc_hd__a311oi_4)
     2    0.01                           _2605_ (net)
                  0.27    0.00    5.98 ^ _6266_/A2 (sky130_fd_sc_hd__o211ai_2)
                  0.09    0.13    6.11 v _6266_/Y (sky130_fd_sc_hd__o211ai_2)
     3    0.01                           _2607_ (net)
                  0.09    0.00    6.11 v _6269_/A2 (sky130_fd_sc_hd__a21oi_1)
                  0.26    0.29    6.40 ^ _6269_/Y (sky130_fd_sc_hd__a21oi_1)
     3    0.01                           _2610_ (net)
                  0.26    0.00    6.40 ^ _6271_/A2 (sky130_fd_sc_hd__o21ai_2)
                  0.08    0.12    6.51 v _6271_/Y (sky130_fd_sc_hd__o21ai_2)
     3    0.01                           _2612_ (net)
                  0.08    0.00    6.51 v _6272_/A2 (sky130_fd_sc_hd__a21o_1)
                  0.06    0.22    6.73 v _6272_/X (sky130_fd_sc_hd__a21o_1)
     3    0.01                           _2613_ (net)
                  0.06    0.00    6.73 v _6353_/A2 (sky130_fd_sc_hd__a21oi_1)
                  0.16    0.19    6.92 ^ _6353_/Y (sky130_fd_sc_hd__a21oi_1)
     2    0.01                           _2694_ (net)
                  0.16    0.00    6.92 ^ _6658_/A2_N (sky130_fd_sc_hd__a2bb2o_1)
                  0.06    0.32    7.24 v _6658_/X (sky130_fd_sc_hd__a2bb2o_1)
     1    0.00                           _2998_ (net)
                  0.06    0.00    7.24 v _6667_/A2 (sky130_fd_sc_hd__a211o_4)
                  0.12    0.44    7.69 v _6667_/X (sky130_fd_sc_hd__a211o_4)
     6    0.05                           _3007_ (net)
                  0.12    0.01    7.69 v _7669_/B (sky130_fd_sc_hd__or4_1)
                  0.10    0.56    8.26 v _7669_/X (sky130_fd_sc_hd__or4_1)
     2    0.00                           _3777_ (net)
                  0.10    0.00    8.26 v _7678_/A (sky130_fd_sc_hd__or2_1)
                  0.06    0.27    8.52 v _7678_/X (sky130_fd_sc_hd__or2_1)
     2    0.01                           _3785_ (net)
                  0.06    0.00    8.52 v _7685_/A0 (sky130_fd_sc_hd__mux2_1)
                  0.09    0.35    8.87 v _7685_/X (sky130_fd_sc_hd__mux2_1)
     3    0.01                           _3791_ (net)
                  0.09    0.00    8.87 v _7698_/A (sky130_fd_sc_hd__nor2_1)
                  0.12    0.15    9.02 ^ _7698_/Y (sky130_fd_sc_hd__nor2_1)
     1    0.01                           _3802_ (net)
                  0.12    0.00    9.02 ^ _7699_/B (sky130_fd_sc_hd__xnor2_1)
                  0.06    0.08    9.10 v _7699_/Y (sky130_fd_sc_hd__xnor2_1)
     1    0.00                           _3803_ (net)
                  0.06    0.00    9.10 v _7700_/A0 (sky130_fd_sc_hd__mux2_1)
                  0.05    0.29    9.39 v _7700_/X (sky130_fd_sc_hd__mux2_1)
     1    0.00                           _3804_ (net)
                  0.05    0.00    9.39 v _7701_/A (sky130_fd_sc_hd__clkbuf_1)
                  0.02    0.09    9.48 v _7701_/X (sky130_fd_sc_hd__clkbuf_1)
     1    0.00                           _0471_ (net)
                  0.02    0.00    9.48 v _8241_/D (sky130_fd_sc_hd__dfxtp_1)
                                  9.48   data arrival time

                         10.00   10.00   clock i_clk (rise edge)
                          0.00   10.00   clock source latency
                  0.20    0.14   10.14 ^ i_clk (in)
     1    0.04                           i_clk (net)
                  0.20    0.00   10.14 ^ clkbuf_0_i_clk/A (sky130_fd_sc_hd__clkbuf_16)
                  0.05    0.17   10.31 ^ clkbuf_0_i_clk/X (sky130_fd_sc_hd__clkbuf_16)
     2    0.02                           clknet_0_i_clk (net)
                  0.05    0.00   10.31 ^ clkbuf_1_1_0_i_clk/A (sky130_fd_sc_hd__clkbuf_8)
                  0.06    0.13   10.44 ^ clkbuf_1_1_0_i_clk/X (sky130_fd_sc_hd__clkbuf_8)
     2    0.02                           clknet_1_1_0_i_clk (net)
                  0.06    0.00   10.44 ^ clkbuf_2_2_0_i_clk/A (sky130_fd_sc_hd__clkbuf_8)
                  0.05    0.13   10.57 ^ clkbuf_2_2_0_i_clk/X (sky130_fd_sc_hd__clkbuf_8)
     2    0.02                           clknet_2_2_0_i_clk (net)
                  0.05    0.00   10.57 ^ clkbuf_3_5_0_i_clk/A (sky130_fd_sc_hd__clkbuf_8)
                  0.28    0.29   10.86 ^ clkbuf_3_5_0_i_clk/X (sky130_fd_sc_hd__clkbuf_8)
    15    0.16                           clknet_3_5_0_i_clk (net)
                  0.28    0.01   10.86 ^ clkbuf_leaf_63_i_clk/A (sky130_fd_sc_hd__clkbuf_16)
                  0.04    0.19   11.05 ^ clkbuf_leaf_63_i_clk/X (sky130_fd_sc_hd__clkbuf_16)
     5    0.01                           clknet_leaf_63_i_clk (net)
                  0.04    0.00   11.05 ^ _8241_/CLK (sky130_fd_sc_hd__dfxtp_1)
                         -0.25   10.80   clock uncertainty
                          0.03   10.83   clock reconvergence pessimism
                         -0.10   10.73   library setup time
                                 10.73   data required time
-----------------------------------------------------------------------------
                                 10.73   data required time
                                 -9.48   data arrival time
-----------------------------------------------------------------------------
                                  1.25   slack (MET)


Startpoint: _7909_ (rising edge-triggered flip-flop clocked by i_clk)
Endpoint: _8003_ (rising edge-triggered flip-flop clocked by i_clk)
Path Group: i_clk
Path Type: max

Fanout     Cap    Slew   Delay    Time   Description
-----------------------------------------------------------------------------
                          0.00    0.00   clock i_clk (rise edge)
                          0.00    0.00   clock source latency
                  0.20    0.15    0.15 ^ i_clk (in)
     1    0.04                           i_clk (net)
                  0.20    0.00    0.15 ^ clkbuf_0_i_clk/A (sky130_fd_sc_hd__clkbuf_16)
                  0.05    0.19    0.34 ^ clkbuf_0_i_clk/X (sky130_fd_sc_hd__clkbuf_16)
     2    0.02                           clknet_0_i_clk (net)
                  0.05    0.00    0.34 ^ clkbuf_1_0_0_i_clk/A (sky130_fd_sc_hd__clkbuf_8)
                  0.06    0.15    0.49 ^ clkbuf_1_0_0_i_clk/X (sky130_fd_sc_hd__clkbuf_8)
     2    0.03                           clknet_1_0_0_i_clk (net)
                  0.06    0.00    0.49 ^ clkbuf_2_1_0_i_clk/A (sky130_fd_sc_hd__clkbuf_8)
                  0.05    0.14    0.63 ^ clkbuf_2_1_0_i_clk/X (sky130_fd_sc_hd__clkbuf_8)
     2    0.02                           clknet_2_1_0_i_clk (net)
                  0.05    0.00    0.63 ^ clkbuf_3_3_0_i_clk/A (sky130_fd_sc_hd__clkbuf_8)
                  0.16    0.23    0.86 ^ clkbuf_3_3_0_i_clk/X (sky130_fd_sc_hd__clkbuf_8)
     9    0.09                           clknet_3_3_0_i_clk (net)
                  0.16    0.00    0.86 ^ clkbuf_leaf_7_i_clk/A (sky130_fd_sc_hd__clkbuf_16)
                  0.04    0.18    1.04 ^ clkbuf_leaf_7_i_clk/X (sky130_fd_sc_hd__clkbuf_16)
     7    0.02                           clknet_leaf_7_i_clk (net)
                  0.04    0.00    1.04 ^ _7909_/CLK (sky130_fd_sc_hd__dfxtp_1)
                  0.08    0.35    1.39 ^ _7909_/Q (sky130_fd_sc_hd__dfxtp_1)
     3    0.01                           decode.oc_r_reg_sel[0] (net)
                  0.08    0.00    1.39 ^ _3848_/A (sky130_fd_sc_hd__buf_2)
                  0.17    0.22    1.61 ^ _3848_/X (sky130_fd_sc_hd__buf_2)
    10    0.03                           _0505_ (net)
                  0.17    0.00    1.61 ^ _3986_/A_N (sky130_fd_sc_hd__and4b_1)
                  0.04    0.22    1.83 v _3986_/X (sky130_fd_sc_hd__and4b_1)
     1    0.00                           _0632_ (net)
                  0.04    0.00    1.83 v _3988_/C1 (sky130_fd_sc_hd__a2111o_1)
                  0.09    0.39    2.23 v _3988_/X (sky130_fd_sc_hd__a2111o_1)
     1    0.01                           _0634_ (net)
                  0.09    0.00    2.23 v _3989_/A3 (sky130_fd_sc_hd__o32ai_4)
                  1.00    0.86    3.09 ^ _3989_/Y (sky130_fd_sc_hd__o32ai_4)
     8    0.10                           _0635_ (net)
                  1.00    0.02    3.11 ^ _3990_/A (sky130_fd_sc_hd__clkinv_4)
                  0.25    0.29    3.40 v _3990_/Y (sky130_fd_sc_hd__clkinv_4)
     4    0.05                           net244 (net)
                  0.25    0.00    3.40 v _5097_/A1 (sky130_fd_sc_hd__mux2_2)
                  0.08    0.41    3.81 v _5097_/X (sky130_fd_sc_hd__mux2_2)
     3    0.02                           _1550_ (net)
                  0.08    0.00    3.81 v _5098_/A (sky130_fd_sc_hd__buf_4)
                  0.08    0.22    4.03 v _5098_/X (sky130_fd_sc_hd__buf_4)
    10    0.05                           _1551_ (net)
                  0.08    0.00    4.03 v _5618_/A2 (sky130_fd_sc_hd__a31o_1)
                  0.05    0.24    4.27 v _5618_/X (sky130_fd_sc_hd__a31o_1)
     2    0.01                           _1959_ (net)
                  0.05    0.00    4.27 v _5620_/B1 (sky130_fd_sc_hd__a21o_1)
                  0.04    0.17    4.44 v _5620_/X (sky130_fd_sc_hd__a21o_1)
     2    0.01                           _1961_ (net)
                  0.04    0.00    4.44 v _5622_/A2 (sky130_fd_sc_hd__a21o_1)
                  0.05    0.20    4.64 v _5622_/X (sky130_fd_sc_hd__a21o_1)
     3    0.01                           _1963_ (net)
                  0.05    0.00    4.64 v _5636_/A2 (sky130_fd_sc_hd__a21o_1)
                  0.05    0.20    4.85 v _5636_/X (sky130_fd_sc_hd__a21o_1)
     3    0.01                           _1977_ (net)
                  0.05    0.00    4.85 v _5644_/C (sky130_fd_sc_hd__and3_1)
                  0.06    0.21    5.06 v _5644_/X (sky130_fd_sc_hd__and3_1)
     3    0.01                           _1985_ (net)
                  0.06    0.00    5.06 v _5678_/A (sky130_fd_sc_hd__or4_2)
                  0.14    0.77    5.83 v _5678_/X (sky130_fd_sc_hd__or4_2)
     4    0.01                           _2019_ (net)
                  0.14    0.00    5.83 v _5837_/A1 (sky130_fd_sc_hd__a211oi_1)
                  0.33    0.35    6.18 ^ _5837_/Y (sky130_fd_sc_hd__a211oi_1)
     2    0.01                           _2178_ (net)
                  0.33    0.00    6.18 ^ _5838_/C (sky130_fd_sc_hd__nor3_2)
                  0.09    0.12    6.30 v _5838_/Y (sky130_fd_sc_hd__nor3_2)
     4    0.01                           _2179_ (net)
                  0.09    0.00    6.30 v _5888_/B1 (sky130_fd_sc_hd__a211oi_1)
                  0.35    0.36    6.65 ^ _5888_/Y (sky130_fd_sc_hd__a211oi_1)
     3    0.01                           _2229_ (net)
                  0.35    0.00    6.65 ^ _5891_/A1 (sky130_fd_sc_hd__o211ai_1)
                  0.11    0.18    6.83 v _5891_/Y (sky130_fd_sc_hd__o211ai_1)
     2    0.01                           _2232_ (net)
                  0.11    0.00    6.83 v _5926_/B (sky130_fd_sc_hd__and3_1)
                  0.07    0.23    7.06 v _5926_/X (sky130_fd_sc_hd__and3_1)
     4    0.01                           _2267_ (net)
                  0.07    0.00    7.06 v _5928_/A (sky130_fd_sc_hd__nor2_1)
                  0.27    0.26    7.32 ^ _5928_/Y (sky130_fd_sc_hd__nor2_1)
     3    0.01                           _2269_ (net)
                  0.27    0.00    7.32 ^ _6121_/A1 (sky130_fd_sc_hd__a41o_1)
                  0.19    0.32    7.64 ^ _6121_/X (sky130_fd_sc_hd__a41o_1)
     4    0.02                           _2462_ (net)
                  0.19    0.00    7.65 ^ _6279_/A2 (sky130_fd_sc_hd__a21oi_1)
                  0.08    0.10    7.75 v _6279_/Y (sky130_fd_sc_hd__a21oi_1)
     1    0.00                           _2620_ (net)
                  0.08    0.00    7.75 v _6339_/A1 (sky130_fd_sc_hd__o311a_2)
                  0.11    0.50    8.25 v _6339_/X (sky130_fd_sc_hd__o311a_2)
     2    0.03                           _2680_ (net)
                  0.11    0.00    8.25 v _6383_/B1 (sky130_fd_sc_hd__a211o_4)
                  0.09    0.40    8.65 v _6383_/X (sky130_fd_sc_hd__a211o_4)
     5    0.03                           _2724_ (net)
                  0.09    0.00    8.65 v _6654_/B (sky130_fd_sc_hd__or4_1)
                  0.09    0.54    9.19 v _6654_/X (sky130_fd_sc_hd__or4_1)
     1    0.00                           _2995_ (net)
                  0.09    0.00    9.19 v _6655_/C1 (sky130_fd_sc_hd__o211ai_1)
                  0.15    0.10    9.29 ^ _6655_/Y (sky130_fd_sc_hd__o211ai_1)
     1    0.00                           _2996_ (net)
                  0.15    0.00    9.29 ^ _6656_/B1 (sky130_fd_sc_hd__o211a_1)
                  0.04    0.17    9.46 ^ _6656_/X (sky130_fd_sc_hd__o211a_1)
     1    0.00                           _0234_ (net)
                  0.04    0.00    9.46 ^ _8003_/D (sky130_fd_sc_hd__dfxtp_2)
                                  9.46   data arrival time

                         10.00   10.00   clock i_clk (rise edge)
                          0.00   10.00   clock source latency
                  0.20    0.14   10.14 ^ i_clk (in)
     1    0.04                           i_clk (net)
                  0.20    0.00   10.14 ^ clkbuf_0_i_clk/A (sky130_fd_sc_hd__clkbuf_16)
                  0.05    0.17   10.31 ^ clkbuf_0_i_clk/X (sky130_fd_sc_hd__clkbuf_16)
     2    0.02                           clknet_0_i_clk (net)
                  0.05    0.00   10.31 ^ clkbuf_1_1_0_i_clk/A (sky130_fd_sc_hd__clkbuf_8)
                  0.06    0.13   10.44 ^ clkbuf_1_1_0_i_clk/X (sky130_fd_sc_hd__clkbuf_8)
     2    0.02                           clknet_1_1_0_i_clk (net)
                  0.06    0.00   10.44 ^ clkbuf_2_3_0_i_clk/A (sky130_fd_sc_hd__clkbuf_8)
                  0.05    0.13   10.57 ^ clkbuf_2_3_0_i_clk/X (sky130_fd_sc_hd__clkbuf_8)
     2    0.02                           clknet_2_3_0_i_clk (net)
                  0.05    0.00   10.57 ^ clkbuf_3_6_0_i_clk/A (sky130_fd_sc_hd__clkbuf_8)
                  0.27    0.28   10.86 ^ clkbuf_3_6_0_i_clk/X (sky130_fd_sc_hd__clkbuf_8)
    14    0.16                           clknet_3_6_0_i_clk (net)
                  0.27    0.00   10.86 ^ clkbuf_leaf_18_i_clk/A (sky130_fd_sc_hd__clkbuf_16)
                  0.05    0.19   11.05 ^ clkbuf_leaf_18_i_clk/X (sky130_fd_sc_hd__clkbuf_16)
     7    0.02                           clknet_leaf_18_i_clk (net)
                  0.05    0.00   11.05 ^ _8003_/CLK (sky130_fd_sc_hd__dfxtp_2)
                         -0.25   10.80   clock uncertainty
                          0.03   10.83   clock reconvergence pessimism
                         -0.06   10.77   library setup time
                                 10.77   data required time
-----------------------------------------------------------------------------
                                 10.77   data required time
                                 -9.46   data arrival time
-----------------------------------------------------------------------------
                                  1.32   slack (MET)


Startpoint: _7909_ (rising edge-triggered flip-flop clocked by i_clk)
Endpoint: _8022_ (rising edge-triggered flip-flop clocked by i_clk)
Path Group: i_clk
Path Type: max

Fanout     Cap    Slew   Delay    Time   Description
-----------------------------------------------------------------------------
                          0.00    0.00   clock i_clk (rise edge)
                          0.00    0.00   clock source latency
                  0.20    0.15    0.15 ^ i_clk (in)
     1    0.04                           i_clk (net)
                  0.20    0.00    0.15 ^ clkbuf_0_i_clk/A (sky130_fd_sc_hd__clkbuf_16)
                  0.05    0.19    0.34 ^ clkbuf_0_i_clk/X (sky130_fd_sc_hd__clkbuf_16)
     2    0.02                           clknet_0_i_clk (net)
                  0.05    0.00    0.34 ^ clkbuf_1_0_0_i_clk/A (sky130_fd_sc_hd__clkbuf_8)
                  0.06    0.15    0.49 ^ clkbuf_1_0_0_i_clk/X (sky130_fd_sc_hd__clkbuf_8)
     2    0.03                           clknet_1_0_0_i_clk (net)
                  0.06    0.00    0.49 ^ clkbuf_2_1_0_i_clk/A (sky130_fd_sc_hd__clkbuf_8)
                  0.05    0.14    0.63 ^ clkbuf_2_1_0_i_clk/X (sky130_fd_sc_hd__clkbuf_8)
     2    0.02                           clknet_2_1_0_i_clk (net)
                  0.05    0.00    0.63 ^ clkbuf_3_3_0_i_clk/A (sky130_fd_sc_hd__clkbuf_8)
                  0.16    0.23    0.86 ^ clkbuf_3_3_0_i_clk/X (sky130_fd_sc_hd__clkbuf_8)
     9    0.09                           clknet_3_3_0_i_clk (net)
                  0.16    0.00    0.86 ^ clkbuf_leaf_7_i_clk/A (sky130_fd_sc_hd__clkbuf_16)
                  0.04    0.18    1.04 ^ clkbuf_leaf_7_i_clk/X (sky130_fd_sc_hd__clkbuf_16)
     7    0.02                           clknet_leaf_7_i_clk (net)
                  0.04    0.00    1.04 ^ _7909_/CLK (sky130_fd_sc_hd__dfxtp_1)
                  0.08    0.35    1.39 ^ _7909_/Q (sky130_fd_sc_hd__dfxtp_1)
     3    0.01                           decode.oc_r_reg_sel[0] (net)
                  0.08    0.00    1.39 ^ _3848_/A (sky130_fd_sc_hd__buf_2)
                  0.17    0.22    1.61 ^ _3848_/X (sky130_fd_sc_hd__buf_2)
    10    0.03                           _0505_ (net)
                  0.17    0.00    1.61 ^ _3986_/A_N (sky130_fd_sc_hd__and4b_1)
                  0.04    0.22    1.83 v _3986_/X (sky130_fd_sc_hd__and4b_1)
     1    0.00                           _0632_ (net)
                  0.04    0.00    1.83 v _3988_/C1 (sky130_fd_sc_hd__a2111o_1)
                  0.09    0.39    2.23 v _3988_/X (sky130_fd_sc_hd__a2111o_1)
     1    0.01                           _0634_ (net)
                  0.09    0.00    2.23 v _3989_/A3 (sky130_fd_sc_hd__o32ai_4)
                  1.00    0.86    3.09 ^ _3989_/Y (sky130_fd_sc_hd__o32ai_4)
     8    0.10                           _0635_ (net)
                  1.00    0.02    3.11 ^ _3990_/A (sky130_fd_sc_hd__clkinv_4)
                  0.25    0.29    3.40 v _3990_/Y (sky130_fd_sc_hd__clkinv_4)
     4    0.05                           net244 (net)
                  0.25    0.00    3.40 v _5097_/A1 (sky130_fd_sc_hd__mux2_2)
                  0.08    0.41    3.81 v _5097_/X (sky130_fd_sc_hd__mux2_2)
     3    0.02                           _1550_ (net)
                  0.08    0.00    3.81 v _5098_/A (sky130_fd_sc_hd__buf_4)
                  0.08    0.22    4.03 v _5098_/X (sky130_fd_sc_hd__buf_4)
    10    0.05                           _1551_ (net)
                  0.08    0.00    4.03 v _5618_/A2 (sky130_fd_sc_hd__a31o_1)
                  0.05    0.24    4.27 v _5618_/X (sky130_fd_sc_hd__a31o_1)
     2    0.01                           _1959_ (net)
                  0.05    0.00    4.27 v _5620_/B1 (sky130_fd_sc_hd__a21o_1)
                  0.04    0.17    4.44 v _5620_/X (sky130_fd_sc_hd__a21o_1)
     2    0.01                           _1961_ (net)
                  0.04    0.00    4.44 v _5622_/A2 (sky130_fd_sc_hd__a21o_1)
                  0.05    0.20    4.64 v _5622_/X (sky130_fd_sc_hd__a21o_1)
     3    0.01                           _1963_ (net)
                  0.05    0.00    4.64 v _5636_/A2 (sky130_fd_sc_hd__a21o_1)
                  0.05    0.20    4.85 v _5636_/X (sky130_fd_sc_hd__a21o_1)
     3    0.01                           _1977_ (net)
                  0.05    0.00    4.85 v _5644_/C (sky130_fd_sc_hd__and3_1)
                  0.06    0.21    5.06 v _5644_/X (sky130_fd_sc_hd__and3_1)
     3    0.01                           _1985_ (net)
                  0.06    0.00    5.06 v _5678_/A (sky130_fd_sc_hd__or4_2)
                  0.14    0.77    5.83 v _5678_/X (sky130_fd_sc_hd__or4_2)
     4    0.01                           _2019_ (net)
                  0.14    0.00    5.83 v _5837_/A1 (sky130_fd_sc_hd__a211oi_1)
                  0.33    0.35    6.18 ^ _5837_/Y (sky130_fd_sc_hd__a211oi_1)
     2    0.01                           _2178_ (net)
                  0.33    0.00    6.18 ^ _5838_/C (sky130_fd_sc_hd__nor3_2)
                  0.09    0.12    6.30 v _5838_/Y (sky130_fd_sc_hd__nor3_2)
     4    0.01                           _2179_ (net)
                  0.09    0.00    6.30 v _5888_/B1 (sky130_fd_sc_hd__a211oi_1)
                  0.35    0.36    6.65 ^ _5888_/Y (sky130_fd_sc_hd__a211oi_1)
     3    0.01                           _2229_ (net)
                  0.35    0.00    6.65 ^ _5891_/A1 (sky130_fd_sc_hd__o211ai_1)
                  0.11    0.18    6.83 v _5891_/Y (sky130_fd_sc_hd__o211ai_1)
     2    0.01                           _2232_ (net)
                  0.11    0.00    6.83 v _5926_/B (sky130_fd_sc_hd__and3_1)
                  0.07    0.23    7.06 v _5926_/X (sky130_fd_sc_hd__and3_1)
     4    0.01                           _2267_ (net)
                  0.07    0.00    7.06 v _5928_/A (sky130_fd_sc_hd__nor2_1)
                  0.27    0.26    7.32 ^ _5928_/Y (sky130_fd_sc_hd__nor2_1)
     3    0.01                           _2269_ (net)
                  0.27    0.00    7.32 ^ _6121_/A1 (sky130_fd_sc_hd__a41o_1)
                  0.19    0.32    7.64 ^ _6121_/X (sky130_fd_sc_hd__a41o_1)
     4    0.02                           _2462_ (net)
                  0.19    0.00    7.65 ^ _6279_/A2 (sky130_fd_sc_hd__a21oi_1)
                  0.08    0.10    7.75 v _6279_/Y (sky130_fd_sc_hd__a21oi_1)
     1    0.00                           _2620_ (net)
                  0.08    0.00    7.75 v _6339_/A1 (sky130_fd_sc_hd__o311a_2)
                  0.11    0.50    8.25 v _6339_/X (sky130_fd_sc_hd__o311a_2)
     2    0.03                           _2680_ (net)
                  0.11    0.00    8.25 v _6383_/B1 (sky130_fd_sc_hd__a211o_4)
                  0.09    0.40    8.65 v _6383_/X (sky130_fd_sc_hd__a211o_4)
     5    0.03                           _2724_ (net)
                  0.09    0.00    8.65 v _6829_/B1 (sky130_fd_sc_hd__a22o_4)
                  0.08    0.29    8.94 v _6829_/X (sky130_fd_sc_hd__a22o_4)
     3    0.04                           _3151_ (net)
                  0.08    0.01    8.94 v _6830_/B (sky130_fd_sc_hd__nand2_1)
                  0.05    0.08    9.02 ^ _6830_/Y (sky130_fd_sc_hd__nand2_1)
     1    0.00                           _3152_ (net)
                  0.05    0.00    9.02 ^ _6834_/A2 (sky130_fd_sc_hd__a31oi_1)
                  0.06    0.08    9.10 v _6834_/Y (sky130_fd_sc_hd__a31oi_1)
     1    0.00                           _3156_ (net)
                  0.06    0.00    9.10 v _6836_/A2 (sky130_fd_sc_hd__o211a_1)
                  0.04    0.21    9.31 v _6836_/X (sky130_fd_sc_hd__o211a_1)
     1    0.00                           _0253_ (net)
                  0.04    0.00    9.31 v _8022_/D (sky130_fd_sc_hd__dfxtp_4)
                                  9.31   data arrival time

                         10.00   10.00   clock i_clk (rise edge)
                          0.00   10.00   clock source latency
                  0.20    0.14   10.14 ^ i_clk (in)
     1    0.04                           i_clk (net)
                  0.20    0.00   10.14 ^ clkbuf_0_i_clk/A (sky130_fd_sc_hd__clkbuf_16)
                  0.05    0.17   10.31 ^ clkbuf_0_i_clk/X (sky130_fd_sc_hd__clkbuf_16)
     2    0.02                           clknet_0_i_clk (net)
                  0.05    0.00   10.31 ^ clkbuf_1_1_0_i_clk/A (sky130_fd_sc_hd__clkbuf_8)
                  0.06    0.13   10.44 ^ clkbuf_1_1_0_i_clk/X (sky130_fd_sc_hd__clkbuf_8)
     2    0.02                           clknet_1_1_0_i_clk (net)
                  0.06    0.00   10.44 ^ clkbuf_2_2_0_i_clk/A (sky130_fd_sc_hd__clkbuf_8)
                  0.05    0.13   10.57 ^ clkbuf_2_2_0_i_clk/X (sky130_fd_sc_hd__clkbuf_8)
     2    0.02                           clknet_2_2_0_i_clk (net)
                  0.05    0.00   10.57 ^ clkbuf_3_4_0_i_clk/A (sky130_fd_sc_hd__clkbuf_8)
                  0.19    0.23   10.80 ^ clkbuf_3_4_0_i_clk/X (sky130_fd_sc_hd__clkbuf_8)
    10    0.11                           clknet_3_4_0_i_clk (net)
                  0.19    0.00   10.80 ^ clkbuf_leaf_57_i_clk/A (sky130_fd_sc_hd__clkbuf_16)
                  0.05    0.17   10.97 ^ clkbuf_leaf_57_i_clk/X (sky130_fd_sc_hd__clkbuf_16)
     7    0.02                           clknet_leaf_57_i_clk (net)
                  0.05    0.00   10.97 ^ _8022_/CLK (sky130_fd_sc_hd__dfxtp_4)
                         -0.25   10.72   clock uncertainty
                          0.03   10.75   clock reconvergence pessimism
                         -0.11   10.64   library setup time
                                 10.64   data required time
-----------------------------------------------------------------------------
                                 10.64   data required time
                                 -9.31   data arrival time
-----------------------------------------------------------------------------
                                  1.33   slack (MET)


